#
# There is insufficient memory for the Java Runtime Environment to continue.
# Native memory allocation (malloc) failed to allocate 1196464 bytes. Error detail: Chunk::new
# Possible reasons:
#   The system is out of physical RAM or swap space
#   This process is running with CompressedOops enabled, and the Java Heap may be blocking the growth of the native heap
# Possible solutions:
#   Reduce memory load on the system
#   Increase physical memory or swap space
#   Check if swap backing store is full
#   Decrease Java heap size (-Xmx/-Xms)
#   Decrease number of Java threads
#   Decrease Java thread stack sizes (-Xss)
#   Set larger code cache with -XX:ReservedCodeCacheSize=
#   JVM is running with Unscaled Compressed Oops mode in which the Java heap is
#     placed in the first 4GB address space. The Java Heap base address is the
#     maximum limit for the native heap growth. Please use -XX:HeapBaseMinAddress
#     to set the Java Heap base and to place the Java Heap above 4GB virtual address.
# This output file may be truncated or incomplete.
#
#  Out of Memory Error (arena.cpp:168), pid=8340, tid=15968
#
# JRE version: OpenJDK Runtime Environment Temurin-21.0.6+7 (21.0.6+7) (build 21.0.6+7-LTS)
# Java VM: OpenJDK 64-Bit Server VM Temurin-21.0.6+7 (21.0.6+7-LTS, mixed mode, sharing, tiered, compressed oops, compressed class ptrs, parallel gc, windows-amd64)
# No core dump will be written. Minidumps are not enabled by default on client versions of Windows
#

---------------  S U M M A R Y ------------

Command Line: --add-modules=ALL-SYSTEM --add-opens=java.base/java.util=ALL-UNNAMED --add-opens=java.base/java.lang=ALL-UNNAMED --add-opens=java.base/sun.nio.fs=ALL-UNNAMED -Declipse.application=org.eclipse.jdt.ls.core.id1 -Dosgi.bundles.defaultStartLevel=4 -Declipse.product=org.eclipse.jdt.ls.core.product -Djava.import.generatesMetadataFilesAtProjectRoot=false -DDetectVMInstallationsJob.disabled=true -Dfile.encoding=utf8 -XX:+UseParallelGC -XX:GCTimeRatio=4 -XX:AdaptiveSizePolicyWeight=90 -Dsun.zip.disableMemoryMapping=true -Xmx1G -Xms100m -Xlog:disable -javaagent:c:\Users\abhig\.vscode\extensions\redhat.java-1.41.1-win32-x64\lombok\lombok-1.18.36.jar c:\Users\abhig\.vscode\extensions\redhat.java-1.41.1-win32-x64\server\plugins\org.eclipse.equinox.launcher_1.7.0.v20250331-1702.jar -configuration c:\Users\abhig\AppData\Roaming\Code\User\globalStorage\redhat.java\1.41.1\config_ss_win -data c:\Users\abhig\AppData\Roaming\Code\User\workspaceStorage\e963c1cbf2690c3b0f763db24b554e82\redhat.java\ss_ws --pipe=\\.\pipe\lsp-56c25d78d9a972d4b8c1f3d32f8e0032-sock

Host: AMD Ryzen 5 5600H with Radeon Graphics         , 12 cores, 15G,  Windows 11 , 64 bit Build 22621 (10.0.22621.5124)
Time: Mon Apr 14 23:08:56 2025 India Standard Time elapsed time: 2.945349 seconds (0d 0h 0m 2s)

---------------  T H R E A D  ---------------

Current thread (0x000001c5f7780350):  JavaThread "C2 CompilerThread0" daemon [_thread_in_native, id=15968, stack(0x0000000c28f00000,0x0000000c29000000) (1024K)]


Current CompileTask:
C2:2945 3333       4       java.lang.invoke.MethodType::methodType (69 bytes)

Stack: [0x0000000c28f00000,0x0000000c29000000]
Native frames: (J=compiled Java code, j=interpreted, Vv=VM code, C=native code)
V  [jvm.dll+0x6cdee9]
V  [jvm.dll+0x8a83d1]
V  [jvm.dll+0x8aa8fe]
V  [jvm.dll+0x8aafe3]
V  [jvm.dll+0x27f706]
V  [jvm.dll+0xc500d]
V  [jvm.dll+0xc5543]
V  [jvm.dll+0x3b678c]
V  [jvm.dll+0x1e0009]
V  [jvm.dll+0x247b42]
V  [jvm.dll+0x246fcf]
V  [jvm.dll+0x1c75ee]
V  [jvm.dll+0x25685a]
V  [jvm.dll+0x254dfa]
V  [jvm.dll+0x3f0256]
V  [jvm.dll+0x851f8b]
V  [jvm.dll+0x6cc5ed]
C  [ucrtbase.dll+0x29333]
C  [KERNEL32.DLL+0x1259d]
C  [ntdll.dll+0x5af38]


---------------  P R O C E S S  ---------------

Threads class SMR info:
_java_thread_list=0x000001c5fc823f30, length=39, elements={
0x000001c5df30bd20, 0x000001c5f77644b0, 0x000001c5f575b700, 0x000001c5f575d6a0,
0x000001c5f575e5b0, 0x000001c5f776c130, 0x000001c5f77725a0, 0x000001c5f7780350,
0x000001c5f7782ab0, 0x000001c5f7771f10, 0x000001c5f7773950, 0x000001c5f7772c30,
0x000001c5f77732c0, 0x000001c5f7773fe0, 0x000001c5f7774670, 0x000001c5f7775390,
0x000001c5f7774d00, 0x000001c5fc961ff0, 0x000001c5fc962d10, 0x000001c5fc95ff20,
0x000001c5fce58590, 0x000001c5fd14ca60, 0x000001c5fc965470, 0x000001c5fc963a30,
0x000001c5fc9633a0, 0x000001c5fc9640c0, 0x000001c5fc964de0, 0x000001c5fc964750,
0x000001c5fc962680, 0x000001c5fc95f890, 0x000001c5fc9605b0, 0x000001c5fc965b00,
0x000001c5fc961960, 0x000001c5fc966190, 0x000001c5fc95f200, 0x000001c5fc966820,
0x000001c5fc960c40, 0x000001c5fc9612d0, 0x000001c5fda05c40
}

Java Threads: ( => current thread )
  0x000001c5df30bd20 JavaThread "main"                              [_thread_blocked, id=12616, stack(0x0000000c28500000,0x0000000c28600000) (1024K)]
  0x000001c5f77644b0 JavaThread "Reference Handler"          daemon [_thread_blocked, id=3328, stack(0x0000000c28900000,0x0000000c28a00000) (1024K)]
  0x000001c5f575b700 JavaThread "Finalizer"                  daemon [_thread_blocked, id=10860, stack(0x0000000c28a00000,0x0000000c28b00000) (1024K)]
  0x000001c5f575d6a0 JavaThread "Signal Dispatcher"          daemon [_thread_blocked, id=16872, stack(0x0000000c28b00000,0x0000000c28c00000) (1024K)]
  0x000001c5f575e5b0 JavaThread "Attach Listener"            daemon [_thread_blocked, id=7880, stack(0x0000000c28c00000,0x0000000c28d00000) (1024K)]
  0x000001c5f776c130 JavaThread "Service Thread"             daemon [_thread_blocked, id=2252, stack(0x0000000c28d00000,0x0000000c28e00000) (1024K)]
  0x000001c5f77725a0 JavaThread "Monitor Deflation Thread"   daemon [_thread_blocked, id=13800, stack(0x0000000c28e00000,0x0000000c28f00000) (1024K)]
=>0x000001c5f7780350 JavaThread "C2 CompilerThread0"         daemon [_thread_in_native, id=15968, stack(0x0000000c28f00000,0x0000000c29000000) (1024K)]
  0x000001c5f7782ab0 JavaThread "C1 CompilerThread0"         daemon [_thread_in_native, id=12332, stack(0x0000000c29000000,0x0000000c29100000) (1024K)]
  0x000001c5f7771f10 JavaThread "Common-Cleaner"             daemon [_thread_blocked, id=12048, stack(0x0000000c29100000,0x0000000c29200000) (1024K)]
  0x000001c5f7773950 JavaThread "Notification Thread"        daemon [_thread_blocked, id=18260, stack(0x0000000c29300000,0x0000000c29400000) (1024K)]
  0x000001c5f7772c30 JavaThread "Active Thread: Equinox Container: 18948c31-7bca-4a5a-a4fa-696d1eb1fa8e"        [_thread_blocked, id=17708, stack(0x0000000c29b00000,0x0000000c29c00000) (1024K)]
  0x000001c5f77732c0 JavaThread "Framework Event Dispatcher: Equinox Container: 18948c31-7bca-4a5a-a4fa-696d1eb1fa8e" daemon [_thread_blocked, id=11292, stack(0x0000000c29c00000,0x0000000c29d00000) (1024K)]
  0x000001c5f7773fe0 JavaThread "Start Level: Equinox Container: 18948c31-7bca-4a5a-a4fa-696d1eb1fa8e" daemon [_thread_blocked, id=16432, stack(0x0000000c29d00000,0x0000000c29e00000) (1024K)]
  0x000001c5f7774670 JavaThread "SCR Component Actor"        daemon [_thread_blocked, id=16360, stack(0x0000000c29e00000,0x0000000c29f00000) (1024K)]
  0x000001c5f7775390 JavaThread "SCR Component Registry"     daemon [_thread_blocked, id=1228, stack(0x0000000c2a000000,0x0000000c2a100000) (1024K)]
  0x000001c5f7774d00 JavaThread "Worker-JM"                         [_thread_blocked, id=8772, stack(0x0000000c2a100000,0x0000000c2a200000) (1024K)]
  0x000001c5fc961ff0 JavaThread "JNA Cleaner"                daemon [_thread_blocked, id=13700, stack(0x0000000c29200000,0x0000000c29300000) (1024K)]
  0x000001c5fc962d10 JavaThread "Worker-0"                          [_thread_blocked, id=11348, stack(0x0000000c29400000,0x0000000c29500000) (1024K)]
  0x000001c5fc95ff20 JavaThread "Worker-1"                          [_thread_blocked, id=5868, stack(0x0000000c2a400000,0x0000000c2a500000) (1024K)]
  0x000001c5fce58590 JavaThread "C2 CompilerThread1"         daemon [_thread_blocked, id=17260, stack(0x0000000c2a500000,0x0000000c2a600000) (1024K)]
  0x000001c5fd14ca60 JavaThread "C2 CompilerThread2"         daemon [_thread_blocked, id=12548, stack(0x0000000c2a600000,0x0000000c2a700000) (1024K)]
  0x000001c5fc965470 JavaThread "Thread-2"                   daemon [_thread_in_native, id=15608, stack(0x0000000c2a700000,0x0000000c2a800000) (1024K)]
  0x000001c5fc963a30 JavaThread "Thread-3"                   daemon [_thread_in_native, id=5588, stack(0x0000000c2a800000,0x0000000c2a900000) (1024K)]
  0x000001c5fc9633a0 JavaThread "Thread-4"                   daemon [_thread_in_native, id=17576, stack(0x0000000c2a900000,0x0000000c2aa00000) (1024K)]
  0x000001c5fc9640c0 JavaThread "Thread-5"                   daemon [_thread_in_native, id=15632, stack(0x0000000c2aa00000,0x0000000c2ab00000) (1024K)]
  0x000001c5fc964de0 JavaThread "Thread-6"                   daemon [_thread_in_native, id=4224, stack(0x0000000c2ab00000,0x0000000c2ac00000) (1024K)]
  0x000001c5fc964750 JavaThread "Thread-7"                   daemon [_thread_in_native, id=3488, stack(0x0000000c2ac00000,0x0000000c2ad00000) (1024K)]
  0x000001c5fc962680 JavaThread "Thread-8"                   daemon [_thread_in_native, id=17452, stack(0x0000000c2ad00000,0x0000000c2ae00000) (1024K)]
  0x000001c5fc95f890 JavaThread "Thread-9"                   daemon [_thread_in_native, id=3340, stack(0x0000000c2ae00000,0x0000000c2af00000) (1024K)]
  0x000001c5fc9605b0 JavaThread "Thread-10"                  daemon [_thread_in_native, id=4708, stack(0x0000000c2af00000,0x0000000c2b000000) (1024K)]
  0x000001c5fc965b00 JavaThread "Thread-11"                  daemon [_thread_in_native, id=16480, stack(0x0000000c2b000000,0x0000000c2b100000) (1024K)]
  0x000001c5fc961960 JavaThread "Thread-12"                  daemon [_thread_in_native, id=6984, stack(0x0000000c2b100000,0x0000000c2b200000) (1024K)]
  0x000001c5fc966190 JavaThread "Thread-13"                  daemon [_thread_in_native, id=14376, stack(0x0000000c2b200000,0x0000000c2b300000) (1024K)]
  0x000001c5fc95f200 JavaThread "Thread-14"                  daemon [_thread_in_native, id=11880, stack(0x0000000c2b300000,0x0000000c2b400000) (1024K)]
  0x000001c5fc966820 JavaThread "pool-2-thread-1"                   [_thread_blocked, id=15796, stack(0x0000000c2b400000,0x0000000c2b500000) (1024K)]
  0x000001c5fc960c40 JavaThread "Worker-2"                          [_thread_blocked, id=8108, stack(0x0000000c2b500000,0x0000000c2b600000) (1024K)]
  0x000001c5fc9612d0 JavaThread "WorkspaceEventsHandler"            [_thread_blocked, id=5500, stack(0x0000000c2b600000,0x0000000c2b700000) (1024K)]
  0x000001c5fda05c40 JavaThread "pool-1-thread-1"                   [_thread_in_native, id=6012, stack(0x0000000c2b700000,0x0000000c2b800000) (1024K)]
Total: 39

Other Threads:
  0x000001c5df01d630 VMThread "VM Thread"                           [id=3536, stack(0x0000000c28800000,0x0000000c28900000) (1024K)]
  0x000001c5df377120 WatcherThread "VM Periodic Task Thread"        [id=8892, stack(0x0000000c28700000,0x0000000c28800000) (1024K)]
  0x000001c5df01cef0 WorkerThread "GC Thread#0"                     [id=7624, stack(0x0000000c28600000,0x0000000c28700000) (1024K)]
  0x000001c5df01d290 WorkerThread "GC Thread#1"                     [id=9464, stack(0x0000000c29500000,0x0000000c29600000) (1024K)]
  0x000001c5df01dd70 WorkerThread "GC Thread#2"                     [id=5632, stack(0x0000000c29600000,0x0000000c29700000) (1024K)]
  0x000001c5fc640240 WorkerThread "GC Thread#3"                     [id=3620, stack(0x0000000c29700000,0x0000000c29800000) (1024K)]
  0x000001c5fc641800 WorkerThread "GC Thread#4"                     [id=9472, stack(0x0000000c29800000,0x0000000c29900000) (1024K)]
  0x000001c5fc63fb00 WorkerThread "GC Thread#5"                     [id=3652, stack(0x0000000c29900000,0x0000000c29a00000) (1024K)]
  0x000001c5fc6405e0 WorkerThread "GC Thread#6"                     [id=3288, stack(0x0000000c29a00000,0x0000000c29b00000) (1024K)]
  0x000001c5fc63fea0 WorkerThread "GC Thread#7"                     [id=7324, stack(0x0000000c29f00000,0x0000000c2a000000) (1024K)]
  0x000001c5fc63de00 WorkerThread "GC Thread#8"                     [id=13080, stack(0x0000000c2a200000,0x0000000c2a300000) (1024K)]
  0x000001c5fc640980 WorkerThread "GC Thread#9"                     [id=7268, stack(0x0000000c2a300000,0x0000000c2a400000) (1024K)]
Total: 12

Threads with active compile tasks:
C2 CompilerThread0  2967 3333       4       java.lang.invoke.MethodType::methodType (69 bytes)
Total: 1

VM state: not at safepoint (normal execution)

VM Mutex/Monitor currently owned by a thread: None

Heap address: 0x00000000c0000000, size: 1024 MB, Compressed Oops mode: 32-bit

CDS archive(s) mapped at: [0x000001c580000000-0x000001c580ba0000-0x000001c580ba0000), size 12189696, SharedBaseAddress: 0x000001c580000000, ArchiveRelocationMode: 1.
Compressed class space mapped at: 0x000001c581000000-0x000001c5c1000000, reserved size: 1073741824
Narrow klass base: 0x000001c580000000, Narrow klass shift: 0, Narrow klass range: 0x100000000

GC Precious Log:
 CardTable entry size: 512
 CPUs: 12 total, 12 available
 Memory: 15773M
 Large Page Support: Disabled
 NUMA Support: Disabled
 Compressed Oops: Enabled (32-bit)
 Alignments: Space 512K, Generation 512K, Heap 2M
 Heap Min Capacity: 100M
 Heap Initial Capacity: 100M
 Heap Max Capacity: 1G
 Pre-touch: Disabled
 Parallel Workers: 10

Heap:
 PSYoungGen      total 26624K, used 26369K [0x00000000eab00000, 0x00000000ecb80000, 0x0000000100000000)
  eden space 24064K, 98% used [0x00000000eab00000,0x00000000ec241df8,0x00000000ec280000)
  from space 2560K, 99% used [0x00000000ec780000,0x00000000ec9fe760,0x00000000eca00000)
  to   space 4608K, 0% used [0x00000000ec280000,0x00000000ec280000,0x00000000ec700000)
 ParOldGen       total 68608K, used 10363K [0x00000000c0000000, 0x00000000c4300000, 0x00000000eab00000)
  object space 68608K, 15% used [0x00000000c0000000,0x00000000c0a1eed0,0x00000000c4300000)
 Metaspace       used 30059K, committed 30976K, reserved 1114112K
  class space    used 2917K, committed 3328K, reserved 1048576K

Card table byte_map: [0x000001c5f2fd0000,0x000001c5f31e0000] _byte_map_base: 0x000001c5f29d0000

Marking Bits: (ParMarkBitMap*) 0x00007ffe22f53260
 Begin Bits: [0x000001c5f3340000, 0x000001c5f4340000)
 End Bits:   [0x000001c5f4340000, 0x000001c5f5340000)

Polling page: 0x000001c5e3dc0000

Metaspace:

Usage:
  Non-class:     26.51 MB used.
      Class:      2.85 MB used.
       Both:     29.35 MB used.

Virtual space:
  Non-class space:       64.00 MB reserved,      27.00 MB ( 42%) committed,  1 nodes.
      Class space:        1.00 GB reserved,       3.25 MB ( <1%) committed,  1 nodes.
             Both:        1.06 GB reserved,      30.25 MB (  3%) committed. 

Chunk freelists:
   Non-Class:  5.03 MB
       Class:  12.80 MB
        Both:  17.83 MB

MaxMetaspaceSize: unlimited
CompressedClassSpaceSize: 1.00 GB
Initial GC threshold: 21.00 MB
Current GC threshold: 35.00 MB
CDS: on
 - commit_granule_bytes: 65536.
 - commit_granule_words: 8192.
 - virtual_space_node_default_size: 8388608.
 - enlarge_chunks_in_place: 1.
 - use_allocation_guard: 0.


Internal statistics:

num_allocs_failed_limit: 3.
num_arena_births: 564.
num_arena_deaths: 14.
num_vsnodes_births: 2.
num_vsnodes_deaths: 0.
num_space_committed: 484.
num_space_uncommitted: 0.
num_chunks_returned_to_freelist: 17.
num_chunks_taken_from_freelist: 1730.
num_chunk_merges: 9.
num_chunk_splits: 1144.
num_chunks_enlarged: 730.
num_inconsistent_stats: 0.

CodeHeap 'non-profiled nmethods': size=120000Kb used=1762Kb max_used=1762Kb free=118238Kb
 bounds [0x000001c5eb8b0000, 0x000001c5ebb20000, 0x000001c5f2de0000]
CodeHeap 'profiled nmethods': size=120000Kb used=7374Kb max_used=7374Kb free=112625Kb
 bounds [0x000001c5e3de0000, 0x000001c5e4520000, 0x000001c5eb310000]
CodeHeap 'non-nmethods': size=5760Kb used=1352Kb max_used=1401Kb free=4407Kb
 bounds [0x000001c5eb310000, 0x000001c5eb580000, 0x000001c5eb8b0000]
 total_blobs=4357 nmethods=3715 adapters=547
 compilation: enabled
              stopped_count=0, restarted_count=0
 full_count=0

Compilation events (20 events):
Event: 2.940 Thread 0x000001c5f7782ab0 3678       3       java.lang.invoke.BoundMethodHandle$Species_LLL::make (14 bytes)
Event: 2.940 Thread 0x000001c5f7782ab0 nmethod 3678 0x000001c5e4501610 code [0x000001c5e45017c0, 0x000001c5e4501a20]
Event: 2.940 Thread 0x000001c5f7782ab0 3679       3       java.lang.invoke.BoundMethodHandle$Species_LLL::<init> (24 bytes)
Event: 2.940 Thread 0x000001c5f7782ab0 nmethod 3679 0x000001c5e4501b90 code [0x000001c5e4501d40, 0x000001c5e4501f60]
Event: 2.940 Thread 0x000001c5f7782ab0 3680       3       java.lang.invoke.BoundMethodHandle$Species_LL::copyWithExtendL (25 bytes)
Event: 2.940 Thread 0x000001c5f7782ab0 nmethod 3680 0x000001c5e4502090 code [0x000001c5e4502260, 0x000001c5e45026d8]
Event: 2.940 Thread 0x000001c5f7782ab0 3681       3       java.lang.reflect.Field::get (39 bytes)
Event: 2.941 Thread 0x000001c5f7782ab0 nmethod 3681 0x000001c5e4502810 code [0x000001c5e4502a40, 0x000001c5e4502f90]
Event: 2.941 Thread 0x000001c5f7782ab0 3683       3       java.lang.reflect.Field::acquireOverrideFieldAccessor (46 bytes)
Event: 2.941 Thread 0x000001c5fd14ca60 3685       4       java.lang.String::valueOf (15 bytes)
Event: 2.941 Thread 0x000001c5f7782ab0 nmethod 3683 0x000001c5e4503190 code [0x000001c5e4503380, 0x000001c5e4503790]
Event: 2.941 Thread 0x000001c5f7782ab0 3684       3       java.lang.invoke.DirectMethodHandle$Accessor::checkCast (9 bytes)
Event: 2.941 Thread 0x000001c5f7782ab0 nmethod 3684 0x000001c5e4503910 code [0x000001c5e4503ae0, 0x000001c5e4503de8]
Event: 2.941 Thread 0x000001c5fd14ca60 nmethod 3685 0x000001c5eba66a10 code [0x000001c5eba66ba0, 0x000001c5eba66c40]
Event: 2.942 Thread 0x000001c5f7782ab0 3687       3       java.lang.invoke.MethodHandles$Lookup::checkMethod (87 bytes)
Event: 2.942 Thread 0x000001c5f7782ab0 nmethod 3687 0x000001c5e4503f10 code [0x000001c5e4504120, 0x000001c5e4504778]
Event: 2.943 Thread 0x000001c5f7782ab0 3688       3       java.nio.charset.CoderResult::isOverflow (14 bytes)
Event: 2.943 Thread 0x000001c5f7782ab0 nmethod 3688 0x000001c5e4504990 code [0x000001c5e4504b20, 0x000001c5e4504c80]
Event: 2.943 Thread 0x000001c5f7782ab0 3689       1       java.lang.ThreadLocal::initialValue (2 bytes)
Event: 2.943 Thread 0x000001c5f7782ab0 nmethod 3689 0x000001c5eba67110 code [0x000001c5eba672a0, 0x000001c5eba67370]

GC Heap History (18 events):
Event: 0.544 GC heap before
{Heap before GC invocations=1 (full 0):
 PSYoungGen      total 29696K, used 25600K [0x00000000eab00000, 0x00000000ecc00000, 0x0000000100000000)
  eden space 25600K, 100% used [0x00000000eab00000,0x00000000ec400000,0x00000000ec400000)
  from space 4096K, 0% used [0x00000000ec800000,0x00000000ec800000,0x00000000ecc00000)
  to   space 4096K, 0% used [0x00000000ec400000,0x00000000ec400000,0x00000000ec800000)
 ParOldGen       total 68608K, used 0K [0x00000000c0000000, 0x00000000c4300000, 0x00000000eab00000)
  object space 68608K, 0% used [0x00000000c0000000,0x00000000c0000000,0x00000000c4300000)
 Metaspace       used 4319K, committed 4480K, reserved 1114112K
  class space    used 437K, committed 512K, reserved 1048576K
}
Event: 0.551 GC heap after
{Heap after GC invocations=1 (full 0):
 PSYoungGen      total 29696K, used 3237K [0x00000000eab00000, 0x00000000ecc00000, 0x0000000100000000)
  eden space 25600K, 0% used [0x00000000eab00000,0x00000000eab00000,0x00000000ec400000)
  from space 4096K, 79% used [0x00000000ec400000,0x00000000ec7297f0,0x00000000ec800000)
  to   space 4096K, 0% used [0x00000000ec800000,0x00000000ec800000,0x00000000ecc00000)
 ParOldGen       total 68608K, used 16K [0x00000000c0000000, 0x00000000c4300000, 0x00000000eab00000)
  object space 68608K, 0% used [0x00000000c0000000,0x00000000c0004000,0x00000000c4300000)
 Metaspace       used 4319K, committed 4480K, reserved 1114112K
  class space    used 437K, committed 512K, reserved 1048576K
}
Event: 1.018 GC heap before
{Heap before GC invocations=2 (full 0):
 PSYoungGen      total 29696K, used 28837K [0x00000000eab00000, 0x00000000ecc00000, 0x0000000100000000)
  eden space 25600K, 100% used [0x00000000eab00000,0x00000000ec400000,0x00000000ec400000)
  from space 4096K, 79% used [0x00000000ec400000,0x00000000ec7297f0,0x00000000ec800000)
  to   space 4096K, 0% used [0x00000000ec800000,0x00000000ec800000,0x00000000ecc00000)
 ParOldGen       total 68608K, used 16K [0x00000000c0000000, 0x00000000c4300000, 0x00000000eab00000)
  object space 68608K, 0% used [0x00000000c0000000,0x00000000c0004000,0x00000000c4300000)
 Metaspace       used 8127K, committed 8448K, reserved 1114112K
  class space    used 806K, committed 960K, reserved 1048576K
}
Event: 1.021 GC heap after
{Heap after GC invocations=2 (full 0):
 PSYoungGen      total 29696K, used 4084K [0x00000000eab00000, 0x00000000ecc00000, 0x0000000100000000)
  eden space 25600K, 0% used [0x00000000eab00000,0x00000000eab00000,0x00000000ec400000)
  from space 4096K, 99% used [0x00000000ec800000,0x00000000ecbfd290,0x00000000ecc00000)
  to   space 4096K, 0% used [0x00000000ec400000,0x00000000ec400000,0x00000000ec800000)
 ParOldGen       total 68608K, used 854K [0x00000000c0000000, 0x00000000c4300000, 0x00000000eab00000)
  object space 68608K, 1% used [0x00000000c0000000,0x00000000c00d5830,0x00000000c4300000)
 Metaspace       used 8127K, committed 8448K, reserved 1114112K
  class space    used 806K, committed 960K, reserved 1048576K
}
Event: 1.387 GC heap before
{Heap before GC invocations=3 (full 0):
 PSYoungGen      total 29696K, used 29684K [0x00000000eab00000, 0x00000000ecc00000, 0x0000000100000000)
  eden space 25600K, 100% used [0x00000000eab00000,0x00000000ec400000,0x00000000ec400000)
  from space 4096K, 99% used [0x00000000ec800000,0x00000000ecbfd290,0x00000000ecc00000)
  to   space 4096K, 0% used [0x00000000ec400000,0x00000000ec400000,0x00000000ec800000)
 ParOldGen       total 68608K, used 854K [0x00000000c0000000, 0x00000000c4300000, 0x00000000eab00000)
  object space 68608K, 1% used [0x00000000c0000000,0x00000000c00d5830,0x00000000c4300000)
 Metaspace       used 12885K, committed 13440K, reserved 1114112K
  class space    used 1297K, committed 1536K, reserved 1048576K
}
Event: 1.391 GC heap after
{Heap after GC invocations=3 (full 0):
 PSYoungGen      total 29696K, used 4092K [0x00000000eab00000, 0x00000000ecc00000, 0x0000000100000000)
  eden space 25600K, 0% used [0x00000000eab00000,0x00000000eab00000,0x00000000ec400000)
  from space 4096K, 99% used [0x00000000ec400000,0x00000000ec7ff3a8,0x00000000ec800000)
  to   space 4096K, 0% used [0x00000000ec800000,0x00000000ec800000,0x00000000ecc00000)
 ParOldGen       total 68608K, used 2785K [0x00000000c0000000, 0x00000000c4300000, 0x00000000eab00000)
  object space 68608K, 4% used [0x00000000c0000000,0x00000000c02b8468,0x00000000c4300000)
 Metaspace       used 12885K, committed 13440K, reserved 1114112K
  class space    used 1297K, committed 1536K, reserved 1048576K
}
Event: 1.780 GC heap before
{Heap before GC invocations=4 (full 0):
 PSYoungGen      total 29696K, used 29692K [0x00000000eab00000, 0x00000000ecc00000, 0x0000000100000000)
  eden space 25600K, 100% used [0x00000000eab00000,0x00000000ec400000,0x00000000ec400000)
  from space 4096K, 99% used [0x00000000ec400000,0x00000000ec7ff3a8,0x00000000ec800000)
  to   space 4096K, 0% used [0x00000000ec800000,0x00000000ec800000,0x00000000ecc00000)
 ParOldGen       total 68608K, used 2785K [0x00000000c0000000, 0x00000000c4300000, 0x00000000eab00000)
  object space 68608K, 4% used [0x00000000c0000000,0x00000000c02b8468,0x00000000c4300000)
 Metaspace       used 16995K, committed 17664K, reserved 1114112K
  class space    used 1702K, committed 1984K, reserved 1048576K
}
Event: 1.782 GC heap after
{Heap after GC invocations=4 (full 0):
 PSYoungGen      total 29696K, used 4091K [0x00000000eab00000, 0x00000000ecc00000, 0x0000000100000000)
  eden space 25600K, 0% used [0x00000000eab00000,0x00000000eab00000,0x00000000ec400000)
  from space 4096K, 99% used [0x00000000ec800000,0x00000000ecbfec60,0x00000000ecc00000)
  to   space 4096K, 0% used [0x00000000ec400000,0x00000000ec400000,0x00000000ec800000)
 ParOldGen       total 68608K, used 5679K [0x00000000c0000000, 0x00000000c4300000, 0x00000000eab00000)
  object space 68608K, 8% used [0x00000000c0000000,0x00000000c058be60,0x00000000c4300000)
 Metaspace       used 16995K, committed 17664K, reserved 1114112K
  class space    used 1702K, committed 1984K, reserved 1048576K
}
Event: 1.957 GC heap before
{Heap before GC invocations=5 (full 0):
 PSYoungGen      total 29696K, used 29691K [0x00000000eab00000, 0x00000000ecc00000, 0x0000000100000000)
  eden space 25600K, 100% used [0x00000000eab00000,0x00000000ec400000,0x00000000ec400000)
  from space 4096K, 99% used [0x00000000ec800000,0x00000000ecbfec60,0x00000000ecc00000)
  to   space 4096K, 0% used [0x00000000ec400000,0x00000000ec400000,0x00000000ec800000)
 ParOldGen       total 68608K, used 5679K [0x00000000c0000000, 0x00000000c4300000, 0x00000000eab00000)
  object space 68608K, 8% used [0x00000000c0000000,0x00000000c058be60,0x00000000c4300000)
 Metaspace       used 20327K, committed 20928K, reserved 1114112K
  class space    used 1934K, committed 2176K, reserved 1048576K
}
Event: 1.959 GC heap after
{Heap after GC invocations=5 (full 0):
 PSYoungGen      total 29184K, used 4092K [0x00000000eab00000, 0x00000000ece80000, 0x0000000100000000)
  eden space 25088K, 0% used [0x00000000eab00000,0x00000000eab00000,0x00000000ec380000)
  from space 4096K, 99% used [0x00000000ec400000,0x00000000ec7ff180,0x00000000ec800000)
  to   space 5632K, 0% used [0x00000000ec900000,0x00000000ec900000,0x00000000ece80000)
 ParOldGen       total 68608K, used 5735K [0x00000000c0000000, 0x00000000c4300000, 0x00000000eab00000)
  object space 68608K, 8% used [0x00000000c0000000,0x00000000c0599e60,0x00000000c4300000)
 Metaspace       used 20327K, committed 20928K, reserved 1114112K
  class space    used 1934K, committed 2176K, reserved 1048576K
}
Event: 1.981 GC heap before
{Heap before GC invocations=6 (full 0):
 PSYoungGen      total 29184K, used 9382K [0x00000000eab00000, 0x00000000ece80000, 0x0000000100000000)
  eden space 25088K, 21% used [0x00000000eab00000,0x00000000eb02a858,0x00000000ec380000)
  from space 4096K, 99% used [0x00000000ec400000,0x00000000ec7ff180,0x00000000ec800000)
  to   space 5632K, 0% used [0x00000000ec900000,0x00000000ec900000,0x00000000ece80000)
 ParOldGen       total 68608K, used 5735K [0x00000000c0000000, 0x00000000c4300000, 0x00000000eab00000)
  object space 68608K, 8% used [0x00000000c0000000,0x00000000c0599e60,0x00000000c4300000)
 Metaspace       used 20889K, committed 21504K, reserved 1114112K
  class space    used 1977K, committed 2240K, reserved 1048576K
}
Event: 1.982 GC heap after
{Heap after GC invocations=6 (full 0):
 PSYoungGen      total 29696K, used 4200K [0x00000000eab00000, 0x00000000ecd80000, 0x0000000100000000)
  eden space 25088K, 0% used [0x00000000eab00000,0x00000000eab00000,0x00000000ec380000)
  from space 4608K, 91% used [0x00000000ec900000,0x00000000ecd1a298,0x00000000ecd80000)
  to   space 4608K, 0% used [0x00000000ec480000,0x00000000ec480000,0x00000000ec900000)
 ParOldGen       total 68608K, used 5735K [0x00000000c0000000, 0x00000000c4300000, 0x00000000eab00000)
  object space 68608K, 8% used [0x00000000c0000000,0x00000000c0599e60,0x00000000c4300000)
 Metaspace       used 20889K, committed 21504K, reserved 1114112K
  class space    used 1977K, committed 2240K, reserved 1048576K
}
Event: 1.982 GC heap before
{Heap before GC invocations=7 (full 1):
 PSYoungGen      total 29696K, used 4200K [0x00000000eab00000, 0x00000000ecd80000, 0x0000000100000000)
  eden space 25088K, 0% used [0x00000000eab00000,0x00000000eab00000,0x00000000ec380000)
  from space 4608K, 91% used [0x00000000ec900000,0x00000000ecd1a298,0x00000000ecd80000)
  to   space 4608K, 0% used [0x00000000ec480000,0x00000000ec480000,0x00000000ec900000)
 ParOldGen       total 68608K, used 5735K [0x00000000c0000000, 0x00000000c4300000, 0x00000000eab00000)
  object space 68608K, 8% used [0x00000000c0000000,0x00000000c0599e60,0x00000000c4300000)
 Metaspace       used 20889K, committed 21504K, reserved 1114112K
  class space    used 1977K, committed 2240K, reserved 1048576K
}
Event: 1.998 GC heap after
{Heap after GC invocations=7 (full 1):
 PSYoungGen      total 29696K, used 0K [0x00000000eab00000, 0x00000000ecd80000, 0x0000000100000000)
  eden space 25088K, 0% used [0x00000000eab00000,0x00000000eab00000,0x00000000ec380000)
  from space 4608K, 0% used [0x00000000ec900000,0x00000000ec900000,0x00000000ecd80000)
  to   space 4608K, 0% used [0x00000000ec480000,0x00000000ec480000,0x00000000ec900000)
 ParOldGen       total 68608K, used 8651K [0x00000000c0000000, 0x00000000c4300000, 0x00000000eab00000)
  object space 68608K, 12% used [0x00000000c0000000,0x00000000c0872cd0,0x00000000c4300000)
 Metaspace       used 20876K, committed 21504K, reserved 1114112K
  class space    used 1973K, committed 2240K, reserved 1048576K
}
Event: 2.193 GC heap before
{Heap before GC invocations=8 (full 1):
 PSYoungGen      total 29696K, used 25088K [0x00000000eab00000, 0x00000000ecd80000, 0x0000000100000000)
  eden space 25088K, 100% used [0x00000000eab00000,0x00000000ec380000,0x00000000ec380000)
  from space 4608K, 0% used [0x00000000ec900000,0x00000000ec900000,0x00000000ecd80000)
  to   space 4608K, 0% used [0x00000000ec480000,0x00000000ec480000,0x00000000ec900000)
 ParOldGen       total 68608K, used 8651K [0x00000000c0000000, 0x00000000c4300000, 0x00000000eab00000)
  object space 68608K, 12% used [0x00000000c0000000,0x00000000c0872cd0,0x00000000c4300000)
 Metaspace       used 22792K, committed 23424K, reserved 1114112K
  class space    used 2118K, committed 2368K, reserved 1048576K
}
Event: 2.194 GC heap after
{Heap after GC invocations=8 (full 1):
 PSYoungGen      total 27648K, used 2713K [0x00000000eab00000, 0x00000000eca00000, 0x0000000100000000)
  eden space 24576K, 0% used [0x00000000eab00000,0x00000000eab00000,0x00000000ec300000)
  from space 3072K, 88% used [0x00000000ec480000,0x00000000ec7264f8,0x00000000ec780000)
  to   space 2560K, 0% used [0x00000000ec780000,0x00000000ec780000,0x00000000eca00000)
 ParOldGen       total 68608K, used 8659K [0x00000000c0000000, 0x00000000c4300000, 0x00000000eab00000)
  object space 68608K, 12% used [0x00000000c0000000,0x00000000c0874cd0,0x00000000c4300000)
 Metaspace       used 22792K, committed 23424K, reserved 1114112K
  class space    used 2118K, committed 2368K, reserved 1048576K
}
Event: 2.548 GC heap before
{Heap before GC invocations=9 (full 1):
 PSYoungGen      total 27648K, used 27289K [0x00000000eab00000, 0x00000000eca00000, 0x0000000100000000)
  eden space 24576K, 100% used [0x00000000eab00000,0x00000000ec300000,0x00000000ec300000)
  from space 3072K, 88% used [0x00000000ec480000,0x00000000ec7264f8,0x00000000ec780000)
  to   space 2560K, 0% used [0x00000000ec780000,0x00000000ec780000,0x00000000eca00000)
 ParOldGen       total 68608K, used 8659K [0x00000000c0000000, 0x00000000c4300000, 0x00000000eab00000)
  object space 68608K, 12% used [0x00000000c0000000,0x00000000c0874cd0,0x00000000c4300000)
 Metaspace       used 26439K, committed 27264K, reserved 1114112K
  class space    used 2527K, committed 2816K, reserved 1048576K
}
Event: 2.554 GC heap after
{Heap after GC invocations=9 (full 1):
 PSYoungGen      total 26624K, used 2553K [0x00000000eab00000, 0x00000000ecb80000, 0x0000000100000000)
  eden space 24064K, 0% used [0x00000000eab00000,0x00000000eab00000,0x00000000ec280000)
  from space 2560K, 99% used [0x00000000ec780000,0x00000000ec9fe760,0x00000000eca00000)
  to   space 4608K, 0% used [0x00000000ec280000,0x00000000ec280000,0x00000000ec700000)
 ParOldGen       total 68608K, used 10363K [0x00000000c0000000, 0x00000000c4300000, 0x00000000eab00000)
  object space 68608K, 15% used [0x00000000c0000000,0x00000000c0a1eed0,0x00000000c4300000)
 Metaspace       used 26439K, committed 27264K, reserved 1114112K
  class space    used 2527K, committed 2816K, reserved 1048576K
}

Dll operation events (10 events):
Event: 0.011 Loaded shared library c:\Users\abhig\.vscode\extensions\redhat.java-1.41.1-win32-x64\jre\21.0.6-win32-x86_64\bin\java.dll
Event: 0.056 Loaded shared library c:\Users\abhig\.vscode\extensions\redhat.java-1.41.1-win32-x64\jre\21.0.6-win32-x86_64\bin\zip.dll
Event: 0.072 Loaded shared library C:\Users\abhig\.vscode\extensions\redhat.java-1.41.1-win32-x64\jre\21.0.6-win32-x86_64\bin\instrument.dll
Event: 0.076 Loaded shared library C:\Users\abhig\.vscode\extensions\redhat.java-1.41.1-win32-x64\jre\21.0.6-win32-x86_64\bin\net.dll
Event: 0.078 Loaded shared library C:\Users\abhig\.vscode\extensions\redhat.java-1.41.1-win32-x64\jre\21.0.6-win32-x86_64\bin\nio.dll
Event: 0.081 Loaded shared library C:\Users\abhig\.vscode\extensions\redhat.java-1.41.1-win32-x64\jre\21.0.6-win32-x86_64\bin\zip.dll
Event: 0.096 Loaded shared library C:\Users\abhig\.vscode\extensions\redhat.java-1.41.1-win32-x64\jre\21.0.6-win32-x86_64\bin\jimage.dll
Event: 0.148 Loaded shared library c:\Users\abhig\.vscode\extensions\redhat.java-1.41.1-win32-x64\jre\21.0.6-win32-x86_64\bin\verify.dll
Event: 0.984 Loaded shared library C:\Users\abhig\AppData\Roaming\Code\User\globalStorage\redhat.java\1.41.1\config_ss_win\org.eclipse.equinox.launcher\org.eclipse.equinox.launcher.win32.win32.x86_64_1.2.1300.v20250331-1702\eclipse_11911.dll
Event: 1.637 Loaded shared library C:\Users\abhig\AppData\Local\Temp\jna-92604357\jna704929156118299494.dll

Deoptimization events (20 events):
Event: 2.911 Thread 0x000001c5fda05c40 Uncommon trap: trap_request=0xffffffc6 fr.pc=0x000001c5eba5822c relative=0x00000000000003ac
Event: 2.911 Thread 0x000001c5fda05c40 Uncommon trap: reason=bimorphic_or_optimized_type_check action=maybe_recompile pc=0x000001c5eba5822c method=java.util.regex.Pattern$BmpCharPropertyGreedy.match(Ljava/util/regex/Matcher;ILjava/lang/CharSequence;)Z @ 26 c2
Event: 2.911 Thread 0x000001c5fda05c40 DEOPT PACKING pc=0x000001c5eba5822c sp=0x0000000c2b7fde20
Event: 2.911 Thread 0x000001c5fda05c40 DEOPT UNPACKING pc=0x000001c5eb363aa2 sp=0x0000000c2b7fddb8 mode 2
Event: 2.912 Thread 0x000001c5fda05c40 Uncommon trap: trap_request=0xffffffc6 fr.pc=0x000001c5eba5822c relative=0x00000000000003ac
Event: 2.912 Thread 0x000001c5fda05c40 Uncommon trap: reason=bimorphic_or_optimized_type_check action=maybe_recompile pc=0x000001c5eba5822c method=java.util.regex.Pattern$BmpCharPropertyGreedy.match(Ljava/util/regex/Matcher;ILjava/lang/CharSequence;)Z @ 26 c2
Event: 2.912 Thread 0x000001c5fda05c40 DEOPT PACKING pc=0x000001c5eba5822c sp=0x0000000c2b7fdc00
Event: 2.912 Thread 0x000001c5fda05c40 DEOPT UNPACKING pc=0x000001c5eb363aa2 sp=0x0000000c2b7fdb98 mode 2
Event: 2.912 Thread 0x000001c5fda05c40 Uncommon trap: trap_request=0xffffffc6 fr.pc=0x000001c5eba5822c relative=0x00000000000003ac
Event: 2.912 Thread 0x000001c5fda05c40 Uncommon trap: reason=bimorphic_or_optimized_type_check action=maybe_recompile pc=0x000001c5eba5822c method=java.util.regex.Pattern$BmpCharPropertyGreedy.match(Ljava/util/regex/Matcher;ILjava/lang/CharSequence;)Z @ 26 c2
Event: 2.912 Thread 0x000001c5fda05c40 DEOPT PACKING pc=0x000001c5eba5822c sp=0x0000000c2b7fde20
Event: 2.912 Thread 0x000001c5fda05c40 DEOPT UNPACKING pc=0x000001c5eb363aa2 sp=0x0000000c2b7fddb8 mode 2
Event: 2.912 Thread 0x000001c5fda05c40 Uncommon trap: trap_request=0xffffffc6 fr.pc=0x000001c5eba5822c relative=0x00000000000003ac
Event: 2.912 Thread 0x000001c5fda05c40 Uncommon trap: reason=bimorphic_or_optimized_type_check action=maybe_recompile pc=0x000001c5eba5822c method=java.util.regex.Pattern$BmpCharPropertyGreedy.match(Ljava/util/regex/Matcher;ILjava/lang/CharSequence;)Z @ 26 c2
Event: 2.912 Thread 0x000001c5fda05c40 DEOPT PACKING pc=0x000001c5eba5822c sp=0x0000000c2b7fdc00
Event: 2.912 Thread 0x000001c5fda05c40 DEOPT UNPACKING pc=0x000001c5eb363aa2 sp=0x0000000c2b7fdb98 mode 2
Event: 2.942 Thread 0x000001c5fda05c40 Uncommon trap: trap_request=0xffffffde fr.pc=0x000001c5eba4ec44 relative=0x00000000000002e4
Event: 2.942 Thread 0x000001c5fda05c40 Uncommon trap: reason=class_check action=maybe_recompile pc=0x000001c5eba4ec44 method=java.util.HashMap.removeNode(ILjava/lang/Object;Ljava/lang/Object;ZZ)Ljava/util/HashMap$Node; @ 283 c2
Event: 2.942 Thread 0x000001c5fda05c40 DEOPT PACKING pc=0x000001c5eba4ec44 sp=0x0000000c2b7fece0
Event: 2.942 Thread 0x000001c5fda05c40 DEOPT UNPACKING pc=0x000001c5eb363aa2 sp=0x0000000c2b7febd8 mode 2

Classes loaded (20 events):
Event: 2.878 Loading class sun/util/resources/cldr/TimeZoneNames_en_US
Event: 2.878 Loading class sun/util/resources/cldr/TimeZoneNames_en_US done
Event: 2.879 Loading class sun/util/cldr/CLDRBaseLocaleDataMetaInfo$TZCanonicalIDMapHolder
Event: 2.880 Loading class sun/util/cldr/CLDRBaseLocaleDataMetaInfo$TZCanonicalIDMapHolder done
Event: 2.882 Loading class sun/util/resources/TimeZoneNames
Event: 2.884 Loading class sun/util/resources/TimeZoneNames done
Event: 2.884 Loading class sun/util/resources/TimeZoneNames_en
Event: 2.884 Loading class sun/util/resources/TimeZoneNames_en done
Event: 2.887 Loading class sun/nio/ch/ChannelOutputStream
Event: 2.887 Loading class sun/nio/ch/ChannelOutputStream done
Event: 2.888 Loading class sun/nio/fs/WindowsFileCopy
Event: 2.888 Loading class sun/nio/fs/WindowsFileCopy done
Event: 2.909 Loading class java/util/concurrent/CompletableFuture$AltResult
Event: 2.909 Loading class java/util/concurrent/CompletableFuture$AltResult done
Event: 2.909 Loading class java/util/concurrent/CompletableFuture$Completion
Event: 2.909 Loading class java/util/concurrent/CompletableFuture$AsynchronousCompletionTask
Event: 2.909 Loading class java/util/concurrent/CompletableFuture$AsynchronousCompletionTask done
Event: 2.910 Loading class java/util/concurrent/CompletableFuture$Completion done
Event: 2.921 Loading class sun/nio/ch/WindowsAsynchronousFileChannelImpl$WriteTask
Event: 2.921 Loading class sun/nio/ch/WindowsAsynchronousFileChannelImpl$WriteTask done

Classes unloaded (7 events):
Event: 1.985 Thread 0x000001c5df01d630 Unloading class 0x000001c581186c00 'java/lang/invoke/LambdaForm$MH+0x000001c581186c00'
Event: 1.985 Thread 0x000001c5df01d630 Unloading class 0x000001c581186800 'java/lang/invoke/LambdaForm$MH+0x000001c581186800'
Event: 1.985 Thread 0x000001c5df01d630 Unloading class 0x000001c581186400 'java/lang/invoke/LambdaForm$MH+0x000001c581186400'
Event: 1.985 Thread 0x000001c5df01d630 Unloading class 0x000001c581186000 'java/lang/invoke/LambdaForm$MH+0x000001c581186000'
Event: 1.985 Thread 0x000001c5df01d630 Unloading class 0x000001c581185c00 'java/lang/invoke/LambdaForm$BMH+0x000001c581185c00'
Event: 1.985 Thread 0x000001c5df01d630 Unloading class 0x000001c581185800 'java/lang/invoke/LambdaForm$DMH+0x000001c581185800'
Event: 1.985 Thread 0x000001c5df01d630 Unloading class 0x000001c581184400 'java/lang/invoke/LambdaForm$DMH+0x000001c581184400'

Classes redefined (0 events):
No events

Internal exceptions (20 events):
Event: 2.499 Thread 0x000001c5fc962d10 Exception <a 'sun/nio/fs/WindowsException'{0x00000000ec0e4e20}> (0x00000000ec0e4e20) 
thrown [s\src\hotspot\share\prims\jni.cpp, line 520]
Event: 2.499 Thread 0x000001c5fc962d10 Exception <a 'sun/nio/fs/WindowsException'{0x00000000ec0e5450}> (0x00000000ec0e5450) 
thrown [s\src\hotspot\share\prims\jni.cpp, line 520]
Event: 2.499 Thread 0x000001c5fc962d10 Exception <a 'sun/nio/fs/WindowsException'{0x00000000ec0e5dd0}> (0x00000000ec0e5dd0) 
thrown [s\src\hotspot\share\prims\jni.cpp, line 520]
Event: 2.499 Thread 0x000001c5fc962d10 Exception <a 'sun/nio/fs/WindowsException'{0x00000000ec0e6400}> (0x00000000ec0e6400) 
thrown [s\src\hotspot\share\prims\jni.cpp, line 520]
Event: 2.500 Thread 0x000001c5fc962d10 Exception <a 'sun/nio/fs/WindowsException'{0x00000000ec0e7af0}> (0x00000000ec0e7af0) 
thrown [s\src\hotspot\share\prims\jni.cpp, line 520]
Event: 2.500 Thread 0x000001c5fc962d10 Exception <a 'sun/nio/fs/WindowsException'{0x00000000ec0e8120}> (0x00000000ec0e8120) 
thrown [s\src\hotspot\share\prims\jni.cpp, line 520]
Event: 2.501 Thread 0x000001c5fc962d10 Exception <a 'java/lang/NoSuchMethodError'{0x00000000ec1299a8}: 'void java.lang.invoke.DirectMethodHandle$Holder.invokeVirtual(java.lang.Object, java.lang.Object, java.lang.Object, java.lang.Object)'> (0x00000000ec1299a8) 
thrown [s\src\hotspot\share\interpreter\linkResolver.cpp, line 773]
Event: 2.631 Thread 0x000001c5fc962d10 Exception <a 'java/io/FileNotFoundException'{0x00000000eafb81a8}> (0x00000000eafb81a8) 
thrown [s\src\hotspot\share\prims\jni.cpp, line 520]
Event: 2.632 Thread 0x000001c5fc962d10 Exception <a 'java/io/FileNotFoundException'{0x00000000eafb9430}> (0x00000000eafb9430) 
thrown [s\src\hotspot\share\prims\jni.cpp, line 520]
Event: 2.634 Thread 0x000001c5fc962d10 Exception <a 'java/lang/NoSuchMethodError'{0x00000000eafe1a28}: 'java.lang.Object java.lang.invoke.DirectMethodHandle$Holder.newInvokeSpecial(java.lang.Object, java.lang.Object, java.lang.Object, int)'> (0x00000000eafe1a28) 
thrown [s\src\hotspot\share\interpreter\linkResolver.cpp, line 773]
Event: 2.634 Thread 0x000001c5fc962d10 Exception <a 'java/lang/NoSuchMethodError'{0x00000000eafe56e0}: 'java.lang.Object java.lang.invoke.DirectMethodHandle$Holder.invokeSpecial(java.lang.Object, java.lang.Object, java.lang.Object, java.lang.Object, int)'> (0x00000000eafe56e0) 
thrown [s\src\hotspot\share\interpreter\linkResolver.cpp, line 773]
Event: 2.634 Thread 0x000001c5fc962d10 Exception <a 'java/lang/NoSuchMethodError'{0x00000000eb017368}: 'java.lang.Object java.lang.invoke.Invokers$Holder.linkToTargetMethod(java.lang.Object, java.lang.Object, int, java.lang.Object)'> (0x00000000eb017368) 
thrown [s\src\hotspot\share\interpreter\linkResolver.cpp, line 773]
Event: 2.636 Thread 0x000001c5fc962d10 Exception <a 'java/lang/NoSuchMethodError'{0x00000000eb022750}: 'void java.lang.invoke.DirectMethodHandle$Holder.invokeStaticInit(java.lang.Object, java.lang.Object, java.lang.Object)'> (0x00000000eb022750) 
thrown [s\src\hotspot\share\interpreter\linkResolver.cpp, line 773]
Event: 2.685 Thread 0x000001c5df30bd20 Exception <a 'java/lang/NoSuchMethodError'{0x00000000eb483030}: 'void java.lang.invoke.DirectMethodHandle$Holder.invokeSpecial(java.lang.Object, java.lang.Object, java.lang.Object, java.lang.Object, java.lang.Object, java.lang.Object)'> (0x00000000eb483030) 
thrown [s\src\hotspot\share\interpreter\linkResolver.cpp, line 773]
Event: 2.686 Thread 0x000001c5df30bd20 Exception <a 'java/lang/IncompatibleClassChangeError'{0x00000000eb48b310}: Found class java.lang.Object, but interface was expected> (0x00000000eb48b310) 
thrown [s\src\hotspot\share\interpreter\linkResolver.cpp, line 840]
Event: 2.687 Thread 0x000001c5df30bd20 Exception <a 'java/lang/IncompatibleClassChangeError'{0x00000000eb48d0a8}: Found class java.lang.Object, but interface was expected> (0x00000000eb48d0a8) 
thrown [s\src\hotspot\share\interpreter\linkResolver.cpp, line 840]
Event: 2.816 Thread 0x000001c5fda05c40 Exception <a 'java/lang/NoSuchMethodError'{0x00000000ebc1d860}: 'java.lang.Object java.lang.invoke.DirectMethodHandle$Holder.invokeInterface(java.lang.Object, java.lang.Object, java.lang.Object)'> (0x00000000ebc1d860) 
thrown [s\src\hotspot\share\interpreter\linkResolver.cpp, line 773]
Event: 2.835 Thread 0x000001c5fda05c40 Exception <a 'java/io/FileNotFoundException'{0x00000000ebca87a0}> (0x00000000ebca87a0) 
thrown [s\src\hotspot\share\prims\jni.cpp, line 520]
Event: 2.869 Thread 0x000001c5fda05c40 Exception <a 'sun/nio/fs/WindowsException'{0x00000000ebe2b488}> (0x00000000ebe2b488) 
thrown [s\src\hotspot\share\prims\jni.cpp, line 520]
Event: 2.943 Thread 0x000001c5fda05c40 Exception <a 'java/lang/IncompatibleClassChangeError'{0x00000000ec19be20}: Found class java.lang.Object, but interface was expected> (0x00000000ec19be20) 
thrown [s\src\hotspot\share\interpreter\linkResolver.cpp, line 840]

ZGC Phase Switch (0 events):
No events

VM Operations (20 events):
Event: 2.121 Executing VM operation: HandshakeAllThreads (Deoptimize)
Event: 2.121 Executing VM operation: HandshakeAllThreads (Deoptimize) done
Event: 2.193 Executing VM operation: ParallelGCFailedAllocation (Allocation Failure)
Event: 2.194 Executing VM operation: ParallelGCFailedAllocation (Allocation Failure) done
Event: 2.208 Executing VM operation: HandshakeAllThreads (Deoptimize)
Event: 2.208 Executing VM operation: HandshakeAllThreads (Deoptimize) done
Event: 2.222 Executing VM operation: HandshakeAllThreads (Deoptimize)
Event: 2.222 Executing VM operation: HandshakeAllThreads (Deoptimize) done
Event: 2.231 Executing VM operation: HandshakeAllThreads (Deoptimize)
Event: 2.231 Executing VM operation: HandshakeAllThreads (Deoptimize) done
Event: 2.233 Executing VM operation: HandshakeAllThreads (Deoptimize)
Event: 2.233 Executing VM operation: HandshakeAllThreads (Deoptimize) done
Event: 2.330 Executing VM operation: HandshakeAllThreads (Deoptimize)
Event: 2.330 Executing VM operation: HandshakeAllThreads (Deoptimize) done
Event: 2.548 Executing VM operation: ParallelGCFailedAllocation (Allocation Failure)
Event: 2.554 Executing VM operation: ParallelGCFailedAllocation (Allocation Failure) done
Event: 2.824 Executing VM operation: HandshakeAllThreads (Deoptimize)
Event: 2.824 Executing VM operation: HandshakeAllThreads (Deoptimize) done
Event: 2.912 Executing VM operation: HandshakeAllThreads (Deoptimize)
Event: 2.912 Executing VM operation: HandshakeAllThreads (Deoptimize) done

Memory protections (0 events):
No events

Nmethod flushes (0 events):
No events

Events (20 events):
Event: 2.172 Thread 0x000001c5f7773fe0 Thread added: 0x000001c5fc964de0
Event: 2.212 Thread 0x000001c5fc964de0 Thread exited: 0x000001c5fc964de0
Event: 2.309 Thread 0x000001c5f7782ab0 Thread added: 0x000001c5fd14ca60
Event: 2.449 Thread 0x000001c5df30bd20 Thread added: 0x000001c5fc965470
Event: 2.449 Thread 0x000001c5df30bd20 Thread added: 0x000001c5fc963a30
Event: 2.449 Thread 0x000001c5df30bd20 Thread added: 0x000001c5fc9633a0
Event: 2.449 Thread 0x000001c5df30bd20 Thread added: 0x000001c5fc9640c0
Event: 2.449 Thread 0x000001c5df30bd20 Thread added: 0x000001c5fc964de0
Event: 2.450 Thread 0x000001c5df30bd20 Thread added: 0x000001c5fc964750
Event: 2.450 Thread 0x000001c5df30bd20 Thread added: 0x000001c5fc962680
Event: 2.450 Thread 0x000001c5df30bd20 Thread added: 0x000001c5fc95f890
Event: 2.450 Thread 0x000001c5df30bd20 Thread added: 0x000001c5fc9605b0
Event: 2.450 Thread 0x000001c5df30bd20 Thread added: 0x000001c5fc965b00
Event: 2.450 Thread 0x000001c5df30bd20 Thread added: 0x000001c5fc961960
Event: 2.450 Thread 0x000001c5df30bd20 Thread added: 0x000001c5fc966190
Event: 2.450 Thread 0x000001c5df30bd20 Thread added: 0x000001c5fc95f200
Event: 2.470 Thread 0x000001c5df30bd20 Thread added: 0x000001c5fc966820
Event: 2.617 Thread 0x000001c5fc95ff20 Thread added: 0x000001c5fc960c40
Event: 2.701 Thread 0x000001c5df30bd20 Thread added: 0x000001c5fc9612d0
Event: 2.702 Thread 0x000001c5df30bd20 Thread added: 0x000001c5fda05c40


Dynamic libraries:
0x00007ff7c07d0000 - 0x00007ff7c07de000 	c:\Users\abhig\.vscode\extensions\redhat.java-1.41.1-win32-x64\jre\21.0.6-win32-x86_64\bin\java.exe
0x00007ffeb7590000 - 0x00007ffeb77a7000 	C:\Windows\SYSTEM32\ntdll.dll
0x00007ffeb63b0000 - 0x00007ffeb6474000 	C:\Windows\System32\KERNEL32.DLL
0x00007ffeb47c0000 - 0x00007ffeb4b93000 	C:\Windows\System32\KERNELBASE.dll
0x00007ffeb5110000 - 0x00007ffeb5221000 	C:\Windows\System32\ucrtbase.dll
0x00007ffe9af00000 - 0x00007ffe9af18000 	c:\Users\abhig\.vscode\extensions\redhat.java-1.41.1-win32-x64\jre\21.0.6-win32-x86_64\bin\jli.dll
0x00007ffe9aee0000 - 0x00007ffe9aefe000 	c:\Users\abhig\.vscode\extensions\redhat.java-1.41.1-win32-x64\jre\21.0.6-win32-x86_64\bin\VCRUNTIME140.dll
0x00007ffeb5450000 - 0x00007ffeb5601000 	C:\Windows\System32\USER32.dll
0x00007ffea2c90000 - 0x00007ffea2f28000 	C:\Windows\WinSxS\amd64_microsoft.windows.common-controls_6595b64144ccf1df_6.0.22621.5124_none_270e8f4f7386d69d\COMCTL32.dll
0x00007ffeb50e0000 - 0x00007ffeb5106000 	C:\Windows\System32\win32u.dll
0x00007ffeb5610000 - 0x00007ffeb56b7000 	C:\Windows\System32\msvcrt.dll
0x00007ffeb6120000 - 0x00007ffeb6149000 	C:\Windows\System32\GDI32.dll
0x00007ffeb46a0000 - 0x00007ffeb47bb000 	C:\Windows\System32\gdi32full.dll
0x00007ffeb4c20000 - 0x00007ffeb4cba000 	C:\Windows\System32\msvcp_win.dll
0x00007ffeb7280000 - 0x00007ffeb72b1000 	C:\Windows\System32\IMM32.DLL
0x00007ffe9f6e0000 - 0x00007ffe9f6ec000 	c:\Users\abhig\.vscode\extensions\redhat.java-1.41.1-win32-x64\jre\21.0.6-win32-x86_64\bin\vcruntime140_1.dll
0x00007ffe814f0000 - 0x00007ffe8157d000 	c:\Users\abhig\.vscode\extensions\redhat.java-1.41.1-win32-x64\jre\21.0.6-win32-x86_64\bin\msvcp140.dll
0x00007ffe222a0000 - 0x00007ffe23030000 	c:\Users\abhig\.vscode\extensions\redhat.java-1.41.1-win32-x64\jre\21.0.6-win32-x86_64\bin\server\jvm.dll
0x00007ffeb5390000 - 0x00007ffeb5441000 	C:\Windows\System32\ADVAPI32.dll
0x00007ffeb6220000 - 0x00007ffeb62c8000 	C:\Windows\System32\sechost.dll
0x00007ffeb50b0000 - 0x00007ffeb50d8000 	C:\Windows\System32\bcrypt.dll
0x00007ffeb6820000 - 0x00007ffeb6934000 	C:\Windows\System32\RPCRT4.dll
0x00007ffeb7330000 - 0x00007ffeb73a1000 	C:\Windows\System32\WS2_32.dll
0x00007ffeb34e0000 - 0x00007ffeb352d000 	C:\Windows\SYSTEM32\POWRPROF.dll
0x00007ffeae550000 - 0x00007ffeae584000 	C:\Windows\SYSTEM32\WINMM.dll
0x00007ffead280000 - 0x00007ffead28a000 	C:\Windows\SYSTEM32\VERSION.dll
0x00007ffeb34c0000 - 0x00007ffeb34d3000 	C:\Windows\SYSTEM32\UMPDC.dll
0x00007ffeb3780000 - 0x00007ffeb3798000 	C:\Windows\SYSTEM32\kernel.appcore.dll
0x00007ffe9f640000 - 0x00007ffe9f64a000 	c:\Users\abhig\.vscode\extensions\redhat.java-1.41.1-win32-x64\jre\21.0.6-win32-x86_64\bin\jimage.dll
0x00007ffeb1aa0000 - 0x00007ffeb1cd2000 	C:\Windows\SYSTEM32\DBGHELP.DLL
0x00007ffeb6480000 - 0x00007ffeb6812000 	C:\Windows\System32\combase.dll
0x00007ffeb6a70000 - 0x00007ffeb6b47000 	C:\Windows\System32\OLEAUT32.dll
0x00007ffe88020000 - 0x00007ffe88052000 	C:\Windows\SYSTEM32\dbgcore.DLL
0x00007ffeb4d80000 - 0x00007ffeb4dfb000 	C:\Windows\System32\bcryptPrimitives.dll
0x00007ffe9c630000 - 0x00007ffe9c63f000 	c:\Users\abhig\.vscode\extensions\redhat.java-1.41.1-win32-x64\jre\21.0.6-win32-x86_64\bin\instrument.dll
0x00007ffe9aec0000 - 0x00007ffe9aedf000 	c:\Users\abhig\.vscode\extensions\redhat.java-1.41.1-win32-x64\jre\21.0.6-win32-x86_64\bin\java.dll
0x00007ffeb56c0000 - 0x00007ffeb5f56000 	C:\Windows\System32\SHELL32.dll
0x00007ffeb4e00000 - 0x00007ffeb4f3f000 	C:\Windows\System32\wintypes.dll
0x00007ffeb2580000 - 0x00007ffeb2e9a000 	C:\Windows\SYSTEM32\windows.storage.dll
0x00007ffeb6960000 - 0x00007ffeb6a6a000 	C:\Windows\System32\SHCORE.dll
0x00007ffeb6b50000 - 0x00007ffeb6bb3000 	C:\Windows\System32\shlwapi.dll
0x00007ffeb45d0000 - 0x00007ffeb45fb000 	C:\Windows\SYSTEM32\profapi.dll
0x00007ffe9aea0000 - 0x00007ffe9aeb8000 	c:\Users\abhig\.vscode\extensions\redhat.java-1.41.1-win32-x64\jre\21.0.6-win32-x86_64\bin\zip.dll
0x00007ffe9f310000 - 0x00007ffe9f320000 	C:\Users\abhig\.vscode\extensions\redhat.java-1.41.1-win32-x64\jre\21.0.6-win32-x86_64\bin\net.dll
0x00007ffeafed0000 - 0x00007ffeafffc000 	C:\Windows\SYSTEM32\WINHTTP.dll
0x00007ffeb3c00000 - 0x00007ffeb3c6a000 	C:\Windows\system32\mswsock.dll
0x00007ffe9ae30000 - 0x00007ffe9ae46000 	C:\Users\abhig\.vscode\extensions\redhat.java-1.41.1-win32-x64\jre\21.0.6-win32-x86_64\bin\nio.dll
0x00007ffe9c130000 - 0x00007ffe9c140000 	c:\Users\abhig\.vscode\extensions\redhat.java-1.41.1-win32-x64\jre\21.0.6-win32-x86_64\bin\verify.dll
0x00007ffe83ca0000 - 0x00007ffe83ce5000 	C:\Users\abhig\AppData\Roaming\Code\User\globalStorage\redhat.java\1.41.1\config_ss_win\org.eclipse.equinox.launcher\org.eclipse.equinox.launcher.win32.win32.x86_64_1.2.1300.v20250331-1702\eclipse_11911.dll
0x00007ffeb70c0000 - 0x00007ffeb7261000 	C:\Windows\System32\ole32.dll
0x00007ffeb3e20000 - 0x00007ffeb3e3b000 	C:\Windows\SYSTEM32\CRYPTSP.dll
0x00007ffeb36e0000 - 0x00007ffeb3717000 	C:\Windows\system32\rsaenh.dll
0x00007ffeb3cc0000 - 0x00007ffeb3ce8000 	C:\Windows\SYSTEM32\USERENV.dll
0x00007ffeb3e40000 - 0x00007ffeb3e4c000 	C:\Windows\SYSTEM32\CRYPTBASE.dll
0x00007ffeb3170000 - 0x00007ffeb319d000 	C:\Windows\SYSTEM32\IPHLPAPI.DLL
0x00007ffeb6950000 - 0x00007ffeb6959000 	C:\Windows\System32\NSI.dll
0x00007ffe7d760000 - 0x00007ffe7d7a9000 	C:\Users\abhig\AppData\Local\Temp\jna-92604357\jna704929156118299494.dll
0x00007ffeb7270000 - 0x00007ffeb7278000 	C:\Windows\System32\PSAPI.DLL
0x00007ffeafd20000 - 0x00007ffeafd39000 	C:\Windows\SYSTEM32\dhcpcsvc6.DLL
0x00007ffeafbc0000 - 0x00007ffeafbdf000 	C:\Windows\SYSTEM32\dhcpcsvc.DLL

dbghelp: loaded successfully - version: 4.0.5 - missing functions: none
symbol engine: initialized successfully - sym options: 0x614 - pdb path: .;c:\Users\abhig\.vscode\extensions\redhat.java-1.41.1-win32-x64\jre\21.0.6-win32-x86_64\bin;C:\Windows\SYSTEM32;C:\Windows\WinSxS\amd64_microsoft.windows.common-controls_6595b64144ccf1df_6.0.22621.5124_none_270e8f4f7386d69d;c:\Users\abhig\.vscode\extensions\redhat.java-1.41.1-win32-x64\jre\21.0.6-win32-x86_64\bin\server;C:\Users\abhig\AppData\Roaming\Code\User\globalStorage\redhat.java\1.41.1\config_ss_win\org.eclipse.equinox.launcher\org.eclipse.equinox.launcher.win32.win32.x86_64_1.2.1300.v20250331-1702;C:\Users\abhig\AppData\Local\Temp\jna-92604357

VM Arguments:
jvm_args: --add-modules=ALL-SYSTEM --add-opens=java.base/java.util=ALL-UNNAMED --add-opens=java.base/java.lang=ALL-UNNAMED --add-opens=java.base/sun.nio.fs=ALL-UNNAMED -Declipse.application=org.eclipse.jdt.ls.core.id1 -Dosgi.bundles.defaultStartLevel=4 -Declipse.product=org.eclipse.jdt.ls.core.product -Djava.import.generatesMetadataFilesAtProjectRoot=false -DDetectVMInstallationsJob.disabled=true -Dfile.encoding=utf8 -XX:+UseParallelGC -XX:GCTimeRatio=4 -XX:AdaptiveSizePolicyWeight=90 -Dsun.zip.disableMemoryMapping=true -Xmx1G -Xms100m -Xlog:disable -javaagent:c:\Users\abhig\.vscode\extensions\redhat.java-1.41.1-win32-x64\lombok\lombok-1.18.36.jar 
java_command: c:\Users\abhig\.vscode\extensions\redhat.java-1.41.1-win32-x64\server\plugins\org.eclipse.equinox.launcher_1.7.0.v20250331-1702.jar -configuration c:\Users\abhig\AppData\Roaming\Code\User\globalStorage\redhat.java\1.41.1\config_ss_win -data c:\Users\abhig\AppData\Roaming\Code\User\workspaceStorage\e963c1cbf2690c3b0f763db24b554e82\redhat.java\ss_ws --pipe=\\.\pipe\lsp-56c25d78d9a972d4b8c1f3d32f8e0032-sock
java_class_path (initial): c:\Users\abhig\.vscode\extensions\redhat.java-1.41.1-win32-x64\server\plugins\org.eclipse.equinox.launcher_1.7.0.v20250331-1702.jar
Launcher Type: SUN_STANDARD

[Global flags]
    uintx AdaptiveSizePolicyWeight                 = 90                                        {product} {command line}
     intx CICompilerCount                          = 4                                         {product} {ergonomic}
    uintx GCTimeRatio                              = 4                                         {product} {command line}
   size_t InitialHeapSize                          = 104857600                                 {product} {command line}
   size_t MaxHeapSize                              = 1073741824                                {product} {command line}
   size_t MaxNewSize                               = 357564416                                 {product} {ergonomic}
   size_t MinHeapDeltaBytes                        = 524288                                    {product} {ergonomic}
   size_t MinHeapSize                              = 104857600                                 {product} {command line}
   size_t NewSize                                  = 34603008                                  {product} {ergonomic}
    uintx NonNMethodCodeHeapSize                   = 5839372                                {pd product} {ergonomic}
    uintx NonProfiledCodeHeapSize                  = 122909434                              {pd product} {ergonomic}
   size_t OldSize                                  = 70254592                                  {product} {ergonomic}
    uintx ProfiledCodeHeapSize                     = 122909434                              {pd product} {ergonomic}
    uintx ReservedCodeCacheSize                    = 251658240                              {pd product} {ergonomic}
     bool SegmentedCodeCache                       = true                                      {product} {ergonomic}
   size_t SoftMaxHeapSize                          = 1073741824                             {manageable} {ergonomic}
     bool UseCompressedOops                        = true                           {product lp64_product} {ergonomic}
     bool UseLargePagesIndividualAllocation        = false                                  {pd product} {ergonomic}
     bool UseParallelGC                            = true                                      {product} {command line}

Logging:
Log output configuration:
 #0: stdout all=off uptime,level,tags foldmultilines=false
 #1: stderr all=off uptime,level,tags foldmultilines=false

Environment Variables:
JAVA_HOME=C:\Program Files\Java\jdk-23
PATH=C:\app\abhig\product\21c\dbhomeXE\bin;C:\Program Files\Common Files\Oracle\Java\javapath;C:\Windows\system32;C:\Windows;C:\Windows\System32\Wbem;C:\Windows\System32\WindowsPowerShell\v1.0\;C:\Windows\System32\OpenSSH\;C:\Program Files\dotnet\;C:\MinGW\bin;C:\Program Files\Git\cmd;C:\Program Files\Git\mingw64\bin;C:\Program Files\Git\usr\bin;C:\Program Files\Java\jdk-23\bin;C:\Program Files\Java\jdk-23\bin;;C:\Users\abhig\AppData\Local\Programs\Microsoft VS Code\bin;C:\Users\abhig\AppData\Local\Programs\cursor\resources\app\bin
USERNAME=abhig
OS=Windows_NT
PROCESSOR_IDENTIFIER=AMD64 Family 25 Model 80 Stepping 0, AuthenticAMD
TMP=C:\Users\abhig\AppData\Local\Temp
TEMP=C:\Users\abhig\AppData\Local\Temp




Periodic native trim disabled

---------------  S Y S T E M  ---------------

OS:
 Windows 11 , 64 bit Build 22621 (10.0.22621.5124)
OS uptime: 0 days 2:08 hours
Hyper-V role detected

CPU: total 12 (initial active 12) (12 cores per cpu, 2 threads per core) family 25 model 80 stepping 0 microcode 0x0, cx8, cmov, fxsr, ht, mmx, 3dnowpref, sse, sse2, sse3, ssse3, sse4a, sse4.1, sse4.2, popcnt, lzcnt, tsc, tscinvbit, avx, avx2, aes, erms, clmul, bmi1, bmi2, adx, sha, fma, vzeroupper, clflush, clflushopt, hv, rdtscp, rdpid, fsrm, f16c, cet_ss
Processor Information for the first 12 processors :
  Max Mhz: 3301, Current Mhz: 3301, Mhz Limit: 3301

Memory: 4k page, system-wide physical 15773M (4554M free)
TotalPageFile size 15773M (AvailPageFile size 0M)
current process WorkingSet (physical memory assigned to process): 180M, peak: 187M
current process commit charge ("private bytes"): 287M, peak: 294M

vm_info: OpenJDK 64-Bit Server VM (21.0.6+7-LTS) for windows-amd64 JRE (21.0.6+7-LTS), built on 2025-01-21T00:00:00Z by "admin" with MS VC++ 17.7 (VS2022)

END.
