#
# There is insufficient memory for the Java Runtime Environment to continue.
# Native memory allocation (malloc) failed to allocate 1310160 bytes. Error detail: Chunk::new
# Possible reasons:
#   The system is out of physical RAM or swap space
#   This process is running with CompressedOops enabled, and the Java Heap may be blocking the growth of the native heap
# Possible solutions:
#   Reduce memory load on the system
#   Increase physical memory or swap space
#   Check if swap backing store is full
#   Decrease Java heap size (-Xmx/-Xms)
#   Decrease number of Java threads
#   Decrease Java thread stack sizes (-Xss)
#   Set larger code cache with -XX:ReservedCodeCacheSize=
#   JVM is running with Unscaled Compressed Oops mode in which the Java heap is
#     placed in the first 4GB address space. The Java Heap base address is the
#     maximum limit for the native heap growth. Please use -XX:HeapBaseMinAddress
#     to set the Java Heap base and to place the Java Heap above 4GB virtual address.
# This output file may be truncated or incomplete.
#
#  Out of Memory Error (arena.cpp:168), pid=17368, tid=8832
#
# JRE version: OpenJDK Runtime Environment Temurin-21.0.6+7 (21.0.6+7) (build 21.0.6+7-LTS)
# Java VM: OpenJDK 64-Bit Server VM Temurin-21.0.6+7 (21.0.6+7-LTS, mixed mode, sharing, tiered, compressed oops, compressed class ptrs, g1 gc, windows-amd64)
# No core dump will be written. Minidumps are not enabled by default on client versions of Windows
#

---------------  S U M M A R Y ------------

Command Line: --add-opens=java.base/java.util=ALL-UNNAMED --add-opens=java.base/java.lang=ALL-UNNAMED --add-opens=java.base/java.lang.invoke=ALL-UNNAMED --add-opens=java.prefs/java.util.prefs=ALL-UNNAMED --add-exports=jdk.compiler/com.sun.tools.javac.api=ALL-UNNAMED --add-exports=jdk.compiler/com.sun.tools.javac.util=ALL-UNNAMED --add-opens=java.base/java.nio.charset=ALL-UNNAMED --add-opens=java.base/java.net=ALL-UNNAMED --add-opens=java.base/java.util.concurrent.atomic=ALL-UNNAMED -Xmx2048m -Dfile.encoding=UTF-8 -Duser.country=US -Duser.language=en -Duser.variant -javaagent:C:\Users\abhig\.gradle\wrapper\dists\gradle-8.10.2-bin\a04bxjujx95o3nb99gddekhwo\gradle-8.10.2\lib\agents\gradle-instrumentation-agent-8.10.2.jar org.gradle.launcher.daemon.bootstrap.GradleDaemon 8.10.2

Host: AMD Ryzen 5 5600H with Radeon Graphics         , 12 cores, 15G,  Windows 11 , 64 bit Build 22621 (10.0.22621.5124)
Time: Mon Apr 14 11:02:29 2025 India Standard Time elapsed time: 45.490019 seconds (0d 0h 0m 45s)

---------------  T H R E A D  ---------------

Current thread (0x00000258fae89570):  JavaThread "C2 CompilerThread2" daemon [_thread_in_native, id=8832, stack(0x000000bd02e00000,0x000000bd02f00000) (1024K)]


Current CompileTask:
C2:45490 11982   !   4       java.io.ObjectOutputStream::writeOrdinaryObject (196 bytes)

Stack: [0x000000bd02e00000,0x000000bd02f00000]
Native frames: (J=compiled Java code, j=interpreted, Vv=VM code, C=native code)
V  [jvm.dll+0x6cdee9]
V  [jvm.dll+0x8a83d1]
V  [jvm.dll+0x8aa8fe]
V  [jvm.dll+0x8aafe3]
V  [jvm.dll+0x27f706]
V  [jvm.dll+0xc500d]
V  [jvm.dll+0xc5543]
V  [jvm.dll+0x3b678c]
V  [jvm.dll+0x1e0009]
V  [jvm.dll+0x247b42]
V  [jvm.dll+0x246fcf]
V  [jvm.dll+0x1c75ee]
V  [jvm.dll+0x25685a]
V  [jvm.dll+0x254dfa]
V  [jvm.dll+0x3f0256]
V  [jvm.dll+0x851f8b]
V  [jvm.dll+0x6cc5ed]
C  [ucrtbase.dll+0x29333]
C  [KERNEL32.DLL+0x1259d]
C  [ntdll.dll+0x5af38]


---------------  P R O C E S S  ---------------

Threads class SMR info:
_java_thread_list=0x00000258fb613260, length=72, elements={
0x00000258d86d1a10, 0x00000258f025cbd0, 0x00000258f025d9e0, 0x00000258f0262320,
0x00000258f0262d70, 0x00000258f02637c0, 0x00000258f0264210, 0x00000258f02650c0,
0x00000258f026e400, 0x00000258f03c27d0, 0x00000258f05702b0, 0x00000258f5463330,
0x00000258f0536fc0, 0x00000258f05362a0, 0x00000258f0538370, 0x00000258f0535c10,
0x00000258f61ecc30, 0x00000258f61ee670, 0x00000258f61eb1f0, 0x00000258f61e8a90,
0x00000258f61ea4d0, 0x00000258f61ec5a0, 0x00000258f61ebf10, 0x00000258f61eb880,
0x00000258f61e9120, 0x00000258f61eed00, 0x00000258f549f520, 0x00000258f5498590,
0x00000258f549c730, 0x00000258f549e170, 0x00000258fb14c990, 0x00000258fb14a230,
0x00000258fb148160, 0x00000258fb146db0, 0x00000258fb14bc70, 0x00000258f7a440f0,
0x00000258f973ad90, 0x00000258f973e210, 0x00000258f9738630, 0x00000258f973a070,
0x00000258f9737280, 0x00000258f973bab0, 0x00000258f973b420, 0x00000258f973d4f0,
0x00000258fae8c520, 0x00000258fae89570, 0x00000258f9739350, 0x00000258f973ce60,
0x00000258f973db80, 0x00000258f973c140, 0x00000258f973e8a0, 0x00000258f973a700,
0x00000258f9737910, 0x00000258f973c7d0, 0x00000258f9737fa0, 0x00000258f9738cc0,
0x00000258f5498c20, 0x00000258f54992b0, 0x00000258f549b380, 0x00000258f5499940,
0x00000258f549ba10, 0x00000258f549cdc0, 0x00000258f549c0a0, 0x00000258f549a660,
0x00000258f549e800, 0x00000258f549acf0, 0x00000258f549d450, 0x00000258f549ee90,
0x00000258f7a46ee0, 0x00000258f7a454a0, 0x00000258f7a4a360, 0x00000258f7a433d0
}

Java Threads: ( => current thread )
  0x00000258d86d1a10 JavaThread "main"                              [_thread_blocked, id=10432, stack(0x000000bd7fa00000,0x000000bd7fb00000) (1024K)]
  0x00000258f025cbd0 JavaThread "Reference Handler"          daemon [_thread_blocked, id=6692, stack(0x000000bd00200000,0x000000bd00300000) (1024K)]
  0x00000258f025d9e0 JavaThread "Finalizer"                  daemon [_thread_blocked, id=9220, stack(0x000000bd00300000,0x000000bd00400000) (1024K)]
  0x00000258f0262320 JavaThread "Signal Dispatcher"          daemon [_thread_blocked, id=19304, stack(0x000000bd00400000,0x000000bd00500000) (1024K)]
  0x00000258f0262d70 JavaThread "Attach Listener"            daemon [_thread_blocked, id=4416, stack(0x000000bd00500000,0x000000bd00600000) (1024K)]
  0x00000258f02637c0 JavaThread "Service Thread"             daemon [_thread_blocked, id=8160, stack(0x000000bd00600000,0x000000bd00700000) (1024K)]
  0x00000258f0264210 JavaThread "Monitor Deflation Thread"   daemon [_thread_blocked, id=18928, stack(0x000000bd00700000,0x000000bd00800000) (1024K)]
  0x00000258f02650c0 JavaThread "C2 CompilerThread0"         daemon [_thread_in_native, id=18792, stack(0x000000bd00800000,0x000000bd00900000) (1024K)]
  0x00000258f026e400 JavaThread "C1 CompilerThread0"         daemon [_thread_blocked, id=3676, stack(0x000000bd00900000,0x000000bd00a00000) (1024K)]
  0x00000258f03c27d0 JavaThread "Common-Cleaner"             daemon [_thread_blocked, id=4480, stack(0x000000bd00a00000,0x000000bd00b00000) (1024K)]
  0x00000258f05702b0 JavaThread "Notification Thread"        daemon [_thread_blocked, id=9212, stack(0x000000bd00b00000,0x000000bd00c00000) (1024K)]
  0x00000258f5463330 JavaThread "Daemon health stats"               [_thread_blocked, id=1772, stack(0x000000bd01200000,0x000000bd01300000) (1024K)]
  0x00000258f0536fc0 JavaThread "Incoming local TCP Connector on port 52281"        [_thread_in_native, id=19284, stack(0x000000bd01300000,0x000000bd01400000) (1024K)]
  0x00000258f05362a0 JavaThread "Daemon periodic checks"            [_thread_blocked, id=12756, stack(0x000000bd01400000,0x000000bd01500000) (1024K)]
  0x00000258f0538370 JavaThread "Daemon"                            [_thread_blocked, id=18080, stack(0x000000bd01600000,0x000000bd01700000) (1024K)]
  0x00000258f0535c10 JavaThread "Daemon worker"                     [_thread_in_Java, id=3904, stack(0x000000bd01800000,0x000000bd01900000) (1024K)]
  0x00000258f61ecc30 JavaThread "Cache worker for journal cache (C:\Users\abhig\.gradle\caches\journal-1)"        [_thread_blocked, id=9952, stack(0x000000bd01c00000,0x000000bd01d00000) (1024K)]
  0x00000258f61ee670 JavaThread "File lock request listener"        [_thread_in_native, id=17872, stack(0x000000bd01d00000,0x000000bd01e00000) (1024K)]
  0x00000258f61eb1f0 JavaThread "Cache worker for file hash cache (C:\Users\abhig\.gradle\caches\8.10.2\fileHashes)"        [_thread_blocked, id=2928, stack(0x000000bd01e00000,0x000000bd01f00000) (1024K)]
  0x00000258f61e8a90 JavaThread "File watcher server"        daemon [_thread_in_native, id=16288, stack(0x000000bd02800000,0x000000bd02900000) (1024K)]
  0x00000258f61ea4d0 JavaThread "File watcher consumer"      daemon [_thread_blocked, id=13932, stack(0x000000bd02900000,0x000000bd02a00000) (1024K)]
  0x00000258f61ec5a0 JavaThread "jar transforms"                    [_thread_blocked, id=10684, stack(0x000000bd02a00000,0x000000bd02b00000) (1024K)]
  0x00000258f61ebf10 JavaThread "jar transforms Thread 2"           [_thread_blocked, id=18716, stack(0x000000bd02b00000,0x000000bd02c00000) (1024K)]
  0x00000258f61eb880 JavaThread "jar transforms Thread 3"           [_thread_blocked, id=19292, stack(0x000000bd02c00000,0x000000bd02d00000) (1024K)]
  0x00000258f61e9120 JavaThread "Cache worker for file content cache (C:\Users\abhig\.gradle\caches\8.10.2\fileContent)"        [_thread_blocked, id=10308, stack(0x000000bd02000000,0x000000bd02100000) (1024K)]
  0x00000258f61eed00 JavaThread "jar transforms Thread 4"           [_thread_blocked, id=2656, stack(0x000000bd02f00000,0x000000bd03000000) (1024K)]
  0x00000258f549f520 JavaThread "jar transforms Thread 5"           [_thread_blocked, id=17768, stack(0x000000bd03200000,0x000000bd03300000) (1024K)]
  0x00000258f5498590 JavaThread "jar transforms Thread 6"           [_thread_blocked, id=14456, stack(0x000000bd03400000,0x000000bd03500000) (1024K)]
  0x00000258f549c730 JavaThread "jar transforms Thread 7"           [_thread_blocked, id=17632, stack(0x000000bd03600000,0x000000bd03700000) (1024K)]
  0x00000258f549e170 JavaThread "jar transforms Thread 8"           [_thread_blocked, id=6968, stack(0x000000bd03700000,0x000000bd03800000) (1024K)]
  0x00000258fb14c990 JavaThread "jar transforms Thread 9"           [_thread_blocked, id=5704, stack(0x000000bd05900000,0x000000bd05a00000) (1024K)]
  0x00000258fb14a230 JavaThread "jar transforms Thread 10"          [_thread_blocked, id=19276, stack(0x000000bd05a00000,0x000000bd05b00000) (1024K)]
  0x00000258fb148160 JavaThread "jar transforms Thread 11"          [_thread_blocked, id=2356, stack(0x000000bd05b00000,0x000000bd05c00000) (1024K)]
  0x00000258fb146db0 JavaThread "Memory manager"                    [_thread_blocked, id=16700, stack(0x000000bd05c00000,0x000000bd05d00000) (1024K)]
  0x00000258fb14bc70 JavaThread "File lock release action executor"        [_thread_blocked, id=16856, stack(0x000000bd05d00000,0x000000bd05e00000) (1024K)]
  0x00000258f7a440f0 JavaThread "pool-3-thread-1"                   [_thread_blocked, id=18048, stack(0x000000bd05e00000,0x000000bd05f00000) (1024K)]
  0x00000258f973ad90 JavaThread "VFS cleanup"                       [_thread_blocked, id=17900, stack(0x000000bd01900000,0x000000bd01a00000) (1024K)]
  0x00000258f973e210 JavaThread "Handler for socket connection from /127.0.0.1:52281 to /127.0.0.1:52290"        [_thread_in_native, id=16308, stack(0x000000bd01500000,0x000000bd01600000) (1024K)]
  0x00000258f9738630 JavaThread "Cancel handler"                    [_thread_blocked, id=18612, stack(0x000000bd01700000,0x000000bd01800000) (1024K)]
  0x00000258f973a070 JavaThread "Asynchronous log dispatcher for DefaultDaemonConnection: socket connection from /127.0.0.1:52281 to /127.0.0.1:52290"        [_thread_blocked, id=17048, stack(0x000000bd01a00000,0x000000bd01b00000) (1024K)]
  0x00000258f9737280 JavaThread "Stdin handler"                     [_thread_blocked, id=10656, stack(0x000000bd01b00000,0x000000bd01c00000) (1024K)]
  0x00000258f973bab0 JavaThread "Daemon client event forwarder"        [_thread_in_native, id=8688, stack(0x000000bd01f00000,0x000000bd02000000) (1024K)]
  0x00000258f973b420 JavaThread "Cache worker for file hash cache (C:\Users\abhig\Desktop\codes\Java\WeatherApp\.gradle\8.10.2\fileHashes)"        [_thread_blocked, id=8368, stack(0x000000bd02600000,0x000000bd02700000) (1024K)]
  0x00000258f973d4f0 JavaThread "Cache worker for Build Output Cleanup Cache (C:\Users\abhig\Desktop\codes\Java\WeatherApp\.gradle\buildOutputCleanup)"        [_thread_blocked, id=8504, stack(0x000000bd02700000,0x000000bd02800000) (1024K)]
  0x00000258fae8c520 JavaThread "C2 CompilerThread1"         daemon [_thread_in_native, id=6940, stack(0x000000bd02d00000,0x000000bd02e00000) (1024K)]
=>0x00000258fae89570 JavaThread "C2 CompilerThread2"         daemon [_thread_in_native, id=8832, stack(0x000000bd02e00000,0x000000bd02f00000) (1024K)]
  0x00000258f9739350 JavaThread "Cache worker for checksums cache (C:\Users\abhig\Desktop\codes\Java\WeatherApp\.gradle\8.10.2\checksums)"        [_thread_blocked, id=11472, stack(0x000000bd03000000,0x000000bd03100000) (1024K)]
  0x00000258f973ce60 JavaThread "Cache worker for cache directory md-rule (C:\Users\abhig\.gradle\caches\8.10.2\md-rule)"        [_thread_blocked, id=4792, stack(0x000000bd03100000,0x000000bd03200000) (1024K)]
  0x00000258f973db80 JavaThread "Cache worker for cache directory md-supplier (C:\Users\abhig\.gradle\caches\8.10.2\md-supplier)"        [_thread_blocked, id=13268, stack(0x000000bd03300000,0x000000bd03400000) (1024K)]
  0x00000258f973c140 JavaThread "jar transforms Thread 12"          [_thread_blocked, id=11248, stack(0x000000bd03500000,0x000000bd03600000) (1024K)]
  0x00000258f973e8a0 JavaThread "Unconstrained build operations"        [_thread_blocked, id=9776, stack(0x000000bd03800000,0x000000bd03900000) (1024K)]
  0x00000258f973a700 JavaThread "Unconstrained build operations Thread 2"        [_thread_blocked, id=6524, stack(0x000000bd03900000,0x000000bd03a00000) (1024K)]
  0x00000258f9737910 JavaThread "Unconstrained build operations Thread 3"        [_thread_blocked, id=18320, stack(0x000000bd03a00000,0x000000bd03b00000) (1024K)]
  0x00000258f973c7d0 JavaThread "Unconstrained build operations Thread 4"        [_thread_blocked, id=1152, stack(0x000000bd03b00000,0x000000bd03c00000) (1024K)]
  0x00000258f9737fa0 JavaThread "Unconstrained build operations Thread 5"        [_thread_blocked, id=11940, stack(0x000000bd03c00000,0x000000bd03d00000) (1024K)]
  0x00000258f9738cc0 JavaThread "Unconstrained build operations Thread 6"        [_thread_blocked, id=19244, stack(0x000000bd03d00000,0x000000bd03e00000) (1024K)]
  0x00000258f5498c20 JavaThread "Unconstrained build operations Thread 7"        [_thread_blocked, id=16152, stack(0x000000bd03e00000,0x000000bd03f00000) (1024K)]
  0x00000258f54992b0 JavaThread "Unconstrained build operations Thread 8"        [_thread_blocked, id=18660, stack(0x000000bd03f00000,0x000000bd04000000) (1024K)]
  0x00000258f549b380 JavaThread "Unconstrained build operations Thread 9"        [_thread_blocked, id=4672, stack(0x000000bd04000000,0x000000bd04100000) (1024K)]
  0x00000258f5499940 JavaThread "Unconstrained build operations Thread 10"        [_thread_blocked, id=17704, stack(0x000000bd04100000,0x000000bd04200000) (1024K)]
  0x00000258f549ba10 JavaThread "Unconstrained build operations Thread 11"        [_thread_blocked, id=9712, stack(0x000000bd04200000,0x000000bd04300000) (1024K)]
  0x00000258f549cdc0 JavaThread "Unconstrained build operations Thread 12"        [_thread_blocked, id=10964, stack(0x000000bd04300000,0x000000bd04400000) (1024K)]
  0x00000258f549c0a0 JavaThread "Unconstrained build operations Thread 13"        [_thread_blocked, id=4300, stack(0x000000bd04400000,0x000000bd04500000) (1024K)]
  0x00000258f549a660 JavaThread "Unconstrained build operations Thread 14"        [_thread_blocked, id=18172, stack(0x000000bd04500000,0x000000bd04600000) (1024K)]
  0x00000258f549e800 JavaThread "Unconstrained build operations Thread 15"        [_thread_blocked, id=16068, stack(0x000000bd04600000,0x000000bd04700000) (1024K)]
  0x00000258f549acf0 JavaThread "Unconstrained build operations Thread 16"        [_thread_blocked, id=18116, stack(0x000000bd04700000,0x000000bd04800000) (1024K)]
  0x00000258f549d450 JavaThread "Unconstrained build operations Thread 17"        [_thread_blocked, id=13912, stack(0x000000bd04800000,0x000000bd04900000) (1024K)]
  0x00000258f549ee90 JavaThread "Unconstrained build operations Thread 18"        [_thread_blocked, id=2016, stack(0x000000bd04900000,0x000000bd04a00000) (1024K)]
  0x00000258f7a46ee0 JavaThread "Unconstrained build operations Thread 19"        [_thread_blocked, id=12112, stack(0x000000bd04a00000,0x000000bd04b00000) (1024K)]
  0x00000258f7a454a0 JavaThread "Unconstrained build operations Thread 20"        [_thread_blocked, id=12748, stack(0x000000bd04b00000,0x000000bd04c00000) (1024K)]
  0x00000258f7a4a360 JavaThread "Unconstrained build operations Thread 21"        [_thread_blocked, id=18448, stack(0x000000bd04c00000,0x000000bd04d00000) (1024K)]
  0x00000258f7a433d0 JavaThread "Unconstrained build operations Thread 22"        [_thread_blocked, id=14620, stack(0x000000bd04d00000,0x000000bd04e00000) (1024K)]
Total: 72

Other Threads:
  0x00000258f0245800 VMThread "VM Thread"                           [id=10484, stack(0x000000bd00100000,0x000000bd00200000) (1024K)]
  0x00000258f0231bb0 WatcherThread "VM Periodic Task Thread"        [id=5772, stack(0x000000bd00000000,0x000000bd00100000) (1024K)]
  0x00000258d8726a40 WorkerThread "GC Thread#0"                     [id=10536, stack(0x000000bd7fb00000,0x000000bd7fc00000) (1024K)]
  0x00000258f0d1eb70 WorkerThread "GC Thread#1"                     [id=17992, stack(0x000000bd00d00000,0x000000bd00e00000) (1024K)]
  0x00000258f09b8110 WorkerThread "GC Thread#2"                     [id=14960, stack(0x000000bd00e00000,0x000000bd00f00000) (1024K)]
  0x00000258f065c5c0 WorkerThread "GC Thread#3"                     [id=19188, stack(0x000000bd00f00000,0x000000bd01000000) (1024K)]
  0x00000258f065c960 WorkerThread "GC Thread#4"                     [id=6800, stack(0x000000bd01000000,0x000000bd01100000) (1024K)]
  0x00000258f0397180 WorkerThread "GC Thread#5"                     [id=10944, stack(0x000000bd00c00000,0x000000bd00d00000) (1024K)]
  0x00000258f0397520 WorkerThread "GC Thread#6"                     [id=7504, stack(0x000000bd01100000,0x000000bd01200000) (1024K)]
  0x00000258f601bc10 WorkerThread "GC Thread#7"                     [id=18416, stack(0x000000bd02100000,0x000000bd02200000) (1024K)]
  0x00000258f601bfb0 WorkerThread "GC Thread#8"                     [id=14872, stack(0x000000bd02200000,0x000000bd02300000) (1024K)]
  0x00000258f601ca90 WorkerThread "GC Thread#9"                     [id=16916, stack(0x000000bd02300000,0x000000bd02400000) (1024K)]
  0x00000258d8737ae0 ConcurrentGCThread "G1 Main Marker"            [id=9724, stack(0x000000bd7fc00000,0x000000bd7fd00000) (1024K)]
  0x00000258d873a0a0 WorkerThread "G1 Conc#0"                       [id=8596, stack(0x000000bd7fd00000,0x000000bd7fe00000) (1024K)]
  0x00000258f601ce30 WorkerThread "G1 Conc#1"                       [id=18920, stack(0x000000bd02400000,0x000000bd02500000) (1024K)]
  0x00000258f9102ce0 WorkerThread "G1 Conc#2"                       [id=14476, stack(0x000000bd02500000,0x000000bd02600000) (1024K)]
  0x00000258f0186ec0 ConcurrentGCThread "G1 Refine#0"               [id=15276, stack(0x000000bd7fe00000,0x000000bd7ff00000) (1024K)]
  0x00000258f0188850 ConcurrentGCThread "G1 Service"                [id=16428, stack(0x000000bd7ff00000,0x000000bd80000000) (1024K)]
Total: 18

Threads with active compile tasks:
C2 CompilerThread0  45535 12007   !   4       java.io.ObjectOutputStream::writeSerialData (223 bytes)
C1 CompilerThread0  45535 12327       3       com.google.common.collect.ExplicitOrdering::compare (12 bytes)
C2 CompilerThread1  45536 12303       4       org.gradle.internal.logging.sink.OutputEventTransformer::onOutput (369 bytes)
C2 CompilerThread2  45536 11982   !   4       java.io.ObjectOutputStream::writeOrdinaryObject (196 bytes)
Total: 4

VM state: not at safepoint (normal execution)

VM Mutex/Monitor currently owned by a thread: None

Heap address: 0x0000000080000000, size: 2048 MB, Compressed Oops mode: 32-bit

CDS archive(s) mapped at: [0x0000025880000000-0x0000025880ba0000-0x0000025880ba0000), size 12189696, SharedBaseAddress: 0x0000025880000000, ArchiveRelocationMode: 1.
Compressed class space mapped at: 0x0000025881000000-0x00000258c1000000, reserved size: 1073741824
Narrow klass base: 0x0000025880000000, Narrow klass shift: 0, Narrow klass range: 0x100000000

GC Precious Log:
 CardTable entry size: 512
 Card Set container configuration: InlinePtr #cards 5 size 8 Array Of Cards #cards 12 size 40 Howl #buckets 4 coarsen threshold 1843 Howl Bitmap #cards 512 size 80 coarsen threshold 460 Card regions per heap region 1 cards per card region 2048
 CPUs: 12 total, 12 available
 Memory: 15773M
 Large Page Support: Disabled
 NUMA Support: Disabled
 Compressed Oops: Enabled (32-bit)
 Heap Region Size: 1M
 Heap Min Capacity: 8M
 Heap Initial Capacity: 248M
 Heap Max Capacity: 2G
 Pre-touch: Disabled
 Parallel Workers: 10
 Concurrent Workers: 3
 Concurrent Refinement Workers: 10
 Periodic GC: Disabled

Heap:
 garbage-first heap   total 159744K, used 120313K [0x0000000080000000, 0x0000000100000000)
  region size 1024K, 28 young (28672K), 4 survivors (4096K)
 Metaspace       used 90320K, committed 92608K, reserved 1179648K
  class space    used 12284K, committed 13440K, reserved 1048576K

Heap Regions: E=young(eden), S=young(survivor), O=old, HS=humongous(starts), HC=humongous(continues), CS=collection set, F=free, TAMS=top-at-mark-start, PB=parsable bottom
|   0|0x0000000080000000, 0x0000000080100000, 0x0000000080100000|100%| O|  |TAMS 0x0000000080000000| PB 0x0000000080000000| Untracked 
|   1|0x0000000080100000, 0x0000000080200000, 0x0000000080200000|100%| O|  |TAMS 0x0000000080100000| PB 0x0000000080100000| Untracked 
|   2|0x0000000080200000, 0x0000000080300000, 0x0000000080300000|100%|HS|  |TAMS 0x0000000080200000| PB 0x0000000080200000| Complete 
|   3|0x0000000080300000, 0x0000000080400000, 0x0000000080400000|100%|HC|  |TAMS 0x0000000080300000| PB 0x0000000080300000| Complete 
|   4|0x0000000080400000, 0x0000000080500000, 0x0000000080500000|100%|HC|  |TAMS 0x0000000080400000| PB 0x0000000080400000| Complete 
|   5|0x0000000080500000, 0x0000000080600000, 0x0000000080600000|100%|HC|  |TAMS 0x0000000080500000| PB 0x0000000080500000| Complete 
|   6|0x0000000080600000, 0x0000000080700000, 0x0000000080700000|100%| O|  |TAMS 0x0000000080600000| PB 0x0000000080600000| Untracked 
|   7|0x0000000080700000, 0x0000000080800000, 0x0000000080800000|100%| O|  |TAMS 0x0000000080700000| PB 0x0000000080700000| Untracked 
|   8|0x0000000080800000, 0x0000000080900000, 0x0000000080900000|100%| O|  |TAMS 0x0000000080800000| PB 0x0000000080800000| Untracked 
|   9|0x0000000080900000, 0x0000000080a00000, 0x0000000080a00000|100%|HS|  |TAMS 0x0000000080900000| PB 0x0000000080900000| Complete 
|  10|0x0000000080a00000, 0x0000000080b00000, 0x0000000080b00000|100%| O|  |TAMS 0x0000000080a00000| PB 0x0000000080a00000| Untracked 
|  11|0x0000000080b00000, 0x0000000080c00000, 0x0000000080c00000|100%| O|  |TAMS 0x0000000080b00000| PB 0x0000000080b00000| Untracked 
|  12|0x0000000080c00000, 0x0000000080d00000, 0x0000000080d00000|100%| O|  |TAMS 0x0000000080c00000| PB 0x0000000080c00000| Untracked 
|  13|0x0000000080d00000, 0x0000000080e00000, 0x0000000080e00000|100%| O|  |TAMS 0x0000000080d00000| PB 0x0000000080d00000| Untracked 
|  14|0x0000000080e00000, 0x0000000080f00000, 0x0000000080f00000|100%| O|  |TAMS 0x0000000080e00000| PB 0x0000000080e00000| Untracked 
|  15|0x0000000080f00000, 0x0000000081000000, 0x0000000081000000|100%| O|  |TAMS 0x0000000080f00000| PB 0x0000000080f00000| Untracked 
|  16|0x0000000081000000, 0x0000000081100000, 0x0000000081100000|100%| O|  |TAMS 0x0000000081000000| PB 0x0000000081000000| Untracked 
|  17|0x0000000081100000, 0x0000000081200000, 0x0000000081200000|100%| O|  |TAMS 0x0000000081100000| PB 0x0000000081100000| Untracked 
|  18|0x0000000081200000, 0x0000000081300000, 0x0000000081300000|100%| O|  |TAMS 0x0000000081200000| PB 0x0000000081200000| Untracked 
|  19|0x0000000081300000, 0x0000000081400000, 0x0000000081400000|100%| O|  |TAMS 0x0000000081300000| PB 0x0000000081300000| Untracked 
|  20|0x0000000081400000, 0x0000000081500000, 0x0000000081500000|100%| O|  |TAMS 0x0000000081400000| PB 0x0000000081400000| Untracked 
|  21|0x0000000081500000, 0x0000000081600000, 0x0000000081600000|100%| O|  |TAMS 0x0000000081500000| PB 0x0000000081500000| Untracked 
|  22|0x0000000081600000, 0x0000000081700000, 0x0000000081700000|100%| O|  |TAMS 0x0000000081600000| PB 0x0000000081600000| Untracked 
|  23|0x0000000081700000, 0x0000000081800000, 0x0000000081800000|100%| O|  |TAMS 0x0000000081700000| PB 0x0000000081700000| Untracked 
|  24|0x0000000081800000, 0x0000000081900000, 0x0000000081900000|100%| O|  |TAMS 0x0000000081800000| PB 0x0000000081800000| Untracked 
|  25|0x0000000081900000, 0x0000000081a00000, 0x0000000081a00000|100%| O|  |TAMS 0x0000000081900000| PB 0x0000000081900000| Untracked 
|  26|0x0000000081a00000, 0x0000000081b00000, 0x0000000081b00000|100%| O|  |TAMS 0x0000000081a00000| PB 0x0000000081a00000| Untracked 
|  27|0x0000000081b00000, 0x0000000081c00000, 0x0000000081c00000|100%| O|  |TAMS 0x0000000081b00000| PB 0x0000000081b00000| Untracked 
|  28|0x0000000081c00000, 0x0000000081d00000, 0x0000000081d00000|100%| O|  |TAMS 0x0000000081c00000| PB 0x0000000081c00000| Untracked 
|  29|0x0000000081d00000, 0x0000000081e00000, 0x0000000081e00000|100%| O|  |TAMS 0x0000000081d00000| PB 0x0000000081d00000| Untracked 
|  30|0x0000000081e00000, 0x0000000081f00000, 0x0000000081f00000|100%| O|  |TAMS 0x0000000081e00000| PB 0x0000000081e00000| Untracked 
|  31|0x0000000081f00000, 0x0000000082000000, 0x0000000082000000|100%| O|  |TAMS 0x0000000081f00000| PB 0x0000000081f00000| Untracked 
|  32|0x0000000082000000, 0x0000000082100000, 0x0000000082100000|100%| O|  |TAMS 0x0000000082000000| PB 0x0000000082000000| Untracked 
|  33|0x0000000082100000, 0x0000000082200000, 0x0000000082200000|100%| O|  |TAMS 0x0000000082100000| PB 0x0000000082100000| Untracked 
|  34|0x0000000082200000, 0x0000000082300000, 0x0000000082300000|100%| O|  |TAMS 0x0000000082200000| PB 0x0000000082200000| Untracked 
|  35|0x0000000082300000, 0x0000000082400000, 0x0000000082400000|100%| O|  |TAMS 0x0000000082300000| PB 0x0000000082300000| Untracked 
|  36|0x0000000082400000, 0x0000000082500000, 0x0000000082500000|100%| O|  |TAMS 0x0000000082400000| PB 0x0000000082400000| Untracked 
|  37|0x0000000082500000, 0x0000000082600000, 0x0000000082600000|100%| O|  |TAMS 0x0000000082500000| PB 0x0000000082500000| Untracked 
|  38|0x0000000082600000, 0x0000000082700000, 0x0000000082700000|100%| O|  |TAMS 0x0000000082600000| PB 0x0000000082600000| Untracked 
|  39|0x0000000082700000, 0x0000000082700000, 0x0000000082800000|  0%| F|  |TAMS 0x0000000082700000| PB 0x0000000082700000| Untracked 
|  40|0x0000000082800000, 0x0000000082900000, 0x0000000082900000|100%| O|  |TAMS 0x0000000082800000| PB 0x0000000082800000| Untracked 
|  41|0x0000000082900000, 0x0000000082a00000, 0x0000000082a00000|100%|HS|  |TAMS 0x0000000082900000| PB 0x0000000082900000| Complete 
|  42|0x0000000082a00000, 0x0000000082b00000, 0x0000000082b00000|100%|HS|  |TAMS 0x0000000082a00000| PB 0x0000000082a00000| Complete 
|  43|0x0000000082b00000, 0x0000000082c00000, 0x0000000082c00000|100%|HS|  |TAMS 0x0000000082b00000| PB 0x0000000082b00000| Complete 
|  44|0x0000000082c00000, 0x0000000082d00000, 0x0000000082d00000|100%|HS|  |TAMS 0x0000000082c00000| PB 0x0000000082c00000| Complete 
|  45|0x0000000082d00000, 0x0000000082e00000, 0x0000000082e00000|100%| O|  |TAMS 0x0000000082d00000| PB 0x0000000082d00000| Untracked 
|  46|0x0000000082e00000, 0x0000000082f00000, 0x0000000082f00000|100%|HS|  |TAMS 0x0000000082e00000| PB 0x0000000082e00000| Complete 
|  47|0x0000000082f00000, 0x0000000083000000, 0x0000000083000000|100%| O|  |TAMS 0x0000000082f00000| PB 0x0000000082f00000| Untracked 
|  48|0x0000000083000000, 0x0000000083100000, 0x0000000083100000|100%| O|  |TAMS 0x0000000083000000| PB 0x0000000083000000| Untracked 
|  49|0x0000000083100000, 0x0000000083200000, 0x0000000083200000|100%| O|  |TAMS 0x0000000083100000| PB 0x0000000083100000| Untracked 
|  50|0x0000000083200000, 0x0000000083300000, 0x0000000083300000|100%| O|  |TAMS 0x0000000083200000| PB 0x0000000083200000| Untracked 
|  51|0x0000000083300000, 0x0000000083400000, 0x0000000083400000|100%| O|  |TAMS 0x0000000083300000| PB 0x0000000083300000| Untracked 
|  52|0x0000000083400000, 0x0000000083500000, 0x0000000083500000|100%| O|  |TAMS 0x0000000083400000| PB 0x0000000083400000| Untracked 
|  53|0x0000000083500000, 0x0000000083600000, 0x0000000083600000|100%| O|  |TAMS 0x0000000083500000| PB 0x0000000083500000| Untracked 
|  54|0x0000000083600000, 0x0000000083600000, 0x0000000083700000|  0%| F|  |TAMS 0x0000000083600000| PB 0x0000000083600000| Untracked 
|  55|0x0000000083700000, 0x0000000083800000, 0x0000000083800000|100%| O|  |TAMS 0x0000000083700000| PB 0x0000000083700000| Untracked 
|  56|0x0000000083800000, 0x0000000083800000, 0x0000000083900000|  0%| F|  |TAMS 0x0000000083800000| PB 0x0000000083800000| Untracked 
|  57|0x0000000083900000, 0x0000000083a00000, 0x0000000083a00000|100%| O|  |TAMS 0x0000000083900000| PB 0x0000000083900000| Untracked 
|  58|0x0000000083a00000, 0x0000000083b00000, 0x0000000083b00000|100%| O|  |TAMS 0x0000000083a00000| PB 0x0000000083a00000| Untracked 
|  59|0x0000000083b00000, 0x0000000083c00000, 0x0000000083c00000|100%| O|  |TAMS 0x0000000083b00000| PB 0x0000000083b00000| Untracked 
|  60|0x0000000083c00000, 0x0000000083d00000, 0x0000000083d00000|100%| O|  |TAMS 0x0000000083c00000| PB 0x0000000083c00000| Untracked 
|  61|0x0000000083d00000, 0x0000000083e00000, 0x0000000083e00000|100%| O|  |TAMS 0x0000000083d00000| PB 0x0000000083d00000| Untracked 
|  62|0x0000000083e00000, 0x0000000083f00000, 0x0000000083f00000|100%| O|  |TAMS 0x0000000083e00000| PB 0x0000000083e00000| Untracked 
|  63|0x0000000083f00000, 0x0000000084000000, 0x0000000084000000|100%| O|  |TAMS 0x0000000083f00000| PB 0x0000000083f00000| Untracked 
|  64|0x0000000084000000, 0x0000000084100000, 0x0000000084100000|100%| O|  |TAMS 0x0000000084000000| PB 0x0000000084000000| Untracked 
|  65|0x0000000084100000, 0x0000000084200000, 0x0000000084200000|100%| O|  |TAMS 0x0000000084100000| PB 0x0000000084100000| Untracked 
|  66|0x0000000084200000, 0x0000000084300000, 0x0000000084300000|100%| O|  |TAMS 0x0000000084200000| PB 0x0000000084200000| Untracked 
|  67|0x0000000084300000, 0x0000000084400000, 0x0000000084400000|100%| O|  |TAMS 0x0000000084300000| PB 0x0000000084300000| Untracked 
|  68|0x0000000084400000, 0x0000000084500000, 0x0000000084500000|100%|HS|  |TAMS 0x0000000084400000| PB 0x0000000084400000| Complete 
|  69|0x0000000084500000, 0x0000000084600000, 0x0000000084600000|100%| O|  |TAMS 0x0000000084500000| PB 0x0000000084500000| Untracked 
|  70|0x0000000084600000, 0x0000000084700000, 0x0000000084700000|100%| O|  |TAMS 0x0000000084600000| PB 0x0000000084600000| Untracked 
|  71|0x0000000084700000, 0x0000000084800000, 0x0000000084800000|100%| O|  |TAMS 0x0000000084700000| PB 0x0000000084700000| Untracked 
|  72|0x0000000084800000, 0x0000000084900000, 0x0000000084900000|100%| O|  |TAMS 0x0000000084800000| PB 0x0000000084800000| Untracked 
|  73|0x0000000084900000, 0x0000000084a00000, 0x0000000084a00000|100%| O|  |TAMS 0x0000000084900000| PB 0x0000000084900000| Untracked 
|  74|0x0000000084a00000, 0x0000000084b00000, 0x0000000084b00000|100%| O|  |TAMS 0x0000000084a00000| PB 0x0000000084a00000| Untracked 
|  75|0x0000000084b00000, 0x0000000084c00000, 0x0000000084c00000|100%| O|  |TAMS 0x0000000084b00000| PB 0x0000000084b00000| Untracked 
|  76|0x0000000084c00000, 0x0000000084d00000, 0x0000000084d00000|100%| O|  |TAMS 0x0000000084c00000| PB 0x0000000084c00000| Untracked 
|  77|0x0000000084d00000, 0x0000000084e00000, 0x0000000084e00000|100%| O|  |TAMS 0x0000000084d00000| PB 0x0000000084d00000| Untracked 
|  78|0x0000000084e00000, 0x0000000084e00000, 0x0000000084f00000|  0%| F|  |TAMS 0x0000000084e00000| PB 0x0000000084e00000| Untracked 
|  79|0x0000000084f00000, 0x0000000084f00000, 0x0000000085000000|  0%| F|  |TAMS 0x0000000084f00000| PB 0x0000000084f00000| Untracked 
|  80|0x0000000085000000, 0x0000000085000000, 0x0000000085100000|  0%| F|  |TAMS 0x0000000085000000| PB 0x0000000085000000| Untracked 
|  81|0x0000000085100000, 0x0000000085200000, 0x0000000085200000|100%| O|  |TAMS 0x0000000085100000| PB 0x0000000085100000| Untracked 
|  82|0x0000000085200000, 0x0000000085200000, 0x0000000085300000|  0%| F|  |TAMS 0x0000000085200000| PB 0x0000000085200000| Untracked 
|  83|0x0000000085300000, 0x0000000085300000, 0x0000000085400000|  0%| F|  |TAMS 0x0000000085300000| PB 0x0000000085300000| Untracked 
|  84|0x0000000085400000, 0x0000000085400000, 0x0000000085500000|  0%| F|  |TAMS 0x0000000085400000| PB 0x0000000085400000| Untracked 
|  85|0x0000000085500000, 0x0000000085600000, 0x0000000085600000|100%| O|  |TAMS 0x0000000085500000| PB 0x0000000085500000| Untracked 
|  86|0x0000000085600000, 0x0000000085700000, 0x0000000085700000|100%| O|  |TAMS 0x0000000085600000| PB 0x0000000085600000| Untracked 
|  87|0x0000000085700000, 0x0000000085800000, 0x0000000085800000|100%| O|  |TAMS 0x0000000085700000| PB 0x0000000085700000| Untracked 
|  88|0x0000000085800000, 0x0000000085900000, 0x0000000085900000|100%| O|  |TAMS 0x0000000085800000| PB 0x0000000085800000| Untracked 
|  89|0x0000000085900000, 0x0000000085a00000, 0x0000000085a00000|100%| O|  |TAMS 0x0000000085900000| PB 0x0000000085900000| Untracked 
|  90|0x0000000085a00000, 0x0000000085a00000, 0x0000000085b00000|  0%| F|  |TAMS 0x0000000085a00000| PB 0x0000000085a00000| Untracked 
|  91|0x0000000085b00000, 0x0000000085b00000, 0x0000000085c00000|  0%| F|  |TAMS 0x0000000085b00000| PB 0x0000000085b00000| Untracked 
|  92|0x0000000085c00000, 0x0000000085c38db0, 0x0000000085d00000| 22%| O|  |TAMS 0x0000000085c00000| PB 0x0000000085c00000| Untracked 
|  93|0x0000000085d00000, 0x0000000085d00000, 0x0000000085e00000|  0%| F|  |TAMS 0x0000000085d00000| PB 0x0000000085d00000| Untracked 
|  94|0x0000000085e00000, 0x0000000085e00000, 0x0000000085f00000|  0%| F|  |TAMS 0x0000000085e00000| PB 0x0000000085e00000| Untracked 
|  95|0x0000000085f00000, 0x0000000085f45830, 0x0000000086000000| 27%| S|CS|TAMS 0x0000000085f00000| PB 0x0000000085f00000| Complete 
|  96|0x0000000086000000, 0x0000000086100000, 0x0000000086100000|100%| S|CS|TAMS 0x0000000086000000| PB 0x0000000086000000| Complete 
|  97|0x0000000086100000, 0x0000000086200000, 0x0000000086200000|100%| S|CS|TAMS 0x0000000086100000| PB 0x0000000086100000| Complete 
|  98|0x0000000086200000, 0x0000000086300000, 0x0000000086300000|100%| S|CS|TAMS 0x0000000086200000| PB 0x0000000086200000| Complete 
|  99|0x0000000086300000, 0x0000000086300000, 0x0000000086400000|  0%| F|  |TAMS 0x0000000086300000| PB 0x0000000086300000| Untracked 
| 100|0x0000000086400000, 0x0000000086400000, 0x0000000086500000|  0%| F|  |TAMS 0x0000000086400000| PB 0x0000000086400000| Untracked 
| 101|0x0000000086500000, 0x0000000086500000, 0x0000000086600000|  0%| F|  |TAMS 0x0000000086500000| PB 0x0000000086500000| Untracked 
| 102|0x0000000086600000, 0x0000000086600000, 0x0000000086700000|  0%| F|  |TAMS 0x0000000086600000| PB 0x0000000086600000| Untracked 
| 103|0x0000000086700000, 0x0000000086700000, 0x0000000086800000|  0%| F|  |TAMS 0x0000000086700000| PB 0x0000000086700000| Untracked 
| 104|0x0000000086800000, 0x0000000086800000, 0x0000000086900000|  0%| F|  |TAMS 0x0000000086800000| PB 0x0000000086800000| Untracked 
| 105|0x0000000086900000, 0x0000000086900000, 0x0000000086a00000|  0%| F|  |TAMS 0x0000000086900000| PB 0x0000000086900000| Untracked 
| 106|0x0000000086a00000, 0x0000000086a00000, 0x0000000086b00000|  0%| F|  |TAMS 0x0000000086a00000| PB 0x0000000086a00000| Untracked 
| 107|0x0000000086b00000, 0x0000000086b00000, 0x0000000086c00000|  0%| F|  |TAMS 0x0000000086b00000| PB 0x0000000086b00000| Untracked 
| 108|0x0000000086c00000, 0x0000000086c00000, 0x0000000086d00000|  0%| F|  |TAMS 0x0000000086c00000| PB 0x0000000086c00000| Untracked 
| 109|0x0000000086d00000, 0x0000000086d00000, 0x0000000086e00000|  0%| F|  |TAMS 0x0000000086d00000| PB 0x0000000086d00000| Untracked 
| 110|0x0000000086e00000, 0x0000000086e00000, 0x0000000086f00000|  0%| F|  |TAMS 0x0000000086e00000| PB 0x0000000086e00000| Untracked 
| 111|0x0000000086f00000, 0x0000000086f00000, 0x0000000087000000|  0%| F|  |TAMS 0x0000000086f00000| PB 0x0000000086f00000| Untracked 
| 112|0x0000000087000000, 0x0000000087000000, 0x0000000087100000|  0%| F|  |TAMS 0x0000000087000000| PB 0x0000000087000000| Untracked 
| 113|0x0000000087100000, 0x0000000087100000, 0x0000000087200000|  0%| F|  |TAMS 0x0000000087100000| PB 0x0000000087100000| Untracked 
| 114|0x0000000087200000, 0x0000000087200000, 0x0000000087300000|  0%| F|  |TAMS 0x0000000087200000| PB 0x0000000087200000| Untracked 
| 115|0x0000000087300000, 0x0000000087300000, 0x0000000087400000|  0%| F|  |TAMS 0x0000000087300000| PB 0x0000000087300000| Untracked 
| 116|0x0000000087400000, 0x0000000087400000, 0x0000000087500000|  0%| F|  |TAMS 0x0000000087400000| PB 0x0000000087400000| Untracked 
| 117|0x0000000087500000, 0x0000000087500000, 0x0000000087600000|  0%| F|  |TAMS 0x0000000087500000| PB 0x0000000087500000| Untracked 
| 118|0x0000000087600000, 0x0000000087600000, 0x0000000087700000|  0%| F|  |TAMS 0x0000000087600000| PB 0x0000000087600000| Untracked 
| 119|0x0000000087700000, 0x0000000087700000, 0x0000000087800000|  0%| F|  |TAMS 0x0000000087700000| PB 0x0000000087700000| Untracked 
| 120|0x0000000087800000, 0x0000000087800000, 0x0000000087900000|  0%| F|  |TAMS 0x0000000087800000| PB 0x0000000087800000| Untracked 
| 121|0x0000000087900000, 0x0000000087900000, 0x0000000087a00000|  0%| F|  |TAMS 0x0000000087900000| PB 0x0000000087900000| Untracked 
| 122|0x0000000087a00000, 0x0000000087ac4310, 0x0000000087b00000| 76%| E|  |TAMS 0x0000000087a00000| PB 0x0000000087a00000| Complete 
| 123|0x0000000087b00000, 0x0000000087c00000, 0x0000000087c00000|100%| E|CS|TAMS 0x0000000087b00000| PB 0x0000000087b00000| Complete 
| 124|0x0000000087c00000, 0x0000000087d00000, 0x0000000087d00000|100%| E|CS|TAMS 0x0000000087c00000| PB 0x0000000087c00000| Complete 
| 125|0x0000000087d00000, 0x0000000087e00000, 0x0000000087e00000|100%| E|CS|TAMS 0x0000000087d00000| PB 0x0000000087d00000| Complete 
| 126|0x0000000087e00000, 0x0000000087f00000, 0x0000000087f00000|100%| E|CS|TAMS 0x0000000087e00000| PB 0x0000000087e00000| Complete 
| 127|0x0000000087f00000, 0x0000000088000000, 0x0000000088000000|100%| E|CS|TAMS 0x0000000087f00000| PB 0x0000000087f00000| Complete 
| 128|0x0000000088000000, 0x0000000088100000, 0x0000000088100000|100%| E|CS|TAMS 0x0000000088000000| PB 0x0000000088000000| Complete 
| 129|0x0000000088100000, 0x0000000088200000, 0x0000000088200000|100%| E|CS|TAMS 0x0000000088100000| PB 0x0000000088100000| Complete 
| 141|0x0000000088d00000, 0x0000000088e00000, 0x0000000088e00000|100%| E|CS|TAMS 0x0000000088d00000| PB 0x0000000088d00000| Complete 
| 142|0x0000000088e00000, 0x0000000088f00000, 0x0000000088f00000|100%| E|CS|TAMS 0x0000000088e00000| PB 0x0000000088e00000| Complete 
| 143|0x0000000088f00000, 0x0000000089000000, 0x0000000089000000|100%| E|CS|TAMS 0x0000000088f00000| PB 0x0000000088f00000| Complete 
| 144|0x0000000089000000, 0x0000000089100000, 0x0000000089100000|100%| E|CS|TAMS 0x0000000089000000| PB 0x0000000089000000| Complete 
| 145|0x0000000089100000, 0x0000000089200000, 0x0000000089200000|100%| E|CS|TAMS 0x0000000089100000| PB 0x0000000089100000| Complete 
| 146|0x0000000089200000, 0x0000000089300000, 0x0000000089300000|100%| E|CS|TAMS 0x0000000089200000| PB 0x0000000089200000| Complete 
| 147|0x0000000089300000, 0x0000000089400000, 0x0000000089400000|100%| E|CS|TAMS 0x0000000089300000| PB 0x0000000089300000| Complete 
| 148|0x0000000089400000, 0x0000000089500000, 0x0000000089500000|100%| E|CS|TAMS 0x0000000089400000| PB 0x0000000089400000| Complete 
| 149|0x0000000089500000, 0x0000000089600000, 0x0000000089600000|100%| E|CS|TAMS 0x0000000089500000| PB 0x0000000089500000| Complete 
| 150|0x0000000089600000, 0x0000000089700000, 0x0000000089700000|100%| E|CS|TAMS 0x0000000089600000| PB 0x0000000089600000| Complete 
| 151|0x0000000089700000, 0x0000000089800000, 0x0000000089800000|100%| E|CS|TAMS 0x0000000089700000| PB 0x0000000089700000| Complete 
| 152|0x0000000089800000, 0x0000000089900000, 0x0000000089900000|100%| E|CS|TAMS 0x0000000089800000| PB 0x0000000089800000| Complete 
| 153|0x0000000089900000, 0x0000000089a00000, 0x0000000089a00000|100%| E|CS|TAMS 0x0000000089900000| PB 0x0000000089900000| Complete 
| 154|0x0000000089a00000, 0x0000000089b00000, 0x0000000089b00000|100%| E|CS|TAMS 0x0000000089a00000| PB 0x0000000089a00000| Complete 
| 246|0x000000008f600000, 0x000000008f700000, 0x000000008f700000|100%| E|CS|TAMS 0x000000008f600000| PB 0x000000008f600000| Complete 
| 247|0x000000008f700000, 0x000000008f800000, 0x000000008f800000|100%| E|CS|TAMS 0x000000008f700000| PB 0x000000008f700000| Complete 
|2038|0x00000000ff600000, 0x00000000ff700000, 0x00000000ff700000|100%| O|  |TAMS 0x00000000ff600000| PB 0x00000000ff600000| Untracked 
|2039|0x00000000ff700000, 0x00000000ff800000, 0x00000000ff800000|100%| O|  |TAMS 0x00000000ff700000| PB 0x00000000ff700000| Untracked 
|2040|0x00000000ff800000, 0x00000000ff900000, 0x00000000ff900000|100%| O|  |TAMS 0x00000000ff800000| PB 0x00000000ff800000| Untracked 
|2041|0x00000000ff900000, 0x00000000ffa00000, 0x00000000ffa00000|100%| O|  |TAMS 0x00000000ff900000| PB 0x00000000ff900000| Untracked 
|2042|0x00000000ffa00000, 0x00000000ffb00000, 0x00000000ffb00000|100%| O|  |TAMS 0x00000000ffa00000| PB 0x00000000ffa00000| Untracked 
|2043|0x00000000ffb00000, 0x00000000ffc00000, 0x00000000ffc00000|100%| O|  |TAMS 0x00000000ffb00000| PB 0x00000000ffb00000| Untracked 
|2044|0x00000000ffc00000, 0x00000000ffd00000, 0x00000000ffd00000|100%| O|  |TAMS 0x00000000ffc00000| PB 0x00000000ffc00000| Untracked 
|2045|0x00000000ffd00000, 0x00000000ffe00000, 0x00000000ffe00000|100%| O|  |TAMS 0x00000000ffd00000| PB 0x00000000ffd00000| Untracked 
|2046|0x00000000ffe00000, 0x00000000fff00000, 0x00000000fff00000|100%| O|  |TAMS 0x00000000ffe00000| PB 0x00000000ffe00000| Untracked 
|2047|0x00000000fff00000, 0x0000000100000000, 0x0000000100000000|100%| O|  |TAMS 0x00000000fff00000| PB 0x00000000fff00000| Untracked 

Card table byte_map: [0x00000258eb210000,0x00000258eb610000] _byte_map_base: 0x00000258eae10000

Marking Bits: (CMBitMap*) 0x00000258d8727050
 Bits: [0x00000258eb610000, 0x00000258ed610000)

Polling page: 0x00000258d7e90000

Metaspace:

Usage:
  Non-class:     76.21 MB used.
      Class:     12.00 MB used.
       Both:     88.20 MB used.

Virtual space:
  Non-class space:      128.00 MB reserved,      77.31 MB ( 60%) committed,  2 nodes.
      Class space:        1.00 GB reserved,      13.12 MB (  1%) committed,  1 nodes.
             Both:        1.12 GB reserved,      90.44 MB (  8%) committed. 

Chunk freelists:
   Non-Class:  2.72 MB
       Class:  2.91 MB
        Both:  5.63 MB

MaxMetaspaceSize: unlimited
CompressedClassSpaceSize: 1.00 GB
Initial GC threshold: 21.00 MB
Current GC threshold: 138.75 MB
CDS: on
 - commit_granule_bytes: 65536.
 - commit_granule_words: 8192.
 - virtual_space_node_default_size: 8388608.
 - enlarge_chunks_in_place: 1.
 - use_allocation_guard: 0.


Internal statistics:

num_allocs_failed_limit: 9.
num_arena_births: 3872.
num_arena_deaths: 0.
num_vsnodes_births: 3.
num_vsnodes_deaths: 0.
num_space_committed: 1445.
num_space_uncommitted: 0.
num_chunks_returned_to_freelist: 9.
num_chunks_taken_from_freelist: 8107.
num_chunk_merges: 9.
num_chunk_splits: 5294.
num_chunks_enlarged: 3308.
num_inconsistent_stats: 0.

CodeHeap 'non-profiled nmethods': size=120000Kb used=6776Kb max_used=6776Kb free=113223Kb
 bounds [0x00000258e3390000, 0x00000258e3a30000, 0x00000258ea8c0000]
CodeHeap 'profiled nmethods': size=120000Kb used=20133Kb max_used=20133Kb free=99866Kb
 bounds [0x00000258db8c0000, 0x00000258dcc70000, 0x00000258e2df0000]
CodeHeap 'non-nmethods': size=5760Kb used=2835Kb max_used=2914Kb free=2925Kb
 bounds [0x00000258e2df0000, 0x00000258e30e0000, 0x00000258e3390000]
 total_blobs=11643 nmethods=10701 adapters=846
 compilation: enabled
              stopped_count=0, restarted_count=0
 full_count=0

Compilation events (20 events):
Event: 45.475 Thread 0x00000258f026e400 nmethod 12256 0x00000258dcc3e790 code [0x00000258dcc3eb20, 0x00000258dcc40380]
Event: 45.475 Thread 0x00000258f026e400 12266       3       org.gradle.internal.build.event.types.DefaultOperationDescriptor::<init> (26 bytes)
Event: 45.476 Thread 0x00000258f026e400 nmethod 12266 0x00000258dcc40c10 code [0x00000258dcc40dc0, 0x00000258dcc41098]
Event: 45.476 Thread 0x00000258f026e400 12265       3       org.gradle.tooling.internal.provider.runner.ProgressEventConsumer::findStartedParentId (35 bytes)
Event: 45.477 Thread 0x00000258f026e400 nmethod 12265 0x00000258dcc41190 code [0x00000258dcc413e0, 0x00000258dcc41d98]
Event: 45.477 Thread 0x00000258f026e400 12261       3       org.gradle.internal.build.event.types.DefaultOperationDescriptor::getId (5 bytes)
Event: 45.478 Thread 0x00000258f026e400 nmethod 12261 0x00000258dcc42110 code [0x00000258dcc422a0, 0x00000258dcc42448]
Event: 45.478 Thread 0x00000258f026e400 12262   !   3       java.util.concurrent.LinkedBlockingQueue::offer (131 bytes)
Event: 45.481 Thread 0x00000258f026e400 nmethod 12262 0x00000258dcc42510 code [0x00000258dcc42900, 0x00000258dcc445a8]
Event: 45.481 Thread 0x00000258f026e400 12263       3       org.gradle.tooling.internal.provider.runner.ProgressEventConsumer$$Lambda/0x00000258817c4690::test (14 bytes)
Event: 45.481 Thread 0x00000258f026e400 nmethod 12263 0x00000258dcc45090 code [0x00000258dcc45240, 0x00000258dcc45508]
Event: 45.481 Thread 0x00000258f026e400 12264       3       org.gradle.internal.build.event.types.AbstractProgressEvent::<init> (15 bytes)
Event: 45.481 Thread 0x00000258f026e400 nmethod 12264 0x00000258dcc45610 code [0x00000258dcc457c0, 0x00000258dcc45980]
Event: 45.481 Thread 0x00000258f026e400 12257       3       org.gradle.api.internal.artifacts.transform.TransformStep$$Lambda/0x00000258816e06a0::<init> (20 bytes)
Event: 45.482 Thread 0x00000258f026e400 nmethod 12257 0x00000258dcc45a90 code [0x00000258dcc45c40, 0x00000258dcc45ec0]
Event: 45.482 Thread 0x00000258f026e400 12258       3       org.gradle.api.internal.artifacts.transform.TransformStep$$Lambda/0x00000258816e06a0::apply (20 bytes)
Event: 45.482 Thread 0x00000258f026e400 nmethod 12258 0x00000258dcc45f90 code [0x00000258dcc46140, 0x00000258dcc463b0]
Event: 45.483 Thread 0x00000258f026e400 12269       3       org.gradle.tooling.internal.provider.runner.ClientForwardingBuildOperationListener::toBuildOperationDescriptor (40 bytes)
Event: 45.487 Thread 0x00000258f026e400 nmethod 12269 0x00000258dcc46490 code [0x00000258dcc46720, 0x00000258dcc47448]
Event: 45.487 Thread 0x00000258f026e400 12272   !   3       java.util.concurrent.ConcurrentHashMap::replaceNode (437 bytes)

GC Heap History (20 events):
Event: 24.702 GC heap before
{Heap before GC invocations=19 (full 0):
 garbage-first heap   total 125952K, used 117950K [0x0000000080000000, 0x0000000100000000)
  region size 1024K, 46 young (47104K), 6 survivors (6144K)
 Metaspace       used 63859K, committed 65856K, reserved 1114112K
  class space    used 8881K, committed 9856K, reserved 1048576K
}
Event: 24.713 GC heap after
{Heap after GC invocations=20 (full 0):
 garbage-first heap   total 130048K, used 72781K [0x0000000080000000, 0x0000000100000000)
  region size 1024K, 5 young (5120K), 5 survivors (5120K)
 Metaspace       used 63859K, committed 65856K, reserved 1114112K
  class space    used 8881K, committed 9856K, reserved 1048576K
}
Event: 25.718 GC heap before
{Heap before GC invocations=20 (full 0):
 garbage-first heap   total 130048K, used 113741K [0x0000000080000000, 0x0000000100000000)
  region size 1024K, 45 young (46080K), 5 survivors (5120K)
 Metaspace       used 66176K, committed 68288K, reserved 1114112K
  class space    used 9199K, committed 10240K, reserved 1048576K
}
Event: 25.724 GC heap after
{Heap after GC invocations=21 (full 0):
 garbage-first heap   total 130048K, used 75692K [0x0000000080000000, 0x0000000100000000)
  region size 1024K, 3 young (3072K), 3 survivors (3072K)
 Metaspace       used 66176K, committed 68288K, reserved 1114112K
  class space    used 9199K, committed 10240K, reserved 1048576K
}
Event: 26.598 GC heap before
{Heap before GC invocations=22 (full 0):
 garbage-first heap   total 130048K, used 115628K [0x0000000080000000, 0x0000000100000000)
  region size 1024K, 43 young (44032K), 3 survivors (3072K)
 Metaspace       used 67572K, committed 69568K, reserved 1114112K
  class space    used 9370K, committed 10368K, reserved 1048576K
}
Event: 26.604 GC heap after
{Heap after GC invocations=23 (full 0):
 garbage-first heap   total 130048K, used 76856K [0x0000000080000000, 0x0000000100000000)
  region size 1024K, 5 young (5120K), 5 survivors (5120K)
 Metaspace       used 67572K, committed 69568K, reserved 1114112K
  class space    used 9370K, committed 10368K, reserved 1048576K
}
Event: 27.347 GC heap before
{Heap before GC invocations=23 (full 0):
 garbage-first heap   total 130048K, used 116792K [0x0000000080000000, 0x0000000100000000)
  region size 1024K, 44 young (45056K), 5 survivors (5120K)
 Metaspace       used 70361K, committed 72448K, reserved 1114112K
  class space    used 9794K, committed 10816K, reserved 1048576K
}
Event: 27.353 GC heap after
{Heap after GC invocations=24 (full 0):
 garbage-first heap   total 130048K, used 76411K [0x0000000080000000, 0x0000000100000000)
  region size 1024K, 4 young (4096K), 4 survivors (4096K)
 Metaspace       used 70361K, committed 72448K, reserved 1114112K
  class space    used 9794K, committed 10816K, reserved 1048576K
}
Event: 28.199 GC heap before
{Heap before GC invocations=24 (full 0):
 garbage-first heap   total 130048K, used 118395K [0x0000000080000000, 0x0000000100000000)
  region size 1024K, 45 young (46080K), 4 survivors (4096K)
 Metaspace       used 73422K, committed 75520K, reserved 1114112K
  class space    used 10339K, committed 11392K, reserved 1048576K
}
Event: 28.205 GC heap after
{Heap after GC invocations=25 (full 0):
 garbage-first heap   total 130048K, used 78174K [0x0000000080000000, 0x0000000100000000)
  region size 1024K, 3 young (3072K), 3 survivors (3072K)
 Metaspace       used 73422K, committed 75520K, reserved 1114112K
  class space    used 10339K, committed 11392K, reserved 1048576K
}
Event: 29.154 GC heap before
{Heap before GC invocations=26 (full 0):
 garbage-first heap   total 132096K, used 124254K [0x0000000080000000, 0x0000000100000000)
  region size 1024K, 43 young (44032K), 3 survivors (3072K)
 Metaspace       used 76635K, committed 78784K, reserved 1179648K
  class space    used 10686K, committed 11776K, reserved 1048576K
}
Event: 29.161 GC heap after
{Heap after GC invocations=27 (full 0):
 garbage-first heap   total 133120K, used 83368K [0x0000000080000000, 0x0000000100000000)
  region size 1024K, 6 young (6144K), 6 survivors (6144K)
 Metaspace       used 76635K, committed 78784K, reserved 1179648K
  class space    used 10686K, committed 11776K, reserved 1048576K
}
Event: 29.774 GC heap before
{Heap before GC invocations=27 (full 0):
 garbage-first heap   total 133120K, used 119208K [0x0000000080000000, 0x0000000100000000)
  region size 1024K, 41 young (41984K), 6 survivors (6144K)
 Metaspace       used 78813K, committed 80896K, reserved 1179648K
  class space    used 10981K, committed 12032K, reserved 1048576K
}
Event: 29.784 GC heap after
{Heap after GC invocations=28 (full 0):
 garbage-first heap   total 159744K, used 84869K [0x0000000080000000, 0x0000000100000000)
  region size 1024K, 3 young (3072K), 3 survivors (3072K)
 Metaspace       used 78813K, committed 80896K, reserved 1179648K
  class space    used 10981K, committed 12032K, reserved 1048576K
}
Event: 30.847 GC heap before
{Heap before GC invocations=28 (full 0):
 garbage-first heap   total 159744K, used 142213K [0x0000000080000000, 0x0000000100000000)
  region size 1024K, 59 young (60416K), 3 survivors (3072K)
 Metaspace       used 82798K, committed 84928K, reserved 1179648K
  class space    used 11535K, committed 12608K, reserved 1048576K
}
Event: 30.853 GC heap after
{Heap after GC invocations=29 (full 0):
 garbage-first heap   total 159744K, used 87977K [0x0000000080000000, 0x0000000100000000)
  region size 1024K, 6 young (6144K), 6 survivors (6144K)
 Metaspace       used 82798K, committed 84928K, reserved 1179648K
  class space    used 11535K, committed 12608K, reserved 1048576K
}
Event: 32.586 GC heap before
{Heap before GC invocations=30 (full 0):
 garbage-first heap   total 159744K, used 143273K [0x0000000080000000, 0x0000000100000000)
  region size 1024K, 60 young (61440K), 6 survivors (6144K)
 Metaspace       used 85729K, committed 87872K, reserved 1179648K
  class space    used 11894K, committed 12928K, reserved 1048576K
}
Event: 32.597 GC heap after
{Heap after GC invocations=31 (full 0):
 garbage-first heap   total 159744K, used 93713K [0x0000000080000000, 0x0000000100000000)
  region size 1024K, 8 young (8192K), 8 survivors (8192K)
 Metaspace       used 85729K, committed 87872K, reserved 1179648K
  class space    used 11894K, committed 12928K, reserved 1048576K
}
Event: 45.211 GC heap before
{Heap before GC invocations=31 (full 0):
 garbage-first heap   total 159744K, used 140817K [0x0000000080000000, 0x0000000100000000)
  region size 1024K, 55 young (56320K), 8 survivors (8192K)
 Metaspace       used 90151K, committed 92416K, reserved 1179648K
  class space    used 12284K, committed 13440K, reserved 1048576K
}
Event: 45.220 GC heap after
{Heap after GC invocations=32 (full 0):
 garbage-first heap   total 159744K, used 96761K [0x0000000080000000, 0x0000000100000000)
  region size 1024K, 4 young (4096K), 4 survivors (4096K)
 Metaspace       used 90151K, committed 92416K, reserved 1179648K
  class space    used 12284K, committed 13440K, reserved 1048576K
}

Dll operation events (14 events):
Event: 0.020 Loaded shared library C:\Users\abhig\.vscode\extensions\redhat.java-1.41.1-win32-x64\jre\21.0.6-win32-x86_64\bin\java.dll
Event: 0.263 Loaded shared library C:\Users\abhig\.vscode\extensions\redhat.java-1.41.1-win32-x64\jre\21.0.6-win32-x86_64\bin\zip.dll
Event: 0.310 Loaded shared library C:\Users\abhig\.vscode\extensions\redhat.java-1.41.1-win32-x64\jre\21.0.6-win32-x86_64\bin\instrument.dll
Event: 0.319 Loaded shared library C:\Users\abhig\.vscode\extensions\redhat.java-1.41.1-win32-x64\jre\21.0.6-win32-x86_64\bin\net.dll
Event: 0.324 Loaded shared library C:\Users\abhig\.vscode\extensions\redhat.java-1.41.1-win32-x64\jre\21.0.6-win32-x86_64\bin\nio.dll
Event: 0.331 Loaded shared library C:\Users\abhig\.vscode\extensions\redhat.java-1.41.1-win32-x64\jre\21.0.6-win32-x86_64\bin\zip.dll
Event: 1.196 Loaded shared library C:\Users\abhig\.vscode\extensions\redhat.java-1.41.1-win32-x64\jre\21.0.6-win32-x86_64\bin\jimage.dll
Event: 1.644 Loaded shared library C:\Users\abhig\.vscode\extensions\redhat.java-1.41.1-win32-x64\jre\21.0.6-win32-x86_64\bin\verify.dll
Event: 2.074 Loaded shared library C:\Users\abhig\.gradle\native\c067742578af261105cb4f569cf0c3c89f3d7b1fecec35dd04571415982c5e48\windows-amd64\native-platform.dll
Event: 2.156 Loaded shared library C:\Users\abhig\.gradle\native\100fb08df4bc3b14c8652ba06237920a3bd2aa13389f12d3474272988ae205f9\windows-amd64\native-platform-file-events.dll
Event: 6.249 Loaded shared library C:\Users\abhig\.vscode\extensions\redhat.java-1.41.1-win32-x64\jre\21.0.6-win32-x86_64\bin\management.dll
Event: 6.264 Loaded shared library C:\Users\abhig\.vscode\extensions\redhat.java-1.41.1-win32-x64\jre\21.0.6-win32-x86_64\bin\management_ext.dll
Event: 6.760 Loaded shared library C:\Users\abhig\.vscode\extensions\redhat.java-1.41.1-win32-x64\jre\21.0.6-win32-x86_64\bin\extnet.dll
Event: 7.173 Loaded shared library C:\Users\abhig\.vscode\extensions\redhat.java-1.41.1-win32-x64\jre\21.0.6-win32-x86_64\bin\sunmscapi.dll

Deoptimization events (20 events):
Event: 45.175 Thread 0x00000258f0535c10 Uncommon trap: trap_request=0xffffffde fr.pc=0x00000258e399a7fc relative=0x000000000000035c
Event: 45.175 Thread 0x00000258f0535c10 Uncommon trap: reason=class_check action=maybe_recompile pc=0x00000258e399a7fc method=org.gradle.api.internal.artifacts.ivyservice.resolveengine.graph.builder.NodeState.isExcluded(Lorg/gradle/api/internal/artifacts/ivyservice/resolveengine/excludes/specs/
Event: 45.175 Thread 0x00000258f0535c10 DEOPT PACKING pc=0x00000258e399a7fc sp=0x000000bd018f8a80
Event: 45.175 Thread 0x00000258f0535c10 DEOPT UNPACKING pc=0x00000258e2e446a2 sp=0x000000bd018f8a30 mode 2
Event: 45.175 Thread 0x00000258f0535c10 Uncommon trap: trap_request=0xffffffde fr.pc=0x00000258e399a7fc relative=0x000000000000035c
Event: 45.175 Thread 0x00000258f0535c10 Uncommon trap: reason=class_check action=maybe_recompile pc=0x00000258e399a7fc method=org.gradle.api.internal.artifacts.ivyservice.resolveengine.graph.builder.NodeState.isExcluded(Lorg/gradle/api/internal/artifacts/ivyservice/resolveengine/excludes/specs/
Event: 45.175 Thread 0x00000258f0535c10 DEOPT PACKING pc=0x00000258e399a7fc sp=0x000000bd018f8a80
Event: 45.175 Thread 0x00000258f0535c10 DEOPT UNPACKING pc=0x00000258e2e446a2 sp=0x000000bd018f8a30 mode 2
Event: 45.256 Thread 0x00000258f0535c10 Uncommon trap: trap_request=0xffffffc6 fr.pc=0x00000258e3a03204 relative=0x0000000000000484
Event: 45.256 Thread 0x00000258f0535c10 Uncommon trap: reason=bimorphic_or_optimized_type_check action=maybe_recompile pc=0x00000258e3a03204 method=com.google.common.cache.LocalCache$Segment.enqueueNotification(Ljava/lang/Object;ILjava/lang/Object;ILcom/google/common/cache/RemovalCause;)V @ 14 
Event: 45.256 Thread 0x00000258f0535c10 DEOPT PACKING pc=0x00000258e3a03204 sp=0x000000bd018f7880
Event: 45.256 Thread 0x00000258f0535c10 DEOPT UNPACKING pc=0x00000258e2e446a2 sp=0x000000bd018f7818 mode 2
Event: 45.372 Thread 0x00000258f9737910 Uncommon trap: trap_request=0xffffff45 fr.pc=0x00000258e38431f0 relative=0x0000000000000150
Event: 45.372 Thread 0x00000258f9737910 Uncommon trap: reason=unstable_if action=reinterpret pc=0x00000258e38431f0 method=java.util.concurrent.locks.ReentrantLock$NonfairSync.tryAcquire(I)Z @ 13 c2
Event: 45.372 Thread 0x00000258f9737910 DEOPT PACKING pc=0x00000258e38431f0 sp=0x000000bd03afda80
Event: 45.372 Thread 0x00000258f9737910 DEOPT UNPACKING pc=0x00000258e2e446a2 sp=0x000000bd03afda20 mode 2
Event: 45.483 Thread 0x00000258f549c0a0 Uncommon trap: trap_request=0xffffff45 fr.pc=0x00000258e374cda4 relative=0x0000000000000744
Event: 45.483 Thread 0x00000258f549c0a0 Uncommon trap: reason=unstable_if action=reinterpret pc=0x00000258e374cda4 method=java.util.concurrent.ConcurrentHashMap.replaceNode(Ljava/lang/Object;Ljava/lang/Object;Ljava/lang/Object;)Ljava/lang/Object; @ 99 c2
Event: 45.485 Thread 0x00000258f549c0a0 DEOPT PACKING pc=0x00000258e374cda4 sp=0x000000bd044fda10
Event: 45.485 Thread 0x00000258f549c0a0 DEOPT UNPACKING pc=0x00000258e2e446a2 sp=0x000000bd044fd978 mode 2

Classes loaded (20 events):
Event: 31.820 Loading class java/io/CharArrayWriter
Event: 31.820 Loading class java/io/CharArrayWriter done
Event: 31.827 Loading class java/io/SequenceInputStream
Event: 31.827 Loading class java/io/SequenceInputStream done
Event: 31.838 Loading class java/util/function/IntUnaryOperator
Event: 31.838 Loading class java/util/function/IntUnaryOperator done
Event: 32.868 Loading class java/net/UrlDeserializedState
Event: 32.868 Loading class java/net/UrlDeserializedState done
Event: 32.869 Loading class java/net/Proxy
Event: 32.869 Loading class java/net/Proxy done
Event: 32.882 Loading class java/util/concurrent/CompletableFuture$AsyncRun
Event: 32.882 Loading class java/util/concurrent/CompletableFuture$AsyncRun done
Event: 33.135 Loading class java/lang/management/RuntimeMXBean
Event: 33.135 Loading class java/lang/management/RuntimeMXBean done
Event: 33.136 Loading class sun/management/RuntimeImpl
Event: 33.136 Loading class sun/management/RuntimeImpl done
Event: 44.906 Loading class jdk/internal/math/FormattedFPDecimal
Event: 44.906 Loading class jdk/internal/math/FormattedFPDecimal done
Event: 45.155 Loading class java/util/AbstractList$ListItr
Event: 45.155 Loading class java/util/AbstractList$ListItr done

Classes unloaded (0 events):
No events

Classes redefined (0 events):
No events

Internal exceptions (20 events):
Event: 32.830 Thread 0x00000258f0535c10 Implicit null exception at 0x00000258e35e7bc4 to 0x00000258e35e7e14
Event: 32.865 Thread 0x00000258f0538370 Exception <a 'java/lang/NoSuchMethodError'{0x0000000088130d08}: static [Ljava/lang/Object;.<clinit>()V> (0x0000000088130d08) 
thrown [s\src\hotspot\share\prims\jni.cpp, line 1111]
Event: 32.866 Thread 0x00000258f0538370 Exception <a 'java/lang/NoSuchMethodError'{0x000000008813feb8}: static Lorg/gradle/internal/classloader/ClassLoaderSpec;.<clinit>()V> (0x000000008813feb8) 
thrown [s\src\hotspot\share\prims\jni.cpp, line 1111]
Event: 32.868 Thread 0x00000258f0538370 Exception <a 'java/lang/NoSuchMethodError'{0x0000000088178480}: static Lorg/gradle/internal/classloader/VisitableURLClassLoader$Spec;.<clinit>()V> (0x0000000088178480) 
thrown [s\src\hotspot\share\prims\jni.cpp, line 1111]
Event: 32.873 Thread 0x00000258f0538370 Exception <a 'java/lang/NoSuchMethodError'{0x0000000088053aa0}: static [Ljava/net/URL;.<clinit>()V> (0x0000000088053aa0) 
thrown [s\src\hotspot\share\prims\jni.cpp, line 1111]
Event: 32.876 Thread 0x00000258f0538370 Exception <a 'java/lang/NoSuchMethodError'{0x00000000880d2408}: static Lorg/gradle/internal/classloader/FilteringClassLoader$Spec;.<clinit>()V> (0x00000000880d2408) 
thrown [s\src\hotspot\share\prims\jni.cpp, line 1111]
Event: 32.879 Thread 0x00000258f0538370 Exception <a 'java/lang/NoSuchMethodError'{0x0000000087f103c8}: static Lorg/gradle/internal/classloader/CachingClassLoader$Spec;.<clinit>()V> (0x0000000087f103c8) 
thrown [s\src\hotspot\share\prims\jni.cpp, line 1111]
Event: 44.971 Thread 0x00000258f973bab0 Exception <a 'java/lang/NoSuchMethodError'{0x0000000086abdeb8}: static Lorg/gradle/internal/build/event/types/DefaultSuccessResult;.<clinit>()V> (0x0000000086abdeb8) 
thrown [s\src\hotspot\share\prims\jni.cpp, line 1111]
Event: 45.087 Thread 0x00000258f0535c10 Exception <a 'java/lang/ClassNotFoundException'{0x00000000867fa930}: init_8jualn6t2492z66k8onl4pugqBeanInfo> (0x00000000867fa930) 
thrown [s\src\hotspot\share\classfile\systemDictionary.cpp, line 312]
Event: 45.088 Thread 0x00000258f0535c10 Exception <a 'java/lang/ClassNotFoundException'{0x00000000866d9f80}: init_8jualn6t2492z66k8onl4pugqCustomizer> (0x00000000866d9f80) 
thrown [s\src\hotspot\share\classfile\systemDictionary.cpp, line 312]
Event: 45.099 Thread 0x00000258f0535c10 Exception <a 'sun/nio/fs/WindowsException'{0x00000000865125b8}> (0x00000000865125b8) 
thrown [s\src\hotspot\share\prims\jni.cpp, line 520]
Event: 45.100 Thread 0x00000258f0535c10 Exception <a 'sun/nio/fs/WindowsException'{0x0000000086513a98}> (0x0000000086513a98) 
thrown [s\src\hotspot\share\prims\jni.cpp, line 520]
Event: 45.100 Thread 0x00000258f0535c10 Exception <a 'sun/nio/fs/WindowsException'{0x0000000086514f68}> (0x0000000086514f68) 
thrown [s\src\hotspot\share\prims\jni.cpp, line 520]
Event: 45.101 Thread 0x00000258f0535c10 Exception <a 'sun/nio/fs/WindowsException'{0x0000000086516030}> (0x0000000086516030) 
thrown [s\src\hotspot\share\prims\jni.cpp, line 520]
Event: 45.110 Thread 0x00000258f973bab0 Exception <a 'java/lang/NoSuchMethodError'{0x0000000086ad0aa0}: static Lorg/gradle/internal/build/event/types/DefaultBuildPhaseDescriptor;.<clinit>()V> (0x0000000086ad0aa0) 
thrown [s\src\hotspot\share\prims\jni.cpp, line 1111]
Event: 45.118 Thread 0x00000258f0535c10 Exception <a 'sun/nio/fs/WindowsException'{0x0000000086558d88}> (0x0000000086558d88) 
thrown [s\src\hotspot\share\prims\jni.cpp, line 520]
Event: 45.118 Thread 0x00000258f0535c10 Exception <a 'sun/nio/fs/WindowsException'{0x000000008655a460}> (0x000000008655a460) 
thrown [s\src\hotspot\share\prims\jni.cpp, line 520]
Event: 45.119 Thread 0x00000258f0535c10 Exception <a 'sun/nio/fs/WindowsException'{0x000000008655dc98}> (0x000000008655dc98) 
thrown [s\src\hotspot\share\prims\jni.cpp, line 520]
Event: 45.150 Thread 0x00000258f0535c10 Exception <a 'java/lang/ClassNotFoundException'{0x00000000864b8a48}: org/gradle/configuration/internal/DefaultListenerBuildOperationDecorator$BuildOperationEmittingClosureBeanInfo> (0x00000000864b8a48) 
thrown [s\src\hotspot\share\classfile\systemDictionary.cpp, line 312]
Event: 45.151 Thread 0x00000258f0535c10 Exception <a 'java/lang/ClassNotFoundException'{0x00000000864c4c68}: org/gradle/configuration/internal/DefaultListenerBuildOperationDecorator$BuildOperationEmittingClosureCustomizer> (0x00000000864c4c68) 
thrown [s\src\hotspot\share\classfile\systemDictionary.cpp, line 312]

ZGC Phase Switch (0 events):
No events

VM Operations (20 events):
Event: 32.699 Executing VM operation: HandshakeAllThreads (Deoptimize)
Event: 32.720 Executing VM operation: HandshakeAllThreads (Deoptimize) done
Event: 32.723 Executing VM operation: HandshakeAllThreads (Deoptimize)
Event: 32.751 Executing VM operation: HandshakeAllThreads (Deoptimize) done
Event: 33.766 Executing VM operation: Cleanup
Event: 33.766 Executing VM operation: Cleanup done
Event: 37.801 Executing VM operation: Cleanup
Event: 37.801 Executing VM operation: Cleanup done
Event: 41.853 Executing VM operation: Cleanup
Event: 41.853 Executing VM operation: Cleanup done
Event: 44.944 Executing VM operation: HandshakeAllThreads (Deoptimize)
Event: 44.944 Executing VM operation: HandshakeAllThreads (Deoptimize) done
Event: 44.944 Executing VM operation: Cleanup
Event: 44.944 Executing VM operation: Cleanup done
Event: 45.157 Executing VM operation: HandshakeAllThreads (Deoptimize)
Event: 45.157 Executing VM operation: HandshakeAllThreads (Deoptimize) done
Event: 45.176 Executing VM operation: ICBufferFull
Event: 45.176 Executing VM operation: ICBufferFull done
Event: 45.211 Executing VM operation: G1CollectForAllocation (G1 Evacuation Pause)
Event: 45.220 Executing VM operation: G1CollectForAllocation (G1 Evacuation Pause) done

Memory protections (0 events):
No events

Nmethod flushes (20 events):
Event: 30.932 Thread 0x00000258f0245800 flushing  nmethod 0x00000258dc280510
Event: 30.932 Thread 0x00000258f0245800 flushing  nmethod 0x00000258dc281610
Event: 30.932 Thread 0x00000258f0245800 flushing  nmethod 0x00000258dc285290
Event: 30.932 Thread 0x00000258f0245800 flushing  nmethod 0x00000258dc518d10
Event: 30.932 Thread 0x00000258f0245800 flushing  nmethod 0x00000258dc524410
Event: 30.932 Thread 0x00000258f0245800 flushing  nmethod 0x00000258dc772610
Event: 30.932 Thread 0x00000258f0245800 flushing  nmethod 0x00000258dc7e1810
Event: 30.932 Thread 0x00000258f0245800 flushing  nmethod 0x00000258e388db90
Event: 30.932 Thread 0x00000258f0245800 flushing  nmethod 0x00000258dba73290
Event: 30.932 Thread 0x00000258f0245800 flushing  nmethod 0x00000258dba79810
Event: 30.932 Thread 0x00000258f0245800 flushing  nmethod 0x00000258dbacea90
Event: 30.932 Thread 0x00000258f0245800 flushing  nmethod 0x00000258dbd1da90
Event: 30.932 Thread 0x00000258f0245800 flushing  nmethod 0x00000258dbdcaa10
Event: 30.932 Thread 0x00000258f0245800 flushing  nmethod 0x00000258dc07b210
Event: 30.932 Thread 0x00000258f0245800 flushing  nmethod 0x00000258dc0aa610
Event: 30.932 Thread 0x00000258f0245800 flushing  nmethod 0x00000258dc255490
Event: 30.932 Thread 0x00000258f0245800 flushing  nmethod 0x00000258dc271c90
Event: 30.932 Thread 0x00000258f0245800 flushing  nmethod 0x00000258dc3f8410
Event: 30.932 Thread 0x00000258f0245800 flushing  nmethod 0x00000258dc454710
Event: 30.932 Thread 0x00000258f0245800 flushing  nmethod 0x00000258dc457c10

Events (20 events):
Event: 45.351 Thread 0x00000258f0535c10 Thread added: 0x00000258f9737910
Event: 45.352 Thread 0x00000258f0535c10 Thread added: 0x00000258f973c7d0
Event: 45.353 Thread 0x00000258f0535c10 Thread added: 0x00000258f9737fa0
Event: 45.355 Thread 0x00000258f0535c10 Thread added: 0x00000258f9738cc0
Event: 45.356 Thread 0x00000258f0535c10 Thread added: 0x00000258f5498c20
Event: 45.357 Thread 0x00000258f0535c10 Thread added: 0x00000258f54992b0
Event: 45.358 Thread 0x00000258f0535c10 Thread added: 0x00000258f549b380
Event: 45.358 Thread 0x00000258f0535c10 Thread added: 0x00000258f5499940
Event: 45.359 Thread 0x00000258f0535c10 Thread added: 0x00000258f549ba10
Event: 45.467 Thread 0x00000258f0535c10 Thread added: 0x00000258f549cdc0
Event: 45.469 Thread 0x00000258f0535c10 Thread added: 0x00000258f549c0a0
Event: 45.469 Thread 0x00000258f0535c10 Thread added: 0x00000258f549a660
Event: 45.471 Thread 0x00000258f0535c10 Thread added: 0x00000258f549e800
Event: 45.472 Thread 0x00000258f0535c10 Thread added: 0x00000258f549acf0
Event: 45.474 Thread 0x00000258f0535c10 Thread added: 0x00000258f549d450
Event: 45.475 Thread 0x00000258f0535c10 Thread added: 0x00000258f549ee90
Event: 45.475 Thread 0x00000258f0535c10 Thread added: 0x00000258f7a46ee0
Event: 45.477 Thread 0x00000258f0535c10 Thread added: 0x00000258f7a454a0
Event: 45.478 Thread 0x00000258f0535c10 Thread added: 0x00000258f7a4a360
Event: 45.479 Thread 0x00000258f0535c10 Thread added: 0x00000258f7a433d0


Dynamic libraries:
0x00007ff749f20000 - 0x00007ff749f2e000 	C:\Users\abhig\.vscode\extensions\redhat.java-1.41.1-win32-x64\jre\21.0.6-win32-x86_64\bin\java.exe
0x00007ffe48b90000 - 0x00007ffe48da7000 	C:\Windows\SYSTEM32\ntdll.dll
0x00007ffe47670000 - 0x00007ffe47734000 	C:\Windows\System32\KERNEL32.DLL
0x00007ffe46420000 - 0x00007ffe467f3000 	C:\Windows\System32\KERNELBASE.dll
0x00007ffe09ee0000 - 0x00007ffe09ef8000 	C:\Users\abhig\.vscode\extensions\redhat.java-1.41.1-win32-x64\jre\21.0.6-win32-x86_64\bin\jli.dll
0x00007ffe48460000 - 0x00007ffe48611000 	C:\Windows\System32\USER32.dll
0x00007ffe45f70000 - 0x00007ffe45f96000 	C:\Windows\System32\win32u.dll
0x00007ffe46eb0000 - 0x00007ffe46ed9000 	C:\Windows\System32\GDI32.dll
0x00007ffe46020000 - 0x00007ffe4613b000 	C:\Windows\System32\gdi32full.dll
0x00007ffe45ca0000 - 0x00007ffe45d3a000 	C:\Windows\System32\msvcp_win.dll
0x00007ffe46140000 - 0x00007ffe46251000 	C:\Windows\System32\ucrtbase.dll
0x00007ffdf27a0000 - 0x00007ffdf27be000 	C:\Users\abhig\.vscode\extensions\redhat.java-1.41.1-win32-x64\jre\21.0.6-win32-x86_64\bin\VCRUNTIME140.dll
0x00007ffe34290000 - 0x00007ffe34528000 	C:\Windows\WinSxS\amd64_microsoft.windows.common-controls_6595b64144ccf1df_6.0.22621.5124_none_270e8f4f7386d69d\COMCTL32.dll
0x00007ffe46ee0000 - 0x00007ffe46f87000 	C:\Windows\System32\msvcrt.dll
0x00007ffe486e0000 - 0x00007ffe48711000 	C:\Windows\System32\IMM32.DLL
0x00007ffe1c360000 - 0x00007ffe1c36c000 	C:\Users\abhig\.vscode\extensions\redhat.java-1.41.1-win32-x64\jre\21.0.6-win32-x86_64\bin\vcruntime140_1.dll
0x00007ffdf0b10000 - 0x00007ffdf0b9d000 	C:\Users\abhig\.vscode\extensions\redhat.java-1.41.1-win32-x64\jre\21.0.6-win32-x86_64\bin\msvcp140.dll
0x00007ffd98cf0000 - 0x00007ffd99a80000 	C:\Users\abhig\.vscode\extensions\redhat.java-1.41.1-win32-x64\jre\21.0.6-win32-x86_64\bin\server\jvm.dll
0x00007ffe48620000 - 0x00007ffe486d1000 	C:\Windows\System32\ADVAPI32.dll
0x00007ffe48150000 - 0x00007ffe481f8000 	C:\Windows\System32\sechost.dll
0x00007ffe46800000 - 0x00007ffe46828000 	C:\Windows\System32\bcrypt.dll
0x00007ffe47080000 - 0x00007ffe47194000 	C:\Windows\System32\RPCRT4.dll
0x00007ffe48720000 - 0x00007ffe48791000 	C:\Windows\System32\WS2_32.dll
0x00007ffe44ae0000 - 0x00007ffe44b2d000 	C:\Windows\SYSTEM32\POWRPROF.dll
0x00007ffe3fb50000 - 0x00007ffe3fb84000 	C:\Windows\SYSTEM32\WINMM.dll
0x00007ffe3a970000 - 0x00007ffe3a97a000 	C:\Windows\SYSTEM32\VERSION.dll
0x00007ffe44ac0000 - 0x00007ffe44ad3000 	C:\Windows\SYSTEM32\UMPDC.dll
0x00007ffe44d80000 - 0x00007ffe44d98000 	C:\Windows\SYSTEM32\kernel.appcore.dll
0x00007ffe171c0000 - 0x00007ffe171ca000 	C:\Users\abhig\.vscode\extensions\redhat.java-1.41.1-win32-x64\jre\21.0.6-win32-x86_64\bin\jimage.dll
0x00007ffe43020000 - 0x00007ffe43252000 	C:\Windows\SYSTEM32\DBGHELP.DLL
0x00007ffe487a0000 - 0x00007ffe48b32000 	C:\Windows\System32\combase.dll
0x00007ffe46f90000 - 0x00007ffe47067000 	C:\Windows\System32\OLEAUT32.dll
0x00007ffe190c0000 - 0x00007ffe190f2000 	C:\Windows\SYSTEM32\dbgcore.DLL
0x00007ffe46260000 - 0x00007ffe462db000 	C:\Windows\System32\bcryptPrimitives.dll
0x00007ffe2d740000 - 0x00007ffe2d74f000 	C:\Users\abhig\.vscode\extensions\redhat.java-1.41.1-win32-x64\jre\21.0.6-win32-x86_64\bin\instrument.dll
0x00007ffdf24c0000 - 0x00007ffdf24df000 	C:\Users\abhig\.vscode\extensions\redhat.java-1.41.1-win32-x64\jre\21.0.6-win32-x86_64\bin\java.dll
0x00007ffe47740000 - 0x00007ffe47fd6000 	C:\Windows\System32\SHELL32.dll
0x00007ffe462e0000 - 0x00007ffe4641f000 	C:\Windows\System32\wintypes.dll
0x00007ffe43b80000 - 0x00007ffe4449a000 	C:\Windows\SYSTEM32\windows.storage.dll
0x00007ffe48280000 - 0x00007ffe4838a000 	C:\Windows\System32\SHCORE.dll
0x00007ffe48390000 - 0x00007ffe483f3000 	C:\Windows\System32\shlwapi.dll
0x00007ffe45bd0000 - 0x00007ffe45bfb000 	C:\Windows\SYSTEM32\profapi.dll
0x00007ffdf0af0000 - 0x00007ffdf0b08000 	C:\Users\abhig\.vscode\extensions\redhat.java-1.41.1-win32-x64\jre\21.0.6-win32-x86_64\bin\zip.dll
0x00007ffe14b90000 - 0x00007ffe14ba0000 	C:\Users\abhig\.vscode\extensions\redhat.java-1.41.1-win32-x64\jre\21.0.6-win32-x86_64\bin\net.dll
0x00007ffe414d0000 - 0x00007ffe415fc000 	C:\Windows\SYSTEM32\WINHTTP.dll
0x00007ffe45200000 - 0x00007ffe4526a000 	C:\Windows\system32\mswsock.dll
0x00007ffdf09e0000 - 0x00007ffdf09f6000 	C:\Users\abhig\.vscode\extensions\redhat.java-1.41.1-win32-x64\jre\21.0.6-win32-x86_64\bin\nio.dll
0x00007ffdf3330000 - 0x00007ffdf3340000 	C:\Users\abhig\.vscode\extensions\redhat.java-1.41.1-win32-x64\jre\21.0.6-win32-x86_64\bin\verify.dll
0x00007ffe33f10000 - 0x00007ffe33f37000 	C:\Users\abhig\.gradle\native\c067742578af261105cb4f569cf0c3c89f3d7b1fecec35dd04571415982c5e48\windows-amd64\native-platform.dll
0x00007ffdf29f0000 - 0x00007ffdf2b34000 	C:\Users\abhig\.gradle\native\100fb08df4bc3b14c8652ba06237920a3bd2aa13389f12d3474272988ae205f9\windows-amd64\native-platform-file-events.dll
0x00007ffe10a50000 - 0x00007ffe10a5a000 	C:\Users\abhig\.vscode\extensions\redhat.java-1.41.1-win32-x64\jre\21.0.6-win32-x86_64\bin\management.dll
0x00007ffe10230000 - 0x00007ffe1023b000 	C:\Users\abhig\.vscode\extensions\redhat.java-1.41.1-win32-x64\jre\21.0.6-win32-x86_64\bin\management_ext.dll
0x00007ffe47070000 - 0x00007ffe47078000 	C:\Windows\System32\PSAPI.DLL
0x00007ffe45420000 - 0x00007ffe4543b000 	C:\Windows\SYSTEM32\CRYPTSP.dll
0x00007ffe44ce0000 - 0x00007ffe44d17000 	C:\Windows\system32\rsaenh.dll
0x00007ffe452c0000 - 0x00007ffe452e8000 	C:\Windows\SYSTEM32\USERENV.dll
0x00007ffe45440000 - 0x00007ffe4544c000 	C:\Windows\SYSTEM32\CRYPTBASE.dll
0x00007ffe44770000 - 0x00007ffe4479d000 	C:\Windows\SYSTEM32\IPHLPAPI.DLL
0x00007ffe48200000 - 0x00007ffe48209000 	C:\Windows\System32\NSI.dll
0x00007ffdf34f0000 - 0x00007ffdf34f9000 	C:\Users\abhig\.vscode\extensions\redhat.java-1.41.1-win32-x64\jre\21.0.6-win32-x86_64\bin\extnet.dll
0x00007ffe0fb70000 - 0x00007ffe0fb7e000 	C:\Users\abhig\.vscode\extensions\redhat.java-1.41.1-win32-x64\jre\21.0.6-win32-x86_64\bin\sunmscapi.dll
0x00007ffe45e00000 - 0x00007ffe45f67000 	C:\Windows\System32\CRYPT32.dll
0x00007ffe45630000 - 0x00007ffe4565d000 	C:\Windows\SYSTEM32\ncrypt.dll
0x00007ffe455f0000 - 0x00007ffe45627000 	C:\Windows\SYSTEM32\NTASN1.dll
0x00007ffe0f960000 - 0x00007ffe0f968000 	C:\Windows\system32\wshunix.dll

dbghelp: loaded successfully - version: 4.0.5 - missing functions: none
symbol engine: initialized successfully - sym options: 0x614 - pdb path: .;C:\Users\abhig\.vscode\extensions\redhat.java-1.41.1-win32-x64\jre\21.0.6-win32-x86_64\bin;C:\Windows\SYSTEM32;C:\Windows\WinSxS\amd64_microsoft.windows.common-controls_6595b64144ccf1df_6.0.22621.5124_none_270e8f4f7386d69d;C:\Users\abhig\.vscode\extensions\redhat.java-1.41.1-win32-x64\jre\21.0.6-win32-x86_64\bin\server;C:\Users\abhig\.gradle\native\c067742578af261105cb4f569cf0c3c89f3d7b1fecec35dd04571415982c5e48\windows-amd64;C:\Users\abhig\.gradle\native\100fb08df4bc3b14c8652ba06237920a3bd2aa13389f12d3474272988ae205f9\windows-amd64

VM Arguments:
jvm_args: --add-opens=java.base/java.util=ALL-UNNAMED --add-opens=java.base/java.lang=ALL-UNNAMED --add-opens=java.base/java.lang.invoke=ALL-UNNAMED --add-opens=java.prefs/java.util.prefs=ALL-UNNAMED --add-exports=jdk.compiler/com.sun.tools.javac.api=ALL-UNNAMED --add-exports=jdk.compiler/com.sun.tools.javac.util=ALL-UNNAMED --add-opens=java.base/java.nio.charset=ALL-UNNAMED --add-opens=java.base/java.net=ALL-UNNAMED --add-opens=java.base/java.util.concurrent.atomic=ALL-UNNAMED -Xmx2048m -Dfile.encoding=UTF-8 -Duser.country=US -Duser.language=en -Duser.variant -javaagent:C:\Users\abhig\.gradle\wrapper\dists\gradle-8.10.2-bin\a04bxjujx95o3nb99gddekhwo\gradle-8.10.2\lib\agents\gradle-instrumentation-agent-8.10.2.jar 
java_command: org.gradle.launcher.daemon.bootstrap.GradleDaemon 8.10.2
java_class_path (initial): C:\Users\abhig\.gradle\wrapper\dists\gradle-8.10.2-bin\a04bxjujx95o3nb99gddekhwo\gradle-8.10.2\lib\gradle-daemon-main-8.10.2.jar
Launcher Type: SUN_STANDARD

[Global flags]
     intx CICompilerCount                          = 4                                         {product} {ergonomic}
     uint ConcGCThreads                            = 3                                         {product} {ergonomic}
     uint G1ConcRefinementThreads                  = 10                                        {product} {ergonomic}
   size_t G1HeapRegionSize                         = 1048576                                   {product} {ergonomic}
    uintx GCDrainStackTargetSize                   = 64                                        {product} {ergonomic}
   size_t InitialHeapSize                          = 260046848                                 {product} {ergonomic}
   size_t MarkStackSize                            = 4194304                                   {product} {ergonomic}
   size_t MaxHeapSize                              = 2147483648                                {product} {command line}
   size_t MaxNewSize                               = 1287651328                                {product} {ergonomic}
   size_t MinHeapDeltaBytes                        = 1048576                                   {product} {ergonomic}
   size_t MinHeapSize                              = 8388608                                   {product} {ergonomic}
    uintx NonNMethodCodeHeapSize                   = 5839372                                {pd product} {ergonomic}
    uintx NonProfiledCodeHeapSize                  = 122909434                              {pd product} {ergonomic}
    uintx ProfiledCodeHeapSize                     = 122909434                              {pd product} {ergonomic}
    uintx ReservedCodeCacheSize                    = 251658240                              {pd product} {ergonomic}
     bool SegmentedCodeCache                       = true                                      {product} {ergonomic}
   size_t SoftMaxHeapSize                          = 2147483648                             {manageable} {ergonomic}
     bool UseCompressedOops                        = true                           {product lp64_product} {ergonomic}
     bool UseG1GC                                  = true                                      {product} {ergonomic}
     bool UseLargePagesIndividualAllocation        = false                                  {pd product} {ergonomic}

Logging:
Log output configuration:
 #0: stdout all=warning uptime,level,tags foldmultilines=false
 #1: stderr all=off uptime,level,tags foldmultilines=false

Environment Variables:
JAVA_HOME=C:\Program Files\Java\jdk-23
CLASSPATH=c:\Users\abhig\.vscode\extensions\vscjava.vscode-gradle-3.16.4\lib\gradle-server.jar
PATH=C:\app\abhig\product\21c\dbhomeXE\bin;C:\Program Files\Common Files\Oracle\Java\javapath;C:\Windows\system32;C:\Windows;C:\Windows\System32\Wbem;C:\Windows\System32\WindowsPowerShell\v1.0\;C:\Windows\System32\OpenSSH\;C:\Program Files\dotnet\;C:\MinGW\bin;C:\Program Files\Git\cmd;C:\Program Files\Git\mingw64\bin;C:\Program Files\Git\usr\bin;C:\Program Files\Java\jdk-23\bin;C:\Program Files\Java\jdk-23\bin;;C:\Users\abhig\AppData\Local\Programs\Microsoft VS Code\bin
USERNAME=abhig
OS=Windows_NT
PROCESSOR_IDENTIFIER=AMD64 Family 25 Model 80 Stepping 0, AuthenticAMD
TMP=C:\Users\abhig\AppData\Local\Temp
TEMP=C:\Users\abhig\AppData\Local\Temp




Periodic native trim disabled

---------------  S Y S T E M  ---------------

OS:
 Windows 11 , 64 bit Build 22621 (10.0.22621.5124)
OS uptime: 0 days 1:08 hours
Hyper-V role detected

CPU: total 12 (initial active 12) (12 cores per cpu, 2 threads per core) family 25 model 80 stepping 0 microcode 0x0, cx8, cmov, fxsr, ht, mmx, 3dnowpref, sse, sse2, sse3, ssse3, sse4a, sse4.1, sse4.2, popcnt, lzcnt, tsc, tscinvbit, avx, avx2, aes, erms, clmul, bmi1, bmi2, adx, sha, fma, vzeroupper, clflush, clflushopt, hv, rdtscp, rdpid, fsrm, f16c, cet_ss
Processor Information for the first 12 processors :
  Max Mhz: 3301, Current Mhz: 1908, Mhz Limit: 3301

Memory: 4k page, system-wide physical 15773M (4685M free)
TotalPageFile size 15773M (AvailPageFile size 6M)
current process WorkingSet (physical memory assigned to process): 432M, peak: 442M
current process commit charge ("private bytes"): 482M, peak: 490M

vm_info: OpenJDK 64-Bit Server VM (21.0.6+7-LTS) for windows-amd64 JRE (21.0.6+7-LTS), built on 2025-01-21T00:00:00Z by "admin" with MS VC++ 17.7 (VS2022)

END.
