#
# There is insufficient memory for the Java Runtime Environment to continue.
# Native memory allocation (malloc) failed to allocate 648576 bytes. Error detail: Chunk::new
# Possible reasons:
#   The system is out of physical RAM or swap space
#   This process is running with CompressedOops enabled, and the Java Heap may be blocking the growth of the native heap
# Possible solutions:
#   Reduce memory load on the system
#   Increase physical memory or swap space
#   Check if swap backing store is full
#   Decrease Java heap size (-Xmx/-Xms)
#   Decrease number of Java threads
#   Decrease Java thread stack sizes (-Xss)
#   Set larger code cache with -XX:ReservedCodeCacheSize=
#   JVM is running with Unscaled Compressed Oops mode in which the Java heap is
#     placed in the first 4GB address space. The Java Heap base address is the
#     maximum limit for the native heap growth. Please use -XX:HeapBaseMinAddress
#     to set the Java Heap base and to place the Java Heap above 4GB virtual address.
# This output file may be truncated or incomplete.
#
#  Out of Memory Error (arena.cpp:168), pid=10868, tid=11616
#
# JRE version: OpenJDK Runtime Environment Temurin-21.0.6+7 (21.0.6+7) (build 21.0.6+7-LTS)
# Java VM: OpenJDK 64-Bit Server VM Temurin-21.0.6+7 (21.0.6+7-LTS, mixed mode, sharing, tiered, compressed oops, compressed class ptrs, parallel gc, windows-amd64)
# No core dump will be written. Minidumps are not enabled by default on client versions of Windows
#

---------------  S U M M A R Y ------------

Command Line: --add-modules=ALL-SYSTEM --add-opens=java.base/java.util=ALL-UNNAMED --add-opens=java.base/java.lang=ALL-UNNAMED --add-opens=java.base/sun.nio.fs=ALL-UNNAMED -Declipse.application=org.eclipse.jdt.ls.core.id1 -Dosgi.bundles.defaultStartLevel=4 -Declipse.product=org.eclipse.jdt.ls.core.product -Djava.import.generatesMetadataFilesAtProjectRoot=false -DDetectVMInstallationsJob.disabled=true -Dfile.encoding=utf8 -XX:+UseParallelGC -XX:GCTimeRatio=4 -XX:AdaptiveSizePolicyWeight=90 -Dsun.zip.disableMemoryMapping=true -Xmx1G -Xms100m -Xlog:disable -javaagent:c:\Users\abhig\.vscode\extensions\redhat.java-1.41.1-win32-x64\lombok\lombok-1.18.36.jar -XX:+HeapDumpOnOutOfMemoryError -XX:HeapDumpPath=c:\Users\abhig\AppData\Roaming\Code\User\workspaceStorage\e96188559eea7d0e28f2d562958d2b7b\redhat.java -Daether.dependencyCollector.impl=bf c:\Users\abhig\.vscode\extensions\redhat.java-1.41.1-win32-x64\server\plugins\org.eclipse.equinox.launcher_1.7.0.v20250331-1702.jar -configuration c:\Users\abhig\AppData\Roaming\Code\User\globalStorage\redhat.java\1.41.1\config_win -data c:\Users\abhig\AppData\Roaming\Code\User\workspaceStorage\e96188559eea7d0e28f2d562958d2b7b\redhat.java\jdt_ws --pipe=\\.\pipe\lsp-961d2ea8e0e891629bce97e38206b41d-sock

Host: AMD Ryzen 5 5600H with Radeon Graphics         , 12 cores, 15G,  Windows 11 , 64 bit Build 22621 (10.0.22621.5124)
Time: Mon Apr 14 11:04:17 2025 India Standard Time elapsed time: 7.727572 seconds (0d 0h 0m 7s)

---------------  T H R E A D  ---------------

Current thread (0x00000205e5d5a660):  JavaThread "C2 CompilerThread1" daemon [_thread_in_native, id=11616, stack(0x000000980ba00000,0x000000980bb00000) (1024K)]


Current CompileTask:
C2:7727 4154   !   4       org.eclipse.osgi.internal.loader.classpath.ClasspathManager::findClassImpl (343 bytes)

Stack: [0x000000980ba00000,0x000000980bb00000]
Native frames: (J=compiled Java code, j=interpreted, Vv=VM code, C=native code)
V  [jvm.dll+0x6cdee9]
V  [jvm.dll+0x8a83d1]
V  [jvm.dll+0x8aa8fe]
V  [jvm.dll+0x8aafe3]
V  [jvm.dll+0x27f706]
V  [jvm.dll+0xc500d]
V  [jvm.dll+0xc5543]
V  [jvm.dll+0x2f2acd]
V  [jvm.dll+0x5f6a2a]
V  [jvm.dll+0x250bb2]
V  [jvm.dll+0x24908e]
V  [jvm.dll+0x246ec4]
V  [jvm.dll+0x1c75ee]
V  [jvm.dll+0x25685a]
V  [jvm.dll+0x254dfa]
V  [jvm.dll+0x3f0256]
V  [jvm.dll+0x851f8b]
V  [jvm.dll+0x6cc5ed]
C  [ucrtbase.dll+0x29333]
C  [KERNEL32.DLL+0x1259d]
C  [ntdll.dll+0x5af38]


---------------  P R O C E S S  ---------------

Threads class SMR info:
_java_thread_list=0x00000205e780a9f0, length=26, elements={
0x00000205ca88d130, 0x00000205dec7e790, 0x00000205e50066f0, 0x00000205e5008440,
0x00000205e500a760, 0x00000205e500b670, 0x00000205e500d2d0, 0x00000205e5010110,
0x00000205e5029b00, 0x00000205e50ecf10, 0x00000205e5338f20, 0x00000205e592b970,
0x00000205e63db9c0, 0x00000205e623ab30, 0x00000205e5f18f30, 0x00000205e5ba90e0,
0x00000205e5cfd740, 0x00000205e5a7ce10, 0x00000205e633d5b0, 0x00000205e633dc40,
0x00000205e633e2d0, 0x00000205e633c200, 0x00000205e5d5a660, 0x00000205e633cf20,
0x00000205e780f6f0, 0x00000205e633e960
}

Java Threads: ( => current thread )
  0x00000205ca88d130 JavaThread "main"                              [_thread_blocked, id=5864, stack(0x000000980ac00000,0x000000980ad00000) (1024K)]
  0x00000205dec7e790 JavaThread "Reference Handler"          daemon [_thread_blocked, id=7796, stack(0x000000980b000000,0x000000980b100000) (1024K)]
  0x00000205e50066f0 JavaThread "Finalizer"                  daemon [_thread_blocked, id=15516, stack(0x000000980b100000,0x000000980b200000) (1024K)]
  0x00000205e5008440 JavaThread "Signal Dispatcher"          daemon [_thread_blocked, id=10556, stack(0x000000980b200000,0x000000980b300000) (1024K)]
  0x00000205e500a760 JavaThread "Attach Listener"            daemon [_thread_blocked, id=2656, stack(0x000000980b300000,0x000000980b400000) (1024K)]
  0x00000205e500b670 JavaThread "Service Thread"             daemon [_thread_blocked, id=8524, stack(0x000000980b400000,0x000000980b500000) (1024K)]
  0x00000205e500d2d0 JavaThread "Monitor Deflation Thread"   daemon [_thread_blocked, id=13900, stack(0x000000980b500000,0x000000980b600000) (1024K)]
  0x00000205e5010110 JavaThread "C2 CompilerThread0"         daemon [_thread_in_native, id=18992, stack(0x000000980b600000,0x000000980b700000) (1024K)]
  0x00000205e5029b00 JavaThread "C1 CompilerThread0"         daemon [_thread_blocked, id=17520, stack(0x000000980b700000,0x000000980b800000) (1024K)]
  0x00000205e50ecf10 JavaThread "Common-Cleaner"             daemon [_thread_blocked, id=2248, stack(0x000000980b800000,0x000000980b900000) (1024K)]
  0x00000205e5338f20 JavaThread "Notification Thread"        daemon [_thread_blocked, id=1920, stack(0x000000980b900000,0x000000980ba00000) (1024K)]
  0x00000205e592b970 JavaThread "Active Thread: Equinox Container: df62bce8-fe1e-43cc-92ac-3851175729db"        [_thread_blocked, id=4472, stack(0x000000980c200000,0x000000980c300000) (1024K)]
  0x00000205e63db9c0 JavaThread "Refresh Thread: Equinox Container: df62bce8-fe1e-43cc-92ac-3851175729db" daemon [_thread_blocked, id=19120, stack(0x000000980c300000,0x000000980c400000) (1024K)]
  0x00000205e623ab30 JavaThread "Framework Event Dispatcher: Equinox Container: df62bce8-fe1e-43cc-92ac-3851175729db" daemon [_thread_blocked, id=11568, stack(0x000000980c500000,0x000000980c600000) (1024K)]
  0x00000205e5f18f30 JavaThread "Start Level: Equinox Container: df62bce8-fe1e-43cc-92ac-3851175729db" daemon [_thread_in_vm, id=14772, stack(0x000000980c600000,0x000000980c700000) (1024K)]
  0x00000205e5ba90e0 JavaThread "Bundle File Closer"         daemon [_thread_blocked, id=2400, stack(0x000000980c700000,0x000000980c800000) (1024K)]
  0x00000205e5cfd740 JavaThread "SCR Component Actor"        daemon [_thread_blocked, id=6332, stack(0x000000980ca00000,0x000000980cb00000) (1024K)]
  0x00000205e5a7ce10 JavaThread "SCR Component Registry"     daemon [_thread_blocked, id=18464, stack(0x000000980bb00000,0x000000980bc00000) (1024K)]
  0x00000205e633d5b0 JavaThread "Worker-JM"                         [_thread_blocked, id=19140, stack(0x000000980cb00000,0x000000980cc00000) (1024K)]
  0x00000205e633dc40 JavaThread "JNA Cleaner"                daemon [_thread_blocked, id=2520, stack(0x000000980cc00000,0x000000980cd00000) (1024K)]
  0x00000205e633e2d0 JavaThread "Worker-0: Updating Maven Dependencies"        [_thread_blocked, id=19128, stack(0x000000980cd00000,0x000000980ce00000) (1024K)]
  0x00000205e633c200 JavaThread "Worker-1: Repository registry initialization"        [_thread_in_vm, id=6812, stack(0x000000980ce00000,0x000000980cf00000) (1024K)]
=>0x00000205e5d5a660 JavaThread "C2 CompilerThread1"         daemon [_thread_in_native, id=11616, stack(0x000000980ba00000,0x000000980bb00000) (1024K)]
  0x00000205e633cf20 JavaThread "Worker-2"                          [_thread_blocked, id=15816, stack(0x000000980cf00000,0x000000980d000000) (1024K)]
  0x00000205e780f6f0 JavaThread "C2 CompilerThread2"         daemon [_thread_in_native, id=16696, stack(0x000000980d000000,0x000000980d100000) (1024K)]
  0x00000205e633e960 JavaThread "Worker-3"                          [_thread_blocked, id=2344, stack(0x000000980d100000,0x000000980d200000) (1024K)]
Total: 26

Other Threads:
  0x00000205ca94ec20 VMThread "VM Thread"                           [id=2260, stack(0x000000980af00000,0x000000980b000000) (1024K)]
  0x00000205deb5ca00 WatcherThread "VM Periodic Task Thread"        [id=10648, stack(0x000000980ae00000,0x000000980af00000) (1024K)]
  0x00000205ca8ad710 WorkerThread "GC Thread#0"                     [id=12396, stack(0x000000980ad00000,0x000000980ae00000) (1024K)]
  0x00000205e5906f10 WorkerThread "GC Thread#1"                     [id=4396, stack(0x000000980bc00000,0x000000980bd00000) (1024K)]
  0x00000205e5a86270 WorkerThread "GC Thread#2"                     [id=9104, stack(0x000000980bd00000,0x000000980be00000) (1024K)]
  0x00000205e5a15230 WorkerThread "GC Thread#3"                     [id=1772, stack(0x000000980be00000,0x000000980bf00000) (1024K)]
  0x00000205e5a155d0 WorkerThread "GC Thread#4"                     [id=8220, stack(0x000000980bf00000,0x000000980c000000) (1024K)]
  0x00000205e5a15970 WorkerThread "GC Thread#5"                     [id=15164, stack(0x000000980c000000,0x000000980c100000) (1024K)]
  0x00000205e5a15d10 WorkerThread "GC Thread#6"                     [id=3536, stack(0x000000980c100000,0x000000980c200000) (1024K)]
  0x00000205e5342e10 WorkerThread "GC Thread#7"                     [id=9432, stack(0x000000980c400000,0x000000980c500000) (1024K)]
  0x00000205e63bbcb0 WorkerThread "GC Thread#8"                     [id=3796, stack(0x000000980c800000,0x000000980c900000) (1024K)]
  0x00000205e63bc050 WorkerThread "GC Thread#9"                     [id=1552, stack(0x000000980c900000,0x000000980ca00000) (1024K)]
Total: 12

Threads with active compile tasks:
C2 CompilerThread0  7763 4036       4       org.lombokweb.asm.ClassReader::readMethod (1070 bytes)
C2 CompilerThread1  7763 4154   !   4       org.eclipse.osgi.internal.loader.classpath.ClasspathManager::findClassImpl (343 bytes)
C2 CompilerThread2  7763 4161       4       org.eclipse.osgi.internal.serviceregistry.ServiceRegistry::notifyHooksPrivileged (58 bytes)
Total: 3

VM state: not at safepoint (normal execution)

VM Mutex/Monitor currently owned by a thread:  ([mutex/lock_event])
[0x00007ffd9999c300] Metaspace_lock - owner thread: 0x00000205e633c200

Heap address: 0x00000000c0000000, size: 1024 MB, Compressed Oops mode: 32-bit

CDS archive(s) mapped at: [0x0000020580000000-0x0000020580ba0000-0x0000020580ba0000), size 12189696, SharedBaseAddress: 0x0000020580000000, ArchiveRelocationMode: 1.
Compressed class space mapped at: 0x0000020581000000-0x00000205c1000000, reserved size: 1073741824
Narrow klass base: 0x0000020580000000, Narrow klass shift: 0, Narrow klass range: 0x100000000

GC Precious Log:
 CardTable entry size: 512
 CPUs: 12 total, 12 available
 Memory: 15773M
 Large Page Support: Disabled
 NUMA Support: Disabled
 Compressed Oops: Enabled (32-bit)
 Alignments: Space 512K, Generation 512K, Heap 2M
 Heap Min Capacity: 100M
 Heap Initial Capacity: 100M
 Heap Max Capacity: 1G
 Pre-touch: Disabled
 Parallel Workers: 10

Heap:
 PSYoungGen      total 25600K, used 24331K [0x00000000eab00000, 0x00000000ec900000, 0x0000000100000000)
  eden space 23552K, 97% used [0x00000000eab00000,0x00000000ec1640b8,0x00000000ec200000)
  from space 2048K, 68% used [0x00000000ec500000,0x00000000ec65eda0,0x00000000ec700000)
  to   space 2048K, 0% used [0x00000000ec700000,0x00000000ec700000,0x00000000ec900000)
 ParOldGen       total 68608K, used 14081K [0x00000000c0000000, 0x00000000c4300000, 0x00000000eab00000)
  object space 68608K, 20% used [0x00000000c0000000,0x00000000c0dc0798,0x00000000c4300000)
 Metaspace       used 27911K, committed 28736K, reserved 1114112K
  class space    used 2659K, committed 3008K, reserved 1048576K

Card table byte_map: [0x00000205ca260000,0x00000205ca470000] _byte_map_base: 0x00000205c9c60000

Marking Bits: (ParMarkBitMap*) 0x00007ffd999a3260
 Begin Bits: [0x00000205dca80000, 0x00000205dda80000)
 End Bits:   [0x00000205dda80000, 0x00000205dea80000)

Polling page: 0x00000205ca050000

Metaspace:

Usage:
  Non-class:     24.66 MB used.
      Class:      2.60 MB used.
       Both:     27.26 MB used.

Virtual space:
  Non-class space:       64.00 MB reserved,      25.12 MB ( 39%) committed,  1 nodes.
      Class space:        1.00 GB reserved,       2.94 MB ( <1%) committed,  1 nodes.
             Both:        1.06 GB reserved,      28.06 MB (  3%) committed. 

Chunk freelists:
   Non-Class:  6.80 MB
       Class:  13.00 MB
        Both:  19.80 MB

MaxMetaspaceSize: unlimited
CompressedClassSpaceSize: 1.00 GB
Initial GC threshold: 21.00 MB
Current GC threshold: 35.00 MB
CDS: on
 - commit_granule_bytes: 65536.
 - commit_granule_words: 8192.
 - virtual_space_node_default_size: 8388608.
 - enlarge_chunks_in_place: 1.
 - use_allocation_guard: 0.


Internal statistics:

num_allocs_failed_limit: 3.
num_arena_births: 698.
num_arena_deaths: 14.
num_vsnodes_births: 2.
num_vsnodes_deaths: 0.
num_space_committed: 449.
num_space_uncommitted: 0.
num_chunks_returned_to_freelist: 17.
num_chunks_taken_from_freelist: 1801.
num_chunk_merges: 9.
num_chunk_splits: 1179.
num_chunks_enlarged: 759.
num_inconsistent_stats: 0.

CodeHeap 'non-profiled nmethods': size=120000Kb used=1905Kb max_used=1905Kb free=118094Kb
 bounds [0x00000205d5550000, 0x00000205d57c0000, 0x00000205dca80000]
CodeHeap 'profiled nmethods': size=120000Kb used=8792Kb max_used=8792Kb free=111208Kb
 bounds [0x00000205cda80000, 0x00000205ce320000, 0x00000205d4fb0000]
CodeHeap 'non-nmethods': size=5760Kb used=1330Kb max_used=1350Kb free=4429Kb
 bounds [0x00000205d4fb0000, 0x00000205d5220000, 0x00000205d5550000]
 total_blobs=4788 nmethods=4169 adapters=525
 compilation: enabled
              stopped_count=0, restarted_count=0
 full_count=0

Compilation events (20 events):
Event: 7.664 Thread 0x00000205e5029b00 4175       3       java.lang.invoke.MethodType::leadingReferenceParameter (30 bytes)
Event: 7.664 Thread 0x00000205e5029b00 nmethod 4175 0x00000205ce30da10 code [0x00000205ce30dbe0, 0x00000205ce30dec0]
Event: 7.665 Thread 0x00000205e5029b00 4176       3       java.lang.invoke.MethodHandle::bindArgumentL (10 bytes)
Event: 7.665 Thread 0x00000205e5029b00 nmethod 4176 0x00000205ce30e010 code [0x00000205ce30e220, 0x00000205ce30e868]
Event: 7.665 Thread 0x00000205e5029b00 4177       3       java.lang.invoke.MethodHandleImpl::getConstantHandle (21 bytes)
Event: 7.666 Thread 0x00000205e5029b00 nmethod 4177 0x00000205ce30eb10 code [0x00000205ce30ed00, 0x00000205ce30f1f8]
Event: 7.666 Thread 0x00000205e5029b00 4169       3       java.lang.invoke.LambdaForm$MH/0x000002058110c000::invoke (35 bytes)
Event: 7.667 Thread 0x00000205e5029b00 nmethod 4169 0x00000205ce30f390 code [0x00000205ce30f580, 0x00000205ce30fb58]
Event: 7.667 Thread 0x00000205e5029b00 4170       3       java.lang.invoke.DirectMethodHandle::ensureInitialized (8 bytes)
Event: 7.668 Thread 0x00000205e5029b00 nmethod 4170 0x00000205ce30fd10 code [0x00000205ce30ff60, 0x00000205ce3107f8]
Event: 7.668 Thread 0x00000205e5029b00 4171  s!   3       org.eclipse.osgi.util.NLS$MessagesProperties::put (154 bytes)
Event: 7.671 Thread 0x00000205e5029b00 nmethod 4171 0x00000205ce310b10 code [0x00000205ce310f60, 0x00000205ce312bb8]
Event: 7.672 Thread 0x00000205e5029b00 4172       3       java.lang.invoke.LambdaForm$MH/0x0000020581158400::invoke (39 bytes)
Event: 7.673 Thread 0x00000205e5029b00 nmethod 4172 0x00000205ce313610 code [0x00000205ce313860, 0x00000205ce314520]
Event: 7.673 Thread 0x00000205e5029b00 4166       3       java.nio.ByteBuffer::hasArray (20 bytes)
Event: 7.673 Thread 0x00000205e5029b00 nmethod 4166 0x00000205ce314890 code [0x00000205ce314a40, 0x00000205ce314bd8]
Event: 7.673 Thread 0x00000205e5029b00 4179       3       org.eclipse.core.internal.dtree.DataTreeNode::<init> (12 bytes)
Event: 7.673 Thread 0x00000205e5029b00 nmethod 4179 0x00000205ce314c90 code [0x00000205ce314e40, 0x00000205ce3150f8]
Event: 7.674 Thread 0x00000205e5029b00 4167       3       java.nio.CharBuffer::hasArray (20 bytes)
Event: 7.674 Thread 0x00000205e5029b00 nmethod 4167 0x00000205ce315210 code [0x00000205ce3153c0, 0x00000205ce315558]

GC Heap History (20 events):
Event: 1.390 GC heap before
{Heap before GC invocations=1 (full 0):
 PSYoungGen      total 29696K, used 25597K [0x00000000eab00000, 0x00000000ecc00000, 0x0000000100000000)
  eden space 25600K, 99% used [0x00000000eab00000,0x00000000ec3ff768,0x00000000ec400000)
  from space 4096K, 0% used [0x00000000ec800000,0x00000000ec800000,0x00000000ecc00000)
  to   space 4096K, 0% used [0x00000000ec400000,0x00000000ec400000,0x00000000ec800000)
 ParOldGen       total 68608K, used 0K [0x00000000c0000000, 0x00000000c4300000, 0x00000000eab00000)
  object space 68608K, 0% used [0x00000000c0000000,0x00000000c0000000,0x00000000c4300000)
 Metaspace       used 4300K, committed 4480K, reserved 1114112K
  class space    used 434K, committed 512K, reserved 1048576K
}
Event: 1.400 GC heap after
{Heap after GC invocations=1 (full 0):
 PSYoungGen      total 29696K, used 3173K [0x00000000eab00000, 0x00000000ecc00000, 0x0000000100000000)
  eden space 25600K, 0% used [0x00000000eab00000,0x00000000eab00000,0x00000000ec400000)
  from space 4096K, 77% used [0x00000000ec400000,0x00000000ec7197f0,0x00000000ec800000)
  to   space 4096K, 0% used [0x00000000ec800000,0x00000000ec800000,0x00000000ecc00000)
 ParOldGen       total 68608K, used 16K [0x00000000c0000000, 0x00000000c4300000, 0x00000000eab00000)
  object space 68608K, 0% used [0x00000000c0000000,0x00000000c0004000,0x00000000c4300000)
 Metaspace       used 4300K, committed 4480K, reserved 1114112K
  class space    used 434K, committed 512K, reserved 1048576K
}
Event: 2.482 GC heap before
{Heap before GC invocations=2 (full 0):
 PSYoungGen      total 29696K, used 28773K [0x00000000eab00000, 0x00000000ecc00000, 0x0000000100000000)
  eden space 25600K, 100% used [0x00000000eab00000,0x00000000ec400000,0x00000000ec400000)
  from space 4096K, 77% used [0x00000000ec400000,0x00000000ec7197f0,0x00000000ec800000)
  to   space 4096K, 0% used [0x00000000ec800000,0x00000000ec800000,0x00000000ecc00000)
 ParOldGen       total 68608K, used 16K [0x00000000c0000000, 0x00000000c4300000, 0x00000000eab00000)
  object space 68608K, 0% used [0x00000000c0000000,0x00000000c0004000,0x00000000c4300000)
 Metaspace       used 7964K, committed 8192K, reserved 1114112K
  class space    used 778K, committed 896K, reserved 1048576K
}
Event: 2.491 GC heap after
{Heap after GC invocations=2 (full 0):
 PSYoungGen      total 29696K, used 4085K [0x00000000eab00000, 0x00000000ecc00000, 0x0000000100000000)
  eden space 25600K, 0% used [0x00000000eab00000,0x00000000eab00000,0x00000000ec400000)
  from space 4096K, 99% used [0x00000000ec800000,0x00000000ecbfd7e0,0x00000000ecc00000)
  to   space 4096K, 0% used [0x00000000ec400000,0x00000000ec400000,0x00000000ec800000)
 ParOldGen       total 68608K, used 1676K [0x00000000c0000000, 0x00000000c4300000, 0x00000000eab00000)
  object space 68608K, 2% used [0x00000000c0000000,0x00000000c01a33a0,0x00000000c4300000)
 Metaspace       used 7964K, committed 8192K, reserved 1114112K
  class space    used 778K, committed 896K, reserved 1048576K
}
Event: 3.287 GC heap before
{Heap before GC invocations=3 (full 0):
 PSYoungGen      total 29696K, used 29685K [0x00000000eab00000, 0x00000000ecc00000, 0x0000000100000000)
  eden space 25600K, 100% used [0x00000000eab00000,0x00000000ec400000,0x00000000ec400000)
  from space 4096K, 99% used [0x00000000ec800000,0x00000000ecbfd7e0,0x00000000ecc00000)
  to   space 4096K, 0% used [0x00000000ec400000,0x00000000ec400000,0x00000000ec800000)
 ParOldGen       total 68608K, used 1676K [0x00000000c0000000, 0x00000000c4300000, 0x00000000eab00000)
  object space 68608K, 2% used [0x00000000c0000000,0x00000000c01a33a0,0x00000000c4300000)
 Metaspace       used 9146K, committed 9472K, reserved 1114112K
  class space    used 917K, committed 1088K, reserved 1048576K
}
Event: 3.295 GC heap after
{Heap after GC invocations=3 (full 0):
 PSYoungGen      total 29696K, used 4085K [0x00000000eab00000, 0x00000000ecc00000, 0x0000000100000000)
  eden space 25600K, 0% used [0x00000000eab00000,0x00000000eab00000,0x00000000ec400000)
  from space 4096K, 99% used [0x00000000ec400000,0x00000000ec7fd6e8,0x00000000ec800000)
  to   space 4096K, 0% used [0x00000000ec800000,0x00000000ec800000,0x00000000ecc00000)
 ParOldGen       total 68608K, used 5754K [0x00000000c0000000, 0x00000000c4300000, 0x00000000eab00000)
  object space 68608K, 8% used [0x00000000c0000000,0x00000000c059eaf0,0x00000000c4300000)
 Metaspace       used 9146K, committed 9472K, reserved 1114112K
  class space    used 917K, committed 1088K, reserved 1048576K
}
Event: 4.290 GC heap before
{Heap before GC invocations=4 (full 0):
 PSYoungGen      total 29696K, used 29685K [0x00000000eab00000, 0x00000000ecc00000, 0x0000000100000000)
  eden space 25600K, 100% used [0x00000000eab00000,0x00000000ec400000,0x00000000ec400000)
  from space 4096K, 99% used [0x00000000ec400000,0x00000000ec7fd6e8,0x00000000ec800000)
  to   space 4096K, 0% used [0x00000000ec800000,0x00000000ec800000,0x00000000ecc00000)
 ParOldGen       total 68608K, used 5754K [0x00000000c0000000, 0x00000000c4300000, 0x00000000eab00000)
  object space 68608K, 8% used [0x00000000c0000000,0x00000000c059eaf0,0x00000000c4300000)
 Metaspace       used 12412K, committed 12736K, reserved 1114112K
  class space    used 1234K, committed 1344K, reserved 1048576K
}
Event: 4.297 GC heap after
{Heap after GC invocations=4 (full 0):
 PSYoungGen      total 29696K, used 4068K [0x00000000eab00000, 0x00000000ecc00000, 0x0000000100000000)
  eden space 25600K, 0% used [0x00000000eab00000,0x00000000eab00000,0x00000000ec400000)
  from space 4096K, 99% used [0x00000000ec800000,0x00000000ecbf9068,0x00000000ecc00000)
  to   space 4096K, 0% used [0x00000000ec400000,0x00000000ec400000,0x00000000ec800000)
 ParOldGen       total 68608K, used 6615K [0x00000000c0000000, 0x00000000c4300000, 0x00000000eab00000)
  object space 68608K, 9% used [0x00000000c0000000,0x00000000c0675df8,0x00000000c4300000)
 Metaspace       used 12412K, committed 12736K, reserved 1114112K
  class space    used 1234K, committed 1344K, reserved 1048576K
}
Event: 5.514 GC heap before
{Heap before GC invocations=5 (full 0):
 PSYoungGen      total 29696K, used 29668K [0x00000000eab00000, 0x00000000ecc00000, 0x0000000100000000)
  eden space 25600K, 100% used [0x00000000eab00000,0x00000000ec400000,0x00000000ec400000)
  from space 4096K, 99% used [0x00000000ec800000,0x00000000ecbf9068,0x00000000ecc00000)
  to   space 4096K, 0% used [0x00000000ec400000,0x00000000ec400000,0x00000000ec800000)
 ParOldGen       total 68608K, used 6615K [0x00000000c0000000, 0x00000000c4300000, 0x00000000eab00000)
  object space 68608K, 9% used [0x00000000c0000000,0x00000000c0675df8,0x00000000c4300000)
 Metaspace       used 16217K, committed 16768K, reserved 1114112K
  class space    used 1593K, committed 1856K, reserved 1048576K
}
Event: 5.520 GC heap after
{Heap after GC invocations=5 (full 0):
 PSYoungGen      total 29184K, used 4078K [0x00000000eab00000, 0x00000000ecf80000, 0x0000000100000000)
  eden space 25088K, 0% used [0x00000000eab00000,0x00000000eab00000,0x00000000ec380000)
  from space 4096K, 99% used [0x00000000ec400000,0x00000000ec7fb898,0x00000000ec800000)
  to   space 6144K, 0% used [0x00000000ec980000,0x00000000ec980000,0x00000000ecf80000)
 ParOldGen       total 68608K, used 8376K [0x00000000c0000000, 0x00000000c4300000, 0x00000000eab00000)
  object space 68608K, 12% used [0x00000000c0000000,0x00000000c082e3e0,0x00000000c4300000)
 Metaspace       used 16217K, committed 16768K, reserved 1114112K
  class space    used 1593K, committed 1856K, reserved 1048576K
}
Event: 6.158 GC heap before
{Heap before GC invocations=6 (full 0):
 PSYoungGen      total 29184K, used 29166K [0x00000000eab00000, 0x00000000ecf80000, 0x0000000100000000)
  eden space 25088K, 100% used [0x00000000eab00000,0x00000000ec380000,0x00000000ec380000)
  from space 4096K, 99% used [0x00000000ec400000,0x00000000ec7fb898,0x00000000ec800000)
  to   space 6144K, 0% used [0x00000000ec980000,0x00000000ec980000,0x00000000ecf80000)
 ParOldGen       total 68608K, used 8376K [0x00000000c0000000, 0x00000000c4300000, 0x00000000eab00000)
  object space 68608K, 12% used [0x00000000c0000000,0x00000000c082e3e0,0x00000000c4300000)
 Metaspace       used 18736K, committed 19520K, reserved 1114112K
  class space    used 1886K, committed 2240K, reserved 1048576K
}
Event: 6.166 GC heap after
{Heap after GC invocations=6 (full 0):
 PSYoungGen      total 30208K, used 5230K [0x00000000eab00000, 0x00000000ecf00000, 0x0000000100000000)
  eden space 24576K, 0% used [0x00000000eab00000,0x00000000eab00000,0x00000000ec300000)
  from space 5632K, 92% used [0x00000000ec980000,0x00000000ece9b830,0x00000000ecf00000)
  to   space 5632K, 0% used [0x00000000ec400000,0x00000000ec400000,0x00000000ec980000)
 ParOldGen       total 68608K, used 8384K [0x00000000c0000000, 0x00000000c4300000, 0x00000000eab00000)
  object space 68608K, 12% used [0x00000000c0000000,0x00000000c08303e0,0x00000000c4300000)
 Metaspace       used 18736K, committed 19520K, reserved 1114112K
  class space    used 1886K, committed 2240K, reserved 1048576K
}
Event: 6.573 GC heap before
{Heap before GC invocations=7 (full 0):
 PSYoungGen      total 30208K, used 21639K [0x00000000eab00000, 0x00000000ecf00000, 0x0000000100000000)
  eden space 24576K, 66% used [0x00000000eab00000,0x00000000ebb06458,0x00000000ec300000)
  from space 5632K, 92% used [0x00000000ec980000,0x00000000ece9b830,0x00000000ecf00000)
  to   space 5632K, 0% used [0x00000000ec400000,0x00000000ec400000,0x00000000ec980000)
 ParOldGen       total 68608K, used 8384K [0x00000000c0000000, 0x00000000c4300000, 0x00000000eab00000)
  object space 68608K, 12% used [0x00000000c0000000,0x00000000c08303e0,0x00000000c4300000)
 Metaspace       used 20719K, committed 21504K, reserved 1114112K
  class space    used 2091K, committed 2432K, reserved 1048576K
}
Event: 6.579 GC heap after
{Heap after GC invocations=7 (full 0):
 PSYoungGen      total 29184K, used 4526K [0x00000000eab00000, 0x00000000ecd00000, 0x0000000100000000)
  eden space 24576K, 0% used [0x00000000eab00000,0x00000000eab00000,0x00000000ec300000)
  from space 4608K, 98% used [0x00000000ec400000,0x00000000ec86b950,0x00000000ec880000)
  to   space 4608K, 0% used [0x00000000ec880000,0x00000000ec880000,0x00000000ecd00000)
 ParOldGen       total 68608K, used 9488K [0x00000000c0000000, 0x00000000c4300000, 0x00000000eab00000)
  object space 68608K, 13% used [0x00000000c0000000,0x00000000c09443e0,0x00000000c4300000)
 Metaspace       used 20719K, committed 21504K, reserved 1114112K
  class space    used 2091K, committed 2432K, reserved 1048576K
}
Event: 6.579 GC heap before
{Heap before GC invocations=8 (full 1):
 PSYoungGen      total 29184K, used 4526K [0x00000000eab00000, 0x00000000ecd00000, 0x0000000100000000)
  eden space 24576K, 0% used [0x00000000eab00000,0x00000000eab00000,0x00000000ec300000)
  from space 4608K, 98% used [0x00000000ec400000,0x00000000ec86b950,0x00000000ec880000)
  to   space 4608K, 0% used [0x00000000ec880000,0x00000000ec880000,0x00000000ecd00000)
 ParOldGen       total 68608K, used 9488K [0x00000000c0000000, 0x00000000c4300000, 0x00000000eab00000)
  object space 68608K, 13% used [0x00000000c0000000,0x00000000c09443e0,0x00000000c4300000)
 Metaspace       used 20719K, committed 21504K, reserved 1114112K
  class space    used 2091K, committed 2432K, reserved 1048576K
}
Event: 6.634 GC heap after
{Heap after GC invocations=8 (full 1):
 PSYoungGen      total 29184K, used 0K [0x00000000eab00000, 0x00000000ecd00000, 0x0000000100000000)
  eden space 24576K, 0% used [0x00000000eab00000,0x00000000eab00000,0x00000000ec300000)
  from space 4608K, 0% used [0x00000000ec400000,0x00000000ec400000,0x00000000ec880000)
  to   space 4608K, 0% used [0x00000000ec880000,0x00000000ec880000,0x00000000ecd00000)
 ParOldGen       total 68608K, used 13300K [0x00000000c0000000, 0x00000000c4300000, 0x00000000eab00000)
  object space 68608K, 19% used [0x00000000c0000000,0x00000000c0cfd288,0x00000000c4300000)
 Metaspace       used 20706K, committed 21504K, reserved 1114112K
  class space    used 2087K, committed 2432K, reserved 1048576K
}
Event: 7.174 GC heap before
{Heap before GC invocations=9 (full 1):
 PSYoungGen      total 29184K, used 24450K [0x00000000eab00000, 0x00000000ecd00000, 0x0000000100000000)
  eden space 24576K, 99% used [0x00000000eab00000,0x00000000ec2e0b50,0x00000000ec300000)
  from space 4608K, 0% used [0x00000000ec400000,0x00000000ec400000,0x00000000ec880000)
  to   space 4608K, 0% used [0x00000000ec880000,0x00000000ec880000,0x00000000ecd00000)
 ParOldGen       total 68608K, used 13300K [0x00000000c0000000, 0x00000000c4300000, 0x00000000eab00000)
  object space 68608K, 19% used [0x00000000c0000000,0x00000000c0cfd288,0x00000000c4300000)
 Metaspace       used 23343K, committed 24192K, reserved 1114112K
  class space    used 2251K, committed 2624K, reserved 1048576K
}
Event: 7.175 GC heap after
{Heap after GC invocations=9 (full 1):
 PSYoungGen      total 24576K, used 352K [0x00000000eab00000, 0x00000000ec900000, 0x0000000100000000)
  eden space 24064K, 0% used [0x00000000eab00000,0x00000000eab00000,0x00000000ec280000)
  from space 512K, 68% used [0x00000000ec880000,0x00000000ec8d8000,0x00000000ec900000)
  to   space 2048K, 0% used [0x00000000ec500000,0x00000000ec500000,0x00000000ec700000)
 ParOldGen       total 68608K, used 13300K [0x00000000c0000000, 0x00000000c4300000, 0x00000000eab00000)
  object space 68608K, 19% used [0x00000000c0000000,0x00000000c0cfd288,0x00000000c4300000)
 Metaspace       used 23343K, committed 24192K, reserved 1114112K
  class space    used 2251K, committed 2624K, reserved 1048576K
}
Event: 7.473 GC heap before
{Heap before GC invocations=10 (full 1):
 PSYoungGen      total 24576K, used 24416K [0x00000000eab00000, 0x00000000ec900000, 0x0000000100000000)
  eden space 24064K, 100% used [0x00000000eab00000,0x00000000ec280000,0x00000000ec280000)
  from space 512K, 68% used [0x00000000ec880000,0x00000000ec8d8000,0x00000000ec900000)
  to   space 2048K, 0% used [0x00000000ec500000,0x00000000ec500000,0x00000000ec700000)
 ParOldGen       total 68608K, used 13300K [0x00000000c0000000, 0x00000000c4300000, 0x00000000eab00000)
  object space 68608K, 19% used [0x00000000c0000000,0x00000000c0cfd288,0x00000000c4300000)
 Metaspace       used 26232K, committed 27072K, reserved 1114112K
  class space    used 2470K, committed 2816K, reserved 1048576K
}
Event: 7.476 GC heap after
{Heap after GC invocations=10 (full 1):
 PSYoungGen      total 25600K, used 1403K [0x00000000eab00000, 0x00000000ec900000, 0x0000000100000000)
  eden space 23552K, 0% used [0x00000000eab00000,0x00000000eab00000,0x00000000ec200000)
  from space 2048K, 68% used [0x00000000ec500000,0x00000000ec65eda0,0x00000000ec700000)
  to   space 2048K, 0% used [0x00000000ec700000,0x00000000ec700000,0x00000000ec900000)
 ParOldGen       total 68608K, used 14081K [0x00000000c0000000, 0x00000000c4300000, 0x00000000eab00000)
  object space 68608K, 20% used [0x00000000c0000000,0x00000000c0dc0798,0x00000000c4300000)
 Metaspace       used 26232K, committed 27072K, reserved 1114112K
  class space    used 2470K, committed 2816K, reserved 1048576K
}

Dll operation events (10 events):
Event: 0.020 Loaded shared library c:\Users\abhig\.vscode\extensions\redhat.java-1.41.1-win32-x64\jre\21.0.6-win32-x86_64\bin\java.dll
Event: 0.178 Loaded shared library c:\Users\abhig\.vscode\extensions\redhat.java-1.41.1-win32-x64\jre\21.0.6-win32-x86_64\bin\zip.dll
Event: 0.237 Loaded shared library C:\Users\abhig\.vscode\extensions\redhat.java-1.41.1-win32-x64\jre\21.0.6-win32-x86_64\bin\instrument.dll
Event: 0.247 Loaded shared library C:\Users\abhig\.vscode\extensions\redhat.java-1.41.1-win32-x64\jre\21.0.6-win32-x86_64\bin\net.dll
Event: 0.250 Loaded shared library C:\Users\abhig\.vscode\extensions\redhat.java-1.41.1-win32-x64\jre\21.0.6-win32-x86_64\bin\nio.dll
Event: 0.257 Loaded shared library C:\Users\abhig\.vscode\extensions\redhat.java-1.41.1-win32-x64\jre\21.0.6-win32-x86_64\bin\zip.dll
Event: 0.287 Loaded shared library C:\Users\abhig\.vscode\extensions\redhat.java-1.41.1-win32-x64\jre\21.0.6-win32-x86_64\bin\jimage.dll
Event: 0.449 Loaded shared library c:\Users\abhig\.vscode\extensions\redhat.java-1.41.1-win32-x64\jre\21.0.6-win32-x86_64\bin\verify.dll
Event: 2.458 Loaded shared library C:\Users\abhig\AppData\Roaming\Code\User\globalStorage\redhat.java\1.41.1\config_win\org.eclipse.equinox.launcher\org.eclipse.equinox.launcher.win32.win32.x86_64_1.2.1300.v20250331-1702\eclipse_11911.dll
Event: 5.508 Loaded shared library C:\Users\abhig\AppData\Local\Temp\jna-92604357\jna10172483340857714987.dll

Deoptimization events (20 events):
Event: 7.562 Thread 0x00000205e633c200 Uncommon trap: trap_request=0xffffffde fr.pc=0x00000205d5716d38 relative=0x00000000000000f8
Event: 7.562 Thread 0x00000205e633c200 Uncommon trap: reason=class_check action=maybe_recompile pc=0x00000205d5716d38 method=java.lang.Character.codePointAt(Ljava/lang/CharSequence;I)I @ 2 c2
Event: 7.562 Thread 0x00000205e633c200 DEOPT PACKING pc=0x00000205d5716d38 sp=0x000000980cefea20
Event: 7.562 Thread 0x00000205e633c200 DEOPT UNPACKING pc=0x00000205d5003aa2 sp=0x000000980cefe9a8 mode 2
Event: 7.563 Thread 0x00000205e633c200 Uncommon trap: trap_request=0xffffff76 fr.pc=0x00000205d56a3e04 relative=0x0000000000000384
Event: 7.563 Thread 0x00000205e633c200 Uncommon trap: reason=predicate action=maybe_recompile pc=0x00000205d56a3e04 method=java.util.regex.Pattern$BmpCharPropertyGreedy.match(Ljava/util/regex/Matcher;ILjava/lang/CharSequence;)Z @ 12 c2
Event: 7.563 Thread 0x00000205e633c200 DEOPT PACKING pc=0x00000205d56a3e04 sp=0x000000980cefe960
Event: 7.563 Thread 0x00000205e633c200 DEOPT UNPACKING pc=0x00000205d5003aa2 sp=0x000000980cefe908 mode 2
Event: 7.626 Thread 0x00000205e5f18f30 Uncommon trap: trap_request=0xffffff45 fr.pc=0x00000205d55e7890 relative=0x0000000000000fb0
Event: 7.626 Thread 0x00000205e5f18f30 Uncommon trap: reason=unstable_if action=reinterpret pc=0x00000205d55e7890 method=jdk.internal.jimage.ImageStringsReader.stringFromByteBufferMatches(Ljava/nio/ByteBuffer;ILjava/lang/String;I)I @ 48 c2
Event: 7.626 Thread 0x00000205e5f18f30 DEOPT PACKING pc=0x00000205d55e7890 sp=0x000000980c6f7720
Event: 7.626 Thread 0x00000205e5f18f30 DEOPT UNPACKING pc=0x00000205d5003aa2 sp=0x000000980c6f7458 mode 2
Event: 7.647 Thread 0x00000205e5f18f30 Uncommon trap: trap_request=0xffffff45 fr.pc=0x00000205d56a2a70 relative=0x0000000000000cf0
Event: 7.647 Thread 0x00000205e5f18f30 Uncommon trap: reason=unstable_if action=reinterpret pc=0x00000205d56a2a70 method=java.util.Properties.loadConvert([CIILjava/lang/StringBuilder;)Ljava/lang/String; @ 463 c2
Event: 7.647 Thread 0x00000205e5f18f30 DEOPT PACKING pc=0x00000205d56a2a70 sp=0x000000980c6f78a0
Event: 7.648 Thread 0x00000205e5f18f30 DEOPT UNPACKING pc=0x00000205d5003aa2 sp=0x000000980c6f7880 mode 2
Event: 7.683 Thread 0x00000205e5f18f30 Uncommon trap: trap_request=0xffffffc6 fr.pc=0x00000205d55d18b8 relative=0x00000000000009b8
Event: 7.683 Thread 0x00000205e5f18f30 Uncommon trap: reason=bimorphic_or_optimized_type_check action=maybe_recompile pc=0x00000205d55d18b8 method=java.util.HashMap.putVal(ILjava/lang/Object;Ljava/lang/Object;ZZ)Ljava/lang/Object; @ 56 c2
Event: 7.683 Thread 0x00000205e5f18f30 DEOPT PACKING pc=0x00000205d55d18b8 sp=0x000000980c6f9460
Event: 7.684 Thread 0x00000205e5f18f30 DEOPT UNPACKING pc=0x00000205d5003aa2 sp=0x000000980c6f9360 mode 2

Classes loaded (20 events):
Event: 7.525 Loading class java/lang/invoke/MethodHandleImpl$Makers$2
Event: 7.525 Loading class java/lang/invoke/MethodHandleImpl$Makers$2 done
Event: 7.525 Loading class java/lang/invoke/MethodHandleImpl$Makers$3
Event: 7.525 Loading class java/lang/invoke/MethodHandleImpl$Makers$3 done
Event: 7.529 Loading class java/lang/StringIndexOutOfBoundsException
Event: 7.529 Loading class java/lang/StringIndexOutOfBoundsException done
Event: 7.530 Loading class java/lang/runtime/ObjectMethods$1
Event: 7.530 Loading class java/lang/runtime/ObjectMethods$1 done
Event: 7.546 Loading class java/lang/invoke/MethodHandleImpl$CountingWrapper
Event: 7.547 Loading class java/lang/invoke/MethodHandleImpl$CountingWrapper done
Event: 7.562 Loading class java/io/FileReader
Event: 7.562 Loading class java/io/FileReader done
Event: 7.626 Loading class java/util/concurrent/atomic/AtomicReferenceFieldUpdater
Event: 7.626 Loading class java/util/concurrent/atomic/AtomicReferenceFieldUpdater done
Event: 7.626 Loading class java/util/concurrent/atomic/AtomicReferenceFieldUpdater$AtomicReferenceFieldUpdaterImpl
Event: 7.626 Loading class java/util/concurrent/atomic/AtomicReferenceFieldUpdater$AtomicReferenceFieldUpdaterImpl done
Event: 7.627 Loading class java/util/concurrent/atomic/AtomicReferenceFieldUpdater$AtomicReferenceFieldUpdaterImpl$1
Event: 7.627 Loading class java/util/concurrent/atomic/AtomicReferenceFieldUpdater$AtomicReferenceFieldUpdaterImpl$1 done
Event: 7.700 Loading class java/io/FilterReader
Event: 7.700 Loading class java/io/FilterReader done

Classes unloaded (7 events):
Event: 6.587 Thread 0x00000205ca94ec20 Unloading class 0x00000205811a0400 'java/lang/invoke/LambdaForm$MH+0x00000205811a0400'
Event: 6.587 Thread 0x00000205ca94ec20 Unloading class 0x00000205811a0000 'java/lang/invoke/LambdaForm$MH+0x00000205811a0000'
Event: 6.587 Thread 0x00000205ca94ec20 Unloading class 0x000002058119fc00 'java/lang/invoke/LambdaForm$MH+0x000002058119fc00'
Event: 6.587 Thread 0x00000205ca94ec20 Unloading class 0x000002058119f800 'java/lang/invoke/LambdaForm$MH+0x000002058119f800'
Event: 6.587 Thread 0x00000205ca94ec20 Unloading class 0x000002058119f400 'java/lang/invoke/LambdaForm$BMH+0x000002058119f400'
Event: 6.587 Thread 0x00000205ca94ec20 Unloading class 0x000002058119f000 'java/lang/invoke/LambdaForm$DMH+0x000002058119f000'
Event: 6.587 Thread 0x00000205ca94ec20 Unloading class 0x000002058119dc00 'java/lang/invoke/LambdaForm$DMH+0x000002058119dc00'

Classes redefined (0 events):
No events

Internal exceptions (20 events):
Event: 6.960 Thread 0x00000205e5f18f30 Exception <a 'java/io/FileNotFoundException'{0x00000000ebcc9cd0}> (0x00000000ebcc9cd0) 
thrown [s\src\hotspot\share\prims\jni.cpp, line 520]
Event: 6.960 Thread 0x00000205e5f18f30 Exception <a 'java/io/FileNotFoundException'{0x00000000ebccac08}> (0x00000000ebccac08) 
thrown [s\src\hotspot\share\prims\jni.cpp, line 520]
Event: 7.322 Thread 0x00000205e5f18f30 Implicit null exception at 0x00000205d571c4f5 to 0x00000205d571c5d0
Event: 7.485 Thread 0x00000205e5f18f30 Exception <a 'java/io/FileNotFoundException'{0x00000000eb1ad038}> (0x00000000eb1ad038) 
thrown [s\src\hotspot\share\prims\jni.cpp, line 520]
Event: 7.523 Thread 0x00000205e633c200 Exception <a 'java/lang/NoSuchMethodError'{0x00000000eb33c740}: 'java.lang.Object java.lang.invoke.DirectMethodHandle$Holder.invokeStaticInit(java.lang.Object, java.lang.Object, java.lang.Object, java.lang.Object, java.lang.Object, java.lang.Object, java.lang.Object)'> (0x00000000eb33c740) 
thrown [s\src\hotspot\share\interpreter\linkResolver.cpp, line 773]
Event: 7.524 Thread 0x00000205e633c200 Exception <a 'java/lang/NoSuchMethodError'{0x00000000eb3631a8}: 'java.lang.Object java.lang.invoke.Invokers$Holder.invoke_MT(java.lang.Object, java.lang.Object, java.lang.Object, java.lang.Object, java.lang.Object, java.lang.Object, java.lang.Object, java.lang.Object, java.lang.Object)'> (0x00000000eb3631a8) 
thrown [s\src\hotspot\share\interpreter\linkResolver.cpp, line 773]
Event: 7.531 Thread 0x00000205e633c200 Exception <a 'java/lang/NoSuchMethodError'{0x00000000eb3ee878}: 'int java.lang.invoke.DirectMethodHandle$Holder.invokeVirtual(java.lang.Object, java.lang.Object, java.lang.Object)'> (0x00000000eb3ee878) 
thrown [s\src\hotspot\share\interpreter\linkResolver.cpp, line 773]
Event: 7.532 Thread 0x00000205e633c200 Exception <a 'java/lang/NoSuchMethodError'{0x00000000eb3f9558}: 'int java.lang.invoke.DirectMethodHandle$Holder.invokeStaticInit(java.lang.Object, int, int)'> (0x00000000eb3f9558) 
thrown [s\src\hotspot\share\interpreter\linkResolver.cpp, line 773]
Event: 7.533 Thread 0x00000205e633c200 Exception <a 'java/lang/NoSuchMethodError'{0x00000000eb413730}: 'int java.lang.invoke.DirectMethodHandle$Holder.invokeStaticInit(java.lang.Object, long, long)'> (0x00000000eb413730) 
thrown [s\src\hotspot\share\interpreter\linkResolver.cpp, line 773]
Event: 7.533 Thread 0x00000205e633c200 Exception <a 'java/lang/NoSuchMethodError'{0x00000000eb429678}: 'int java.lang.invoke.DirectMethodHandle$Holder.invokeStaticInit(java.lang.Object, float, float)'> (0x00000000eb429678) 
thrown [s\src\hotspot\share\interpreter\linkResolver.cpp, line 773]
Event: 7.534 Thread 0x00000205e633c200 Exception <a 'java/lang/NoSuchMethodError'{0x00000000eb433058}: 'int java.lang.invoke.DirectMethodHandle$Holder.invokeStaticInit(java.lang.Object, double, double)'> (0x00000000eb433058) 
thrown [s\src\hotspot\share\interpreter\linkResolver.cpp, line 773]
Event: 7.535 Thread 0x00000205e633c200 Exception <a 'java/lang/NoSuchMethodError'{0x00000000eb43e218}: 'int java.lang.invoke.DirectMethodHandle$Holder.invokeStatic(java.lang.Object, long)'> (0x00000000eb43e218) 
thrown [s\src\hotspot\share\interpreter\linkResolver.cpp, line 773]
Event: 7.538 Thread 0x00000205e633c200 Exception <a 'java/lang/NoSuchMethodError'{0x00000000eb45d948}: 'int java.lang.invoke.DirectMethodHandle$Holder.invokeSpecial(java.lang.Object, java.lang.Object, int, int)'> (0x00000000eb45d948) 
thrown [s\src\hotspot\share\interpreter\linkResolver.cpp, line 773]
Event: 7.540 Thread 0x00000205e633c200 Exception <a 'java/lang/NoSuchMethodError'{0x00000000eb478420}: 'int java.lang.invoke.Invokers$Holder.linkToTargetMethod(java.lang.Object, java.lang.Object)'> (0x00000000eb478420) 
thrown [s\src\hotspot\share\interpreter\linkResolver.cpp, line 773]
Event: 7.540 Thread 0x00000205e633e2d0 Exception <a 'java/lang/NoSuchMethodError'{0x00000000eb479d58}: 'int java.lang.invoke.Invokers$Holder.linkToTargetMethod(java.lang.Object, java.lang.Object)'> (0x00000000eb479d58) 
thrown [s\src\hotspot\share\interpreter\linkResolver.cpp, line 773]
Event: 7.542 Thread 0x00000205e633e2d0 Exception <a 'java/lang/NoSuchMethodError'{0x00000000eb48f460}: 'int java.lang.invoke.DirectMethodHandle$Holder.invokeSpecial(java.lang.Object, java.lang.Object, java.lang.Object, java.lang.Object)'> (0x00000000eb48f460) 
thrown [s\src\hotspot\share\interpreter\linkResolver.cpp, line 773]
Event: 7.544 Thread 0x00000205e633e2d0 Exception <a 'java/lang/NoSuchMethodError'{0x00000000eb49d4d8}: 'java.lang.Object java.lang.invoke.DirectMethodHandle$Holder.invokeStatic(java.lang.Object, int, java.lang.Object, java.lang.Object)'> (0x00000000eb49d4d8) 
thrown [s\src\hotspot\share\interpreter\linkResolver.cpp, line 773]
Event: 7.545 Thread 0x00000205e633e2d0 Exception <a 'java/lang/NoSuchMethodError'{0x00000000eb4acda8}: 'java.lang.Object java.lang.invoke.DelegatingMethodHandle$Holder.delegate(java.lang.Object, int, java.lang.Object, java.lang.Object)'> (0x00000000eb4acda8) 
thrown [s\src\hotspot\share\interpreter\linkResolver.cpp, line 773]
Event: 7.549 Thread 0x00000205e633e2d0 Exception <a 'java/lang/NoSuchMethodError'{0x00000000eb4cf338}: 'int java.lang.invoke.Invokers$Holder.linkToTargetMethod(java.lang.Object, java.lang.Object, java.lang.Object)'> (0x00000000eb4cf338) 
thrown [s\src\hotspot\share\interpreter\linkResolver.cpp, line 773]
Event: 7.602 Thread 0x00000205e633c200 Exception <a 'java/lang/NoSuchMethodError'{0x00000000eb974eb0}: 'java.lang.Object java.lang.invoke.DirectMethodHandle$Holder.invokeSpecialIFC(java.lang.Object, java.lang.Object, java.lang.Object, java.lang.Object)'> (0x00000000eb974eb0) 
thrown [s\src\hotspot\share\interpreter\linkResolver.cpp, line 773]

ZGC Phase Switch (0 events):
No events

VM Operations (20 events):
Event: 5.525 Executing VM operation: HandshakeAllThreads (Deoptimize)
Event: 5.525 Executing VM operation: HandshakeAllThreads (Deoptimize) done
Event: 5.819 Executing VM operation: HandshakeAllThreads (Deoptimize)
Event: 5.819 Executing VM operation: HandshakeAllThreads (Deoptimize) done
Event: 5.875 Executing VM operation: HandshakeAllThreads (Deoptimize)
Event: 5.875 Executing VM operation: HandshakeAllThreads (Deoptimize) done
Event: 5.884 Executing VM operation: HandshakeAllThreads (Deoptimize)
Event: 5.884 Executing VM operation: HandshakeAllThreads (Deoptimize) done
Event: 6.158 Executing VM operation: ParallelGCFailedAllocation (Allocation Failure)
Event: 6.166 Executing VM operation: ParallelGCFailedAllocation (Allocation Failure) done
Event: 6.573 Executing VM operation: CollectForMetadataAllocation (Metadata GC Threshold)
Event: 6.634 Executing VM operation: CollectForMetadataAllocation (Metadata GC Threshold) done
Event: 7.173 Executing VM operation: ParallelGCFailedAllocation (Allocation Failure)
Event: 7.175 Executing VM operation: ParallelGCFailedAllocation (Allocation Failure) done
Event: 7.473 Executing VM operation: ParallelGCFailedAllocation (Allocation Failure)
Event: 7.476 Executing VM operation: ParallelGCFailedAllocation (Allocation Failure) done
Event: 7.552 Executing VM operation: HandshakeAllThreads (Deoptimize)
Event: 7.552 Executing VM operation: HandshakeAllThreads (Deoptimize) done
Event: 7.632 Executing VM operation: HandshakeAllThreads (Deoptimize)
Event: 7.632 Executing VM operation: HandshakeAllThreads (Deoptimize) done

Memory protections (0 events):
No events

Nmethod flushes (0 events):
No events

Events (20 events):
Event: 2.447 Thread 0x00000205ca88d130 Thread added: 0x00000205e63db9c0
Event: 2.511 Thread 0x00000205e63db9c0 Thread added: 0x00000205e623ab30
Event: 2.517 Thread 0x00000205ca88d130 Thread added: 0x00000205e5f18f30
Event: 2.691 Thread 0x00000205e5c26d10 Thread exited: 0x00000205e5c26d10
Event: 2.832 Thread 0x00000205e5010110 Thread added: 0x00000205e5a7ce10
Event: 3.125 Thread 0x00000205e5f18f30 Thread added: 0x00000205e5ba90e0
Event: 3.438 Thread 0x00000205e5f18f30 Thread added: 0x00000205e5cfd740
Event: 3.582 Thread 0x00000205e5a7ce10 Thread exited: 0x00000205e5a7ce10
Event: 3.624 Thread 0x00000205e5f18f30 Thread added: 0x00000205e5a7ce10
Event: 3.943 Thread 0x00000205e534d290 Thread exited: 0x00000205e534d290
Event: 3.982 Thread 0x00000205e5029b00 Thread added: 0x00000205e5f0b230
Event: 4.634 Thread 0x00000205e5f18f30 Thread added: 0x00000205e633d5b0
Event: 5.558 Thread 0x00000205e5f18f30 Thread added: 0x00000205e633dc40
Event: 5.633 Thread 0x00000205e5f18f30 Thread added: 0x00000205e633e2d0
Event: 5.680 Thread 0x00000205e5f18f30 Thread added: 0x00000205e633c200
Event: 7.037 Thread 0x00000205e5f0b230 Thread exited: 0x00000205e5f0b230
Event: 7.486 Thread 0x00000205e5029b00 Thread added: 0x00000205e5d5a660
Event: 7.519 Thread 0x00000205e633e2d0 Thread added: 0x00000205e633cf20
Event: 7.599 Thread 0x00000205e5029b00 Thread added: 0x00000205e780f6f0
Event: 7.671 Thread 0x00000205e633cf20 Thread added: 0x00000205e633e960


Dynamic libraries:
0x00007ff749f20000 - 0x00007ff749f2e000 	c:\Users\abhig\.vscode\extensions\redhat.java-1.41.1-win32-x64\jre\21.0.6-win32-x86_64\bin\java.exe
0x00007ffe48b90000 - 0x00007ffe48da7000 	C:\Windows\SYSTEM32\ntdll.dll
0x00007ffe47670000 - 0x00007ffe47734000 	C:\Windows\System32\KERNEL32.DLL
0x00007ffe46420000 - 0x00007ffe467f3000 	C:\Windows\System32\KERNELBASE.dll
0x00007ffe46140000 - 0x00007ffe46251000 	C:\Windows\System32\ucrtbase.dll
0x00007ffe09ee0000 - 0x00007ffe09ef8000 	c:\Users\abhig\.vscode\extensions\redhat.java-1.41.1-win32-x64\jre\21.0.6-win32-x86_64\bin\jli.dll
0x00007ffe48460000 - 0x00007ffe48611000 	C:\Windows\System32\USER32.dll
0x00007ffe45f70000 - 0x00007ffe45f96000 	C:\Windows\System32\win32u.dll
0x00007ffe46eb0000 - 0x00007ffe46ed9000 	C:\Windows\System32\GDI32.dll
0x00007ffdf27a0000 - 0x00007ffdf27be000 	c:\Users\abhig\.vscode\extensions\redhat.java-1.41.1-win32-x64\jre\21.0.6-win32-x86_64\bin\VCRUNTIME140.dll
0x00007ffe46020000 - 0x00007ffe4613b000 	C:\Windows\System32\gdi32full.dll
0x00007ffe34290000 - 0x00007ffe34528000 	C:\Windows\WinSxS\amd64_microsoft.windows.common-controls_6595b64144ccf1df_6.0.22621.5124_none_270e8f4f7386d69d\COMCTL32.dll
0x00007ffe45ca0000 - 0x00007ffe45d3a000 	C:\Windows\System32\msvcp_win.dll
0x00007ffe46ee0000 - 0x00007ffe46f87000 	C:\Windows\System32\msvcrt.dll
0x00007ffe486e0000 - 0x00007ffe48711000 	C:\Windows\System32\IMM32.DLL
0x00007ffe1c360000 - 0x00007ffe1c36c000 	c:\Users\abhig\.vscode\extensions\redhat.java-1.41.1-win32-x64\jre\21.0.6-win32-x86_64\bin\vcruntime140_1.dll
0x00007ffdf0b10000 - 0x00007ffdf0b9d000 	c:\Users\abhig\.vscode\extensions\redhat.java-1.41.1-win32-x64\jre\21.0.6-win32-x86_64\bin\msvcp140.dll
0x00007ffd98cf0000 - 0x00007ffd99a80000 	c:\Users\abhig\.vscode\extensions\redhat.java-1.41.1-win32-x64\jre\21.0.6-win32-x86_64\bin\server\jvm.dll
0x00007ffe48620000 - 0x00007ffe486d1000 	C:\Windows\System32\ADVAPI32.dll
0x00007ffe48150000 - 0x00007ffe481f8000 	C:\Windows\System32\sechost.dll
0x00007ffe46800000 - 0x00007ffe46828000 	C:\Windows\System32\bcrypt.dll
0x00007ffe47080000 - 0x00007ffe47194000 	C:\Windows\System32\RPCRT4.dll
0x00007ffe48720000 - 0x00007ffe48791000 	C:\Windows\System32\WS2_32.dll
0x00007ffe44ae0000 - 0x00007ffe44b2d000 	C:\Windows\SYSTEM32\POWRPROF.dll
0x00007ffe3fb50000 - 0x00007ffe3fb84000 	C:\Windows\SYSTEM32\WINMM.dll
0x00007ffe3a970000 - 0x00007ffe3a97a000 	C:\Windows\SYSTEM32\VERSION.dll
0x00007ffe44ac0000 - 0x00007ffe44ad3000 	C:\Windows\SYSTEM32\UMPDC.dll
0x00007ffe44d80000 - 0x00007ffe44d98000 	C:\Windows\SYSTEM32\kernel.appcore.dll
0x00007ffe171c0000 - 0x00007ffe171ca000 	c:\Users\abhig\.vscode\extensions\redhat.java-1.41.1-win32-x64\jre\21.0.6-win32-x86_64\bin\jimage.dll
0x00007ffe43020000 - 0x00007ffe43252000 	C:\Windows\SYSTEM32\DBGHELP.DLL
0x00007ffe487a0000 - 0x00007ffe48b32000 	C:\Windows\System32\combase.dll
0x00007ffe46f90000 - 0x00007ffe47067000 	C:\Windows\System32\OLEAUT32.dll
0x00007ffe190c0000 - 0x00007ffe190f2000 	C:\Windows\SYSTEM32\dbgcore.DLL
0x00007ffe46260000 - 0x00007ffe462db000 	C:\Windows\System32\bcryptPrimitives.dll
0x00007ffe31120000 - 0x00007ffe3112f000 	c:\Users\abhig\.vscode\extensions\redhat.java-1.41.1-win32-x64\jre\21.0.6-win32-x86_64\bin\instrument.dll
0x00007ffdf24c0000 - 0x00007ffdf24df000 	c:\Users\abhig\.vscode\extensions\redhat.java-1.41.1-win32-x64\jre\21.0.6-win32-x86_64\bin\java.dll
0x00007ffe47740000 - 0x00007ffe47fd6000 	C:\Windows\System32\SHELL32.dll
0x00007ffe462e0000 - 0x00007ffe4641f000 	C:\Windows\System32\wintypes.dll
0x00007ffe43b80000 - 0x00007ffe4449a000 	C:\Windows\SYSTEM32\windows.storage.dll
0x00007ffe48280000 - 0x00007ffe4838a000 	C:\Windows\System32\SHCORE.dll
0x00007ffe48390000 - 0x00007ffe483f3000 	C:\Windows\System32\shlwapi.dll
0x00007ffe45bd0000 - 0x00007ffe45bfb000 	C:\Windows\SYSTEM32\profapi.dll
0x00007ffdf0af0000 - 0x00007ffdf0b08000 	c:\Users\abhig\.vscode\extensions\redhat.java-1.41.1-win32-x64\jre\21.0.6-win32-x86_64\bin\zip.dll
0x00007ffe14b90000 - 0x00007ffe14ba0000 	C:\Users\abhig\.vscode\extensions\redhat.java-1.41.1-win32-x64\jre\21.0.6-win32-x86_64\bin\net.dll
0x00007ffe414d0000 - 0x00007ffe415fc000 	C:\Windows\SYSTEM32\WINHTTP.dll
0x00007ffe45200000 - 0x00007ffe4526a000 	C:\Windows\system32\mswsock.dll
0x00007ffdf09e0000 - 0x00007ffdf09f6000 	C:\Users\abhig\.vscode\extensions\redhat.java-1.41.1-win32-x64\jre\21.0.6-win32-x86_64\bin\nio.dll
0x00007ffdf3330000 - 0x00007ffdf3340000 	c:\Users\abhig\.vscode\extensions\redhat.java-1.41.1-win32-x64\jre\21.0.6-win32-x86_64\bin\verify.dll
0x00007ffe30f30000 - 0x00007ffe30f75000 	C:\Users\abhig\AppData\Roaming\Code\User\globalStorage\redhat.java\1.41.1\config_win\org.eclipse.equinox.launcher\org.eclipse.equinox.launcher.win32.win32.x86_64_1.2.1300.v20250331-1702\eclipse_11911.dll
0x00007ffe47360000 - 0x00007ffe47501000 	C:\Windows\System32\ole32.dll
0x00007ffe45420000 - 0x00007ffe4543b000 	C:\Windows\SYSTEM32\CRYPTSP.dll
0x00007ffe44ce0000 - 0x00007ffe44d17000 	C:\Windows\system32\rsaenh.dll
0x00007ffe452c0000 - 0x00007ffe452e8000 	C:\Windows\SYSTEM32\USERENV.dll
0x00007ffe45440000 - 0x00007ffe4544c000 	C:\Windows\SYSTEM32\CRYPTBASE.dll
0x00007ffe44770000 - 0x00007ffe4479d000 	C:\Windows\SYSTEM32\IPHLPAPI.DLL
0x00007ffe48200000 - 0x00007ffe48209000 	C:\Windows\System32\NSI.dll
0x00007ffe2ce30000 - 0x00007ffe2ce79000 	C:\Users\abhig\AppData\Local\Temp\jna-92604357\jna10172483340857714987.dll
0x00007ffe47070000 - 0x00007ffe47078000 	C:\Windows\System32\PSAPI.DLL

dbghelp: loaded successfully - version: 4.0.5 - missing functions: none
symbol engine: initialized successfully - sym options: 0x614 - pdb path: .;c:\Users\abhig\.vscode\extensions\redhat.java-1.41.1-win32-x64\jre\21.0.6-win32-x86_64\bin;C:\Windows\SYSTEM32;C:\Windows\WinSxS\amd64_microsoft.windows.common-controls_6595b64144ccf1df_6.0.22621.5124_none_270e8f4f7386d69d;c:\Users\abhig\.vscode\extensions\redhat.java-1.41.1-win32-x64\jre\21.0.6-win32-x86_64\bin\server;C:\Users\abhig\AppData\Roaming\Code\User\globalStorage\redhat.java\1.41.1\config_win\org.eclipse.equinox.launcher\org.eclipse.equinox.launcher.win32.win32.x86_64_1.2.1300.v20250331-1702;C:\Users\abhig\AppData\Local\Temp\jna-92604357

VM Arguments:
jvm_args: --add-modules=ALL-SYSTEM --add-opens=java.base/java.util=ALL-UNNAMED --add-opens=java.base/java.lang=ALL-UNNAMED --add-opens=java.base/sun.nio.fs=ALL-UNNAMED -Declipse.application=org.eclipse.jdt.ls.core.id1 -Dosgi.bundles.defaultStartLevel=4 -Declipse.product=org.eclipse.jdt.ls.core.product -Djava.import.generatesMetadataFilesAtProjectRoot=false -DDetectVMInstallationsJob.disabled=true -Dfile.encoding=utf8 -XX:+UseParallelGC -XX:GCTimeRatio=4 -XX:AdaptiveSizePolicyWeight=90 -Dsun.zip.disableMemoryMapping=true -Xmx1G -Xms100m -Xlog:disable -javaagent:c:\Users\abhig\.vscode\extensions\redhat.java-1.41.1-win32-x64\lombok\lombok-1.18.36.jar -XX:+HeapDumpOnOutOfMemoryError -XX:HeapDumpPath=c:\Users\abhig\AppData\Roaming\Code\User\workspaceStorage\e96188559eea7d0e28f2d562958d2b7b\redhat.java -Daether.dependencyCollector.impl=bf 
java_command: c:\Users\abhig\.vscode\extensions\redhat.java-1.41.1-win32-x64\server\plugins\org.eclipse.equinox.launcher_1.7.0.v20250331-1702.jar -configuration c:\Users\abhig\AppData\Roaming\Code\User\globalStorage\redhat.java\1.41.1\config_win -data c:\Users\abhig\AppData\Roaming\Code\User\workspaceStorage\e96188559eea7d0e28f2d562958d2b7b\redhat.java\jdt_ws --pipe=\\.\pipe\lsp-961d2ea8e0e891629bce97e38206b41d-sock
java_class_path (initial): c:\Users\abhig\.vscode\extensions\redhat.java-1.41.1-win32-x64\server\plugins\org.eclipse.equinox.launcher_1.7.0.v20250331-1702.jar
Launcher Type: SUN_STANDARD

[Global flags]
    uintx AdaptiveSizePolicyWeight                 = 90                                        {product} {command line}
     intx CICompilerCount                          = 4                                         {product} {ergonomic}
    uintx GCTimeRatio                              = 4                                         {product} {command line}
     bool HeapDumpOnOutOfMemoryError               = true                                   {manageable} {command line}
    ccstr HeapDumpPath                             = c:\Users\abhig\AppData\Roaming\Code\User\workspaceStorage\e96188559eea7d0e28f2d562958d2b7b\redhat.java         {manageable} {command line}
   size_t InitialHeapSize                          = 104857600                                 {product} {command line}
   size_t MaxHeapSize                              = 1073741824                                {product} {command line}
   size_t MaxNewSize                               = 357564416                                 {product} {ergonomic}
   size_t MinHeapDeltaBytes                        = 524288                                    {product} {ergonomic}
   size_t MinHeapSize                              = 104857600                                 {product} {command line}
   size_t NewSize                                  = 34603008                                  {product} {ergonomic}
    uintx NonNMethodCodeHeapSize                   = 5839372                                {pd product} {ergonomic}
    uintx NonProfiledCodeHeapSize                  = 122909434                              {pd product} {ergonomic}
   size_t OldSize                                  = 70254592                                  {product} {ergonomic}
    uintx ProfiledCodeHeapSize                     = 122909434                              {pd product} {ergonomic}
    uintx ReservedCodeCacheSize                    = 251658240                              {pd product} {ergonomic}
     bool SegmentedCodeCache                       = true                                      {product} {ergonomic}
   size_t SoftMaxHeapSize                          = 1073741824                             {manageable} {ergonomic}
     bool UseCompressedOops                        = true                           {product lp64_product} {ergonomic}
     bool UseLargePagesIndividualAllocation        = false                                  {pd product} {ergonomic}
     bool UseParallelGC                            = true                                      {product} {command line}

Logging:
Log output configuration:
 #0: stdout all=off uptime,level,tags foldmultilines=false
 #1: stderr all=off uptime,level,tags foldmultilines=false

Environment Variables:
JAVA_HOME=C:\Program Files\Java\jdk-23
PATH=C:\app\abhig\product\21c\dbhomeXE\bin;C:\Program Files\Common Files\Oracle\Java\javapath;C:\Windows\system32;C:\Windows;C:\Windows\System32\Wbem;C:\Windows\System32\WindowsPowerShell\v1.0\;C:\Windows\System32\OpenSSH\;C:\Program Files\dotnet\;C:\MinGW\bin;C:\Program Files\Git\cmd;C:\Program Files\Git\mingw64\bin;C:\Program Files\Git\usr\bin;C:\Program Files\Java\jdk-23\bin;C:\Program Files\Java\jdk-23\bin;;C:\Users\abhig\AppData\Local\Programs\Microsoft VS Code\bin
USERNAME=abhig
OS=Windows_NT
PROCESSOR_IDENTIFIER=AMD64 Family 25 Model 80 Stepping 0, AuthenticAMD
TMP=C:\Users\abhig\AppData\Local\Temp
TEMP=C:\Users\abhig\AppData\Local\Temp




Periodic native trim disabled

---------------  S Y S T E M  ---------------

OS:
 Windows 11 , 64 bit Build 22621 (10.0.22621.5124)
OS uptime: 0 days 1:10 hours
Hyper-V role detected

CPU: total 12 (initial active 12) (12 cores per cpu, 2 threads per core) family 25 model 80 stepping 0 microcode 0x0, cx8, cmov, fxsr, ht, mmx, 3dnowpref, sse, sse2, sse3, ssse3, sse4a, sse4.1, sse4.2, popcnt, lzcnt, tsc, tscinvbit, avx, avx2, aes, erms, clmul, bmi1, bmi2, adx, sha, fma, vzeroupper, clflush, clflushopt, hv, rdtscp, rdpid, fsrm, f16c, cet_ss
Processor Information for the first 12 processors :
  Max Mhz: 3301, Current Mhz: 1908, Mhz Limit: 3301

Memory: 4k page, system-wide physical 15773M (5346M free)
TotalPageFile size 15773M (AvailPageFile size 25M)
current process WorkingSet (physical memory assigned to process): 175M, peak: 175M
current process commit charge ("private bytes"): 278M, peak: 279M

vm_info: OpenJDK 64-Bit Server VM (21.0.6+7-LTS) for windows-amd64 JRE (21.0.6+7-LTS), built on 2025-01-21T00:00:00Z by "admin" with MS VC++ 17.7 (VS2022)

END.
