#
# There is insufficient memory for the Java Runtime Environment to continue.
# Native memory allocation (malloc) failed to allocate 1044896 bytes. Error detail: Chunk::new
# Possible reasons:
#   The system is out of physical RAM or swap space
#   This process is running with CompressedOops enabled, and the Java Heap may be blocking the growth of the native heap
# Possible solutions:
#   Reduce memory load on the system
#   Increase physical memory or swap space
#   Check if swap backing store is full
#   Decrease Java heap size (-Xmx/-Xms)
#   Decrease number of Java threads
#   Decrease Java thread stack sizes (-Xss)
#   Set larger code cache with -XX:ReservedCodeCacheSize=
#   JVM is running with Unscaled Compressed Oops mode in which the Java heap is
#     placed in the first 4GB address space. The Java Heap base address is the
#     maximum limit for the native heap growth. Please use -XX:HeapBaseMinAddress
#     to set the Java Heap base and to place the Java Heap above 4GB virtual address.
# This output file may be truncated or incomplete.
#
#  Out of Memory Error (arena.cpp:168), pid=18520, tid=16836
#
# JRE version: OpenJDK Runtime Environment Temurin-21.0.6+7 (21.0.6+7) (build 21.0.6+7-LTS)
# Java VM: OpenJDK 64-Bit Server VM Temurin-21.0.6+7 (21.0.6+7-LTS, mixed mode, sharing, tiered, compressed oops, compressed class ptrs, g1 gc, windows-amd64)
# No core dump will be written. Minidumps are not enabled by default on client versions of Windows
#

---------------  S U M M A R Y ------------

Command Line: --add-opens=java.base/java.util=ALL-UNNAMED --add-opens=java.base/java.lang=ALL-UNNAMED --add-opens=java.base/java.lang.invoke=ALL-UNNAMED --add-opens=java.prefs/java.util.prefs=ALL-UNNAMED --add-exports=jdk.compiler/com.sun.tools.javac.api=ALL-UNNAMED --add-exports=jdk.compiler/com.sun.tools.javac.util=ALL-UNNAMED --add-opens=java.base/java.nio.charset=ALL-UNNAMED --add-opens=java.base/java.net=ALL-UNNAMED --add-opens=java.base/java.util.concurrent.atomic=ALL-UNNAMED -Xmx2048m -Dfile.encoding=UTF-8 -Duser.country=US -Duser.language=en -Duser.variant -javaagent:C:\Users\abhig\.gradle\wrapper\dists\gradle-8.10.2-bin\a04bxjujx95o3nb99gddekhwo\gradle-8.10.2\lib\agents\gradle-instrumentation-agent-8.10.2.jar org.gradle.launcher.daemon.bootstrap.GradleDaemon 8.10.2

Host: AMD Ryzen 5 5600H with Radeon Graphics         , 12 cores, 15G,  Windows 11 , 64 bit Build 22621 (10.0.22621.5124)
Time: Tue Apr 15 13:02:51 2025 India Standard Time elapsed time: 48.276447 seconds (0d 0h 0m 48s)

---------------  T H R E A D  ---------------

Current thread (0x000001f5d7a5f230):  JavaThread "C2 CompilerThread0" daemon [_thread_in_native, id=16836, stack(0x0000006784400000,0x0000006784500000) (1024K)]


Current CompileTask:
C2:48276 10883       4       org.gradle.internal.instantiation.generator.AbstractClassGenerator::inspectType (560 bytes)

Stack: [0x0000006784400000,0x0000006784500000]
Native frames: (J=compiled Java code, j=interpreted, Vv=VM code, C=native code)
V  [jvm.dll+0x6cdee9]
V  [jvm.dll+0x8a83d1]
V  [jvm.dll+0x8aa8fe]
V  [jvm.dll+0x8aafe3]
V  [jvm.dll+0x27f706]
V  [jvm.dll+0xc500d]
V  [jvm.dll+0xc5543]
V  [jvm.dll+0x2f2acd]
V  [jvm.dll+0x5f6a2a]
V  [jvm.dll+0x250bb2]
V  [jvm.dll+0x249526]
V  [jvm.dll+0x246ec4]
V  [jvm.dll+0x1c75ee]
V  [jvm.dll+0x25685a]
V  [jvm.dll+0x254dfa]
V  [jvm.dll+0x3f0256]
V  [jvm.dll+0x851f8b]
V  [jvm.dll+0x6cc5ed]
C  [ucrtbase.dll+0x29333]
C  [KERNEL32.DLL+0x1259d]
C  [ntdll.dll+0x5af38]


---------------  P R O C E S S  ---------------

Threads class SMR info:
_java_thread_list=0x000001f62398b020, length=96, elements={
0x000001f5bfe8cda0, 0x000001f5d7a4b9a0, 0x000001f5d7a4d810, 0x000001f5d7a4fea0,
0x000001f5d7a52f80, 0x000001f5d7a53d30, 0x000001f5d7a54ec0, 0x000001f5d7a5f230,
0x000001f5d7a6be20, 0x000001f5d7bf7030, 0x000001f5d7d4a6c0, 0x000001f61eacbc80,
0x000001f61e83f920, 0x000001f61e83e5f0, 0x000001f61ea306d0, 0x000001f61ece9010,
0x000001f61eb2e910, 0x000001f61ee50310, 0x000001f61ecd1050, 0x000001f61e95aea0,
0x000001f61e95b530, 0x000001f61e95bbc0, 0x000001f61e95c250, 0x000001f61f01f2a0,
0x000001f61f023ad0, 0x000001f61f01def0, 0x000001f61f01ffc0, 0x000001f61f01ec10,
0x000001f61f023440, 0x000001f61f01f930, 0x000001f61f021370, 0x000001f61f01e580,
0x000001f61f01cb40, 0x000001f61f020ce0, 0x000001f61f021a00, 0x000001f61f01d860,
0x000001f61f022090, 0x000001f61f022720, 0x000001f61f024160, 0x000001f61f01d1d0,
0x000001f61dccd000, 0x000001f61dccf760, 0x000001f61dccea40, 0x000001f61dccbc50,
0x000001f61dcce3b0, 0x000001f61dccc2e0, 0x000001f61dccd690, 0x000001f61dccdd20,
0x000001f61dcca210, 0x000001f61dccf0d0, 0x000001f61dcd11a0, 0x000001f61dcd1830,
0x000001f61dccfdf0, 0x000001f61dcd0480, 0x000001f61dcca8a0, 0x000001f61dcd0b10,
0x000001f61dccaf30, 0x000001f61dccb5c0, 0x000001f61dccc970, 0x000001f61d515740,
0x000001f61d516460, 0x000001f61d519250, 0x000001f61d51ac90, 0x000001f61d517180,
0x000001f61d5150b0, 0x000001f61d516af0, 0x000001f61d51b320, 0x000001f61d5198e0,
0x000001f61d51b9b0, 0x000001f61d514a20, 0x000001f61d515dd0, 0x000001f61d518530,
0x000001f61d517810, 0x000001f61d517ea0, 0x000001f61d518bc0, 0x000001f61d519f70,
0x000001f61d51a600, 0x000001f61d51c040, 0x000001f620fa0550, 0x000001f620f9c3b0,
0x000001f621d3f660, 0x000001f620fa1f90, 0x000001f620f9e480, 0x000001f620f9b000,
0x000001f620fa2620, 0x000001f620f9b690, 0x000001f620f9d0d0, 0x000001f61f020650,
0x000001f621c2ef30, 0x000001f621c2f5c0, 0x000001f621c2d4f0, 0x000001f621c2ce60,
0x000001f621c2db80, 0x000001f621c2e210, 0x000001f621c2e8a0, 0x000001f621d3d450
}

Java Threads: ( => current thread )
  0x000001f5bfe8cda0 JavaThread "main"                              [_thread_blocked, id=18540, stack(0x0000006783600000,0x0000006783700000) (1024K)]
  0x000001f5d7a4b9a0 JavaThread "Reference Handler"          daemon [_thread_blocked, id=19040, stack(0x0000006783e00000,0x0000006783f00000) (1024K)]
  0x000001f5d7a4d810 JavaThread "Finalizer"                  daemon [_thread_blocked, id=19044, stack(0x0000006783f00000,0x0000006784000000) (1024K)]
  0x000001f5d7a4fea0 JavaThread "Signal Dispatcher"          daemon [_thread_blocked, id=4656, stack(0x0000006784000000,0x0000006784100000) (1024K)]
  0x000001f5d7a52f80 JavaThread "Attach Listener"            daemon [_thread_blocked, id=13864, stack(0x0000006784100000,0x0000006784200000) (1024K)]
  0x000001f5d7a53d30 JavaThread "Service Thread"             daemon [_thread_blocked, id=10656, stack(0x0000006784200000,0x0000006784300000) (1024K)]
  0x000001f5d7a54ec0 JavaThread "Monitor Deflation Thread"   daemon [_thread_blocked, id=6788, stack(0x0000006784300000,0x0000006784400000) (1024K)]
=>0x000001f5d7a5f230 JavaThread "C2 CompilerThread0"         daemon [_thread_in_native, id=16836, stack(0x0000006784400000,0x0000006784500000) (1024K)]
  0x000001f5d7a6be20 JavaThread "C1 CompilerThread0"         daemon [_thread_blocked, id=8828, stack(0x0000006784500000,0x0000006784600000) (1024K)]
  0x000001f5d7bf7030 JavaThread "Common-Cleaner"             daemon [_thread_blocked, id=18240, stack(0x0000006784600000,0x0000006784700000) (1024K)]
  0x000001f5d7d4a6c0 JavaThread "Notification Thread"        daemon [_thread_blocked, id=13828, stack(0x0000006784700000,0x0000006784800000) (1024K)]
  0x000001f61eacbc80 JavaThread "Daemon health stats"               [_thread_blocked, id=2960, stack(0x0000006784e00000,0x0000006784f00000) (1024K)]
  0x000001f61e83f920 JavaThread "Incoming local TCP Connector on port 50921"        [_thread_in_native, id=1236, stack(0x0000006784f00000,0x0000006785000000) (1024K)]
  0x000001f61e83e5f0 JavaThread "Daemon periodic checks"            [_thread_blocked, id=3144, stack(0x0000006785000000,0x0000006785100000) (1024K)]
  0x000001f61ea306d0 JavaThread "Daemon"                            [_thread_blocked, id=14780, stack(0x0000006785100000,0x0000006785200000) (1024K)]
  0x000001f61ece9010 JavaThread "Handler for socket connection from /127.0.0.1:50921 to /127.0.0.1:50922"        [_thread_in_native, id=13048, stack(0x0000006785200000,0x0000006785300000) (1024K)]
  0x000001f61eb2e910 JavaThread "Cancel handler"                    [_thread_blocked, id=13796, stack(0x0000006785300000,0x0000006785400000) (1024K)]
  0x000001f61ee50310 JavaThread "Daemon worker"                     [_thread_in_vm, id=12076, stack(0x0000006785400000,0x0000006785500000) (1024K)]
  0x000001f61ecd1050 JavaThread "Asynchronous log dispatcher for DefaultDaemonConnection: socket connection from /127.0.0.1:50921 to /127.0.0.1:50922"        [_thread_blocked, id=12896, stack(0x0000006785500000,0x0000006785600000) (1024K)]
  0x000001f61e95aea0 JavaThread "Stdin handler"                     [_thread_blocked, id=9456, stack(0x0000006785600000,0x0000006785700000) (1024K)]
  0x000001f61e95b530 JavaThread "Daemon client event forwarder"        [_thread_blocked, id=15704, stack(0x0000006785700000,0x0000006785800000) (1024K)]
  0x000001f61e95bbc0 JavaThread "Cache worker for journal cache (C:\Users\abhig\.gradle\caches\journal-1)"        [_thread_blocked, id=18884, stack(0x0000006785800000,0x0000006785900000) (1024K)]
  0x000001f61e95c250 JavaThread "File lock request listener"        [_thread_in_native, id=18888, stack(0x0000006785900000,0x0000006785a00000) (1024K)]
  0x000001f61f01f2a0 JavaThread "Cache worker for file hash cache (C:\Users\abhig\.gradle\caches\8.10.2\fileHashes)"        [_thread_blocked, id=18900, stack(0x0000006785a00000,0x0000006785b00000) (1024K)]
  0x000001f61f023ad0 JavaThread "Cache worker for file hash cache (C:\Users\abhig\Desktop\codes\Java\WeatherApp\.gradle\8.10.2\fileHashes)"        [_thread_blocked, id=5852, stack(0x0000006786200000,0x0000006786300000) (1024K)]
  0x000001f61f01def0 JavaThread "Cache worker for Build Output Cleanup Cache (C:\Users\abhig\Desktop\codes\Java\WeatherApp\.gradle\buildOutputCleanup)"        [_thread_blocked, id=6436, stack(0x0000006786300000,0x0000006786400000) (1024K)]
  0x000001f61f01ffc0 JavaThread "File lock release action executor"        [_thread_blocked, id=18736, stack(0x0000006786400000,0x0000006786500000) (1024K)]
  0x000001f61f01ec10 JavaThread "File watcher server"        daemon [_thread_in_native, id=13420, stack(0x0000006786500000,0x0000006786600000) (1024K)]
  0x000001f61f023440 JavaThread "File watcher consumer"      daemon [_thread_blocked, id=1408, stack(0x0000006786600000,0x0000006786700000) (1024K)]
  0x000001f61f01f930 JavaThread "jar transforms"                    [_thread_blocked, id=6064, stack(0x0000006785b00000,0x0000006785c00000) (1024K)]
  0x000001f61f021370 JavaThread "jar transforms Thread 2"           [_thread_blocked, id=19228, stack(0x0000006786700000,0x0000006786800000) (1024K)]
  0x000001f61f01e580 JavaThread "jar transforms Thread 3"           [_thread_blocked, id=2896, stack(0x0000006786800000,0x0000006786900000) (1024K)]
  0x000001f61f01cb40 JavaThread "Cache worker for checksums cache (C:\Users\abhig\Desktop\codes\Java\WeatherApp\.gradle\8.10.2\checksums)"        [_thread_blocked, id=9980, stack(0x0000006786a00000,0x0000006786b00000) (1024K)]
  0x000001f61f020ce0 JavaThread "Cache worker for file content cache (C:\Users\abhig\.gradle\caches\8.10.2\fileContent)"        [_thread_blocked, id=4176, stack(0x0000006786b00000,0x0000006786c00000) (1024K)]
  0x000001f61f021a00 JavaThread "Cache worker for cache directory md-rule (C:\Users\abhig\.gradle\caches\8.10.2\md-rule)"        [_thread_blocked, id=8496, stack(0x0000006786c00000,0x0000006786d00000) (1024K)]
  0x000001f61f01d860 JavaThread "Cache worker for cache directory md-supplier (C:\Users\abhig\.gradle\caches\8.10.2\md-supplier)"        [_thread_blocked, id=19056, stack(0x0000006786d00000,0x0000006786e00000) (1024K)]
  0x000001f61f022090 JavaThread "jar transforms Thread 4"           [_thread_blocked, id=19016, stack(0x0000006786e00000,0x0000006786f00000) (1024K)]
  0x000001f61f022720 JavaThread "jar transforms Thread 5"           [_thread_blocked, id=18984, stack(0x0000006786f00000,0x0000006787000000) (1024K)]
  0x000001f61f024160 JavaThread "jar transforms Thread 6"           [_thread_blocked, id=19100, stack(0x0000006784800000,0x0000006784900000) (1024K)]
  0x000001f61f01d1d0 JavaThread "jar transforms Thread 7"           [_thread_blocked, id=19192, stack(0x0000006786900000,0x0000006786a00000) (1024K)]
  0x000001f61dccd000 JavaThread "jar transforms Thread 8"           [_thread_blocked, id=19092, stack(0x0000006787000000,0x0000006787100000) (1024K)]
  0x000001f61dccf760 JavaThread "jar transforms Thread 9"           [_thread_blocked, id=19024, stack(0x0000006787100000,0x0000006787200000) (1024K)]
  0x000001f61dccea40 JavaThread "jar transforms Thread 10"          [_thread_blocked, id=18980, stack(0x0000006787200000,0x0000006787300000) (1024K)]
  0x000001f61dccbc50 JavaThread "jar transforms Thread 11"          [_thread_blocked, id=13952, stack(0x0000006787300000,0x0000006787400000) (1024K)]
  0x000001f61dcce3b0 JavaThread "jar transforms Thread 12"          [_thread_blocked, id=3412, stack(0x0000006787400000,0x0000006787500000) (1024K)]
  0x000001f61dccc2e0 JavaThread "Unconstrained build operations"        [_thread_blocked, id=18044, stack(0x0000006787500000,0x0000006787600000) (1024K)]
  0x000001f61dccd690 JavaThread "Unconstrained build operations Thread 2"        [_thread_blocked, id=13800, stack(0x0000006787600000,0x0000006787700000) (1024K)]
  0x000001f61dccdd20 JavaThread "Unconstrained build operations Thread 3"        [_thread_blocked, id=6176, stack(0x0000006787700000,0x0000006787800000) (1024K)]
  0x000001f61dcca210 JavaThread "Unconstrained build operations Thread 4"        [_thread_blocked, id=4760, stack(0x0000006787800000,0x0000006787900000) (1024K)]
  0x000001f61dccf0d0 JavaThread "Unconstrained build operations Thread 5"        [_thread_blocked, id=7616, stack(0x0000006787900000,0x0000006787a00000) (1024K)]
  0x000001f61dcd11a0 JavaThread "Unconstrained build operations Thread 6"        [_thread_blocked, id=14836, stack(0x0000006787a00000,0x0000006787b00000) (1024K)]
  0x000001f61dcd1830 JavaThread "Unconstrained build operations Thread 7"        [_thread_blocked, id=1892, stack(0x0000006787b00000,0x0000006787c00000) (1024K)]
  0x000001f61dccfdf0 JavaThread "Unconstrained build operations Thread 8"        [_thread_blocked, id=11740, stack(0x0000006787c00000,0x0000006787d00000) (1024K)]
  0x000001f61dcd0480 JavaThread "Unconstrained build operations Thread 9"        [_thread_blocked, id=9464, stack(0x0000006787d00000,0x0000006787e00000) (1024K)]
  0x000001f61dcca8a0 JavaThread "Unconstrained build operations Thread 10"        [_thread_blocked, id=9296, stack(0x0000006787e00000,0x0000006787f00000) (1024K)]
  0x000001f61dcd0b10 JavaThread "Unconstrained build operations Thread 11"        [_thread_blocked, id=13104, stack(0x0000006787f00000,0x0000006788000000) (1024K)]
  0x000001f61dccaf30 JavaThread "File lock release action executor Thread 2"        [_thread_blocked, id=6840, stack(0x0000006788000000,0x0000006788100000) (1024K)]
  0x000001f61dccb5c0 JavaThread "Unconstrained build operations Thread 12"        [_thread_blocked, id=9408, stack(0x0000006788100000,0x0000006788200000) (1024K)]
  0x000001f61dccc970 JavaThread "Unconstrained build operations Thread 13"        [_thread_blocked, id=13236, stack(0x0000006788200000,0x0000006788300000) (1024K)]
  0x000001f61d515740 JavaThread "Unconstrained build operations Thread 14"        [_thread_blocked, id=3368, stack(0x0000006788300000,0x0000006788400000) (1024K)]
  0x000001f61d516460 JavaThread "Unconstrained build operations Thread 15"        [_thread_blocked, id=12484, stack(0x0000006788400000,0x0000006788500000) (1024K)]
  0x000001f61d519250 JavaThread "Unconstrained build operations Thread 16"        [_thread_blocked, id=16980, stack(0x0000006788500000,0x0000006788600000) (1024K)]
  0x000001f61d51ac90 JavaThread "Unconstrained build operations Thread 17"        [_thread_blocked, id=4064, stack(0x0000006788600000,0x0000006788700000) (1024K)]
  0x000001f61d517180 JavaThread "Unconstrained build operations Thread 18"        [_thread_blocked, id=15444, stack(0x0000006788700000,0x0000006788800000) (1024K)]
  0x000001f61d5150b0 JavaThread "Unconstrained build operations Thread 19"        [_thread_blocked, id=16204, stack(0x0000006788800000,0x0000006788900000) (1024K)]
  0x000001f61d516af0 JavaThread "Unconstrained build operations Thread 20"        [_thread_blocked, id=13556, stack(0x0000006788900000,0x0000006788a00000) (1024K)]
  0x000001f61d51b320 JavaThread "Unconstrained build operations Thread 21"        [_thread_blocked, id=4820, stack(0x0000006788a00000,0x0000006788b00000) (1024K)]
  0x000001f61d5198e0 JavaThread "Unconstrained build operations Thread 22"        [_thread_blocked, id=15120, stack(0x0000006788b00000,0x0000006788c00000) (1024K)]
  0x000001f61d51b9b0 JavaThread "Unconstrained build operations Thread 23"        [_thread_blocked, id=7540, stack(0x0000006788e00000,0x0000006788f00000) (1024K)]
  0x000001f61d514a20 JavaThread "Unconstrained build operations Thread 24"        [_thread_blocked, id=14032, stack(0x0000006788f00000,0x0000006789000000) (1024K)]
  0x000001f61d515dd0 JavaThread "Unconstrained build operations Thread 25"        [_thread_blocked, id=17400, stack(0x0000006789000000,0x0000006789100000) (1024K)]
  0x000001f61d518530 JavaThread "Unconstrained build operations Thread 26"        [_thread_blocked, id=2132, stack(0x0000006789100000,0x0000006789200000) (1024K)]
  0x000001f61d517810 JavaThread "Unconstrained build operations Thread 27"        [_thread_blocked, id=10200, stack(0x0000006789200000,0x0000006789300000) (1024K)]
  0x000001f61d517ea0 JavaThread "Unconstrained build operations Thread 28"        [_thread_blocked, id=1160, stack(0x0000006789300000,0x0000006789400000) (1024K)]
  0x000001f61d518bc0 JavaThread "Unconstrained build operations Thread 29"        [_thread_blocked, id=11304, stack(0x0000006789400000,0x0000006789500000) (1024K)]
  0x000001f61d519f70 JavaThread "Unconstrained build operations Thread 30"        [_thread_blocked, id=2136, stack(0x0000006789500000,0x0000006789600000) (1024K)]
  0x000001f61d51a600 JavaThread "Unconstrained build operations Thread 31"        [_thread_blocked, id=13664, stack(0x0000006789600000,0x0000006789700000) (1024K)]
  0x000001f61d51c040 JavaThread "Unconstrained build operations Thread 32"        [_thread_blocked, id=15580, stack(0x0000006789700000,0x0000006789800000) (1024K)]
  0x000001f620fa0550 JavaThread "Unconstrained build operations Thread 33"        [_thread_blocked, id=18304, stack(0x0000006789800000,0x0000006789900000) (1024K)]
  0x000001f620f9c3b0 JavaThread "Memory manager"                    [_thread_blocked, id=12292, stack(0x0000006783300000,0x0000006783400000) (1024K)]
  0x000001f621d3f660 JavaThread "C2 CompilerThread1"         daemon [_thread_blocked, id=14300, stack(0x0000006788c00000,0x0000006788d00000) (1024K)]
  0x000001f620fa1f90 JavaThread "pool-3-thread-1"                   [_thread_blocked, id=21464, stack(0x0000006789900000,0x0000006789a00000) (1024K)]
  0x000001f620f9e480 JavaThread "included builds"                   [_thread_blocked, id=21440, stack(0x0000006788d00000,0x0000006788e00000) (1024K)]
  0x000001f620f9b000 JavaThread "Execution worker"                  [_thread_blocked, id=21212, stack(0x0000006789a00000,0x0000006789b00000) (1024K)]
  0x000001f620fa2620 JavaThread "Execution worker Thread 2"         [_thread_blocked, id=21208, stack(0x0000006789b00000,0x0000006789c00000) (1024K)]
  0x000001f620f9b690 JavaThread "Execution worker Thread 3"         [_thread_blocked, id=21308, stack(0x0000006789c00000,0x0000006789d00000) (1024K)]
  0x000001f620f9d0d0 JavaThread "Execution worker Thread 4"         [_thread_blocked, id=21300, stack(0x0000006789d00000,0x0000006789e00000) (1024K)]
  0x000001f61f020650 JavaThread "Execution worker Thread 5"         [_thread_blocked, id=21112, stack(0x0000006789e00000,0x0000006789f00000) (1024K)]
  0x000001f621c2ef30 JavaThread "Execution worker Thread 6"         [_thread_blocked, id=21296, stack(0x0000006789f00000,0x000000678a000000) (1024K)]
  0x000001f621c2f5c0 JavaThread "Execution worker Thread 7"         [_thread_blocked, id=21196, stack(0x000000678a000000,0x000000678a100000) (1024K)]
  0x000001f621c2d4f0 JavaThread "Execution worker Thread 8"         [_thread_blocked, id=21368, stack(0x000000678a100000,0x000000678a200000) (1024K)]
  0x000001f621c2ce60 JavaThread "Execution worker Thread 9"         [_thread_blocked, id=21288, stack(0x000000678a200000,0x000000678a300000) (1024K)]
  0x000001f621c2db80 JavaThread "Execution worker Thread 10"        [_thread_blocked, id=21292, stack(0x000000678a300000,0x000000678a400000) (1024K)]
  0x000001f621c2e210 JavaThread "Execution worker Thread 11"        [_thread_blocked, id=21356, stack(0x000000678a400000,0x000000678a500000) (1024K)]
  0x000001f621c2e8a0 JavaThread "Cache worker for execution history cache (C:\Users\abhig\Desktop\codes\Java\WeatherApp\.gradle\8.10.2\executionHistory)"        [_thread_blocked, id=21348, stack(0x000000678a500000,0x000000678a600000) (1024K)]
  0x000001f621d3d450 JavaThread "C2 CompilerThread2"         daemon [_thread_in_native, id=21176, stack(0x000000678a600000,0x000000678a700000) (1024K)]
Total: 96

Other Threads:
  0x000001f5d7a34a40 VMThread "VM Thread"                           [id=19404, stack(0x0000006783d00000,0x0000006783e00000) (1024K)]
  0x000001f5d7a20a00 WatcherThread "VM Periodic Task Thread"        [id=18880, stack(0x0000006783c00000,0x0000006783d00000) (1024K)]
  0x000001f5bfee6230 WorkerThread "GC Thread#0"                     [id=18536, stack(0x0000006783700000,0x0000006783800000) (1024K)]
  0x000001f5d7a34de0 WorkerThread "GC Thread#1"                     [id=17292, stack(0x0000006784a00000,0x0000006784b00000) (1024K)]
  0x000001f5d7a35520 WorkerThread "GC Thread#2"                     [id=11948, stack(0x0000006784b00000,0x0000006784c00000) (1024K)]
  0x000001f5d7a358c0 WorkerThread "GC Thread#3"                     [id=5164, stack(0x0000006784c00000,0x0000006784d00000) (1024K)]
  0x000001f5d7a35180 WorkerThread "GC Thread#4"                     [id=10912, stack(0x0000006784d00000,0x0000006784e00000) (1024K)]
  0x000001f61e8fca10 WorkerThread "GC Thread#5"                     [id=1396, stack(0x0000006784900000,0x0000006784a00000) (1024K)]
  0x000001f61e8fb450 WorkerThread "GC Thread#6"                     [id=18708, stack(0x0000006785c00000,0x0000006785d00000) (1024K)]
  0x000001f61e8fad10 WorkerThread "GC Thread#7"                     [id=18720, stack(0x0000006785d00000,0x0000006785e00000) (1024K)]
  0x000001f61e8fa970 WorkerThread "GC Thread#8"                     [id=9712, stack(0x0000006785e00000,0x0000006785f00000) (1024K)]
  0x000001f61e8fcdb0 WorkerThread "GC Thread#9"                     [id=5368, stack(0x0000006785f00000,0x0000006786000000) (1024K)]
  0x000001f5bfef72d0 ConcurrentGCThread "G1 Main Marker"            [id=18560, stack(0x0000006783800000,0x0000006783900000) (1024K)]
  0x000001f5bfef8480 WorkerThread "G1 Conc#0"                       [id=18524, stack(0x0000006783900000,0x0000006783a00000) (1024K)]
  0x000001f61e8fc670 WorkerThread "G1 Conc#1"                       [id=15920, stack(0x0000006786000000,0x0000006786100000) (1024K)]
  0x000001f61e8f9af0 WorkerThread "G1 Conc#2"                       [id=14828, stack(0x0000006786100000,0x0000006786200000) (1024K)]
  0x000001f5d79737f0 ConcurrentGCThread "G1 Refine#0"               [id=19452, stack(0x0000006783a00000,0x0000006783b00000) (1024K)]
  0x000001f5d7974270 ConcurrentGCThread "G1 Service"                [id=84, stack(0x0000006783b00000,0x0000006783c00000) (1024K)]
Total: 18

Threads with active compile tasks:
C2 CompilerThread0  48339 10883       4       org.gradle.internal.instantiation.generator.AbstractClassGenerator::inspectType (560 bytes)
C2 CompilerThread2  48339 10966       4       org.gradle.internal.instantiation.generator.AbstractClassGenerator$ClassMetadata::property (42 bytes)
Total: 2

VM state: not at safepoint (normal execution)

VM Mutex/Monitor currently owned by a thread: None

Heap address: 0x0000000080000000, size: 2048 MB, Compressed Oops mode: 32-bit

CDS archive(s) mapped at: [0x000001f5d8000000-0x000001f5d8ba0000-0x000001f5d8ba0000), size 12189696, SharedBaseAddress: 0x000001f5d8000000, ArchiveRelocationMode: 1.
Compressed class space mapped at: 0x000001f5d9000000-0x000001f619000000, reserved size: 1073741824
Narrow klass base: 0x000001f5d8000000, Narrow klass shift: 0, Narrow klass range: 0x100000000

GC Precious Log:
 CardTable entry size: 512
 Card Set container configuration: InlinePtr #cards 5 size 8 Array Of Cards #cards 12 size 40 Howl #buckets 4 coarsen threshold 1843 Howl Bitmap #cards 512 size 80 coarsen threshold 460 Card regions per heap region 1 cards per card region 2048
 CPUs: 12 total, 12 available
 Memory: 15773M
 Large Page Support: Disabled
 NUMA Support: Disabled
 Compressed Oops: Enabled (32-bit)
 Heap Region Size: 1M
 Heap Min Capacity: 8M
 Heap Initial Capacity: 248M
 Heap Max Capacity: 2G
 Pre-touch: Disabled
 Parallel Workers: 10
 Concurrent Workers: 3
 Concurrent Refinement Workers: 10
 Periodic GC: Disabled

Heap:
 garbage-first heap   total 133120K, used 123293K [0x0000000080000000, 0x0000000100000000)
  region size 1024K, 41 young (41984K), 5 survivors (5120K)
 Metaspace       used 82366K, committed 84672K, reserved 1179648K
  class space    used 11465K, committed 12608K, reserved 1048576K

Heap Regions: E=young(eden), S=young(survivor), O=old, HS=humongous(starts), HC=humongous(continues), CS=collection set, F=free, TAMS=top-at-mark-start, PB=parsable bottom
|   0|0x0000000080000000, 0x0000000080100000, 0x0000000080100000|100%| O|  |TAMS 0x0000000080000000| PB 0x0000000080000000| Untracked 
|   1|0x0000000080100000, 0x0000000080200000, 0x0000000080200000|100%| O|  |TAMS 0x0000000080100000| PB 0x0000000080100000| Untracked 
|   2|0x0000000080200000, 0x0000000080300000, 0x0000000080300000|100%|HS|  |TAMS 0x0000000080200000| PB 0x0000000080200000| Complete 
|   3|0x0000000080300000, 0x0000000080400000, 0x0000000080400000|100%|HC|  |TAMS 0x0000000080300000| PB 0x0000000080300000| Complete 
|   4|0x0000000080400000, 0x0000000080500000, 0x0000000080500000|100%|HC|  |TAMS 0x0000000080400000| PB 0x0000000080400000| Complete 
|   5|0x0000000080500000, 0x0000000080600000, 0x0000000080600000|100%|HC|  |TAMS 0x0000000080500000| PB 0x0000000080500000| Complete 
|   6|0x0000000080600000, 0x0000000080700000, 0x0000000080700000|100%| O|  |TAMS 0x0000000080600000| PB 0x0000000080600000| Untracked 
|   7|0x0000000080700000, 0x0000000080800000, 0x0000000080800000|100%| O|  |TAMS 0x0000000080700000| PB 0x0000000080700000| Untracked 
|   8|0x0000000080800000, 0x0000000080900000, 0x0000000080900000|100%| O|  |TAMS 0x0000000080800000| PB 0x0000000080800000| Untracked 
|   9|0x0000000080900000, 0x0000000080a00000, 0x0000000080a00000|100%|HS|  |TAMS 0x0000000080900000| PB 0x0000000080900000| Complete 
|  10|0x0000000080a00000, 0x0000000080b00000, 0x0000000080b00000|100%| O|  |TAMS 0x0000000080a00000| PB 0x0000000080a00000| Untracked 
|  11|0x0000000080b00000, 0x0000000080c00000, 0x0000000080c00000|100%| O|  |TAMS 0x0000000080b00000| PB 0x0000000080b00000| Untracked 
|  12|0x0000000080c00000, 0x0000000080d00000, 0x0000000080d00000|100%| O|  |TAMS 0x0000000080c00000| PB 0x0000000080c00000| Untracked 
|  13|0x0000000080d00000, 0x0000000080e00000, 0x0000000080e00000|100%| O|  |TAMS 0x0000000080d00000| PB 0x0000000080d00000| Untracked 
|  14|0x0000000080e00000, 0x0000000080f00000, 0x0000000080f00000|100%| O|  |TAMS 0x0000000080e00000| PB 0x0000000080e00000| Untracked 
|  15|0x0000000080f00000, 0x0000000081000000, 0x0000000081000000|100%| O|  |TAMS 0x0000000080f00000| PB 0x0000000080f00000| Untracked 
|  16|0x0000000081000000, 0x0000000081100000, 0x0000000081100000|100%| O|  |TAMS 0x0000000081000000| PB 0x0000000081000000| Untracked 
|  17|0x0000000081100000, 0x0000000081200000, 0x0000000081200000|100%| O|  |TAMS 0x0000000081100000| PB 0x0000000081100000| Untracked 
|  18|0x0000000081200000, 0x0000000081300000, 0x0000000081300000|100%| O|  |TAMS 0x0000000081200000| PB 0x0000000081200000| Untracked 
|  19|0x0000000081300000, 0x0000000081400000, 0x0000000081400000|100%| O|  |TAMS 0x0000000081300000| PB 0x0000000081300000| Untracked 
|  20|0x0000000081400000, 0x0000000081500000, 0x0000000081500000|100%| O|  |TAMS 0x0000000081400000| PB 0x0000000081400000| Untracked 
|  21|0x0000000081500000, 0x0000000081600000, 0x0000000081600000|100%| O|  |TAMS 0x0000000081500000| PB 0x0000000081500000| Untracked 
|  22|0x0000000081600000, 0x0000000081700000, 0x0000000081700000|100%| O|  |TAMS 0x0000000081600000| PB 0x0000000081600000| Untracked 
|  23|0x0000000081700000, 0x0000000081800000, 0x0000000081800000|100%| O|  |TAMS 0x0000000081700000| PB 0x0000000081700000| Untracked 
|  24|0x0000000081800000, 0x0000000081900000, 0x0000000081900000|100%| O|  |TAMS 0x0000000081800000| PB 0x0000000081800000| Untracked 
|  25|0x0000000081900000, 0x0000000081a00000, 0x0000000081a00000|100%| O|  |TAMS 0x0000000081900000| PB 0x0000000081900000| Untracked 
|  26|0x0000000081a00000, 0x0000000081b00000, 0x0000000081b00000|100%| O|  |TAMS 0x0000000081a00000| PB 0x0000000081a00000| Untracked 
|  27|0x0000000081b00000, 0x0000000081c00000, 0x0000000081c00000|100%| O|  |TAMS 0x0000000081b00000| PB 0x0000000081b00000| Untracked 
|  28|0x0000000081c00000, 0x0000000081d00000, 0x0000000081d00000|100%| O|  |TAMS 0x0000000081c00000| PB 0x0000000081c00000| Untracked 
|  29|0x0000000081d00000, 0x0000000081e00000, 0x0000000081e00000|100%| O|  |TAMS 0x0000000081d00000| PB 0x0000000081d00000| Untracked 
|  30|0x0000000081e00000, 0x0000000081f00000, 0x0000000081f00000|100%| O|  |TAMS 0x0000000081e00000| PB 0x0000000081e00000| Untracked 
|  31|0x0000000081f00000, 0x0000000082000000, 0x0000000082000000|100%| O|  |TAMS 0x0000000081f00000| PB 0x0000000081f00000| Untracked 
|  32|0x0000000082000000, 0x0000000082100000, 0x0000000082100000|100%| O|  |TAMS 0x0000000082000000| PB 0x0000000082000000| Untracked 
|  33|0x0000000082100000, 0x0000000082200000, 0x0000000082200000|100%| O|  |TAMS 0x0000000082100000| PB 0x0000000082100000| Untracked 
|  34|0x0000000082200000, 0x0000000082300000, 0x0000000082300000|100%| O|  |TAMS 0x0000000082200000| PB 0x0000000082200000| Untracked 
|  35|0x0000000082300000, 0x0000000082400000, 0x0000000082400000|100%| O|  |TAMS 0x0000000082300000| PB 0x0000000082300000| Untracked 
|  36|0x0000000082400000, 0x0000000082500000, 0x0000000082500000|100%| O|  |TAMS 0x0000000082400000| PB 0x0000000082400000| Untracked 
|  37|0x0000000082500000, 0x0000000082600000, 0x0000000082600000|100%| O|  |TAMS 0x0000000082500000| PB 0x0000000082500000| Untracked 
|  38|0x0000000082600000, 0x0000000082700000, 0x0000000082700000|100%| O|  |TAMS 0x0000000082600000| PB 0x0000000082600000| Untracked 
|  39|0x0000000082700000, 0x0000000082800000, 0x0000000082800000|100%| O|  |TAMS 0x0000000082700000| PB 0x0000000082700000| Untracked 
|  40|0x0000000082800000, 0x0000000082900000, 0x0000000082900000|100%| O|  |TAMS 0x0000000082800000| PB 0x0000000082800000| Untracked 
|  41|0x0000000082900000, 0x0000000082a00000, 0x0000000082a00000|100%| O|Cm|TAMS 0x0000000082900000| PB 0x0000000082900000| Complete 
|  42|0x0000000082a00000, 0x0000000082b00000, 0x0000000082b00000|100%|HS|  |TAMS 0x0000000082a00000| PB 0x0000000082a00000| Complete 
|  43|0x0000000082b00000, 0x0000000082c00000, 0x0000000082c00000|100%|HS|  |TAMS 0x0000000082b00000| PB 0x0000000082b00000| Complete 
|  44|0x0000000082c00000, 0x0000000082d00000, 0x0000000082d00000|100%| O|  |TAMS 0x0000000082c00000| PB 0x0000000082c00000| Untracked 
|  45|0x0000000082d00000, 0x0000000082d674e0, 0x0000000082e00000| 40%| O|  |TAMS 0x0000000082d00000| PB 0x0000000082d00000| Untracked 
|  46|0x0000000082e00000, 0x0000000082f00000, 0x0000000082f00000|100%|HS|  |TAMS 0x0000000082e00000| PB 0x0000000082e00000| Complete 
|  47|0x0000000082f00000, 0x0000000083000000, 0x0000000083000000|100%|HS|  |TAMS 0x0000000082f00000| PB 0x0000000082f00000| Complete 
|  48|0x0000000083000000, 0x0000000083100000, 0x0000000083100000|100%| O|  |TAMS 0x0000000083000000| PB 0x0000000083000000| Untracked 
|  49|0x0000000083100000, 0x0000000083200000, 0x0000000083200000|100%|HS|  |TAMS 0x0000000083100000| PB 0x0000000083100000| Complete 
|  50|0x0000000083200000, 0x0000000083300000, 0x0000000083300000|100%|HS|  |TAMS 0x0000000083200000| PB 0x0000000083200000| Complete 
|  51|0x0000000083300000, 0x0000000083400000, 0x0000000083400000|100%| O|  |TAMS 0x0000000083300000| PB 0x0000000083300000| Untracked 
|  52|0x0000000083400000, 0x0000000083500000, 0x0000000083500000|100%| O|  |TAMS 0x0000000083400000| PB 0x0000000083400000| Untracked 
|  53|0x0000000083500000, 0x0000000083600000, 0x0000000083600000|100%| O|  |TAMS 0x0000000083500000| PB 0x0000000083500000| Untracked 
|  54|0x0000000083600000, 0x0000000083700000, 0x0000000083700000|100%| O|Cm|TAMS 0x0000000083600000| PB 0x0000000083600000| Complete 
|  55|0x0000000083700000, 0x0000000083800000, 0x0000000083800000|100%| O|  |TAMS 0x0000000083700000| PB 0x0000000083700000| Untracked 
|  56|0x0000000083800000, 0x0000000083900000, 0x0000000083900000|100%| O|  |TAMS 0x0000000083800000| PB 0x0000000083800000| Untracked 
|  57|0x0000000083900000, 0x0000000083a00000, 0x0000000083a00000|100%| O|  |TAMS 0x0000000083900000| PB 0x0000000083900000| Untracked 
|  58|0x0000000083a00000, 0x0000000083b00000, 0x0000000083b00000|100%| O|  |TAMS 0x0000000083a00000| PB 0x0000000083a00000| Untracked 
|  59|0x0000000083b00000, 0x0000000083c00000, 0x0000000083c00000|100%| O|  |TAMS 0x0000000083b00000| PB 0x0000000083b00000| Untracked 
|  60|0x0000000083c00000, 0x0000000083d00000, 0x0000000083d00000|100%|HS|  |TAMS 0x0000000083c00000| PB 0x0000000083c00000| Complete 
|  61|0x0000000083d00000, 0x0000000083e00000, 0x0000000083e00000|100%| O|  |TAMS 0x0000000083d00000| PB 0x0000000083d00000| Untracked 
|  62|0x0000000083e00000, 0x0000000083f00000, 0x0000000083f00000|100%| O|  |TAMS 0x0000000083e00000| PB 0x0000000083e00000| Untracked 
|  63|0x0000000083f00000, 0x0000000084000000, 0x0000000084000000|100%| O|  |TAMS 0x0000000083f00000| PB 0x0000000083f00000| Untracked 
|  64|0x0000000084000000, 0x0000000084100000, 0x0000000084100000|100%| O|  |TAMS 0x0000000084000000| PB 0x0000000084000000| Untracked 
|  65|0x0000000084100000, 0x0000000084200000, 0x0000000084200000|100%| O|  |TAMS 0x0000000084100000| PB 0x0000000084100000| Untracked 
|  66|0x0000000084200000, 0x0000000084300000, 0x0000000084300000|100%| O|  |TAMS 0x0000000084200000| PB 0x0000000084200000| Untracked 
|  67|0x0000000084300000, 0x0000000084400000, 0x0000000084400000|100%| O|  |TAMS 0x0000000084300000| PB 0x0000000084300000| Untracked 
|  68|0x0000000084400000, 0x0000000084500000, 0x0000000084500000|100%| O|  |TAMS 0x0000000084400000| PB 0x0000000084400000| Untracked 
|  69|0x0000000084500000, 0x0000000084600000, 0x0000000084600000|100%|HS|  |TAMS 0x0000000084500000| PB 0x0000000084500000| Complete 
|  70|0x0000000084600000, 0x0000000084700000, 0x0000000084700000|100%|HS|  |TAMS 0x0000000084600000| PB 0x0000000084600000| Complete 
|  71|0x0000000084700000, 0x0000000084800000, 0x0000000084800000|100%|HS|  |TAMS 0x0000000084700000| PB 0x0000000084700000| Complete 
|  72|0x0000000084800000, 0x0000000084900000, 0x0000000084900000|100%|HS|  |TAMS 0x0000000084800000| PB 0x0000000084800000| Complete 
|  73|0x0000000084900000, 0x0000000084a00000, 0x0000000084a00000|100%|HS|  |TAMS 0x0000000084900000| PB 0x0000000084900000| Complete 
|  74|0x0000000084a00000, 0x0000000084b00000, 0x0000000084b00000|100%|HS|  |TAMS 0x0000000084a00000| PB 0x0000000084a00000| Complete 
|  75|0x0000000084b00000, 0x0000000084b00000, 0x0000000084c00000|  0%| F|  |TAMS 0x0000000084b00000| PB 0x0000000084b00000| Untracked 
|  76|0x0000000084c00000, 0x0000000084c00000, 0x0000000084d00000|  0%| F|  |TAMS 0x0000000084c00000| PB 0x0000000084c00000| Untracked 
|  77|0x0000000084d00000, 0x0000000084d00000, 0x0000000084e00000|  0%| F|  |TAMS 0x0000000084d00000| PB 0x0000000084d00000| Untracked 
|  78|0x0000000084e00000, 0x0000000084e00000, 0x0000000084f00000|  0%| F|  |TAMS 0x0000000084e00000| PB 0x0000000084e00000| Untracked 
|  79|0x0000000084f00000, 0x0000000084f00000, 0x0000000085000000|  0%| F|  |TAMS 0x0000000084f00000| PB 0x0000000084f00000| Untracked 
|  80|0x0000000085000000, 0x0000000085000000, 0x0000000085100000|  0%| F|  |TAMS 0x0000000085000000| PB 0x0000000085000000| Untracked 
|  81|0x0000000085100000, 0x0000000085100000, 0x0000000085200000|  0%| F|  |TAMS 0x0000000085100000| PB 0x0000000085100000| Untracked 
|  82|0x0000000085200000, 0x0000000085300000, 0x0000000085300000|100%| E|  |TAMS 0x0000000085200000| PB 0x0000000085200000| Complete 
|  83|0x0000000085300000, 0x0000000085400000, 0x0000000085400000|100%| S|CS|TAMS 0x0000000085300000| PB 0x0000000085300000| Complete 
|  84|0x0000000085400000, 0x0000000085500000, 0x0000000085500000|100%| S|CS|TAMS 0x0000000085400000| PB 0x0000000085400000| Complete 
|  85|0x0000000085500000, 0x0000000085600000, 0x0000000085600000|100%| S|CS|TAMS 0x0000000085500000| PB 0x0000000085500000| Complete 
|  86|0x0000000085600000, 0x0000000085700000, 0x0000000085700000|100%| S|CS|TAMS 0x0000000085600000| PB 0x0000000085600000| Complete 
|  87|0x0000000085700000, 0x0000000085800000, 0x0000000085800000|100%| S|CS|TAMS 0x0000000085700000| PB 0x0000000085700000| Complete 
|  88|0x0000000085800000, 0x0000000085900000, 0x0000000085900000|100%| E|CS|TAMS 0x0000000085800000| PB 0x0000000085800000| Complete 
|  89|0x0000000085900000, 0x0000000085a00000, 0x0000000085a00000|100%| E|CS|TAMS 0x0000000085900000| PB 0x0000000085900000| Complete 
|  90|0x0000000085a00000, 0x0000000085b00000, 0x0000000085b00000|100%| E|CS|TAMS 0x0000000085a00000| PB 0x0000000085a00000| Complete 
|  91|0x0000000085b00000, 0x0000000085c00000, 0x0000000085c00000|100%| E|CS|TAMS 0x0000000085b00000| PB 0x0000000085b00000| Complete 
|  92|0x0000000085c00000, 0x0000000085d00000, 0x0000000085d00000|100%| E|CS|TAMS 0x0000000085c00000| PB 0x0000000085c00000| Complete 
|  93|0x0000000085d00000, 0x0000000085e00000, 0x0000000085e00000|100%| E|CS|TAMS 0x0000000085d00000| PB 0x0000000085d00000| Complete 
|  94|0x0000000085e00000, 0x0000000085f00000, 0x0000000085f00000|100%| E|CS|TAMS 0x0000000085e00000| PB 0x0000000085e00000| Complete 
|  95|0x0000000085f00000, 0x0000000086000000, 0x0000000086000000|100%| E|CS|TAMS 0x0000000085f00000| PB 0x0000000085f00000| Complete 
|  96|0x0000000086000000, 0x0000000086100000, 0x0000000086100000|100%| E|CS|TAMS 0x0000000086000000| PB 0x0000000086000000| Complete 
|  97|0x0000000086100000, 0x0000000086200000, 0x0000000086200000|100%| E|CS|TAMS 0x0000000086100000| PB 0x0000000086100000| Complete 
|  98|0x0000000086200000, 0x0000000086300000, 0x0000000086300000|100%| E|CS|TAMS 0x0000000086200000| PB 0x0000000086200000| Complete 
|  99|0x0000000086300000, 0x0000000086400000, 0x0000000086400000|100%| E|CS|TAMS 0x0000000086300000| PB 0x0000000086300000| Complete 
| 100|0x0000000086400000, 0x0000000086500000, 0x0000000086500000|100%| E|CS|TAMS 0x0000000086400000| PB 0x0000000086400000| Complete 
| 101|0x0000000086500000, 0x0000000086600000, 0x0000000086600000|100%| E|CS|TAMS 0x0000000086500000| PB 0x0000000086500000| Complete 
| 102|0x0000000086600000, 0x0000000086700000, 0x0000000086700000|100%| E|CS|TAMS 0x0000000086600000| PB 0x0000000086600000| Complete 
| 103|0x0000000086700000, 0x0000000086800000, 0x0000000086800000|100%| E|CS|TAMS 0x0000000086700000| PB 0x0000000086700000| Complete 
| 104|0x0000000086800000, 0x0000000086900000, 0x0000000086900000|100%| E|CS|TAMS 0x0000000086800000| PB 0x0000000086800000| Complete 
| 105|0x0000000086900000, 0x0000000086a00000, 0x0000000086a00000|100%| E|CS|TAMS 0x0000000086900000| PB 0x0000000086900000| Complete 
| 106|0x0000000086a00000, 0x0000000086b00000, 0x0000000086b00000|100%| E|CS|TAMS 0x0000000086a00000| PB 0x0000000086a00000| Complete 
| 142|0x0000000088e00000, 0x0000000088f00000, 0x0000000088f00000|100%| E|CS|TAMS 0x0000000088e00000| PB 0x0000000088e00000| Complete 
| 143|0x0000000088f00000, 0x0000000089000000, 0x0000000089000000|100%| E|CS|TAMS 0x0000000088f00000| PB 0x0000000088f00000| Complete 
| 144|0x0000000089000000, 0x0000000089100000, 0x0000000089100000|100%| E|CS|TAMS 0x0000000089000000| PB 0x0000000089000000| Complete 
| 145|0x0000000089100000, 0x0000000089200000, 0x0000000089200000|100%| E|CS|TAMS 0x0000000089100000| PB 0x0000000089100000| Complete 
| 146|0x0000000089200000, 0x0000000089300000, 0x0000000089300000|100%| E|CS|TAMS 0x0000000089200000| PB 0x0000000089200000| Complete 
| 147|0x0000000089300000, 0x0000000089400000, 0x0000000089400000|100%| E|CS|TAMS 0x0000000089300000| PB 0x0000000089300000| Complete 
| 148|0x0000000089400000, 0x0000000089500000, 0x0000000089500000|100%| E|CS|TAMS 0x0000000089400000| PB 0x0000000089400000| Complete 
| 149|0x0000000089500000, 0x0000000089600000, 0x0000000089600000|100%| E|CS|TAMS 0x0000000089500000| PB 0x0000000089500000| Complete 
| 150|0x0000000089600000, 0x0000000089700000, 0x0000000089700000|100%| E|CS|TAMS 0x0000000089600000| PB 0x0000000089600000| Complete 
| 151|0x0000000089700000, 0x0000000089800000, 0x0000000089800000|100%| E|CS|TAMS 0x0000000089700000| PB 0x0000000089700000| Complete 
| 152|0x0000000089800000, 0x0000000089900000, 0x0000000089900000|100%| E|  |TAMS 0x0000000089800000| PB 0x0000000089800000| Complete 
| 153|0x0000000089900000, 0x0000000089a00000, 0x0000000089a00000|100%| E|CS|TAMS 0x0000000089900000| PB 0x0000000089900000| Complete 
| 154|0x0000000089a00000, 0x0000000089b00000, 0x0000000089b00000|100%| E|CS|TAMS 0x0000000089a00000| PB 0x0000000089a00000| Complete 
| 246|0x000000008f600000, 0x000000008f700000, 0x000000008f700000|100%| E|CS|TAMS 0x000000008f600000| PB 0x000000008f600000| Complete 
| 247|0x000000008f700000, 0x000000008f800000, 0x000000008f800000|100%| E|CS|TAMS 0x000000008f700000| PB 0x000000008f700000| Complete 
|2040|0x00000000ff800000, 0x00000000ff900000, 0x00000000ff900000|100%| E|CS|TAMS 0x00000000ff800000| PB 0x00000000ff800000| Complete 
|2041|0x00000000ff900000, 0x00000000ffa00000, 0x00000000ffa00000|100%| O|  |TAMS 0x00000000ff900000| PB 0x00000000ff900000| Untracked 
|2042|0x00000000ffa00000, 0x00000000ffb00000, 0x00000000ffb00000|100%| O|  |TAMS 0x00000000ffa00000| PB 0x00000000ffa00000| Untracked 
|2043|0x00000000ffb00000, 0x00000000ffc00000, 0x00000000ffc00000|100%| O|  |TAMS 0x00000000ffb00000| PB 0x00000000ffb00000| Untracked 
|2044|0x00000000ffc00000, 0x00000000ffd00000, 0x00000000ffd00000|100%| O|  |TAMS 0x00000000ffc00000| PB 0x00000000ffc00000| Untracked 
|2045|0x00000000ffd00000, 0x00000000ffe00000, 0x00000000ffe00000|100%| O|  |TAMS 0x00000000ffd00000| PB 0x00000000ffd00000| Untracked 
|2046|0x00000000ffe00000, 0x00000000fff00000, 0x00000000fff00000|100%| O|  |TAMS 0x00000000ffe00000| PB 0x00000000ffe00000| Untracked 
|2047|0x00000000fff00000, 0x0000000100000000, 0x0000000100000000|100%| O|  |TAMS 0x00000000fff00000| PB 0x00000000fff00000| Untracked 

Card table byte_map: [0x000001f5d29e0000,0x000001f5d2de0000] _byte_map_base: 0x000001f5d25e0000

Marking Bits: (CMBitMap*) 0x000001f5bfee6840
 Bits: [0x000001f5d2de0000, 0x000001f5d4de0000)

Polling page: 0x000001f5bdcc0000

Metaspace:

Usage:
  Non-class:     69.27 MB used.
      Class:     11.20 MB used.
       Both:     80.47 MB used.

Virtual space:
  Non-class space:      128.00 MB reserved,      70.38 MB ( 55%) committed,  2 nodes.
      Class space:        1.00 GB reserved,      12.31 MB (  1%) committed,  1 nodes.
             Both:        1.12 GB reserved,      82.69 MB (  7%) committed. 

Chunk freelists:
   Non-Class:  9.20 MB
       Class:  3.67 MB
        Both:  12.88 MB

MaxMetaspaceSize: unlimited
CompressedClassSpaceSize: 1.00 GB
Initial GC threshold: 21.00 MB
Current GC threshold: 127.94 MB
CDS: on
 - commit_granule_bytes: 65536.
 - commit_granule_words: 8192.
 - virtual_space_node_default_size: 8388608.
 - enlarge_chunks_in_place: 1.
 - use_allocation_guard: 0.


Internal statistics:

num_allocs_failed_limit: 9.
num_arena_births: 3916.
num_arena_deaths: 0.
num_vsnodes_births: 3.
num_vsnodes_deaths: 0.
num_space_committed: 1322.
num_space_uncommitted: 0.
num_chunks_returned_to_freelist: 9.
num_chunks_taken_from_freelist: 7815.
num_chunk_merges: 3.
num_chunk_splits: 5069.
num_chunks_enlarged: 3172.
num_inconsistent_stats: 0.

CodeHeap 'non-profiled nmethods': size=120000Kb used=5651Kb max_used=5651Kb free=114348Kb
 bounds [0x000001f5cab50000, 0x000001f5cb0e0000, 0x000001f5d2080000]
CodeHeap 'profiled nmethods': size=120000Kb used=17144Kb max_used=17144Kb free=102855Kb
 bounds [0x000001f5c3080000, 0x000001f5c4140000, 0x000001f5ca5b0000]
CodeHeap 'non-nmethods': size=5760Kb used=2846Kb max_used=2921Kb free=2913Kb
 bounds [0x000001f5ca5b0000, 0x000001f5ca8a0000, 0x000001f5cab50000]
 total_blobs=10272 nmethods=9321 adapters=855
 compilation: enabled
              stopped_count=0, restarted_count=0
 full_count=0

Compilation events (20 events):
Event: 48.245 Thread 0x000001f5d7a6be20 nmethod 10968 0x000001f5c4134c90 code [0x000001f5c4134f40, 0x000001f5c4135ac8]
Event: 48.249 Thread 0x000001f621d3d450 nmethod 10884 0x000001f5cb0cd490 code [0x000001f5cb0cd660, 0x000001f5cb0cdd70]
Event: 48.249 Thread 0x000001f621d3d450 10967       4       java.lang.Class::isAnnotation (17 bytes)
Event: 48.250 Thread 0x000001f621d3d450 nmethod 10967 0x000001f5cb0cdf90 code [0x000001f5cb0ce120, 0x000001f5cb0ce1c0]
Event: 48.250 Thread 0x000001f621d3d450 10969       4       org.gradle.internal.instantiation.generator.AbstractClassGenerator$PropertyMetadata::findAnnotation (22 bytes)
Event: 48.252 Thread 0x000001f5d7a6be20 10970       1       org.gradle.api.services.internal.BuildServiceDetails::getImplementationType (5 bytes)
Event: 48.252 Thread 0x000001f5d7a6be20 nmethod 10970 0x000001f5cb0ce290 code [0x000001f5cb0ce420, 0x000001f5cb0ce4e8]
Event: 48.262 Thread 0x000001f5d7a6be20 10971       3       org.gradle.api.internal.file.AbstractFileCollection::<init> (9 bytes)
Event: 48.263 Thread 0x000001f5d7a6be20 nmethod 10971 0x000001f5c4135f10 code [0x000001f5c41360c0, 0x000001f5c41363a8]
Event: 48.263 Thread 0x000001f5d7a6be20 10972       3       org.gradle.api.tasks.util.internal.PatternSets::getNonCachingPatternSetFactory (4 bytes)
Event: 48.263 Thread 0x000001f5d7a6be20 nmethod 10972 0x000001f5c3ed9c10 code [0x000001f5c3ed9da0, 0x000001f5c3ed9e98]
Event: 48.265 Thread 0x000001f5d7a6be20 10973       3       org.gradle.api.internal.provider.ValueState$NonFinalizedValue::disallowChanges (6 bytes)
Event: 48.265 Thread 0x000001f5d7a6be20 nmethod 10973 0x000001f5c4136510 code [0x000001f5c41366a0, 0x000001f5c41367b0]
Event: 48.265 Thread 0x000001f5d7a6be20 10974       3       org.gradle.internal.reflect.JavaReflectionUtil::getWrapperTypeForPrimitiveType (101 bytes)
Event: 48.267 Thread 0x000001f5d7a6be20 nmethod 10974 0x000001f5c4136890 code [0x000001f5c4136b80, 0x000001f5c41379c0]
Event: 48.267 Thread 0x000001f5d7a6be20 10976       3       org.gradle.internal.logging.slf4j.OutputEventListenerBackedLogger::isLevelAtMost (20 bytes)
Event: 48.268 Thread 0x000001f5d7a6be20 nmethod 10976 0x000001f5c4137d90 code [0x000001f5c4137f60, 0x000001f5c4138278]
Event: 48.268 Thread 0x000001f5d7a6be20 10975       1       org.gradle.api.internal.AbstractTask::getState (5 bytes)
Event: 48.268 Thread 0x000001f5d7a6be20 nmethod 10975 0x000001f5cb0ce590 code [0x000001f5cb0ce720, 0x000001f5cb0ce7e8]
Event: 48.271 Thread 0x000001f5d7a6be20 10977       3       org.gradle.internal.instantiation.generator.AsmBackedClassGenerator$ClassBuilderImpl::generateToStringSupport (17 bytes)

GC Heap History (20 events):
Event: 31.656 GC heap before
{Heap before GC invocations=20 (full 0):
 garbage-first heap   total 108544K, used 98228K [0x0000000080000000, 0x0000000100000000)
  region size 1024K, 36 young (36864K), 1 survivors (1024K)
 Metaspace       used 58996K, committed 60864K, reserved 1114112K
  class space    used 8216K, committed 9152K, reserved 1048576K
}
Event: 31.659 GC heap after
{Heap after GC invocations=21 (full 0):
 garbage-first heap   total 108544K, used 64152K [0x0000000080000000, 0x0000000100000000)
  region size 1024K, 2 young (2048K), 2 survivors (2048K)
 Metaspace       used 58996K, committed 60864K, reserved 1114112K
  class space    used 8216K, committed 9152K, reserved 1048576K
}
Event: 42.352 GC heap before
{Heap before GC invocations=21 (full 0):
 garbage-first heap   total 108544K, used 99992K [0x0000000080000000, 0x0000000100000000)
  region size 1024K, 36 young (36864K), 2 survivors (2048K)
 Metaspace       used 62321K, committed 64192K, reserved 1114112K
  class space    used 8582K, committed 9536K, reserved 1048576K
}
Event: 42.356 GC heap after
{Heap after GC invocations=22 (full 0):
 garbage-first heap   total 108544K, used 66358K [0x0000000080000000, 0x0000000100000000)
  region size 1024K, 5 young (5120K), 5 survivors (5120K)
 Metaspace       used 62321K, committed 64192K, reserved 1114112K
  class space    used 8582K, committed 9536K, reserved 1048576K
}
Event: 42.829 GC heap before
{Heap before GC invocations=22 (full 0):
 garbage-first heap   total 108544K, used 86838K [0x0000000080000000, 0x0000000100000000)
  region size 1024K, 27 young (27648K), 5 survivors (5120K)
 Metaspace       used 64161K, committed 66112K, reserved 1114112K
  class space    used 8887K, committed 9856K, reserved 1048576K
}
Event: 42.834 GC heap after
{Heap after GC invocations=23 (full 0):
 garbage-first heap   total 108544K, used 68320K [0x0000000080000000, 0x0000000100000000)
  region size 1024K, 5 young (5120K), 5 survivors (5120K)
 Metaspace       used 64161K, committed 66112K, reserved 1114112K
  class space    used 8887K, committed 9856K, reserved 1048576K
}
Event: 43.262 GC heap before
{Heap before GC invocations=24 (full 0):
 garbage-first heap   total 122880K, used 100064K [0x0000000080000000, 0x0000000100000000)
  region size 1024K, 32 young (32768K), 5 survivors (5120K)
 Metaspace       used 65411K, committed 67392K, reserved 1114112K
  class space    used 9059K, committed 10048K, reserved 1048576K
}
Event: 43.268 GC heap after
{Heap after GC invocations=25 (full 0):
 garbage-first heap   total 122880K, used 71814K [0x0000000080000000, 0x0000000100000000)
  region size 1024K, 4 young (4096K), 4 survivors (4096K)
 Metaspace       used 65411K, committed 67392K, reserved 1114112K
  class space    used 9059K, committed 10048K, reserved 1048576K
}
Event: 43.871 GC heap before
{Heap before GC invocations=25 (full 0):
 garbage-first heap   total 122880K, used 106630K [0x0000000080000000, 0x0000000100000000)
  region size 1024K, 38 young (38912K), 4 survivors (4096K)
 Metaspace       used 67766K, committed 69824K, reserved 1114112K
  class space    used 9350K, committed 10368K, reserved 1048576K
}
Event: 43.877 GC heap after
{Heap after GC invocations=26 (full 0):
 garbage-first heap   total 122880K, used 72820K [0x0000000080000000, 0x0000000100000000)
  region size 1024K, 2 young (2048K), 2 survivors (2048K)
 Metaspace       used 67766K, committed 69824K, reserved 1114112K
  class space    used 9350K, committed 10368K, reserved 1048576K
}
Event: 44.304 GC heap before
{Heap before GC invocations=26 (full 0):
 garbage-first heap   total 122880K, used 108660K [0x0000000080000000, 0x0000000100000000)
  region size 1024K, 37 young (37888K), 2 survivors (2048K)
 Metaspace       used 68362K, committed 70400K, reserved 1114112K
  class space    used 9454K, committed 10496K, reserved 1048576K
}
Event: 44.308 GC heap after
{Heap after GC invocations=27 (full 0):
 garbage-first heap   total 122880K, used 75454K [0x0000000080000000, 0x0000000100000000)
  region size 1024K, 5 young (5120K), 5 survivors (5120K)
 Metaspace       used 68362K, committed 70400K, reserved 1114112K
  class space    used 9454K, committed 10496K, reserved 1048576K
}
Event: 44.889 GC heap before
{Heap before GC invocations=28 (full 0):
 garbage-first heap   total 128000K, used 109246K [0x0000000080000000, 0x0000000100000000)
  region size 1024K, 38 young (38912K), 5 survivors (5120K)
 Metaspace       used 70517K, committed 72640K, reserved 1114112K
  class space    used 9737K, committed 10816K, reserved 1048576K
}
Event: 44.893 GC heap after
{Heap after GC invocations=29 (full 0):
 garbage-first heap   total 128000K, used 77127K [0x0000000080000000, 0x0000000100000000)
  region size 1024K, 5 young (5120K), 5 survivors (5120K)
 Metaspace       used 70517K, committed 72640K, reserved 1114112K
  class space    used 9737K, committed 10816K, reserved 1048576K
}
Event: 45.545 GC heap before
{Heap before GC invocations=29 (full 0):
 garbage-first heap   total 128000K, used 116039K [0x0000000080000000, 0x0000000100000000)
  region size 1024K, 42 young (43008K), 5 survivors (5120K)
 Metaspace       used 73279K, committed 75392K, reserved 1114112K
  class space    used 10150K, committed 11200K, reserved 1048576K
}
Event: 45.550 GC heap after
{Heap after GC invocations=30 (full 0):
 garbage-first heap   total 128000K, used 77354K [0x0000000080000000, 0x0000000100000000)
  region size 1024K, 3 young (3072K), 3 survivors (3072K)
 Metaspace       used 73279K, committed 75392K, reserved 1114112K
  class space    used 10150K, committed 11200K, reserved 1048576K
}
Event: 46.268 GC heap before
{Heap before GC invocations=30 (full 0):
 garbage-first heap   total 128000K, used 116266K [0x0000000080000000, 0x0000000100000000)
  region size 1024K, 41 young (41984K), 3 survivors (3072K)
 Metaspace       used 76265K, committed 78336K, reserved 1179648K
  class space    used 10670K, committed 11712K, reserved 1048576K
}
Event: 46.274 GC heap after
{Heap after GC invocations=31 (full 0):
 garbage-first heap   total 128000K, used 78928K [0x0000000080000000, 0x0000000100000000)
  region size 1024K, 5 young (5120K), 5 survivors (5120K)
 Metaspace       used 76265K, committed 78336K, reserved 1179648K
  class space    used 10670K, committed 11712K, reserved 1048576K
}
Event: 47.077 GC heap before
{Heap before GC invocations=32 (full 0):
 garbage-first heap   total 133120K, used 113744K [0x0000000080000000, 0x0000000100000000)
  region size 1024K, 40 young (40960K), 5 survivors (5120K)
 Metaspace       used 78484K, committed 80576K, reserved 1179648K
  class space    used 10970K, committed 12032K, reserved 1048576K
}
Event: 47.086 GC heap after
{Heap after GC invocations=33 (full 0):
 garbage-first heap   total 133120K, used 82333K [0x0000000080000000, 0x0000000100000000)
  region size 1024K, 5 young (5120K), 5 survivors (5120K)
 Metaspace       used 78484K, committed 80576K, reserved 1179648K
  class space    used 10970K, committed 12032K, reserved 1048576K
}

Dll operation events (14 events):
Event: 0.013 Loaded shared library C:\Users\abhig\.vscode\extensions\redhat.java-1.41.1-win32-x64\jre\21.0.6-win32-x86_64\bin\java.dll
Event: 0.134 Loaded shared library C:\Users\abhig\.vscode\extensions\redhat.java-1.41.1-win32-x64\jre\21.0.6-win32-x86_64\bin\zip.dll
Event: 0.177 Loaded shared library C:\Users\abhig\.vscode\extensions\redhat.java-1.41.1-win32-x64\jre\21.0.6-win32-x86_64\bin\instrument.dll
Event: 0.185 Loaded shared library C:\Users\abhig\.vscode\extensions\redhat.java-1.41.1-win32-x64\jre\21.0.6-win32-x86_64\bin\net.dll
Event: 0.189 Loaded shared library C:\Users\abhig\.vscode\extensions\redhat.java-1.41.1-win32-x64\jre\21.0.6-win32-x86_64\bin\nio.dll
Event: 0.195 Loaded shared library C:\Users\abhig\.vscode\extensions\redhat.java-1.41.1-win32-x64\jre\21.0.6-win32-x86_64\bin\zip.dll
Event: 0.584 Loaded shared library C:\Users\abhig\.vscode\extensions\redhat.java-1.41.1-win32-x64\jre\21.0.6-win32-x86_64\bin\jimage.dll
Event: 0.794 Loaded shared library C:\Users\abhig\.vscode\extensions\redhat.java-1.41.1-win32-x64\jre\21.0.6-win32-x86_64\bin\verify.dll
Event: 1.036 Loaded shared library C:\Users\abhig\.gradle\native\c067742578af261105cb4f569cf0c3c89f3d7b1fecec35dd04571415982c5e48\windows-amd64\native-platform.dll
Event: 1.042 Loaded shared library C:\Users\abhig\.gradle\native\100fb08df4bc3b14c8652ba06237920a3bd2aa13389f12d3474272988ae205f9\windows-amd64\native-platform-file-events.dll
Event: 2.660 Loaded shared library C:\Users\abhig\.vscode\extensions\redhat.java-1.41.1-win32-x64\jre\21.0.6-win32-x86_64\bin\management.dll
Event: 2.664 Loaded shared library C:\Users\abhig\.vscode\extensions\redhat.java-1.41.1-win32-x64\jre\21.0.6-win32-x86_64\bin\management_ext.dll
Event: 2.983 Loaded shared library C:\Users\abhig\.vscode\extensions\redhat.java-1.41.1-win32-x64\jre\21.0.6-win32-x86_64\bin\extnet.dll
Event: 3.226 Loaded shared library C:\Users\abhig\.vscode\extensions\redhat.java-1.41.1-win32-x64\jre\21.0.6-win32-x86_64\bin\sunmscapi.dll

Deoptimization events (20 events):
Event: 47.944 Thread 0x000001f620f9b000 DEOPT PACKING pc=0x000001f5cb053c6c sp=0x0000006789afe520
Event: 47.944 Thread 0x000001f620f9b000 DEOPT UNPACKING pc=0x000001f5ca6046a2 sp=0x0000006789afe450 mode 2
Event: 48.065 Thread 0x000001f61ee50310 Uncommon trap: trap_request=0xffffffde fr.pc=0x000001f5cabd6ac4 relative=0x0000000000000284
Event: 48.065 Thread 0x000001f61ee50310 Uncommon trap: reason=class_check action=maybe_recompile pc=0x000001f5cabd6ac4 method=java.util.stream.StreamOpFlag.fromCharacteristics(Ljava/util/Spliterator;)I @ 14 c2
Event: 48.065 Thread 0x000001f61ee50310 DEOPT PACKING pc=0x000001f5cabd6ac4 sp=0x00000067854fb1d0
Event: 48.065 Thread 0x000001f61ee50310 DEOPT UNPACKING pc=0x000001f5ca6046a2 sp=0x00000067854fb0b8 mode 2
Event: 48.068 Thread 0x000001f61ee50310 Uncommon trap: trap_request=0xfffffff4 fr.pc=0x000001f5cb0bcf00 relative=0x000000000000a5c0
Event: 48.068 Thread 0x000001f61ee50310 Uncommon trap: reason=null_check action=make_not_entrant pc=0x000001f5cb0bcf00 method=org.gradle.internal.instantiation.generator.AbstractClassGenerator$PropertyMetadata.addGetter(Lorg/gradle/internal/instantiation/generator/AbstractClassGenerator$MethodM
Event: 48.068 Thread 0x000001f61ee50310 DEOPT PACKING pc=0x000001f5cb0bcf00 sp=0x00000067854f9c50
Event: 48.069 Thread 0x000001f61ee50310 DEOPT UNPACKING pc=0x000001f5ca6046a2 sp=0x00000067854f9b70 mode 2
Event: 48.079 Thread 0x000001f61ee50310 Uncommon trap: trap_request=0xfffffff4 fr.pc=0x000001f5cb0a0014 relative=0x0000000000000074
Event: 48.079 Thread 0x000001f61ee50310 Uncommon trap: reason=null_check action=make_not_entrant pc=0x000001f5cb0a0014 method=java.lang.Class.isAnnotation()Z @ 1 c2
Event: 48.079 Thread 0x000001f61ee50310 DEOPT PACKING pc=0x000001f5cb0a0014 sp=0x00000067854f9af0
Event: 48.079 Thread 0x000001f61ee50310 DEOPT UNPACKING pc=0x000001f5ca6046a2 sp=0x00000067854f9a80 mode 2
Event: 48.100 Thread 0x000001f61ee50310 DEOPT PACKING pc=0x000001f5c3e86075 sp=0x00000067854f9120
Event: 48.100 Thread 0x000001f61ee50310 DEOPT UNPACKING pc=0x000001f5ca604e42 sp=0x00000067854f8670 mode 0
Event: 48.105 Thread 0x000001f61ee50310 DEOPT PACKING pc=0x000001f5c3e86075 sp=0x00000067854f91c0
Event: 48.105 Thread 0x000001f61ee50310 DEOPT UNPACKING pc=0x000001f5ca604e42 sp=0x00000067854f8710 mode 0
Event: 48.176 Thread 0x000001f61ee50310 DEOPT PACKING pc=0x000001f5c3d143b0 sp=0x00000067854f9740
Event: 48.176 Thread 0x000001f61ee50310 DEOPT UNPACKING pc=0x000001f5ca604e42 sp=0x00000067854f8c60 mode 0

Classes loaded (20 events):
Event: 45.109 Loading class java/util/Currency
Event: 45.109 Loading class java/util/Currency done
Event: 45.117 Loading class java/util/concurrent/atomic/AtomicLongArray
Event: 45.117 Loading class java/util/concurrent/atomic/AtomicLongArray done
Event: 45.160 Loading class sun/reflect/generics/repository/FieldRepository
Event: 45.160 Loading class sun/reflect/generics/repository/FieldRepository done
Event: 45.181 Loading class jdk/internal/vm/annotation/ForceInline
Event: 45.182 Loading class jdk/internal/vm/annotation/ForceInline done
Event: 45.286 Loading class java/util/regex/Pattern$Caret
Event: 45.287 Loading class java/util/regex/Pattern$Caret done
Event: 47.373 Loading class sun/nio/ch/ChannelOutputStream
Event: 47.373 Loading class sun/nio/ch/ChannelOutputStream done
Event: 47.377 Loading class java/util/concurrent/ConcurrentLinkedQueue$Itr
Event: 47.378 Loading class java/util/concurrent/ConcurrentLinkedQueue$Itr done
Event: 47.937 Loading class java/util/TreeMap$KeySpliterator
Event: 47.937 Loading class java/util/TreeMap$TreeMapSpliterator
Event: 47.938 Loading class java/util/TreeMap$TreeMapSpliterator done
Event: 47.938 Loading class java/util/TreeMap$KeySpliterator done
Event: 48.056 Loading class java/util/TreeMap$ValueSpliterator
Event: 48.056 Loading class java/util/TreeMap$ValueSpliterator done

Classes unloaded (0 events):
No events

Classes redefined (0 events):
No events

Internal exceptions (20 events):
Event: 46.648 Thread 0x000001f61ee50310 Exception <a 'java/lang/ClassNotFoundException'{0x0000000086ab5ff0}: com/android/build/gradle/internal/api/BaseVariantOutputImplCustomizer> (0x0000000086ab5ff0) 
thrown [s\src\hotspot\share\classfile\systemDictionary.cpp, line 312]
Event: 46.652 Thread 0x000001f61ee50310 Exception <a 'java/lang/ClassNotFoundException'{0x0000000086ad6f10}: com/android/build/gradle/internal/api/ApkVariantOutputImplCustomizer> (0x0000000086ad6f10) 
thrown [s\src\hotspot\share\classfile\systemDictionary.cpp, line 312]
Event: 46.655 Thread 0x000001f61ee50310 Exception <a 'java/lang/ClassNotFoundException'{0x0000000086af32b0}: com/android/build/gradle/internal/api/ApkVariantOutputImpl_DecoratedCustomizer> (0x0000000086af32b0) 
thrown [s\src\hotspot\share\classfile\systemDictionary.cpp, line 312]
Event: 46.689 Thread 0x000001f61ee50310 Exception <a 'java/lang/NoClassDefFoundError'{0x000000008680a5b0}: org/jetbrains/kotlin/gradle/plugin/KotlinBasePluginWrapper> (0x000000008680a5b0) 
thrown [s\src\hotspot\share\oops\constantPool.cpp, line 873]
Event: 47.265 Thread 0x000001f61ee50310 Exception <a 'java/lang/NoSuchMethodError'{0x00000000899b54d0}: static Lcom/android/build/gradle/internal/profile/ProjectData;.<clinit>()V> (0x00000000899b54d0) 
thrown [s\src\hotspot\share\prims\jni.cpp, line 1111]
Event: 47.371 Thread 0x000001f61ee50310 Exception <a 'sun/nio/fs/WindowsException'{0x000000008966a028}> (0x000000008966a028) 
thrown [s\src\hotspot\share\prims\jni.cpp, line 520]
Event: 47.374 Thread 0x000001f61ee50310 Exception <a 'java/lang/NoSuchMethodError'{0x0000000089675d90}: 'void java.lang.invoke.DirectMethodHandle$Holder.invokeStatic(java.lang.Object, java.lang.Object, int, long)'> (0x0000000089675d90) 
thrown [s\src\hotspot\share\interpreter\linkResolver.cpp, line 773]
Event: 47.375 Thread 0x000001f61ee50310 Exception <a 'java/lang/NoSuchMethodError'{0x000000008967dfc0}: 'java.lang.Object java.lang.invoke.DirectMethodHandle$Holder.newInvokeSpecial(java.lang.Object, java.lang.Object, int, long)'> (0x000000008967dfc0) 
thrown [s\src\hotspot\share\interpreter\linkResolver.cpp, line 773]
Event: 47.376 Thread 0x000001f61ee50310 Exception <a 'java/lang/NoSuchMethodError'{0x0000000089682c20}: 'java.lang.Object java.lang.invoke.DirectMethodHandle$Holder.invokeSpecial(java.lang.Object, java.lang.Object, java.lang.Object, int, long)'> (0x0000000089682c20) 
thrown [s\src\hotspot\share\interpreter\linkResolver.cpp, line 773]
Event: 47.657 Thread 0x000001f61e95b530 Exception <a 'java/lang/NoSuchMethodError'{0x0000000088f87ed8}: static Lorg/gradle/tooling/internal/provider/PhasedBuildActionResult;.<clinit>()V> (0x0000000088f87ed8) 
thrown [s\src\hotspot\share\prims\jni.cpp, line 1111]
Event: 47.658 Thread 0x000001f61e95b530 Exception <a 'java/lang/NoSuchMethodError'{0x0000000088f903a0}: static Lorg/gradle/tooling/internal/provider/serialization/SerializedPayload;.<clinit>()V> (0x0000000088f903a0) 
thrown [s\src\hotspot\share\prims\jni.cpp, line 1111]
Event: 47.830 Thread 0x000001f620f9e480 Exception <a 'java/lang/NoSuchMethodError'{0x0000000086853c30}: 'java.lang.Object java.lang.invoke.DirectMethodHandle$Holder.newInvokeSpecial(java.lang.Object, java.lang.Object, int, java.lang.Object, java.lang.Object)'> (0x0000000086853c30) 
thrown [s\src\hotspot\share\interpreter\linkResolver.cpp, line 773]
Event: 47.927 Thread 0x000001f620f9b000 Exception <a 'java/lang/NoSuchMethodError'{0x000000008643ffc0}: 'java.lang.Object java.lang.invoke.DirectMethodHandle$Holder.invokeVirtual(java.lang.Object, java.lang.Object, java.lang.Object, java.lang.Object, java.lang.Object, java.lang.Object, java.lang.Object, java.lang.Object, java.lang.Object, java.lang.Object, java.lang.Object, java.lang.Object, java.lang.Object, java.lang.Object, java.lang.Object, java.lang.Object, java.lang.Object, java.lang.Object, java.lang.Object)'> (0x000000008643ffc0) 
thrown
Event: 47.945 Thread 0x000001f61e95b530 Exception <a 'java/lang/NoSuchMethodError'{0x000000008632d268}: static Lorg/gradle/internal/build/event/types/DefaultTaskStartedProgressEvent;.<clinit>()V> (0x000000008632d268) 
thrown [s\src\hotspot\share\prims\jni.cpp, line 1111]
Event: 47.946 Thread 0x000001f61e95b530 Exception <a 'java/lang/NoSuchMethodError'{0x0000000086336f58}: static Lorg/gradle/internal/build/event/types/DefaultTaskDescriptor;.<clinit>()V> (0x0000000086336f58) 
thrown [s\src\hotspot\share\prims\jni.cpp, line 1111]
Event: 47.986 Thread 0x000001f61e95b530 Exception <a 'java/lang/NoSuchMethodError'{0x0000000086355a70}: static Lorg/gradle/internal/build/event/types/DefaultTaskFinishedProgressEvent;.<clinit>()V> (0x0000000086355a70) 
thrown [s\src\hotspot\share\prims\jni.cpp, line 1111]
Event: 48.015 Thread 0x000001f61e95b530 Exception <a 'java/lang/NoSuchMethodError'{0x00000000863686e8}: static Lorg/gradle/internal/build/event/types/DefaultTaskSuccessResult;.<clinit>()V> (0x00000000863686e8) 
thrown [s\src\hotspot\share\prims\jni.cpp, line 1111]
Event: 48.016 Thread 0x000001f61e95b530 Exception <a 'java/lang/NoSuchMethodError'{0x00000000863699a0}: static Lorg/gradle/internal/build/event/types/AbstractTaskResult;.<clinit>()V> (0x00000000863699a0) 
thrown [s\src\hotspot\share\prims\jni.cpp, line 1111]
Event: 48.061 Thread 0x000001f61ee50310 Exception <a 'java/lang/NoSuchMethodError'{0x00000000869fd038}: 'java.lang.Object java.lang.invoke.DirectMethodHandle$Holder.invokeStatic(java.lang.Object, int, java.lang.Object)'> (0x00000000869fd038) 
thrown [s\src\hotspot\share\interpreter\linkResolver.cpp, line 773]
Event: 48.068 Thread 0x000001f61ee50310 Implicit null exception at 0x000001f5cb0b56a0 to 0x000001f5cb0bce80

ZGC Phase Switch (0 events):
No events

VM Operations (20 events):
Event: 44.402 Executing VM operation: G1PauseCleanup
Event: 44.402 Executing VM operation: G1PauseCleanup done
Event: 44.889 Executing VM operation: G1CollectForAllocation (G1 Evacuation Pause)
Event: 44.894 Executing VM operation: G1CollectForAllocation (G1 Evacuation Pause) done
Event: 45.545 Executing VM operation: G1CollectForAllocation (G1 Evacuation Pause)
Event: 45.550 Executing VM operation: G1CollectForAllocation (G1 Evacuation Pause) done
Event: 46.268 Executing VM operation: G1CollectForAllocation (G1 Evacuation Pause)
Event: 46.274 Executing VM operation: G1CollectForAllocation (G1 Evacuation Pause) done
Event: 46.339 Executing VM operation: G1PauseRemark
Event: 46.346 Executing VM operation: G1PauseRemark done
Event: 46.377 Executing VM operation: G1PauseCleanup
Event: 46.378 Executing VM operation: G1PauseCleanup done
Event: 47.077 Executing VM operation: G1CollectForAllocation (G1 Evacuation Pause)
Event: 47.086 Executing VM operation: G1CollectForAllocation (G1 Evacuation Pause) done
Event: 47.411 Executing VM operation: HandshakeAllThreads (Deoptimize)
Event: 47.411 Executing VM operation: HandshakeAllThreads (Deoptimize) done
Event: 47.943 Executing VM operation: HandshakeAllThreads (Deoptimize)
Event: 47.943 Executing VM operation: HandshakeAllThreads (Deoptimize) done
Event: 47.959 Executing VM operation: HandshakeAllThreads (Deoptimize)
Event: 47.960 Executing VM operation: HandshakeAllThreads (Deoptimize) done

Memory protections (0 events):
No events

Nmethod flushes (20 events):
Event: 46.344 Thread 0x000001f5d7a34a40 flushing  nmethod 0x000001f5c3920390
Event: 46.344 Thread 0x000001f5d7a34a40 flushing  nmethod 0x000001f5cadff090
Event: 46.344 Thread 0x000001f5d7a34a40 flushing  nmethod 0x000001f5c337fd10
Event: 46.344 Thread 0x000001f5d7a34a40 flushing  nmethod 0x000001f5c30b3310
Event: 46.344 Thread 0x000001f5d7a34a40 flushing  nmethod 0x000001f5c3319790
Event: 46.344 Thread 0x000001f5d7a34a40 flushing  nmethod 0x000001f5c331a890
Event: 46.344 Thread 0x000001f5d7a34a40 flushing  nmethod 0x000001f5c3406e90
Event: 46.344 Thread 0x000001f5d7a34a40 flushing  nmethod 0x000001f5c3407310
Event: 46.344 Thread 0x000001f5d7a34a40 flushing  nmethod 0x000001f5c365b410
Event: 46.344 Thread 0x000001f5d7a34a40 flushing osr nmethod 0x000001f5c3abb110
Event: 46.344 Thread 0x000001f5d7a34a40 flushing  nmethod 0x000001f5caeff410
Event: 46.344 Thread 0x000001f5d7a34a40 flushing  nmethod 0x000001f5c30dae90
Event: 46.344 Thread 0x000001f5d7a34a40 flushing  nmethod 0x000001f5c30de610
Event: 46.344 Thread 0x000001f5d7a34a40 flushing  nmethod 0x000001f5c30e3490
Event: 46.344 Thread 0x000001f5d7a34a40 flushing  nmethod 0x000001f5c3145f90
Event: 46.344 Thread 0x000001f5d7a34a40 flushing  nmethod 0x000001f5c37a5a10
Event: 46.344 Thread 0x000001f5d7a34a40 flushing  nmethod 0x000001f5c37ad590
Event: 46.344 Thread 0x000001f5d7a34a40 flushing  nmethod 0x000001f5c37af090
Event: 46.344 Thread 0x000001f5d7a34a40 flushing  nmethod 0x000001f5c3b28510
Event: 46.344 Thread 0x000001f5d7a34a40 flushing  nmethod 0x000001f5c3b2de10

Events (20 events):
Event: 43.305 Thread 0x000001f5d7a6be20 Thread added: 0x000001f621d3f660
Event: 44.251 Thread 0x000001f5d7a6be20 Thread added: 0x000001f621d3bfe0
Event: 45.599 Thread 0x000001f621d3bfe0 Thread exited: 0x000001f621d3bfe0
Event: 46.661 Thread 0x000001f5d7a6be20 Thread added: 0x000001f621d3d450
Event: 47.376 Thread 0x000001f61ee50310 Thread added: 0x000001f620fa1f90
Event: 47.507 Thread 0x000001f621d3d450 Thread exited: 0x000001f621d3d450
Event: 47.812 Thread 0x000001f61ee50310 Thread added: 0x000001f620f9e480
Event: 47.835 Thread 0x000001f620f9e480 Thread added: 0x000001f620f9b000
Event: 47.835 Thread 0x000001f620f9e480 Thread added: 0x000001f620fa2620
Event: 47.835 Thread 0x000001f620f9e480 Thread added: 0x000001f620f9b690
Event: 47.835 Thread 0x000001f620f9e480 Thread added: 0x000001f620f9d0d0
Event: 47.836 Thread 0x000001f620f9e480 Thread added: 0x000001f61f020650
Event: 47.836 Thread 0x000001f620f9e480 Thread added: 0x000001f621c2ef30
Event: 47.837 Thread 0x000001f620f9e480 Thread added: 0x000001f621c2f5c0
Event: 47.837 Thread 0x000001f620f9e480 Thread added: 0x000001f621c2d4f0
Event: 47.838 Thread 0x000001f620f9e480 Thread added: 0x000001f621c2ce60
Event: 47.839 Thread 0x000001f620f9e480 Thread added: 0x000001f621c2db80
Event: 47.839 Thread 0x000001f620f9e480 Thread added: 0x000001f621c2e210
Event: 47.888 Thread 0x000001f620f9b000 Thread added: 0x000001f621c2e8a0
Event: 48.176 Thread 0x000001f5d7a6be20 Thread added: 0x000001f621d3d450


Dynamic libraries:
0x00007ff6ddef0000 - 0x00007ff6ddefe000 	C:\Users\abhig\.vscode\extensions\redhat.java-1.41.1-win32-x64\jre\21.0.6-win32-x86_64\bin\java.exe
0x00007ffe8a3f0000 - 0x00007ffe8a607000 	C:\Windows\SYSTEM32\ntdll.dll
0x00007ffe89890000 - 0x00007ffe89954000 	C:\Windows\System32\KERNEL32.DLL
0x00007ffe87620000 - 0x00007ffe879f3000 	C:\Windows\System32\KERNELBASE.dll
0x00007ffe87500000 - 0x00007ffe87611000 	C:\Windows\System32\ucrtbase.dll
0x00007ffe564a0000 - 0x00007ffe564be000 	C:\Users\abhig\.vscode\extensions\redhat.java-1.41.1-win32-x64\jre\21.0.6-win32-x86_64\bin\VCRUNTIME140.dll
0x00007ffe58520000 - 0x00007ffe58538000 	C:\Users\abhig\.vscode\extensions\redhat.java-1.41.1-win32-x64\jre\21.0.6-win32-x86_64\bin\jli.dll
0x00007ffe896a0000 - 0x00007ffe89851000 	C:\Windows\System32\USER32.dll
0x00007ffe87c60000 - 0x00007ffe87c86000 	C:\Windows\System32\win32u.dll
0x00007ffe75af0000 - 0x00007ffe75d88000 	C:\Windows\WinSxS\amd64_microsoft.windows.common-controls_6595b64144ccf1df_6.0.22621.5124_none_270e8f4f7386d69d\COMCTL32.dll
0x00007ffe895f0000 - 0x00007ffe89697000 	C:\Windows\System32\msvcrt.dll
0x00007ffe88980000 - 0x00007ffe889a9000 	C:\Windows\System32\GDI32.dll
0x00007ffe87c90000 - 0x00007ffe87dab000 	C:\Windows\System32\gdi32full.dll
0x00007ffe87a80000 - 0x00007ffe87b1a000 	C:\Windows\System32\msvcp_win.dll
0x00007ffe8a100000 - 0x00007ffe8a131000 	C:\Windows\System32\IMM32.DLL
0x00007ffe727b0000 - 0x00007ffe727bc000 	C:\Users\abhig\.vscode\extensions\redhat.java-1.41.1-win32-x64\jre\21.0.6-win32-x86_64\bin\vcruntime140_1.dll
0x00007ffe52590000 - 0x00007ffe5261d000 	C:\Users\abhig\.vscode\extensions\redhat.java-1.41.1-win32-x64\jre\21.0.6-win32-x86_64\bin\msvcp140.dll
0x00007ffde21a0000 - 0x00007ffde2f30000 	C:\Users\abhig\.vscode\extensions\redhat.java-1.41.1-win32-x64\jre\21.0.6-win32-x86_64\bin\server\jvm.dll
0x00007ffe8a2f0000 - 0x00007ffe8a3a1000 	C:\Windows\System32\ADVAPI32.dll
0x00007ffe889b0000 - 0x00007ffe88a58000 	C:\Windows\System32\sechost.dll
0x00007ffe87db0000 - 0x00007ffe87dd8000 	C:\Windows\System32\bcrypt.dll
0x00007ffe89980000 - 0x00007ffe89a94000 	C:\Windows\System32\RPCRT4.dll
0x00007ffe8a270000 - 0x00007ffe8a2e1000 	C:\Windows\System32\WS2_32.dll
0x00007ffe86340000 - 0x00007ffe8638d000 	C:\Windows\SYSTEM32\POWRPROF.dll
0x00007ffe81600000 - 0x00007ffe81634000 	C:\Windows\SYSTEM32\WINMM.dll
0x00007ffe7bd80000 - 0x00007ffe7bd8a000 	C:\Windows\SYSTEM32\VERSION.dll
0x00007ffe86320000 - 0x00007ffe86333000 	C:\Windows\SYSTEM32\UMPDC.dll
0x00007ffe865e0000 - 0x00007ffe865f8000 	C:\Windows\SYSTEM32\kernel.appcore.dll
0x00007ffe72540000 - 0x00007ffe7254a000 	C:\Users\abhig\.vscode\extensions\redhat.java-1.41.1-win32-x64\jre\21.0.6-win32-x86_64\bin\jimage.dll
0x00007ffe84900000 - 0x00007ffe84b32000 	C:\Windows\SYSTEM32\DBGHELP.DLL
0x00007ffe89140000 - 0x00007ffe894d2000 	C:\Windows\System32\combase.dll
0x00007ffe88ff0000 - 0x00007ffe890c7000 	C:\Windows\System32\OLEAUT32.dll
0x00007ffe5dfb0000 - 0x00007ffe5dfe2000 	C:\Windows\SYSTEM32\dbgcore.DLL
0x00007ffe87a00000 - 0x00007ffe87a7b000 	C:\Windows\System32\bcryptPrimitives.dll
0x00007ffe701c0000 - 0x00007ffe701cf000 	C:\Users\abhig\.vscode\extensions\redhat.java-1.41.1-win32-x64\jre\21.0.6-win32-x86_64\bin\instrument.dll
0x00007ffe54e90000 - 0x00007ffe54eaf000 	C:\Users\abhig\.vscode\extensions\redhat.java-1.41.1-win32-x64\jre\21.0.6-win32-x86_64\bin\java.dll
0x00007ffe880e0000 - 0x00007ffe88976000 	C:\Windows\System32\SHELL32.dll
0x00007ffe87de0000 - 0x00007ffe87f1f000 	C:\Windows\System32\wintypes.dll
0x00007ffe853e0000 - 0x00007ffe85cfa000 	C:\Windows\SYSTEM32\windows.storage.dll
0x00007ffe88ee0000 - 0x00007ffe88fea000 	C:\Windows\System32\SHCORE.dll
0x00007ffe890d0000 - 0x00007ffe89133000 	C:\Windows\System32\shlwapi.dll
0x00007ffe87430000 - 0x00007ffe8745b000 	C:\Windows\SYSTEM32\profapi.dll
0x00007ffe54680000 - 0x00007ffe54698000 	C:\Users\abhig\.vscode\extensions\redhat.java-1.41.1-win32-x64\jre\21.0.6-win32-x86_64\bin\zip.dll
0x00007ffe72530000 - 0x00007ffe72540000 	C:\Users\abhig\.vscode\extensions\redhat.java-1.41.1-win32-x64\jre\21.0.6-win32-x86_64\bin\net.dll
0x00007ffe82d30000 - 0x00007ffe82e5c000 	C:\Windows\SYSTEM32\WINHTTP.dll
0x00007ffe86a60000 - 0x00007ffe86aca000 	C:\Windows\system32\mswsock.dll
0x00007ffe53f50000 - 0x00007ffe53f66000 	C:\Users\abhig\.vscode\extensions\redhat.java-1.41.1-win32-x64\jre\21.0.6-win32-x86_64\bin\nio.dll
0x00007ffe700a0000 - 0x00007ffe700b0000 	C:\Users\abhig\.vscode\extensions\redhat.java-1.41.1-win32-x64\jre\21.0.6-win32-x86_64\bin\verify.dll
0x00007ffe51170000 - 0x00007ffe51197000 	C:\Users\abhig\.gradle\native\c067742578af261105cb4f569cf0c3c89f3d7b1fecec35dd04571415982c5e48\windows-amd64\native-platform.dll
0x00007ffe44650000 - 0x00007ffe44794000 	C:\Users\abhig\.gradle\native\100fb08df4bc3b14c8652ba06237920a3bd2aa13389f12d3474272988ae205f9\windows-amd64\native-platform-file-events.dll
0x00007ffe6ece0000 - 0x00007ffe6ecea000 	C:\Users\abhig\.vscode\extensions\redhat.java-1.41.1-win32-x64\jre\21.0.6-win32-x86_64\bin\management.dll
0x00007ffe6ecd0000 - 0x00007ffe6ecdb000 	C:\Users\abhig\.vscode\extensions\redhat.java-1.41.1-win32-x64\jre\21.0.6-win32-x86_64\bin\management_ext.dll
0x00007ffe89ce0000 - 0x00007ffe89ce8000 	C:\Windows\System32\PSAPI.DLL
0x00007ffe86c90000 - 0x00007ffe86cab000 	C:\Windows\SYSTEM32\CRYPTSP.dll
0x00007ffe86540000 - 0x00007ffe86577000 	C:\Windows\system32\rsaenh.dll
0x00007ffe86b20000 - 0x00007ffe86b48000 	C:\Windows\SYSTEM32\USERENV.dll
0x00007ffe86c80000 - 0x00007ffe86c8c000 	C:\Windows\SYSTEM32\CRYPTBASE.dll
0x00007ffe85fd0000 - 0x00007ffe85ffd000 	C:\Windows\SYSTEM32\IPHLPAPI.DLL
0x00007ffe89880000 - 0x00007ffe89889000 	C:\Windows\System32\NSI.dll
0x00007ffe74210000 - 0x00007ffe74219000 	C:\Users\abhig\.vscode\extensions\redhat.java-1.41.1-win32-x64\jre\21.0.6-win32-x86_64\bin\extnet.dll
0x00007ffe80d00000 - 0x00007ffe80d0e000 	C:\Users\abhig\.vscode\extensions\redhat.java-1.41.1-win32-x64\jre\21.0.6-win32-x86_64\bin\sunmscapi.dll
0x00007ffe87f20000 - 0x00007ffe88087000 	C:\Windows\System32\CRYPT32.dll
0x00007ffe86e90000 - 0x00007ffe86ebd000 	C:\Windows\SYSTEM32\ncrypt.dll
0x00007ffe86e50000 - 0x00007ffe86e87000 	C:\Windows\SYSTEM32\NTASN1.dll
0x00007ffe73940000 - 0x00007ffe73948000 	C:\Windows\system32\wshunix.dll

dbghelp: loaded successfully - version: 4.0.5 - missing functions: none
symbol engine: initialized successfully - sym options: 0x614 - pdb path: .;C:\Users\abhig\.vscode\extensions\redhat.java-1.41.1-win32-x64\jre\21.0.6-win32-x86_64\bin;C:\Windows\SYSTEM32;C:\Windows\WinSxS\amd64_microsoft.windows.common-controls_6595b64144ccf1df_6.0.22621.5124_none_270e8f4f7386d69d;C:\Users\abhig\.vscode\extensions\redhat.java-1.41.1-win32-x64\jre\21.0.6-win32-x86_64\bin\server;C:\Users\abhig\.gradle\native\c067742578af261105cb4f569cf0c3c89f3d7b1fecec35dd04571415982c5e48\windows-amd64;C:\Users\abhig\.gradle\native\100fb08df4bc3b14c8652ba06237920a3bd2aa13389f12d3474272988ae205f9\windows-amd64

VM Arguments:
jvm_args: --add-opens=java.base/java.util=ALL-UNNAMED --add-opens=java.base/java.lang=ALL-UNNAMED --add-opens=java.base/java.lang.invoke=ALL-UNNAMED --add-opens=java.prefs/java.util.prefs=ALL-UNNAMED --add-exports=jdk.compiler/com.sun.tools.javac.api=ALL-UNNAMED --add-exports=jdk.compiler/com.sun.tools.javac.util=ALL-UNNAMED --add-opens=java.base/java.nio.charset=ALL-UNNAMED --add-opens=java.base/java.net=ALL-UNNAMED --add-opens=java.base/java.util.concurrent.atomic=ALL-UNNAMED -Xmx2048m -Dfile.encoding=UTF-8 -Duser.country=US -Duser.language=en -Duser.variant -javaagent:C:\Users\abhig\.gradle\wrapper\dists\gradle-8.10.2-bin\a04bxjujx95o3nb99gddekhwo\gradle-8.10.2\lib\agents\gradle-instrumentation-agent-8.10.2.jar 
java_command: org.gradle.launcher.daemon.bootstrap.GradleDaemon 8.10.2
java_class_path (initial): C:\Users\abhig\.gradle\wrapper\dists\gradle-8.10.2-bin\a04bxjujx95o3nb99gddekhwo\gradle-8.10.2\lib\gradle-daemon-main-8.10.2.jar
Launcher Type: SUN_STANDARD

[Global flags]
     intx CICompilerCount                          = 4                                         {product} {ergonomic}
     uint ConcGCThreads                            = 3                                         {product} {ergonomic}
     uint G1ConcRefinementThreads                  = 10                                        {product} {ergonomic}
   size_t G1HeapRegionSize                         = 1048576                                   {product} {ergonomic}
    uintx GCDrainStackTargetSize                   = 64                                        {product} {ergonomic}
   size_t InitialHeapSize                          = 260046848                                 {product} {ergonomic}
   size_t MarkStackSize                            = 4194304                                   {product} {ergonomic}
   size_t MaxHeapSize                              = 2147483648                                {product} {command line}
   size_t MaxNewSize                               = 1287651328                                {product} {ergonomic}
   size_t MinHeapDeltaBytes                        = 1048576                                   {product} {ergonomic}
   size_t MinHeapSize                              = 8388608                                   {product} {ergonomic}
    uintx NonNMethodCodeHeapSize                   = 5839372                                {pd product} {ergonomic}
    uintx NonProfiledCodeHeapSize                  = 122909434                              {pd product} {ergonomic}
    uintx ProfiledCodeHeapSize                     = 122909434                              {pd product} {ergonomic}
    uintx ReservedCodeCacheSize                    = 251658240                              {pd product} {ergonomic}
     bool SegmentedCodeCache                       = true                                      {product} {ergonomic}
   size_t SoftMaxHeapSize                          = 2147483648                             {manageable} {ergonomic}
     bool UseCompressedOops                        = true                           {product lp64_product} {ergonomic}
     bool UseG1GC                                  = true                                      {product} {ergonomic}
     bool UseLargePagesIndividualAllocation        = false                                  {pd product} {ergonomic}

Logging:
Log output configuration:
 #0: stdout all=warning uptime,level,tags foldmultilines=false
 #1: stderr all=off uptime,level,tags foldmultilines=false

Environment Variables:
JAVA_HOME=C:\Program Files\Java\jdk-23
PATH=C:\app\abhig\product\21c\dbhomeXE\bin;C:\Program Files\Common Files\Oracle\Java\javapath;C:\Windows\system32;C:\Windows;C:\Windows\System32\Wbem;C:\Windows\System32\WindowsPowerShell\v1.0\;C:\Windows\System32\OpenSSH\;C:\Program Files\dotnet\;C:\MinGW\bin;C:\Program Files\Git\cmd;C:\Program Files\Git\mingw64\bin;C:\Program Files\Git\usr\bin;C:\Program Files\Java\jdk-23\bin;C:\Program Files\Java\jdk-23\bin;;C:\Users\abhig\AppData\Local\Programs\Microsoft VS Code\bin;C:\Users\abhig\AppData\Local\Programs\cursor\resources\app\bin
USERNAME=abhig
OS=Windows_NT
PROCESSOR_IDENTIFIER=AMD64 Family 25 Model 80 Stepping 0, AuthenticAMD
TMP=C:\Users\abhig\AppData\Local\Temp
TEMP=C:\Users\abhig\AppData\Local\Temp




Periodic native trim disabled

---------------  S Y S T E M  ---------------

OS:
 Windows 11 , 64 bit Build 22621 (10.0.22621.5124)
OS uptime: 0 days 2:50 hours
Hyper-V role detected

CPU: total 12 (initial active 12) (12 cores per cpu, 2 threads per core) family 25 model 80 stepping 0 microcode 0x0, cx8, cmov, fxsr, ht, mmx, 3dnowpref, sse, sse2, sse3, ssse3, sse4a, sse4.1, sse4.2, popcnt, lzcnt, tsc, tscinvbit, avx, avx2, aes, erms, clmul, bmi1, bmi2, adx, sha, fma, vzeroupper, clflush, clflushopt, hv, rdtscp, rdpid, fsrm, f16c, cet_ss
Processor Information for processor 0
  Max Mhz: 3301, Current Mhz: 1908, Mhz Limit: 3301
Processor Information for processor 1
  Max Mhz: 3301, Current Mhz: 1908, Mhz Limit: 3301
Processor Information for processor 2
  Max Mhz: 3301, Current Mhz: 1908, Mhz Limit: 3301
Processor Information for processor 3
  Max Mhz: 3301, Current Mhz: 1908, Mhz Limit: 3301
Processor Information for processor 4
  Max Mhz: 3301, Current Mhz: 1908, Mhz Limit: 3301
Processor Information for processor 5
  Max Mhz: 3301, Current Mhz: 1908, Mhz Limit: 3301
Processor Information for processor 6
  Max Mhz: 3301, Current Mhz: 1908, Mhz Limit: 3301
Processor Information for processor 7
  Max Mhz: 3301, Current Mhz: 1805, Mhz Limit: 3301
Processor Information for processor 8
  Max Mhz: 3301, Current Mhz: 1908, Mhz Limit: 3301
Processor Information for processor 9
  Max Mhz: 3301, Current Mhz: 1908, Mhz Limit: 3301
Processor Information for processor 10
  Max Mhz: 3301, Current Mhz: 1805, Mhz Limit: 3301
Processor Information for processor 11
  Max Mhz: 3301, Current Mhz: 1805, Mhz Limit: 3301

Memory: 4k page, system-wide physical 15773M (3631M free)
TotalPageFile size 15773M (AvailPageFile size 31M)
current process WorkingSet (physical memory assigned to process): 395M, peak: 401M
current process commit charge ("private bytes"): 437M, peak: 445M

vm_info: OpenJDK 64-Bit Server VM (21.0.6+7-LTS) for windows-amd64 JRE (21.0.6+7-LTS), built on 2025-01-21T00:00:00Z by "admin" with MS VC++ 17.7 (VS2022)

END.
