#
# There is insufficient memory for the Java Runtime Environment to continue.
# Native memory allocation (malloc) failed to allocate 1048576 bytes. Error detail: AllocateHeap
# Possible reasons:
#   The system is out of physical RAM or swap space
#   This process is running with CompressedOops enabled, and the Java Heap may be blocking the growth of the native heap
# Possible solutions:
#   Reduce memory load on the system
#   Increase physical memory or swap space
#   Check if swap backing store is full
#   Decrease Java heap size (-Xmx/-Xms)
#   Decrease number of Java threads
#   Decrease Java thread stack sizes (-Xss)
#   Set larger code cache with -XX:ReservedCodeCacheSize=
#   JVM is running with Unscaled Compressed Oops mode in which the Java heap is
#     placed in the first 4GB address space. The Java Heap base address is the
#     maximum limit for the native heap growth. Please use -XX:HeapBaseMinAddress
#     to set the Java Heap base and to place the Java Heap above 4GB virtual address.
# This output file may be truncated or incomplete.
#
#  Out of Memory Error (allocation.cpp:44), pid=13548, tid=17480
#
# JRE version:  (21.0.6+7) (build )
# Java VM: OpenJDK 64-Bit Server VM (21.0.6+7-LTS, mixed mode, tiered, compressed oops, compressed class ptrs, parallel gc, windows-amd64)
# No core dump will be written. Minidumps are not enabled by default on client versions of Windows
#

---------------  S U M M A R Y ------------

Command Line: --add-modules=ALL-SYSTEM --add-opens=java.base/java.util=ALL-UNNAMED --add-opens=java.base/java.lang=ALL-UNNAMED --add-opens=java.base/sun.nio.fs=ALL-UNNAMED -Declipse.application=org.eclipse.jdt.ls.core.id1 -Dosgi.bundles.defaultStartLevel=4 -Declipse.product=org.eclipse.jdt.ls.core.product -Djava.import.generatesMetadataFilesAtProjectRoot=false -DDetectVMInstallationsJob.disabled=true -Dfile.encoding=utf8 -XX:+UseParallelGC -XX:GCTimeRatio=4 -XX:AdaptiveSizePolicyWeight=90 -Dsun.zip.disableMemoryMapping=true -Xmx1G -Xms100m -Xlog:disable -javaagent:c:\Users\abhig\.vscode\extensions\redhat.java-1.41.1-win32-x64\lombok\lombok-1.18.36.jar c:\Users\abhig\.vscode\extensions\redhat.java-1.41.1-win32-x64\server\plugins\org.eclipse.equinox.launcher_1.7.0.v20250331-1702.jar -configuration c:\Users\abhig\AppData\Roaming\Code\User\globalStorage\redhat.java\1.41.1\config_ss_win -data c:\Users\abhig\AppData\Roaming\Code\User\workspaceStorage\e963c1cbf2690c3b0f763db24b554e82\redhat.java\ss_ws --pipe=\\.\pipe\lsp-d3b2fb497995e076d08d3aa137b6b1d5-sock

Host: AMD Ryzen 5 5600H with Radeon Graphics         , 12 cores, 15G,  Windows 11 , 64 bit Build 22621 (10.0.22621.5124)
Time: Thu Apr 17 15:50:22 2025 India Standard Time elapsed time: 0.127853 seconds (0d 0h 0m 0s)

---------------  T H R E A D  ---------------

Current thread (0x0000023d477295a0):  JavaThread "Unknown thread" [_thread_in_vm, id=17480, stack(0x00000099d3700000,0x00000099d3800000) (1024K)]

Stack: [0x00000099d3700000,0x00000099d3800000]
Native frames: (J=compiled Java code, j=interpreted, Vv=VM code, C=native code)
V  [jvm.dll+0x6cdee9]
V  [jvm.dll+0x8a83d1]
V  [jvm.dll+0x8aa8fe]
V  [jvm.dll+0x8aafe3]
V  [jvm.dll+0x27f706]
V  [jvm.dll+0xbfb37]
V  [jvm.dll+0x7022d0]
V  [jvm.dll+0x702e3c]
V  [jvm.dll+0x6dcc13]
V  [jvm.dll+0x871cdc]
V  [jvm.dll+0x3bc2dc]
V  [jvm.dll+0x85a868]
V  [jvm.dll+0x45066e]
V  [jvm.dll+0x4522b1]
C  [jli.dll+0x5278]
C  [ucrtbase.dll+0x29333]
C  [KERNEL32.DLL+0x1259d]
C  [ntdll.dll+0x5af38]


---------------  P R O C E S S  ---------------

Threads class SMR info:
_java_thread_list=0x0000023d47751ed0, length=1, elements={
0x0000023d477295a0
}

Java Threads: ( => current thread )
=>0x0000023d477295a0 JavaThread "Unknown thread"             [_thread_in_vm, id=17480, stack(0x00000099d3700000,0x00000099d3800000) (1024K)]
Total: 1

Other Threads:
  0x0000023d47795bb0 WatcherThread "VM Periodic Task Thread"        [id=17380, stack(0x00000099d3900000,0x00000099d3a00000) (1024K)]
  0x0000023d47748b80 WorkerThread "GC Thread#0"                     [id=7520, stack(0x00000099d3800000,0x00000099d3900000) (1024K)]
Total: 2

Threads with active compile tasks:
Total: 0

VM state: not at safepoint (normal execution)

VM Mutex/Monitor currently owned by a thread: None

Heap address: 0x00000000c0000000, size: 1024 MB, Compressed Oops mode: 32-bit

CDS archive(s) not mapped
Compressed class space mapped at: 0x0000000100000000-0x0000000140000000, reserved size: 1073741824
Narrow klass base: 0x0000000000000000, Narrow klass shift: 3, Narrow klass range: 0x140000000

GC Precious Log:
 CardTable entry size: 512
 CPUs: 12 total, 12 available
 Memory: 15773M
 Large Page Support: Disabled
 NUMA Support: Disabled
 Compressed Oops: Enabled (32-bit)
 Alignments: Space 512K, Generation 512K, Heap 2M
 Heap Min Capacity: 100M
 Heap Initial Capacity: 100M
 Heap Max Capacity: 1G
 Pre-touch: Disabled
 Parallel Workers: 10

Heap:
 PSYoungGen      total 29696K, used 512K [0x00000000eab00000, 0x00000000ecc00000, 0x0000000100000000)
  eden space 25600K, 2% used [0x00000000eab00000,0x00000000eab80070,0x00000000ec400000)
  from space 4096K, 0% used [0x00000000ec800000,0x00000000ec800000,0x00000000ecc00000)
  to   space 4096K, 0% used [0x00000000ec400000,0x00000000ec400000,0x00000000ec800000)
 ParOldGen       total 68608K, used 0K [0x00000000c0000000, 0x00000000c4300000, 0x00000000eab00000)
  object space 68608K, 0% used [0x00000000c0000000,0x00000000c0000000,0x00000000c4300000)
 Metaspace       used 1392K, committed 1472K, reserved 1114112K
  class space    used 109K, committed 128K, reserved 1048576K

Card table byte_map: [0x0000023d470d0000,0x0000023d472e0000] _byte_map_base: 0x0000023d46ad0000

Marking Bits: (ParMarkBitMap*) 0x00007ffd2c263260
 Begin Bits: [0x0000023d59920000, 0x0000023d5a920000)
 End Bits:   [0x0000023d5a920000, 0x0000023d5b920000)

Polling page: 0x0000023d455b0000

Metaspace:

Usage:
  Non-class:      1.25 MB used.
      Class:    109.62 KB used.
       Both:      1.36 MB used.

Virtual space:
  Non-class space:       64.00 MB reserved,       1.31 MB (  2%) committed,  1 nodes.
      Class space:        1.00 GB reserved,     128.00 KB ( <1%) committed,  1 nodes.
             Both:        1.06 GB reserved,       1.44 MB ( <1%) committed. 

Chunk freelists:
   Non-Class:  12.00 MB
       Class:  15.75 MB
        Both:  27.75 MB

MaxMetaspaceSize: unlimited
CompressedClassSpaceSize: 1.00 GB
Initial GC threshold: 21.00 MB
Current GC threshold: 17179869184.00 GB
CDS: off
 - commit_granule_bytes: 65536.
 - commit_granule_words: 8192.
 - virtual_space_node_default_size: 8388608.
 - enlarge_chunks_in_place: 1.
 - use_allocation_guard: 0.


Internal statistics:

num_allocs_failed_limit: 0.
num_arena_births: 2.
num_arena_deaths: 0.
num_vsnodes_births: 2.
num_vsnodes_deaths: 0.
num_space_committed: 23.
num_space_uncommitted: 0.
num_chunks_returned_to_freelist: 0.
num_chunks_taken_from_freelist: 3.
num_chunk_merges: 0.
num_chunk_splits: 2.
num_chunks_enlarged: 0.
num_inconsistent_stats: 0.

CodeHeap 'non-profiled nmethods': size=120000Kb used=0Kb max_used=0Kb free=120000Kb
 bounds [0x0000023d523f0000, 0x0000023d52660000, 0x0000023d59920000]
CodeHeap 'profiled nmethods': size=120000Kb used=0Kb max_used=0Kb free=120000Kb
 bounds [0x0000023d4a920000, 0x0000023d4ab90000, 0x0000023d51e50000]
CodeHeap 'non-nmethods': size=5760Kb used=194Kb max_used=342Kb free=5565Kb
 bounds [0x0000023d51e50000, 0x0000023d520c0000, 0x0000023d523f0000]
 total_blobs=70 nmethods=0 adapters=48
 compilation: enabled
              stopped_count=0, restarted_count=0
 full_count=0

Compilation events (0 events):
No events

GC Heap History (0 events):
No events

Dll operation events (2 events):
Event: 0.042 Loaded shared library c:\Users\abhig\.vscode\extensions\redhat.java-1.41.1-win32-x64\jre\21.0.6-win32-x86_64\bin\java.dll
Event: 0.055 Loaded shared library c:\Users\abhig\.vscode\extensions\redhat.java-1.41.1-win32-x64\jre\21.0.6-win32-x86_64\bin\zip.dll

Deoptimization events (0 events):
No events

Classes loaded (20 events):
Event: 0.115 Loading class java/util/Iterator
Event: 0.115 Loading class java/util/Iterator done
Event: 0.115 Loading class java/lang/reflect/RecordComponent
Event: 0.116 Loading class java/lang/reflect/RecordComponent done
Event: 0.116 Loading class jdk/internal/vm/vector/VectorSupport
Event: 0.117 Loading class jdk/internal/vm/vector/VectorSupport done
Event: 0.117 Loading class jdk/internal/vm/vector/VectorSupport$VectorPayload
Event: 0.117 Loading class jdk/internal/vm/vector/VectorSupport$VectorPayload done
Event: 0.117 Loading class jdk/internal/vm/vector/VectorSupport$Vector
Event: 0.117 Loading class jdk/internal/vm/vector/VectorSupport$Vector done
Event: 0.117 Loading class jdk/internal/vm/vector/VectorSupport$VectorMask
Event: 0.117 Loading class jdk/internal/vm/vector/VectorSupport$VectorMask done
Event: 0.117 Loading class jdk/internal/vm/vector/VectorSupport$VectorShuffle
Event: 0.118 Loading class jdk/internal/vm/vector/VectorSupport$VectorShuffle done
Event: 0.118 Loading class jdk/internal/vm/FillerObject
Event: 0.118 Loading class jdk/internal/vm/FillerObject done
Event: 0.122 Loading class java/lang/NullPointerException
Event: 0.122 Loading class java/lang/NullPointerException done
Event: 0.122 Loading class java/lang/ArithmeticException
Event: 0.122 Loading class java/lang/ArithmeticException done

Classes unloaded (0 events):
No events

Classes redefined (0 events):
No events

Internal exceptions (0 events):
No events

ZGC Phase Switch (0 events):
No events

VM Operations (0 events):
No events

Memory protections (0 events):
No events

Nmethod flushes (0 events):
No events

Events (1 events):
Event: 0.053 Thread 0x0000023d477295a0 Thread added: 0x0000023d477295a0


Dynamic libraries:
0x00007ff756210000 - 0x00007ff75621e000 	c:\Users\abhig\.vscode\extensions\redhat.java-1.41.1-win32-x64\jre\21.0.6-win32-x86_64\bin\java.exe
0x00007ffd8e330000 - 0x00007ffd8e547000 	C:\Windows\SYSTEM32\ntdll.dll
0x00007ffd8d3b0000 - 0x00007ffd8d474000 	C:\Windows\System32\KERNEL32.DLL
0x00007ffd8b580000 - 0x00007ffd8b953000 	C:\Windows\System32\KERNELBASE.dll
0x00007ffd8be80000 - 0x00007ffd8bf91000 	C:\Windows\System32\ucrtbase.dll
0x00007ffd4c2a0000 - 0x00007ffd4c2b8000 	c:\Users\abhig\.vscode\extensions\redhat.java-1.41.1-win32-x64\jre\21.0.6-win32-x86_64\bin\jli.dll
0x00007ffd520b0000 - 0x00007ffd520ce000 	c:\Users\abhig\.vscode\extensions\redhat.java-1.41.1-win32-x64\jre\21.0.6-win32-x86_64\bin\VCRUNTIME140.dll
0x00007ffd8e020000 - 0x00007ffd8e1d1000 	C:\Windows\System32\USER32.dll
0x00007ffd79360000 - 0x00007ffd795f8000 	C:\Windows\WinSxS\amd64_microsoft.windows.common-controls_6595b64144ccf1df_6.0.22621.5124_none_270e8f4f7386d69d\COMCTL32.dll
0x00007ffd8d300000 - 0x00007ffd8d3a7000 	C:\Windows\System32\msvcrt.dll
0x00007ffd8bfa0000 - 0x00007ffd8bfc6000 	C:\Windows\System32\win32u.dll
0x00007ffd8c8b0000 - 0x00007ffd8c8d9000 	C:\Windows\System32\GDI32.dll
0x00007ffd8bcc0000 - 0x00007ffd8bddb000 	C:\Windows\System32\gdi32full.dll
0x00007ffd8bde0000 - 0x00007ffd8be7a000 	C:\Windows\System32\msvcp_win.dll
0x00007ffd8d480000 - 0x00007ffd8d4b1000 	C:\Windows\System32\IMM32.DLL
0x00007ffd76110000 - 0x00007ffd7611c000 	c:\Users\abhig\.vscode\extensions\redhat.java-1.41.1-win32-x64\jre\21.0.6-win32-x86_64\bin\vcruntime140_1.dll
0x00007ffd3e580000 - 0x00007ffd3e60d000 	c:\Users\abhig\.vscode\extensions\redhat.java-1.41.1-win32-x64\jre\21.0.6-win32-x86_64\bin\msvcp140.dll
0x00007ffd2b5b0000 - 0x00007ffd2c340000 	c:\Users\abhig\.vscode\extensions\redhat.java-1.41.1-win32-x64\jre\21.0.6-win32-x86_64\bin\server\jvm.dll
0x00007ffd8d040000 - 0x00007ffd8d0f1000 	C:\Windows\System32\ADVAPI32.dll
0x00007ffd8c8e0000 - 0x00007ffd8c988000 	C:\Windows\System32\sechost.dll
0x00007ffd8ba20000 - 0x00007ffd8ba48000 	C:\Windows\System32\bcrypt.dll
0x00007ffd8ce40000 - 0x00007ffd8cf54000 	C:\Windows\System32\RPCRT4.dll
0x00007ffd8df50000 - 0x00007ffd8dfc1000 	C:\Windows\System32\WS2_32.dll
0x00007ffd8a280000 - 0x00007ffd8a2cd000 	C:\Windows\SYSTEM32\POWRPROF.dll
0x00007ffd83fe0000 - 0x00007ffd83fea000 	C:\Windows\SYSTEM32\VERSION.dll
0x00007ffd85620000 - 0x00007ffd85654000 	C:\Windows\SYSTEM32\WINMM.dll
0x00007ffd8a260000 - 0x00007ffd8a273000 	C:\Windows\SYSTEM32\UMPDC.dll
0x00007ffd8a520000 - 0x00007ffd8a538000 	C:\Windows\SYSTEM32\kernel.appcore.dll
0x00007ffd76070000 - 0x00007ffd7607a000 	c:\Users\abhig\.vscode\extensions\redhat.java-1.41.1-win32-x64\jre\21.0.6-win32-x86_64\bin\jimage.dll
0x00007ffd88970000 - 0x00007ffd88ba2000 	C:\Windows\SYSTEM32\DBGHELP.DLL
0x00007ffd8c4b0000 - 0x00007ffd8c842000 	C:\Windows\System32\combase.dll
0x00007ffd8bfe0000 - 0x00007ffd8c0b7000 	C:\Windows\System32\OLEAUT32.dll
0x00007ffd63cd0000 - 0x00007ffd63d02000 	C:\Windows\SYSTEM32\dbgcore.DLL
0x00007ffd8ba50000 - 0x00007ffd8bacb000 	C:\Windows\System32\bcryptPrimitives.dll
0x00007ffd71900000 - 0x00007ffd7190f000 	c:\Users\abhig\.vscode\extensions\redhat.java-1.41.1-win32-x64\jre\21.0.6-win32-x86_64\bin\instrument.dll
0x00007ffd4b9b0000 - 0x00007ffd4b9cf000 	c:\Users\abhig\.vscode\extensions\redhat.java-1.41.1-win32-x64\jre\21.0.6-win32-x86_64\bin\java.dll
0x00007ffd4b990000 - 0x00007ffd4b9a8000 	c:\Users\abhig\.vscode\extensions\redhat.java-1.41.1-win32-x64\jre\21.0.6-win32-x86_64\bin\zip.dll

dbghelp: loaded successfully - version: 4.0.5 - missing functions: none
symbol engine: initialized successfully - sym options: 0x614 - pdb path: .;c:\Users\abhig\.vscode\extensions\redhat.java-1.41.1-win32-x64\jre\21.0.6-win32-x86_64\bin;C:\Windows\SYSTEM32;C:\Windows\WinSxS\amd64_microsoft.windows.common-controls_6595b64144ccf1df_6.0.22621.5124_none_270e8f4f7386d69d;c:\Users\abhig\.vscode\extensions\redhat.java-1.41.1-win32-x64\jre\21.0.6-win32-x86_64\bin\server

VM Arguments:
jvm_args: --add-modules=ALL-SYSTEM --add-opens=java.base/java.util=ALL-UNNAMED --add-opens=java.base/java.lang=ALL-UNNAMED --add-opens=java.base/sun.nio.fs=ALL-UNNAMED -Declipse.application=org.eclipse.jdt.ls.core.id1 -Dosgi.bundles.defaultStartLevel=4 -Declipse.product=org.eclipse.jdt.ls.core.product -Djava.import.generatesMetadataFilesAtProjectRoot=false -DDetectVMInstallationsJob.disabled=true -Dfile.encoding=utf8 -XX:+UseParallelGC -XX:GCTimeRatio=4 -XX:AdaptiveSizePolicyWeight=90 -Dsun.zip.disableMemoryMapping=true -Xmx1G -Xms100m -Xlog:disable -javaagent:c:\Users\abhig\.vscode\extensions\redhat.java-1.41.1-win32-x64\lombok\lombok-1.18.36.jar 
java_command: c:\Users\abhig\.vscode\extensions\redhat.java-1.41.1-win32-x64\server\plugins\org.eclipse.equinox.launcher_1.7.0.v20250331-1702.jar -configuration c:\Users\abhig\AppData\Roaming\Code\User\globalStorage\redhat.java\1.41.1\config_ss_win -data c:\Users\abhig\AppData\Roaming\Code\User\workspaceStorage\e963c1cbf2690c3b0f763db24b554e82\redhat.java\ss_ws --pipe=\\.\pipe\lsp-d3b2fb497995e076d08d3aa137b6b1d5-sock
java_class_path (initial): c:\Users\abhig\.vscode\extensions\redhat.java-1.41.1-win32-x64\server\plugins\org.eclipse.equinox.launcher_1.7.0.v20250331-1702.jar
Launcher Type: SUN_STANDARD

[Global flags]
    uintx AdaptiveSizePolicyWeight                 = 90                                        {product} {command line}
     intx CICompilerCount                          = 4                                         {product} {ergonomic}
    uintx GCTimeRatio                              = 4                                         {product} {command line}
   size_t InitialHeapSize                          = 104857600                                 {product} {command line}
   size_t MaxHeapSize                              = 1073741824                                {product} {command line}
   size_t MaxNewSize                               = 357564416                                 {product} {ergonomic}
   size_t MinHeapDeltaBytes                        = 524288                                    {product} {ergonomic}
   size_t MinHeapSize                              = 104857600                                 {product} {command line}
   size_t NewSize                                  = 34603008                                  {product} {ergonomic}
    uintx NonNMethodCodeHeapSize                   = 5839372                                {pd product} {ergonomic}
    uintx NonProfiledCodeHeapSize                  = 122909434                              {pd product} {ergonomic}
   size_t OldSize                                  = 70254592                                  {product} {ergonomic}
    uintx ProfiledCodeHeapSize                     = 122909434                              {pd product} {ergonomic}
    uintx ReservedCodeCacheSize                    = 251658240                              {pd product} {ergonomic}
     bool SegmentedCodeCache                       = true                                      {product} {ergonomic}
   size_t SoftMaxHeapSize                          = 1073741824                             {manageable} {ergonomic}
     bool UseCompressedOops                        = true                           {product lp64_product} {ergonomic}
     bool UseLargePagesIndividualAllocation        = false                                  {pd product} {ergonomic}
     bool UseParallelGC                            = true                                      {product} {command line}

Logging:
Log output configuration:
 #0: stdout all=off uptime,level,tags foldmultilines=false
 #1: stderr all=off uptime,level,tags foldmultilines=false

Environment Variables:
JAVA_HOME=C:\Program Files\Java\jdk-23
PATH=C:\app\abhig\product\21c\dbhomeXE\bin;C:\Program Files\Common Files\Oracle\Java\javapath;C:\Windows\system32;C:\Windows;C:\Windows\System32\Wbem;C:\Windows\System32\WindowsPowerShell\v1.0\;C:\Windows\System32\OpenSSH\;C:\Program Files\dotnet\;C:\MinGW\bin;C:\Program Files\Git\cmd;C:\Program Files\Git\mingw64\bin;C:\Program Files\Git\usr\bin;C:\Program Files\Java\jdk-23\bin;C:\Program Files\Java\jdk-23\bin;C:\Program Files\MySQL\MySQL Shell 8.0\bin\;C:\Users\abhig\AppData\Local\Programs\Microsoft VS Code\bin;C:\Users\abhig\AppData\Local\Programs\cursor\resources\app\bin
USERNAME=abhig
OS=Windows_NT
PROCESSOR_IDENTIFIER=AMD64 Family 25 Model 80 Stepping 0, AuthenticAMD
TMP=C:\Users\abhig\AppData\Local\Temp
TEMP=C:\Users\abhig\AppData\Local\Temp




Periodic native trim disabled

---------------  S Y S T E M  ---------------

OS:
 Windows 11 , 64 bit Build 22621 (10.0.22621.5124)
OS uptime: 0 days 1:49 hours
Hyper-V role detected

CPU: total 12 (initial active 12) (12 cores per cpu, 2 threads per core) family 25 model 80 stepping 0 microcode 0x0, cx8, cmov, fxsr, ht, mmx, 3dnowpref, sse, sse2, sse3, ssse3, sse4a, sse4.1, sse4.2, popcnt, lzcnt, tsc, tscinvbit, avx, avx2, aes, erms, clmul, bmi1, bmi2, adx, sha, fma, vzeroupper, clflush, clflushopt, hv, rdtscp, rdpid, fsrm, f16c, cet_ss
Processor Information for processor 0
  Max Mhz: 3301, Current Mhz: 1908, Mhz Limit: 3301
Processor Information for processor 1
  Max Mhz: 3301, Current Mhz: 1908, Mhz Limit: 3301
Processor Information for processor 2
  Max Mhz: 3301, Current Mhz: 1908, Mhz Limit: 3301
Processor Information for processor 3
  Max Mhz: 3301, Current Mhz: 1805, Mhz Limit: 3301
Processor Information for processor 4
  Max Mhz: 3301, Current Mhz: 1908, Mhz Limit: 3301
Processor Information for processor 5
  Max Mhz: 3301, Current Mhz: 1908, Mhz Limit: 3301
Processor Information for processor 6
  Max Mhz: 3301, Current Mhz: 1908, Mhz Limit: 3301
Processor Information for processor 7
  Max Mhz: 3301, Current Mhz: 1908, Mhz Limit: 3301
Processor Information for processor 8
  Max Mhz: 3301, Current Mhz: 1908, Mhz Limit: 3301
Processor Information for processor 9
  Max Mhz: 3301, Current Mhz: 1908, Mhz Limit: 3301
Processor Information for processor 10
  Max Mhz: 3301, Current Mhz: 1908, Mhz Limit: 3301
Processor Information for processor 11
  Max Mhz: 3301, Current Mhz: 1908, Mhz Limit: 3301

Memory: 4k page, system-wide physical 15773M (6045M free)
TotalPageFile size 15773M (AvailPageFile size 37M)
current process WorkingSet (physical memory assigned to process): 17M, peak: 17M
current process commit charge ("private bytes"): 156M, peak: 157M

vm_info: OpenJDK 64-Bit Server VM (21.0.6+7-LTS) for windows-amd64 JRE (21.0.6+7-LTS), built on 2025-01-21T00:00:00Z by "admin" with MS VC++ 17.7 (VS2022)

END.
