#
# There is insufficient memory for the Java Runtime Environment to continue.
# Native memory allocation (malloc) failed to allocate 620816 bytes. Error detail: Chunk::new
# Possible reasons:
#   The system is out of physical RAM or swap space
#   This process is running with CompressedOops enabled, and the Java Heap may be blocking the growth of the native heap
# Possible solutions:
#   Reduce memory load on the system
#   Increase physical memory or swap space
#   Check if swap backing store is full
#   Decrease Java heap size (-Xmx/-Xms)
#   Decrease number of Java threads
#   Decrease Java thread stack sizes (-Xss)
#   Set larger code cache with -XX:ReservedCodeCacheSize=
#   JVM is running with Unscaled Compressed Oops mode in which the Java heap is
#     placed in the first 4GB address space. The Java Heap base address is the
#     maximum limit for the native heap growth. Please use -XX:HeapBaseMinAddress
#     to set the Java Heap base and to place the Java Heap above 4GB virtual address.
# This output file may be truncated or incomplete.
#
#  Out of Memory Error (arena.cpp:168), pid=12468, tid=16304
#
# JRE version: OpenJDK Runtime Environment Temurin-21.0.6+7 (21.0.6+7) (build 21.0.6+7-LTS)
# Java VM: OpenJDK 64-Bit Server VM Temurin-21.0.6+7 (21.0.6+7-LTS, mixed mode, sharing, tiered, compressed oops, compressed class ptrs, parallel gc, windows-amd64)
# No core dump will be written. Minidumps are not enabled by default on client versions of Windows
#

---------------  S U M M A R Y ------------

Command Line: --add-modules=ALL-SYSTEM --add-opens=java.base/java.util=ALL-UNNAMED --add-opens=java.base/java.lang=ALL-UNNAMED --add-opens=java.base/sun.nio.fs=ALL-UNNAMED -Declipse.application=org.eclipse.jdt.ls.core.id1 -Dosgi.bundles.defaultStartLevel=4 -Declipse.product=org.eclipse.jdt.ls.core.product -Djava.import.generatesMetadataFilesAtProjectRoot=false -DDetectVMInstallationsJob.disabled=true -Dfile.encoding=utf8 -XX:+UseParallelGC -XX:GCTimeRatio=4 -XX:AdaptiveSizePolicyWeight=90 -Dsun.zip.disableMemoryMapping=true -Xmx1G -Xms100m -Xlog:disable -javaagent:c:\Users\abhig\.vscode\extensions\redhat.java-1.41.1-win32-x64\lombok\lombok-1.18.36.jar -XX:+HeapDumpOnOutOfMemoryError -XX:HeapDumpPath=c:\Users\abhig\AppData\Roaming\Code\User\workspaceStorage\e96188559eea7d0e28f2d562958d2b7b\redhat.java -Daether.dependencyCollector.impl=bf c:\Users\abhig\.vscode\extensions\redhat.java-1.41.1-win32-x64\server\plugins\org.eclipse.equinox.launcher_1.7.0.v20250331-1702.jar -configuration c:\Users\abhig\AppData\Roaming\Code\User\globalStorage\redhat.java\1.41.1\config_win -data c:\Users\abhig\AppData\Roaming\Code\User\workspaceStorage\e96188559eea7d0e28f2d562958d2b7b\redhat.java\jdt_ws --pipe=\\.\pipe\lsp-79ba316143f72fbb14f59306928585d6-sock

Host: AMD Ryzen 5 5600H with Radeon Graphics         , 12 cores, 15G,  Windows 11 , 64 bit Build 22621 (10.0.22621.5124)
Time: Mon Apr 14 10:27:15 2025 India Standard Time elapsed time: 17.949800 seconds (0d 0h 0m 17s)

---------------  T H R E A D  ---------------

Current thread (0x0000019bee325360):  JavaThread "C2 CompilerThread1" daemon [_thread_in_native, id=16304, stack(0x0000006b67700000,0x0000006b67800000) (1024K)]


Current CompileTask:
C2:17949 8080       4       org.eclipse.jdt.internal.core.search.indexing.AbstractIndexer::addClassDeclaration (129 bytes)

Stack: [0x0000006b67700000,0x0000006b67800000]
Native frames: (J=compiled Java code, j=interpreted, Vv=VM code, C=native code)
V  [jvm.dll+0x6cdee9]
V  [jvm.dll+0x8a83d1]
V  [jvm.dll+0x8aa8fe]
V  [jvm.dll+0x8aafe3]
V  [jvm.dll+0x27f706]
V  [jvm.dll+0xc500d]
V  [jvm.dll+0xc5543]
V  [jvm.dll+0x3b6752]
V  [jvm.dll+0x382935]
V  [jvm.dll+0x381d9a]
V  [jvm.dll+0x2479f0]
V  [jvm.dll+0x246fcf]
V  [jvm.dll+0x1c75ee]
V  [jvm.dll+0x25685a]
V  [jvm.dll+0x254dfa]
V  [jvm.dll+0x3f0256]
V  [jvm.dll+0x851f8b]
V  [jvm.dll+0x6cc5ed]
C  [ucrtbase.dll+0x29333]
C  [KERNEL32.DLL+0x1259d]
C  [ntdll.dll+0x5af38]


---------------  P R O C E S S  ---------------

Threads class SMR info:
_java_thread_list=0x0000019bfc7458a0, length=54, elements={
0x0000019bd37caf30, 0x0000019be9bd0080, 0x0000019be9bd13e0, 0x0000019be9bd34d0,
0x0000019be9bd53f0, 0x0000019be9bd74b0, 0x0000019be9bdbe90, 0x0000019be9be7090,
0x0000019be9bedc10, 0x0000019be9cc0f30, 0x0000019be9cc15c0, 0x0000019be9cc1c50,
0x0000019be9cc08a0, 0x0000019be9cc22e0, 0x0000019be9cbee60, 0x0000019be9cbf4f0,
0x0000019be9cbfb80, 0x0000019beef1d480, 0x0000019beef1f550, 0x0000019beef1fbe0,
0x0000019beef1e1a0, 0x0000019bee325360, 0x0000019bef59deb0, 0x0000019beef1db10,
0x0000019beef1e830, 0x0000019beef23060, 0x0000019beef229d0, 0x0000019beef1eec0,
0x0000019beef21620, 0x0000019beef1c760, 0x0000019beef20270, 0x0000019beef1cdf0,
0x0000019beef20900, 0x0000019beef20f90, 0x0000019beef236f0, 0x0000019beef21cb0,
0x0000019beef22340, 0x0000019beef23d80, 0x0000019bf1723d40, 0x0000019bf1720f50,
0x0000019bf1723020, 0x0000019bf17215e0, 0x0000019bf17236b0, 0x0000019bf1721c70,
0x0000019bf1722300, 0x0000019bf1724a60, 0x0000019bf17243d0, 0x0000019bf1722990,
0x0000019bf17208c0, 0x0000019bf17250f0, 0x0000019bf1725780, 0x0000019bf1725e10,
0x0000019bf171ee80, 0x0000019bf171fba0
}

Java Threads: ( => current thread )
  0x0000019bd37caf30 JavaThread "main"                              [_thread_blocked, id=17684, stack(0x0000006b65500000,0x0000006b65600000) (1024K)]
  0x0000019be9bd0080 JavaThread "Reference Handler"          daemon [_thread_blocked, id=17356, stack(0x0000006b65900000,0x0000006b65a00000) (1024K)]
  0x0000019be9bd13e0 JavaThread "Finalizer"                  daemon [_thread_blocked, id=18116, stack(0x0000006b65a00000,0x0000006b65b00000) (1024K)]
  0x0000019be9bd34d0 JavaThread "Signal Dispatcher"          daemon [_thread_blocked, id=9464, stack(0x0000006b65b00000,0x0000006b65c00000) (1024K)]
  0x0000019be9bd53f0 JavaThread "Attach Listener"            daemon [_thread_blocked, id=1508, stack(0x0000006b65c00000,0x0000006b65d00000) (1024K)]
  0x0000019be9bd74b0 JavaThread "Service Thread"             daemon [_thread_blocked, id=18340, stack(0x0000006b65d00000,0x0000006b65e00000) (1024K)]
  0x0000019be9bdbe90 JavaThread "Monitor Deflation Thread"   daemon [_thread_blocked, id=12364, stack(0x0000006b65e00000,0x0000006b65f00000) (1024K)]
  0x0000019be9be7090 JavaThread "C2 CompilerThread0"         daemon [_thread_in_native, id=18180, stack(0x0000006b65f00000,0x0000006b66000000) (1024K)]
  0x0000019be9bedc10 JavaThread "C1 CompilerThread0"         daemon [_thread_blocked, id=8284, stack(0x0000006b66000000,0x0000006b66100000) (1024K)]
  0x0000019be9cc0f30 JavaThread "Common-Cleaner"             daemon [_thread_blocked, id=2780, stack(0x0000006b66100000,0x0000006b66200000) (1024K)]
  0x0000019be9cc15c0 JavaThread "Notification Thread"        daemon [_thread_blocked, id=4080, stack(0x0000006b66200000,0x0000006b66300000) (1024K)]
  0x0000019be9cc1c50 JavaThread "Active Thread: Equinox Container: a9d99be1-139c-4a19-bf8c-8634838c1083"        [_thread_blocked, id=18408, stack(0x0000006b66b00000,0x0000006b66c00000) (1024K)]
  0x0000019be9cc08a0 JavaThread "Refresh Thread: Equinox Container: a9d99be1-139c-4a19-bf8c-8634838c1083" daemon [_thread_blocked, id=12116, stack(0x0000006b66c00000,0x0000006b66d00000) (1024K)]
  0x0000019be9cc22e0 JavaThread "Framework Event Dispatcher: Equinox Container: a9d99be1-139c-4a19-bf8c-8634838c1083" daemon [_thread_blocked, id=18776, stack(0x0000006b66e00000,0x0000006b66f00000) (1024K)]
  0x0000019be9cbee60 JavaThread "Start Level: Equinox Container: a9d99be1-139c-4a19-bf8c-8634838c1083" daemon [_thread_blocked, id=17876, stack(0x0000006b66f00000,0x0000006b67000000) (1024K)]
  0x0000019be9cbf4f0 JavaThread "Bundle File Closer"         daemon [_thread_blocked, id=1412, stack(0x0000006b67000000,0x0000006b67100000) (1024K)]
  0x0000019be9cbfb80 JavaThread "SCR Component Actor"        daemon [_thread_blocked, id=17048, stack(0x0000006b67300000,0x0000006b67400000) (1024K)]
  0x0000019beef1d480 JavaThread "Worker-JM"                         [_thread_blocked, id=19152, stack(0x0000006b67400000,0x0000006b67500000) (1024K)]
  0x0000019beef1f550 JavaThread "JNA Cleaner"                daemon [_thread_blocked, id=14688, stack(0x0000006b66300000,0x0000006b66400000) (1024K)]
  0x0000019beef1fbe0 JavaThread "Worker-0"                          [_thread_blocked, id=3076, stack(0x0000006b67500000,0x0000006b67600000) (1024K)]
  0x0000019beef1e1a0 JavaThread "Worker-1: Java indexing... "        [_thread_blocked, id=8888, stack(0x0000006b67600000,0x0000006b67700000) (1024K)]
=>0x0000019bee325360 JavaThread "C2 CompilerThread1"         daemon [_thread_in_native, id=16304, stack(0x0000006b67700000,0x0000006b67800000) (1024K)]
  0x0000019bef59deb0 JavaThread "C2 CompilerThread2"         daemon [_thread_blocked, id=9828, stack(0x0000006b67800000,0x0000006b67900000) (1024K)]
  0x0000019beef1db10 JavaThread "Java indexing"              daemon [_thread_blocked, id=9776, stack(0x0000006b67900000,0x0000006b67a00000) (1024K)]
  0x0000019beef1e830 JavaThread "Worker-2"                          [_thread_blocked, id=15200, stack(0x0000006b67a00000,0x0000006b67b00000) (1024K)]
  0x0000019beef23060 JavaThread "Worker-3: Initialize Workspace"        [_thread_blocked, id=10252, stack(0x0000006b67b00000,0x0000006b67c00000) (1024K)]
  0x0000019beef229d0 JavaThread "Worker-4"                          [_thread_blocked, id=17244, stack(0x0000006b67c00000,0x0000006b67d00000) (1024K)]
  0x0000019beef1eec0 JavaThread "Worker-5"                          [_thread_blocked, id=14788, stack(0x0000006b67d00000,0x0000006b67e00000) (1024K)]
  0x0000019beef21620 JavaThread "Thread-2"                   daemon [_thread_in_native, id=15188, stack(0x0000006b67e00000,0x0000006b67f00000) (1024K)]
  0x0000019beef1c760 JavaThread "Thread-3"                   daemon [_thread_in_native, id=17856, stack(0x0000006b67f00000,0x0000006b68000000) (1024K)]
  0x0000019beef20270 JavaThread "Thread-4"                   daemon [_thread_in_native, id=12216, stack(0x0000006b68000000,0x0000006b68100000) (1024K)]
  0x0000019beef1cdf0 JavaThread "Thread-5"                   daemon [_thread_in_native, id=17292, stack(0x0000006b68100000,0x0000006b68200000) (1024K)]
  0x0000019beef20900 JavaThread "Thread-6"                   daemon [_thread_in_native, id=1740, stack(0x0000006b68200000,0x0000006b68300000) (1024K)]
  0x0000019beef20f90 JavaThread "Thread-7"                   daemon [_thread_in_native, id=12352, stack(0x0000006b68300000,0x0000006b68400000) (1024K)]
  0x0000019beef236f0 JavaThread "Thread-8"                   daemon [_thread_in_native, id=7616, stack(0x0000006b68400000,0x0000006b68500000) (1024K)]
  0x0000019beef21cb0 JavaThread "Thread-9"                   daemon [_thread_in_native, id=18108, stack(0x0000006b68500000,0x0000006b68600000) (1024K)]
  0x0000019beef22340 JavaThread "Thread-10"                  daemon [_thread_in_native, id=17712, stack(0x0000006b68600000,0x0000006b68700000) (1024K)]
  0x0000019beef23d80 JavaThread "Thread-11"                  daemon [_thread_in_native, id=3992, stack(0x0000006b68700000,0x0000006b68800000) (1024K)]
  0x0000019bf1723d40 JavaThread "Thread-12"                  daemon [_thread_in_native, id=19304, stack(0x0000006b68800000,0x0000006b68900000) (1024K)]
  0x0000019bf1720f50 JavaThread "Thread-13"                  daemon [_thread_in_native, id=18516, stack(0x0000006b68900000,0x0000006b68a00000) (1024K)]
  0x0000019bf1723020 JavaThread "Thread-14"                  daemon [_thread_in_native, id=18056, stack(0x0000006b68a00000,0x0000006b68b00000) (1024K)]
  0x0000019bf17215e0 JavaThread "pool-2-thread-1"                   [_thread_blocked, id=3392, stack(0x0000006b68b00000,0x0000006b68c00000) (1024K)]
  0x0000019bf17236b0 JavaThread "WorkspaceEventsHandler"            [_thread_blocked, id=14536, stack(0x0000006b68c00000,0x0000006b68d00000) (1024K)]
  0x0000019bf1721c70 JavaThread "pool-1-thread-1"                   [_thread_blocked, id=7824, stack(0x0000006b68d00000,0x0000006b68e00000) (1024K)]
  0x0000019bf1722300 JavaThread "LocalFile Deleter"          daemon [_thread_blocked, id=17432, stack(0x0000006b66400000,0x0000006b66500000) (1024K)]
  0x0000019bf1724a60 JavaThread "LocalFile Deleter"          daemon [_thread_blocked, id=18624, stack(0x0000006b68e00000,0x0000006b68f00000) (1024K)]
  0x0000019bf17243d0 JavaThread "LocalFile Deleter"          daemon [_thread_blocked, id=18716, stack(0x0000006b68f00000,0x0000006b69000000) (1024K)]
  0x0000019bf1722990 JavaThread "LocalFile Deleter"          daemon [_thread_blocked, id=19212, stack(0x0000006b69000000,0x0000006b69100000) (1024K)]
  0x0000019bf17208c0 JavaThread "LocalFile Deleter"          daemon [_thread_blocked, id=4640, stack(0x0000006b69100000,0x0000006b69200000) (1024K)]
  0x0000019bf17250f0 JavaThread "Compiler Source File Reader" daemon [_thread_blocked, id=1552, stack(0x0000006b69200000,0x0000006b69300000) (1024K)]
  0x0000019bf1725780 JavaThread "Compiler Processing Task"   daemon [_thread_blocked, id=18204, stack(0x0000006b69300000,0x0000006b69400000) (1024K)]
  0x0000019bf1725e10 JavaThread "Compiler Class File Writer" daemon [_thread_blocked, id=3416, stack(0x0000006b69400000,0x0000006b69500000) (1024K)]
  0x0000019bf171ee80 JavaThread "Timer-0"                           [_thread_blocked, id=18556, stack(0x0000006b69500000,0x0000006b69600000) (1024K)]
  0x0000019bf171fba0 JavaThread "Connection worker"                 [_thread_blocked, id=7104, stack(0x0000006b69600000,0x0000006b69700000) (1024K)]
Total: 54

Other Threads:
  0x0000019be7ba4800 VMThread "VM Thread"                           [id=17512, stack(0x0000006b65800000,0x0000006b65900000) (1024K)]
  0x0000019bd3837f00 WatcherThread "VM Periodic Task Thread"        [id=10072, stack(0x0000006b65700000,0x0000006b65800000) (1024K)]
  0x0000019bd37ea1f0 WorkerThread "GC Thread#0"                     [id=18560, stack(0x0000006b65600000,0x0000006b65700000) (1024K)]
  0x0000019bee6084f0 WorkerThread "GC Thread#1"                     [id=11500, stack(0x0000006b66500000,0x0000006b66600000) (1024K)]
  0x0000019bee602eb0 WorkerThread "GC Thread#2"                     [id=16488, stack(0x0000006b66600000,0x0000006b66700000) (1024K)]
  0x0000019bee603250 WorkerThread "GC Thread#3"                     [id=3932, stack(0x0000006b66700000,0x0000006b66800000) (1024K)]
  0x0000019bee839180 WorkerThread "GC Thread#4"                     [id=4100, stack(0x0000006b66800000,0x0000006b66900000) (1024K)]
  0x0000019bee839520 WorkerThread "GC Thread#5"                     [id=18552, stack(0x0000006b66900000,0x0000006b66a00000) (1024K)]
  0x0000019bee8398c0 WorkerThread "GC Thread#6"                     [id=11336, stack(0x0000006b66a00000,0x0000006b66b00000) (1024K)]
  0x0000019beec4d840 WorkerThread "GC Thread#7"                     [id=2068, stack(0x0000006b66d00000,0x0000006b66e00000) (1024K)]
  0x0000019beee1f900 WorkerThread "GC Thread#8"                     [id=18152, stack(0x0000006b67100000,0x0000006b67200000) (1024K)]
  0x0000019bee8c4230 WorkerThread "GC Thread#9"                     [id=1384, stack(0x0000006b67200000,0x0000006b67300000) (1024K)]
Total: 12

Threads with active compile tasks:
C2 CompilerThread0  17986 8079       4       org.eclipse.jdt.internal.compiler.parser.Scanner::internalScanIdentifierOrKeyword (5081 bytes)
C2 CompilerThread1  17986 8080       4       org.eclipse.jdt.internal.core.search.indexing.AbstractIndexer::addClassDeclaration (129 bytes)
C2 CompilerThread2  17986 8052       4       jdk.internal.jrtfs.JrtFileSystem::newByteChannel (44 bytes)
Total: 3

VM state: at safepoint (normal execution)

VM Mutex/Monitor currently owned by a thread:  ([mutex/lock_event])
[0x00007ffd9999e380] Threads_lock - owner thread: 0x0000019be7ba4800
[0x00007ffd9999e480] Heap_lock - owner thread: 0x0000019bf171fba0

Heap address: 0x00000000c0000000, size: 1024 MB, Compressed Oops mode: 32-bit

CDS archive(s) mapped at: [0x0000019b80000000-0x0000019b80ba0000-0x0000019b80ba0000), size 12189696, SharedBaseAddress: 0x0000019b80000000, ArchiveRelocationMode: 1.
Compressed class space mapped at: 0x0000019b81000000-0x0000019bc1000000, reserved size: 1073741824
Narrow klass base: 0x0000019b80000000, Narrow klass shift: 0, Narrow klass range: 0x100000000

GC Precious Log:
 CardTable entry size: 512
 CPUs: 12 total, 12 available
 Memory: 15773M
 Large Page Support: Disabled
 NUMA Support: Disabled
 Compressed Oops: Enabled (32-bit)
 Alignments: Space 512K, Generation 512K, Heap 2M
 Heap Min Capacity: 100M
 Heap Initial Capacity: 100M
 Heap Max Capacity: 1G
 Pre-touch: Disabled
 Parallel Workers: 10

Heap:
 PSYoungGen      total 9216K, used 9211K [0x00000000eab00000, 0x00000000eb680000, 0x0000000100000000)
  eden space 7168K, 100% used [0x00000000eab00000,0x00000000eb200000,0x00000000eb200000)
  from space 2048K, 99% used [0x00000000eb280000,0x00000000eb47ec68,0x00000000eb480000)
  to   space 1536K, 98% used [0x00000000eb500000,0x00000000eb67a030,0x00000000eb680000)
 ParOldGen       total 190464K, used 190463K [0x00000000c0000000, 0x00000000cba00000, 0x00000000eab00000)
  object space 190464K, 99% used [0x00000000c0000000,0x00000000cb9fff18,0x00000000cba00000)
 Metaspace       used 59674K, committed 60928K, reserved 1114112K
  class space    used 6497K, committed 6976K, reserved 1048576K

Card table byte_map: [0x0000019bd31a0000,0x0000019bd33b0000] _byte_map_base: 0x0000019bd2ba0000

Marking Bits: (ParMarkBitMap*) 0x00007ffd999a3260
 Begin Bits: [0x0000019be59c0000, 0x0000019be69c0000)
 End Bits:   [0x0000019be69c0000, 0x0000019be79c0000)

Polling page: 0x0000019bd2f90000

Metaspace:

Usage:
  Non-class:     51.93 MB used.
      Class:      6.35 MB used.
       Both:     58.28 MB used.

Virtual space:
  Non-class space:       64.00 MB reserved,      52.69 MB ( 82%) committed,  1 nodes.
      Class space:        1.00 GB reserved,       6.81 MB ( <1%) committed,  1 nodes.
             Both:        1.06 GB reserved,      59.50 MB (  5%) committed. 

Chunk freelists:
   Non-Class:  10.78 MB
       Class:  9.19 MB
        Both:  19.97 MB

MaxMetaspaceSize: unlimited
CompressedClassSpaceSize: 1.00 GB
Initial GC threshold: 21.00 MB
Current GC threshold: 99.19 MB
CDS: on
 - commit_granule_bytes: 65536.
 - commit_granule_words: 8192.
 - virtual_space_node_default_size: 8388608.
 - enlarge_chunks_in_place: 1.
 - use_allocation_guard: 0.


Internal statistics:

num_allocs_failed_limit: 11.
num_arena_births: 968.
num_arena_deaths: 14.
num_vsnodes_births: 2.
num_vsnodes_deaths: 0.
num_space_committed: 952.
num_space_uncommitted: 0.
num_chunks_returned_to_freelist: 25.
num_chunks_taken_from_freelist: 3558.
num_chunk_merges: 17.
num_chunk_splits: 2315.
num_chunks_enlarged: 1469.
num_inconsistent_stats: 0.

CodeHeap 'non-profiled nmethods': size=120000Kb used=4263Kb max_used=4768Kb free=115736Kb
 bounds [0x0000019bde490000, 0x0000019bde940000, 0x0000019be59c0000]
CodeHeap 'profiled nmethods': size=120000Kb used=12296Kb max_used=15790Kb free=107703Kb
 bounds [0x0000019bd69c0000, 0x0000019bd7930000, 0x0000019bddef0000]
CodeHeap 'non-nmethods': size=5760Kb used=1416Kb max_used=1489Kb free=4343Kb
 bounds [0x0000019bddef0000, 0x0000019bde160000, 0x0000019bde490000]
 total_blobs=7179 nmethods=6452 adapters=633
 compilation: enabled
              stopped_count=0, restarted_count=0
 full_count=0

Compilation events (20 events):
Event: 17.870 Thread 0x0000019bef59deb0 nmethod 8071% 0x0000019bde689990 code [0x0000019bde689d00, 0x0000019bde68c2a8]
Event: 17.871 Thread 0x0000019bef59deb0 8082       4       org.eclipse.jdt.core.Signature::encodeQualifiedName (207 bytes)
Event: 17.872 Thread 0x0000019bee325360 nmethod 8076 0x0000019bde753810 code [0x0000019bde7539e0, 0x0000019bde754060]
Event: 17.872 Thread 0x0000019bee325360 8080       4       org.eclipse.jdt.internal.core.search.indexing.AbstractIndexer::addClassDeclaration (129 bytes)
Event: 17.875 Thread 0x0000019be9be7090 nmethod 8081 0x0000019bde4d3710 code [0x0000019bde4d38a0, 0x0000019bde4d3b08]
Event: 17.875 Thread 0x0000019be9be7090 8079       4       org.eclipse.jdt.internal.compiler.parser.Scanner::internalScanIdentifierOrKeyword (5081 bytes)
Event: 17.880 Thread 0x0000019be9bedc10 8083       3       java.util.concurrent.ConcurrentHashMap::<init> (73 bytes)
Event: 17.881 Thread 0x0000019be9bedc10 nmethod 8083 0x0000019bd6db3710 code [0x0000019bd6db3920, 0x0000019bd6db3e58]
Event: 17.881 Thread 0x0000019be9bedc10 8084       3       org.gradle.internal.classpath.DefaultClassPath$ImmutableUniqueList$Builder::shrinkArray (41 bytes)
Event: 17.881 Thread 0x0000019be9bedc10 nmethod 8084 0x0000019bd69fa190 code [0x0000019bd69fa340, 0x0000019bd69fa600]
Event: 17.892 Thread 0x0000019be9bedc10 8086       3       org.gradle.api.internal.classpath.DefaultModuleRegistry::findDependencyJars (55 bytes)
Event: 17.893 Thread 0x0000019be9bedc10 nmethod 8086 0x0000019bd6a3f790 code [0x0000019bd6a3f9a0, 0x0000019bd6a3fef8]
Event: 17.893 Thread 0x0000019be9bedc10 8087       3       org.eclipse.jdt.internal.compiler.classfmt.AnnotationInfo::decodeDefaultValue (871 bytes)
Event: 17.898 Thread 0x0000019be9bedc10 nmethod 8087 0x0000019bd781c510 code [0x0000019bd781cac0, 0x0000019bd7820838]
Event: 17.901 Thread 0x0000019bef59deb0 nmethod 8082 0x0000019bde687e10 code [0x0000019bde688080, 0x0000019bde688fd8]
Event: 17.902 Thread 0x0000019bef59deb0 8088       4       java.nio.MappedByteBuffer::position (8 bytes)
Event: 17.903 Thread 0x0000019bef59deb0 nmethod 8088 0x0000019bde62f890 code [0x0000019bde62fa20, 0x0000019bde62fb18]
Event: 17.903 Thread 0x0000019bef59deb0 8089       4       java.nio.MappedByteBuffer::limit (8 bytes)
Event: 17.904 Thread 0x0000019bef59deb0 nmethod 8089 0x0000019bde5af910 code [0x0000019bde5afaa0, 0x0000019bde5afbc0]
Event: 17.904 Thread 0x0000019bef59deb0 8052       4       jdk.internal.jrtfs.JrtFileSystem::newByteChannel (44 bytes)

GC Heap History (20 events):
Event: 17.706 GC heap after
{Heap after GC invocations=131 (full 4):
 PSYoungGen      total 5120K, used 1024K [0x00000000eab00000, 0x00000000eb380000, 0x0000000100000000)
  eden space 4096K, 0% used [0x00000000eab00000,0x00000000eab00000,0x00000000eaf00000)
  from space 1024K, 100% used [0x00000000eaf00000,0x00000000eb000000,0x00000000eb000000)
  to   space 2048K, 0% used [0x00000000eb180000,0x00000000eb180000,0x00000000eb380000)
 ParOldGen       total 185344K, used 180648K [0x00000000c0000000, 0x00000000cb500000, 0x00000000eab00000)
  object space 185344K, 97% used [0x00000000c0000000,0x00000000cb06a188,0x00000000cb500000)
 Metaspace       used 59674K, committed 60928K, reserved 1114112K
  class space    used 6497K, committed 6976K, reserved 1048576K
}
Event: 17.721 GC heap before
{Heap before GC invocations=132 (full 4):
 PSYoungGen      total 5120K, used 5120K [0x00000000eab00000, 0x00000000eb380000, 0x0000000100000000)
  eden space 4096K, 100% used [0x00000000eab00000,0x00000000eaf00000,0x00000000eaf00000)
  from space 1024K, 100% used [0x00000000eaf00000,0x00000000eb000000,0x00000000eb000000)
  to   space 2048K, 0% used [0x00000000eb180000,0x00000000eb180000,0x00000000eb380000)
 ParOldGen       total 185344K, used 180648K [0x00000000c0000000, 0x00000000cb500000, 0x00000000eab00000)
  object space 185344K, 97% used [0x00000000c0000000,0x00000000cb06a188,0x00000000cb500000)
 Metaspace       used 59674K, committed 60928K, reserved 1114112K
  class space    used 6497K, committed 6976K, reserved 1048576K
}
Event: 17.724 GC heap after
{Heap after GC invocations=132 (full 4):
 PSYoungGen      total 5632K, used 983K [0x00000000eab00000, 0x00000000eb280000, 0x0000000100000000)
  eden space 4608K, 0% used [0x00000000eab00000,0x00000000eab00000,0x00000000eaf80000)
  from space 1024K, 96% used [0x00000000eb180000,0x00000000eb275da8,0x00000000eb280000)
  to   space 1536K, 0% used [0x00000000eaf80000,0x00000000eaf80000,0x00000000eb100000)
 ParOldGen       total 185344K, used 181689K [0x00000000c0000000, 0x00000000cb500000, 0x00000000eab00000)
  object space 185344K, 98% used [0x00000000c0000000,0x00000000cb16e780,0x00000000cb500000)
 Metaspace       used 59674K, committed 60928K, reserved 1114112K
  class space    used 6497K, committed 6976K, reserved 1048576K
}
Event: 17.742 GC heap before
{Heap before GC invocations=133 (full 4):
 PSYoungGen      total 5632K, used 5591K [0x00000000eab00000, 0x00000000eb280000, 0x0000000100000000)
  eden space 4608K, 100% used [0x00000000eab00000,0x00000000eaf80000,0x00000000eaf80000)
  from space 1024K, 96% used [0x00000000eb180000,0x00000000eb275da8,0x00000000eb280000)
  to   space 1536K, 0% used [0x00000000eaf80000,0x00000000eaf80000,0x00000000eb100000)
 ParOldGen       total 185344K, used 181689K [0x00000000c0000000, 0x00000000cb500000, 0x00000000eab00000)
  object space 185344K, 98% used [0x00000000c0000000,0x00000000cb16e780,0x00000000cb500000)
 Metaspace       used 59674K, committed 60928K, reserved 1114112K
  class space    used 6497K, committed 6976K, reserved 1048576K
}
Event: 17.744 GC heap after
{Heap after GC invocations=133 (full 4):
 PSYoungGen      total 6144K, used 1535K [0x00000000eab00000, 0x00000000eb400000, 0x0000000100000000)
  eden space 4608K, 0% used [0x00000000eab00000,0x00000000eab00000,0x00000000eaf80000)
  from space 1536K, 99% used [0x00000000eaf80000,0x00000000eb0fff78,0x00000000eb100000)
  to   space 2048K, 0% used [0x00000000eb200000,0x00000000eb200000,0x00000000eb400000)
 ParOldGen       total 185344K, used 181988K [0x00000000c0000000, 0x00000000cb500000, 0x00000000eab00000)
  object space 185344K, 98% used [0x00000000c0000000,0x00000000cb1b90c0,0x00000000cb500000)
 Metaspace       used 59674K, committed 60928K, reserved 1114112K
  class space    used 6497K, committed 6976K, reserved 1048576K
}
Event: 17.759 GC heap before
{Heap before GC invocations=134 (full 4):
 PSYoungGen      total 6144K, used 6143K [0x00000000eab00000, 0x00000000eb400000, 0x0000000100000000)
  eden space 4608K, 100% used [0x00000000eab00000,0x00000000eaf80000,0x00000000eaf80000)
  from space 1536K, 99% used [0x00000000eaf80000,0x00000000eb0fff78,0x00000000eb100000)
  to   space 2048K, 0% used [0x00000000eb200000,0x00000000eb200000,0x00000000eb400000)
 ParOldGen       total 185344K, used 181988K [0x00000000c0000000, 0x00000000cb500000, 0x00000000eab00000)
  object space 185344K, 98% used [0x00000000c0000000,0x00000000cb1b90c0,0x00000000cb500000)
 Metaspace       used 59674K, committed 60928K, reserved 1114112K
  class space    used 6497K, committed 6976K, reserved 1048576K
}
Event: 17.762 GC heap after
{Heap after GC invocations=134 (full 4):
 PSYoungGen      total 6656K, used 1088K [0x00000000eab00000, 0x00000000eb380000, 0x0000000100000000)
  eden space 5120K, 0% used [0x00000000eab00000,0x00000000eab00000,0x00000000eb000000)
  from space 1536K, 70% used [0x00000000eb200000,0x00000000eb310000,0x00000000eb380000)
  to   space 1536K, 0% used [0x00000000eb080000,0x00000000eb080000,0x00000000eb200000)
 ParOldGen       total 185344K, used 183498K [0x00000000c0000000, 0x00000000cb500000, 0x00000000eab00000)
  object space 185344K, 99% used [0x00000000c0000000,0x00000000cb332ab0,0x00000000cb500000)
 Metaspace       used 59674K, committed 60928K, reserved 1114112K
  class space    used 6497K, committed 6976K, reserved 1048576K
}
Event: 17.780 GC heap before
{Heap before GC invocations=135 (full 4):
 PSYoungGen      total 6656K, used 6208K [0x00000000eab00000, 0x00000000eb380000, 0x0000000100000000)
  eden space 5120K, 100% used [0x00000000eab00000,0x00000000eb000000,0x00000000eb000000)
  from space 1536K, 70% used [0x00000000eb200000,0x00000000eb310000,0x00000000eb380000)
  to   space 1536K, 0% used [0x00000000eb080000,0x00000000eb080000,0x00000000eb200000)
 ParOldGen       total 185344K, used 183498K [0x00000000c0000000, 0x00000000cb500000, 0x00000000eab00000)
  object space 185344K, 99% used [0x00000000c0000000,0x00000000cb332ab0,0x00000000cb500000)
 Metaspace       used 59674K, committed 60928K, reserved 1114112K
  class space    used 6497K, committed 6976K, reserved 1048576K
}
Event: 17.784 GC heap after
{Heap after GC invocations=135 (full 4):
 PSYoungGen      total 7168K, used 1515K [0x00000000eab00000, 0x00000000eb580000, 0x0000000100000000)
  eden space 5632K, 0% used [0x00000000eab00000,0x00000000eab00000,0x00000000eb080000)
  from space 1536K, 98% used [0x00000000eb080000,0x00000000eb1face8,0x00000000eb200000)
  to   space 2560K, 0% used [0x00000000eb300000,0x00000000eb300000,0x00000000eb580000)
 ParOldGen       total 185344K, used 183940K [0x00000000c0000000, 0x00000000cb500000, 0x00000000eab00000)
  object space 185344K, 99% used [0x00000000c0000000,0x00000000cb3a12e0,0x00000000cb500000)
 Metaspace       used 59674K, committed 60928K, reserved 1114112K
  class space    used 6497K, committed 6976K, reserved 1048576K
}
Event: 17.802 GC heap before
{Heap before GC invocations=136 (full 4):
 PSYoungGen      total 7168K, used 7147K [0x00000000eab00000, 0x00000000eb580000, 0x0000000100000000)
  eden space 5632K, 100% used [0x00000000eab00000,0x00000000eb080000,0x00000000eb080000)
  from space 1536K, 98% used [0x00000000eb080000,0x00000000eb1face8,0x00000000eb200000)
  to   space 2560K, 0% used [0x00000000eb300000,0x00000000eb300000,0x00000000eb580000)
 ParOldGen       total 185344K, used 183940K [0x00000000c0000000, 0x00000000cb500000, 0x00000000eab00000)
  object space 185344K, 99% used [0x00000000c0000000,0x00000000cb3a12e0,0x00000000cb500000)
 Metaspace       used 59674K, committed 60928K, reserved 1114112K
  class space    used 6497K, committed 6976K, reserved 1048576K
}
Event: 17.804 GC heap after
{Heap after GC invocations=136 (full 4):
 PSYoungGen      total 8704K, used 1353K [0x00000000eab00000, 0x00000000eb580000, 0x0000000100000000)
  eden space 6144K, 0% used [0x00000000eab00000,0x00000000eab00000,0x00000000eb100000)
  from space 2560K, 52% used [0x00000000eb300000,0x00000000eb452678,0x00000000eb580000)
  to   space 2048K, 0% used [0x00000000eb100000,0x00000000eb100000,0x00000000eb300000)
 ParOldGen       total 185856K, used 185479K [0x00000000c0000000, 0x00000000cb580000, 0x00000000eab00000)
  object space 185856K, 99% used [0x00000000c0000000,0x00000000cb521f90,0x00000000cb580000)
 Metaspace       used 59674K, committed 60928K, reserved 1114112K
  class space    used 6497K, committed 6976K, reserved 1048576K
}
Event: 17.826 GC heap before
{Heap before GC invocations=137 (full 4):
 PSYoungGen      total 8704K, used 7497K [0x00000000eab00000, 0x00000000eb580000, 0x0000000100000000)
  eden space 6144K, 100% used [0x00000000eab00000,0x00000000eb100000,0x00000000eb100000)
  from space 2560K, 52% used [0x00000000eb300000,0x00000000eb452678,0x00000000eb580000)
  to   space 2048K, 0% used [0x00000000eb100000,0x00000000eb100000,0x00000000eb300000)
 ParOldGen       total 185856K, used 185479K [0x00000000c0000000, 0x00000000cb580000, 0x00000000eab00000)
  object space 185856K, 99% used [0x00000000c0000000,0x00000000cb521f90,0x00000000cb580000)
 Metaspace       used 59674K, committed 60928K, reserved 1114112K
  class space    used 6497K, committed 6976K, reserved 1048576K
}
Event: 17.829 GC heap after
{Heap after GC invocations=137 (full 4):
 PSYoungGen      total 8192K, used 2043K [0x00000000eab00000, 0x00000000eb800000, 0x0000000100000000)
  eden space 6144K, 0% used [0x00000000eab00000,0x00000000eab00000,0x00000000eb100000)
  from space 2048K, 99% used [0x00000000eb100000,0x00000000eb2fef38,0x00000000eb300000)
  to   space 3072K, 0% used [0x00000000eb500000,0x00000000eb500000,0x00000000eb800000)
 ParOldGen       total 186368K, used 185905K [0x00000000c0000000, 0x00000000cb600000, 0x00000000eab00000)
  object space 186368K, 99% used [0x00000000c0000000,0x00000000cb58c5e0,0x00000000cb600000)
 Metaspace       used 59674K, committed 60928K, reserved 1114112K
  class space    used 6497K, committed 6976K, reserved 1048576K
}
Event: 17.850 GC heap before
{Heap before GC invocations=138 (full 4):
 PSYoungGen      total 8192K, used 8187K [0x00000000eab00000, 0x00000000eb800000, 0x0000000100000000)
  eden space 6144K, 100% used [0x00000000eab00000,0x00000000eb100000,0x00000000eb100000)
  from space 2048K, 99% used [0x00000000eb100000,0x00000000eb2fef38,0x00000000eb300000)
  to   space 3072K, 0% used [0x00000000eb500000,0x00000000eb500000,0x00000000eb800000)
 ParOldGen       total 186368K, used 185905K [0x00000000c0000000, 0x00000000cb600000, 0x00000000eab00000)
  object space 186368K, 99% used [0x00000000c0000000,0x00000000cb58c5e0,0x00000000cb600000)
 Metaspace       used 59674K, committed 60928K, reserved 1114112K
  class space    used 6497K, committed 6976K, reserved 1048576K
}
Event: 17.853 GC heap after
{Heap after GC invocations=138 (full 4):
 PSYoungGen      total 8704K, used 1289K [0x00000000eab00000, 0x00000000eb680000, 0x0000000100000000)
  eden space 7168K, 0% used [0x00000000eab00000,0x00000000eab00000,0x00000000eb200000)
  from space 1536K, 83% used [0x00000000eb500000,0x00000000eb6425c8,0x00000000eb680000)
  to   space 2048K, 0% used [0x00000000eb280000,0x00000000eb280000,0x00000000eb480000)
 ParOldGen       total 188416K, used 187962K [0x00000000c0000000, 0x00000000cb800000, 0x00000000eab00000)
  object space 188416K, 99% used [0x00000000c0000000,0x00000000cb78e968,0x00000000cb800000)
 Metaspace       used 59674K, committed 60928K, reserved 1114112K
  class space    used 6497K, committed 6976K, reserved 1048576K
}
Event: 17.882 GC heap before
{Heap before GC invocations=139 (full 4):
 PSYoungGen      total 8704K, used 8457K [0x00000000eab00000, 0x00000000eb680000, 0x0000000100000000)
  eden space 7168K, 100% used [0x00000000eab00000,0x00000000eb200000,0x00000000eb200000)
  from space 1536K, 83% used [0x00000000eb500000,0x00000000eb6425c8,0x00000000eb680000)
  to   space 2048K, 0% used [0x00000000eb280000,0x00000000eb280000,0x00000000eb480000)
 ParOldGen       total 188416K, used 187962K [0x00000000c0000000, 0x00000000cb800000, 0x00000000eab00000)
  object space 188416K, 99% used [0x00000000c0000000,0x00000000cb78e968,0x00000000cb800000)
 Metaspace       used 59674K, committed 60928K, reserved 1114112K
  class space    used 6497K, committed 6976K, reserved 1048576K
}
Event: 17.884 GC heap after
{Heap after GC invocations=139 (full 4):
 PSYoungGen      total 9216K, used 2043K [0x00000000eab00000, 0x00000000eb680000, 0x0000000100000000)
  eden space 7168K, 0% used [0x00000000eab00000,0x00000000eab00000,0x00000000eb200000)
  from space 2048K, 99% used [0x00000000eb280000,0x00000000eb47ec68,0x00000000eb480000)
  to   space 1536K, 0% used [0x00000000eb500000,0x00000000eb500000,0x00000000eb680000)
 ParOldGen       total 188928K, used 188465K [0x00000000c0000000, 0x00000000cb880000, 0x00000000eab00000)
  object space 188928K, 99% used [0x00000000c0000000,0x00000000cb80c760,0x00000000cb880000)
 Metaspace       used 59674K, committed 60928K, reserved 1114112K
  class space    used 6497K, committed 6976K, reserved 1048576K
}
Event: 17.909 GC heap before
{Heap before GC invocations=140 (full 4):
 PSYoungGen      total 9216K, used 9211K [0x00000000eab00000, 0x00000000eb680000, 0x0000000100000000)
  eden space 7168K, 100% used [0x00000000eab00000,0x00000000eb200000,0x00000000eb200000)
  from space 2048K, 99% used [0x00000000eb280000,0x00000000eb47ec68,0x00000000eb480000)
  to   space 1536K, 0% used [0x00000000eb500000,0x00000000eb500000,0x00000000eb680000)
 ParOldGen       total 188928K, used 188465K [0x00000000c0000000, 0x00000000cb880000, 0x00000000eab00000)
  object space 188928K, 99% used [0x00000000c0000000,0x00000000cb80c760,0x00000000cb880000)
 Metaspace       used 59674K, committed 60928K, reserved 1114112K
  class space    used 6497K, committed 6976K, reserved 1048576K
}
Event: 17.913 GC heap after
{Heap after GC invocations=140 (full 4):
 PSYoungGen      total 9216K, used 9211K [0x00000000eab00000, 0x00000000eb680000, 0x0000000100000000)
  eden space 7168K, 100% used [0x00000000eab00000,0x00000000eb200000,0x00000000eb200000)
  from space 2048K, 99% used [0x00000000eb280000,0x00000000eb47ec68,0x00000000eb480000)
  to   space 1536K, 98% used [0x00000000eb500000,0x00000000eb67a030,0x00000000eb680000)
 ParOldGen       total 190464K, used 190463K [0x00000000c0000000, 0x00000000cba00000, 0x00000000eab00000)
  object space 190464K, 99% used [0x00000000c0000000,0x00000000cb9fff18,0x00000000cba00000)
 Metaspace       used 59674K, committed 60928K, reserved 1114112K
  class space    used 6497K, committed 6976K, reserved 1048576K
}
Event: 17.913 GC heap before
{Heap before GC invocations=141 (full 5):
 PSYoungGen      total 9216K, used 9211K [0x00000000eab00000, 0x00000000eb680000, 0x0000000100000000)
  eden space 7168K, 100% used [0x00000000eab00000,0x00000000eb200000,0x00000000eb200000)
  from space 2048K, 99% used [0x00000000eb280000,0x00000000eb47ec68,0x00000000eb480000)
  to   space 1536K, 98% used [0x00000000eb500000,0x00000000eb67a030,0x00000000eb680000)
 ParOldGen       total 190464K, used 190463K [0x00000000c0000000, 0x00000000cba00000, 0x00000000eab00000)
  object space 190464K, 99% used [0x00000000c0000000,0x00000000cb9fff18,0x00000000cba00000)
 Metaspace       used 59674K, committed 60928K, reserved 1114112K
  class space    used 6497K, committed 6976K, reserved 1048576K
}

Dll operation events (11 events):
Event: 0.016 Loaded shared library c:\Users\abhig\.vscode\extensions\redhat.java-1.41.1-win32-x64\jre\21.0.6-win32-x86_64\bin\java.dll
Event: 0.132 Loaded shared library c:\Users\abhig\.vscode\extensions\redhat.java-1.41.1-win32-x64\jre\21.0.6-win32-x86_64\bin\zip.dll
Event: 0.171 Loaded shared library C:\Users\abhig\.vscode\extensions\redhat.java-1.41.1-win32-x64\jre\21.0.6-win32-x86_64\bin\instrument.dll
Event: 0.179 Loaded shared library C:\Users\abhig\.vscode\extensions\redhat.java-1.41.1-win32-x64\jre\21.0.6-win32-x86_64\bin\net.dll
Event: 0.183 Loaded shared library C:\Users\abhig\.vscode\extensions\redhat.java-1.41.1-win32-x64\jre\21.0.6-win32-x86_64\bin\nio.dll
Event: 0.189 Loaded shared library C:\Users\abhig\.vscode\extensions\redhat.java-1.41.1-win32-x64\jre\21.0.6-win32-x86_64\bin\zip.dll
Event: 0.220 Loaded shared library C:\Users\abhig\.vscode\extensions\redhat.java-1.41.1-win32-x64\jre\21.0.6-win32-x86_64\bin\jimage.dll
Event: 0.371 Loaded shared library c:\Users\abhig\.vscode\extensions\redhat.java-1.41.1-win32-x64\jre\21.0.6-win32-x86_64\bin\verify.dll
Event: 2.487 Loaded shared library C:\Users\abhig\AppData\Roaming\Code\User\globalStorage\redhat.java\1.41.1\config_win\org.eclipse.equinox.launcher\org.eclipse.equinox.launcher.win32.win32.x86_64_1.2.1300.v20250331-1702\eclipse_11911.dll
Event: 6.314 Loaded shared library C:\Users\abhig\AppData\Local\Temp\jna-92604357\jna12642891193072353174.dll
Event: 16.511 Loaded shared library C:\Users\abhig\.gradle\native\c067742578af261105cb4f569cf0c3c89f3d7b1fecec35dd04571415982c5e48\windows-amd64\native-platform.dll

Deoptimization events (20 events):
Event: 17.134 Thread 0x0000019beef1db10 DEOPT PACKING pc=0x0000019bd789d678 sp=0x0000006b679fe6a0
Event: 17.134 Thread 0x0000019beef1db10 DEOPT UNPACKING pc=0x0000019bddf44242 sp=0x0000006b679fdc20 mode 0
Event: 17.143 Thread 0x0000019beef1db10 DEOPT PACKING pc=0x0000019bd789d4d3 sp=0x0000006b679fe6a0
Event: 17.143 Thread 0x0000019beef1db10 DEOPT UNPACKING pc=0x0000019bddf44242 sp=0x0000006b679fdc20 mode 0
Event: 17.154 Thread 0x0000019beef1db10 DEOPT PACKING pc=0x0000019bd789d453 sp=0x0000006b679fe6a0
Event: 17.154 Thread 0x0000019beef1db10 DEOPT UNPACKING pc=0x0000019bddf44242 sp=0x0000006b679fdc20 mode 0
Event: 17.322 Thread 0x0000019beef1db10 Uncommon trap: trap_request=0xffffffe4 fr.pc=0x0000019bde924084 relative=0x0000000000001244
Event: 17.322 Thread 0x0000019beef1db10 Uncommon trap: reason=range_check action=make_not_entrant pc=0x0000019bde924084 method=org.eclipse.jdt.internal.core.search.matching.ConstructorPattern.createDeclarationIndexKey([CI[C[[C[[CI[CII)[C @ 352 c2
Event: 17.322 Thread 0x0000019beef1db10 DEOPT PACKING pc=0x0000019bde924084 sp=0x0000006b679fe6a0
Event: 17.323 Thread 0x0000019beef1db10 DEOPT UNPACKING pc=0x0000019bddf43aa2 sp=0x0000006b679fe5e0 mode 2
Event: 17.766 Thread 0x0000019bf171fba0 DEOPT PACKING pc=0x0000019bd7457ac6 sp=0x0000006b696fcd20
Event: 17.766 Thread 0x0000019bf171fba0 DEOPT UNPACKING pc=0x0000019bddf44242 sp=0x0000006b696fc2a0 mode 0
Event: 17.865 Thread 0x0000019beef1db10 DEOPT PACKING pc=0x0000019bd7806f2c sp=0x0000006b679fe670
Event: 17.865 Thread 0x0000019beef1db10 DEOPT UNPACKING pc=0x0000019bddf44242 sp=0x0000006b679fdad8 mode 0
Event: 17.865 Thread 0x0000019beef1db10 DEOPT PACKING pc=0x0000019bd7807e26 sp=0x0000006b679fe5e0
Event: 17.865 Thread 0x0000019beef1db10 DEOPT UNPACKING pc=0x0000019bddf44242 sp=0x0000006b679fdab8 mode 0
Event: 17.868 Thread 0x0000019beef1db10 DEOPT PACKING pc=0x0000019bd7806f2c sp=0x0000006b679fe670
Event: 17.868 Thread 0x0000019beef1db10 DEOPT UNPACKING pc=0x0000019bddf44242 sp=0x0000006b679fdad8 mode 0
Event: 17.868 Thread 0x0000019beef1db10 DEOPT PACKING pc=0x0000019bd7807e26 sp=0x0000006b679fe5e0
Event: 17.868 Thread 0x0000019beef1db10 DEOPT UNPACKING pc=0x0000019bddf44242 sp=0x0000006b679fdab8 mode 0

Classes loaded (20 events):
Event: 15.364 Loading class java/nio/file/PathMatcher done
Event: 15.364 Loading class sun/nio/fs/WindowsFileSystem$2 done
Event: 15.372 Loading class java/nio/file/FileChannelLinesSpliterator
Event: 15.372 Loading class java/nio/file/FileChannelLinesSpliterator done
Event: 15.373 Loading class java/util/stream/Streams$1
Event: 15.373 Loading class java/util/stream/Streams$1 done
Event: 15.374 Loading class java/nio/file/FileChannelLinesSpliterator$1
Event: 15.374 Loading class java/nio/file/FileChannelLinesSpliterator$1 done
Event: 15.501 Loading class java/util/concurrent/CopyOnWriteArraySet
Event: 15.501 Loading class java/util/concurrent/CopyOnWriteArraySet done
Event: 15.643 Loading class java/net/HttpURLConnection
Event: 15.644 Loading class java/net/HttpURLConnection done
Event: 15.652 Loading class java/io/FileFilter
Event: 15.653 Loading class java/io/FileFilter done
Event: 15.683 Loading class java/util/concurrent/ConcurrentHashMap$ValueSpliterator
Event: 15.683 Loading class java/util/concurrent/ConcurrentHashMap$ValueSpliterator done
Event: 15.685 Loading class jdk/internal/loader/BootLoader$PackageHelper
Event: 15.686 Loading class jdk/internal/loader/BootLoader$PackageHelper done
Event: 16.485 Loading class java/lang/Class$EnclosingMethodInfo
Event: 16.485 Loading class java/lang/Class$EnclosingMethodInfo done

Classes unloaded (7 events):
Event: 7.367 Thread 0x0000019be7ba4800 Unloading class 0x0000019b8119e400 'java/lang/invoke/LambdaForm$MH+0x0000019b8119e400'
Event: 7.367 Thread 0x0000019be7ba4800 Unloading class 0x0000019b8119e000 'java/lang/invoke/LambdaForm$MH+0x0000019b8119e000'
Event: 7.367 Thread 0x0000019be7ba4800 Unloading class 0x0000019b8119dc00 'java/lang/invoke/LambdaForm$MH+0x0000019b8119dc00'
Event: 7.367 Thread 0x0000019be7ba4800 Unloading class 0x0000019b8119d800 'java/lang/invoke/LambdaForm$MH+0x0000019b8119d800'
Event: 7.367 Thread 0x0000019be7ba4800 Unloading class 0x0000019b8119d400 'java/lang/invoke/LambdaForm$BMH+0x0000019b8119d400'
Event: 7.367 Thread 0x0000019be7ba4800 Unloading class 0x0000019b8119d000 'java/lang/invoke/LambdaForm$DMH+0x0000019b8119d000'
Event: 7.367 Thread 0x0000019be7ba4800 Unloading class 0x0000019b8119bc00 'java/lang/invoke/LambdaForm$DMH+0x0000019b8119bc00'

Classes redefined (0 events):
No events

Internal exceptions (20 events):
Event: 12.802 Thread 0x0000019beef1fbe0 Exception <a 'java/io/FileNotFoundException'{0x00000000eb888488}> (0x00000000eb888488) 
thrown [s\src\hotspot\share\prims\jni.cpp, line 520]
Event: 12.802 Thread 0x0000019beef1fbe0 Exception <a 'java/io/FileNotFoundException'{0x00000000eb8894a0}> (0x00000000eb8894a0) 
thrown [s\src\hotspot\share\prims\jni.cpp, line 520]
Event: 13.118 Thread 0x0000019beef1fbe0 Exception <a 'sun/nio/fs/WindowsException'{0x00000000eb014bd8}> (0x00000000eb014bd8) 
thrown [s\src\hotspot\share\prims\jni.cpp, line 520]
Event: 13.122 Thread 0x0000019bf1722300 Exception <a 'sun/nio/fs/WindowsException'{0x00000000eb144590}> (0x00000000eb144590) 
thrown [s\src\hotspot\share\prims\jni.cpp, line 520]
Event: 13.123 Thread 0x0000019bf1724a60 Exception <a 'sun/nio/fs/WindowsException'{0x00000000eb19ebf0}> (0x00000000eb19ebf0) 
thrown [s\src\hotspot\share\prims\jni.cpp, line 520]
Event: 14.272 Thread 0x0000019beef1fbe0 Exception <a 'java/lang/NoSuchMethodError'{0x00000000eb2de878}: 'int java.lang.invoke.DirectMethodHandle$Holder.invokeSpecialIFC(java.lang.Object, java.lang.Object, java.lang.Object)'> (0x00000000eb2de878) 
thrown [s\src\hotspot\share\interpreter\linkResolver.cpp, line 773]
Event: 14.515 Thread 0x0000019bf1725780 Exception <a 'java/lang/NoSuchMethodError'{0x00000000eabed028}: 'void java.lang.invoke.DirectMethodHandle$Holder.invokeVirtual(java.lang.Object, java.lang.Object, java.lang.Object, java.lang.Object, java.lang.Object)'> (0x00000000eabed028) 
thrown [s\src\hotspot\share\interpreter\linkResolver.cpp, line 773]
Event: 14.636 Thread 0x0000019beef1fbe0 Exception <a 'java/lang/NoSuchMethodError'{0x00000000eb1d95f0}: 'java.lang.Object java.lang.invoke.DirectMethodHandle$Holder.newInvokeSpecial(java.lang.Object, java.lang.Object, int, int, java.lang.Object)'> (0x00000000eb1d95f0) 
thrown [s\src\hotspot\share\interpreter\linkResolver.cpp, line 773]
Event: 14.646 Thread 0x0000019beef1fbe0 Exception <a 'sun/nio/fs/WindowsException'{0x00000000eb248010}> (0x00000000eb248010) 
thrown [s\src\hotspot\share\prims\jni.cpp, line 520]
Event: 14.646 Thread 0x0000019beef1fbe0 Exception <a 'sun/nio/fs/WindowsException'{0x00000000eb248640}> (0x00000000eb248640) 
thrown [s\src\hotspot\share\prims\jni.cpp, line 520]
Event: 14.655 Thread 0x0000019beef1fbe0 Exception <a 'sun/nio/fs/WindowsException'{0x00000000eb28c318}> (0x00000000eb28c318) 
thrown [s\src\hotspot\share\prims\jni.cpp, line 520]
Event: 14.656 Thread 0x0000019beef1fbe0 Exception <a 'sun/nio/fs/WindowsException'{0x00000000eb28c948}> (0x00000000eb28c948) 
thrown [s\src\hotspot\share\prims\jni.cpp, line 520]
Event: 14.670 Thread 0x0000019beef1fbe0 Exception <a 'sun/nio/fs/WindowsException'{0x00000000eb2fedd8}> (0x00000000eb2fedd8) 
thrown [s\src\hotspot\share\prims\jni.cpp, line 520]
Event: 14.670 Thread 0x0000019beef1fbe0 Exception <a 'sun/nio/fs/WindowsException'{0x00000000eb2ff408}> (0x00000000eb2ff408) 
thrown [s\src\hotspot\share\prims\jni.cpp, line 520]
Event: 15.258 Thread 0x0000019beef1fbe0 Exception <a 'java/lang/NoSuchMethodError'{0x00000000eaba83e8}: 'int java.lang.invoke.DirectMethodHandle$Holder.invokeSpecialIFC(java.lang.Object, java.lang.Object, java.lang.Object, java.lang.Object)'> (0x00000000eaba83e8) 
thrown [s\src\hotspot\share\interpreter\linkResolver.cpp, line 773]
Event: 15.326 Thread 0x0000019beef23060 Exception <a 'java/lang/NoSuchMethodError'{0x00000000eb17c2f0}: 'int java.lang.invoke.DirectMethodHandle$Holder.invokeInterface(java.lang.Object, java.lang.Object)'> (0x00000000eb17c2f0) 
thrown [s\src\hotspot\share\interpreter\linkResolver.cpp, line 773]
Event: 15.327 Thread 0x0000019beef23060 Exception <a 'java/lang/IncompatibleClassChangeError'{0x00000000eb1b8b10}: Found class java.lang.Object, but interface was expected> (0x00000000eb1b8b10) 
thrown [s\src\hotspot\share\interpreter\linkResolver.cpp, line 840]
Event: 15.507 Thread 0x0000019beef23060 Exception <a 'java/lang/NoSuchMethodError'{0x00000000eab069a0}: 'java.lang.Object java.lang.invoke.DirectMethodHandle$Holder.invokeVirtual(java.lang.Object, java.lang.Object, java.lang.Object, java.lang.Object)'> (0x00000000eab069a0) 
thrown [s\src\hotspot\share\interpreter\linkResolver.cpp, line 773]
Event: 15.510 Thread 0x0000019beef23060 Exception <a 'java/lang/NoSuchMethodError'{0x00000000eabfdb78}: 'java.lang.Object java.lang.invoke.DirectMethodHandle$Holder.invokeVirtual(java.lang.Object, java.lang.Object, java.lang.Object, java.lang.Object, java.lang.Object)'> (0x00000000eabfdb78) 
thrown [s\src\hotspot\share\interpreter\linkResolver.cpp, line 773]
Event: 16.195 Thread 0x0000019beef1db10 Implicit null exception at 0x0000019bde8f0524 to 0x0000019bde8f57e4

ZGC Phase Switch (0 events):
No events

VM Operations (20 events):
Event: 17.689 Executing VM operation: ParallelGCFailedAllocation (Allocation Failure) done
Event: 17.705 Executing VM operation: ParallelGCFailedAllocation (Allocation Failure)
Event: 17.706 Executing VM operation: ParallelGCFailedAllocation (Allocation Failure) done
Event: 17.721 Executing VM operation: ParallelGCFailedAllocation (Allocation Failure)
Event: 17.724 Executing VM operation: ParallelGCFailedAllocation (Allocation Failure) done
Event: 17.742 Executing VM operation: ParallelGCFailedAllocation (Allocation Failure)
Event: 17.744 Executing VM operation: ParallelGCFailedAllocation (Allocation Failure) done
Event: 17.759 Executing VM operation: ParallelGCFailedAllocation (Allocation Failure)
Event: 17.762 Executing VM operation: ParallelGCFailedAllocation (Allocation Failure) done
Event: 17.780 Executing VM operation: ParallelGCFailedAllocation (Allocation Failure)
Event: 17.784 Executing VM operation: ParallelGCFailedAllocation (Allocation Failure) done
Event: 17.802 Executing VM operation: ParallelGCFailedAllocation (Allocation Failure)
Event: 17.805 Executing VM operation: ParallelGCFailedAllocation (Allocation Failure) done
Event: 17.826 Executing VM operation: ParallelGCFailedAllocation (Allocation Failure)
Event: 17.829 Executing VM operation: ParallelGCFailedAllocation (Allocation Failure) done
Event: 17.850 Executing VM operation: ParallelGCFailedAllocation (Allocation Failure)
Event: 17.853 Executing VM operation: ParallelGCFailedAllocation (Allocation Failure) done
Event: 17.882 Executing VM operation: ParallelGCFailedAllocation (Allocation Failure)
Event: 17.884 Executing VM operation: ParallelGCFailedAllocation (Allocation Failure) done
Event: 17.909 Executing VM operation: ParallelGCFailedAllocation (Allocation Failure)

Memory protections (0 events):
No events

Nmethod flushes (20 events):
Event: 17.547 Thread 0x0000019be7ba4800 flushing  nmethod 0x0000019bd7865910
Event: 17.547 Thread 0x0000019be7ba4800 flushing  nmethod 0x0000019bd7869c90
Event: 17.547 Thread 0x0000019be7ba4800 flushing  nmethod 0x0000019bd7876410
Event: 17.547 Thread 0x0000019be7ba4800 flushing  nmethod 0x0000019bd7878190
Event: 17.547 Thread 0x0000019be7ba4800 flushing  nmethod 0x0000019bd787f790
Event: 17.547 Thread 0x0000019be7ba4800 flushing  nmethod 0x0000019bd787fb90
Event: 17.547 Thread 0x0000019be7ba4800 flushing  nmethod 0x0000019bd7880010
Event: 17.547 Thread 0x0000019be7ba4800 flushing  nmethod 0x0000019bd7882790
Event: 17.547 Thread 0x0000019be7ba4800 flushing  nmethod 0x0000019bd788b190
Event: 17.547 Thread 0x0000019be7ba4800 flushing  nmethod 0x0000019bd788d610
Event: 17.547 Thread 0x0000019be7ba4800 flushing  nmethod 0x0000019bd788dc10
Event: 17.547 Thread 0x0000019be7ba4800 flushing  nmethod 0x0000019bd7894190
Event: 17.547 Thread 0x0000019be7ba4800 flushing  nmethod 0x0000019bd7896390
Event: 17.547 Thread 0x0000019be7ba4800 flushing  nmethod 0x0000019bd7896710
Event: 17.547 Thread 0x0000019be7ba4800 flushing  nmethod 0x0000019bd7897190
Event: 17.547 Thread 0x0000019be7ba4800 flushing  nmethod 0x0000019bd7897d90
Event: 17.547 Thread 0x0000019be7ba4800 flushing  nmethod 0x0000019bd789e310
Event: 17.547 Thread 0x0000019be7ba4800 flushing  nmethod 0x0000019bd78a3890
Event: 17.547 Thread 0x0000019be7ba4800 flushing  nmethod 0x0000019bd791ba10
Event: 17.547 Thread 0x0000019be7ba4800 flushing  nmethod 0x0000019bd791e790

Events (20 events):
Event: 8.781 Thread 0x0000019bd37caf30 Thread added: 0x0000019beef21cb0
Event: 8.783 Thread 0x0000019bd37caf30 Thread added: 0x0000019beef22340
Event: 8.783 Thread 0x0000019bd37caf30 Thread added: 0x0000019beef23d80
Event: 8.784 Thread 0x0000019bd37caf30 Thread added: 0x0000019bf1723d40
Event: 8.784 Thread 0x0000019bd37caf30 Thread added: 0x0000019bf1720f50
Event: 8.785 Thread 0x0000019bd37caf30 Thread added: 0x0000019bf1723020
Event: 8.830 Thread 0x0000019bd37caf30 Thread added: 0x0000019bf17215e0
Event: 9.405 Thread 0x0000019bd37caf30 Thread added: 0x0000019bf17236b0
Event: 9.405 Thread 0x0000019bd37caf30 Thread added: 0x0000019bf1721c70
Event: 12.317 Thread 0x0000019be9cc0210 Thread exited: 0x0000019be9cc0210
Event: 13.121 Thread 0x0000019beef1fbe0 Thread added: 0x0000019bf1722300
Event: 13.122 Thread 0x0000019bf1722300 Thread added: 0x0000019bf1724a60
Event: 13.123 Thread 0x0000019bf1722300 Thread added: 0x0000019bf17243d0
Event: 13.123 Thread 0x0000019bf1724a60 Thread added: 0x0000019bf1722990
Event: 13.123 Thread 0x0000019bf1724a60 Thread added: 0x0000019bf17208c0
Event: 13.149 Thread 0x0000019beef1fbe0 Thread added: 0x0000019bf17250f0
Event: 14.343 Thread 0x0000019beef1fbe0 Thread added: 0x0000019bf1725780
Event: 14.637 Thread 0x0000019beef1fbe0 Thread added: 0x0000019bf1725e10
Event: 15.433 Thread 0x0000019beef23060 Thread added: 0x0000019bf171ee80
Event: 15.592 Thread 0x0000019beef23060 Thread added: 0x0000019bf171fba0


Dynamic libraries:
0x00007ff749f20000 - 0x00007ff749f2e000 	c:\Users\abhig\.vscode\extensions\redhat.java-1.41.1-win32-x64\jre\21.0.6-win32-x86_64\bin\java.exe
0x00007ffe48b90000 - 0x00007ffe48da7000 	C:\Windows\SYSTEM32\ntdll.dll
0x00007ffe47670000 - 0x00007ffe47734000 	C:\Windows\System32\KERNEL32.DLL
0x00007ffe46420000 - 0x00007ffe467f3000 	C:\Windows\System32\KERNELBASE.dll
0x00007ffe46140000 - 0x00007ffe46251000 	C:\Windows\System32\ucrtbase.dll
0x00007ffe09ee0000 - 0x00007ffe09ef8000 	c:\Users\abhig\.vscode\extensions\redhat.java-1.41.1-win32-x64\jre\21.0.6-win32-x86_64\bin\jli.dll
0x00007ffdf27a0000 - 0x00007ffdf27be000 	c:\Users\abhig\.vscode\extensions\redhat.java-1.41.1-win32-x64\jre\21.0.6-win32-x86_64\bin\VCRUNTIME140.dll
0x00007ffe34290000 - 0x00007ffe34528000 	C:\Windows\WinSxS\amd64_microsoft.windows.common-controls_6595b64144ccf1df_6.0.22621.5124_none_270e8f4f7386d69d\COMCTL32.dll
0x00007ffe48460000 - 0x00007ffe48611000 	C:\Windows\System32\USER32.dll
0x00007ffe46ee0000 - 0x00007ffe46f87000 	C:\Windows\System32\msvcrt.dll
0x00007ffe46eb0000 - 0x00007ffe46ed9000 	C:\Windows\System32\GDI32.dll
0x00007ffe45f70000 - 0x00007ffe45f96000 	C:\Windows\System32\win32u.dll
0x00007ffe46020000 - 0x00007ffe4613b000 	C:\Windows\System32\gdi32full.dll
0x00007ffe45ca0000 - 0x00007ffe45d3a000 	C:\Windows\System32\msvcp_win.dll
0x00007ffe486e0000 - 0x00007ffe48711000 	C:\Windows\System32\IMM32.DLL
0x00007ffe1c360000 - 0x00007ffe1c36c000 	c:\Users\abhig\.vscode\extensions\redhat.java-1.41.1-win32-x64\jre\21.0.6-win32-x86_64\bin\vcruntime140_1.dll
0x00007ffdf0b10000 - 0x00007ffdf0b9d000 	c:\Users\abhig\.vscode\extensions\redhat.java-1.41.1-win32-x64\jre\21.0.6-win32-x86_64\bin\msvcp140.dll
0x00007ffd98cf0000 - 0x00007ffd99a80000 	c:\Users\abhig\.vscode\extensions\redhat.java-1.41.1-win32-x64\jre\21.0.6-win32-x86_64\bin\server\jvm.dll
0x00007ffe48620000 - 0x00007ffe486d1000 	C:\Windows\System32\ADVAPI32.dll
0x00007ffe48150000 - 0x00007ffe481f8000 	C:\Windows\System32\sechost.dll
0x00007ffe46800000 - 0x00007ffe46828000 	C:\Windows\System32\bcrypt.dll
0x00007ffe47080000 - 0x00007ffe47194000 	C:\Windows\System32\RPCRT4.dll
0x00007ffe48720000 - 0x00007ffe48791000 	C:\Windows\System32\WS2_32.dll
0x00007ffe44ae0000 - 0x00007ffe44b2d000 	C:\Windows\SYSTEM32\POWRPROF.dll
0x00007ffe3fb50000 - 0x00007ffe3fb84000 	C:\Windows\SYSTEM32\WINMM.dll
0x00007ffe3a970000 - 0x00007ffe3a97a000 	C:\Windows\SYSTEM32\VERSION.dll
0x00007ffe44ac0000 - 0x00007ffe44ad3000 	C:\Windows\SYSTEM32\UMPDC.dll
0x00007ffe44d80000 - 0x00007ffe44d98000 	C:\Windows\SYSTEM32\kernel.appcore.dll
0x00007ffe171c0000 - 0x00007ffe171ca000 	c:\Users\abhig\.vscode\extensions\redhat.java-1.41.1-win32-x64\jre\21.0.6-win32-x86_64\bin\jimage.dll
0x00007ffe43020000 - 0x00007ffe43252000 	C:\Windows\SYSTEM32\DBGHELP.DLL
0x00007ffe487a0000 - 0x00007ffe48b32000 	C:\Windows\System32\combase.dll
0x00007ffe46f90000 - 0x00007ffe47067000 	C:\Windows\System32\OLEAUT32.dll
0x00007ffe190c0000 - 0x00007ffe190f2000 	C:\Windows\SYSTEM32\dbgcore.DLL
0x00007ffe46260000 - 0x00007ffe462db000 	C:\Windows\System32\bcryptPrimitives.dll
0x00007ffe0fd10000 - 0x00007ffe0fd1f000 	c:\Users\abhig\.vscode\extensions\redhat.java-1.41.1-win32-x64\jre\21.0.6-win32-x86_64\bin\instrument.dll
0x00007ffdf24c0000 - 0x00007ffdf24df000 	c:\Users\abhig\.vscode\extensions\redhat.java-1.41.1-win32-x64\jre\21.0.6-win32-x86_64\bin\java.dll
0x00007ffe47740000 - 0x00007ffe47fd6000 	C:\Windows\System32\SHELL32.dll
0x00007ffe462e0000 - 0x00007ffe4641f000 	C:\Windows\System32\wintypes.dll
0x00007ffe43b80000 - 0x00007ffe4449a000 	C:\Windows\SYSTEM32\windows.storage.dll
0x00007ffe48280000 - 0x00007ffe4838a000 	C:\Windows\System32\SHCORE.dll
0x00007ffe48390000 - 0x00007ffe483f3000 	C:\Windows\System32\shlwapi.dll
0x00007ffe45bd0000 - 0x00007ffe45bfb000 	C:\Windows\SYSTEM32\profapi.dll
0x00007ffdf0af0000 - 0x00007ffdf0b08000 	c:\Users\abhig\.vscode\extensions\redhat.java-1.41.1-win32-x64\jre\21.0.6-win32-x86_64\bin\zip.dll
0x00007ffe14b90000 - 0x00007ffe14ba0000 	C:\Users\abhig\.vscode\extensions\redhat.java-1.41.1-win32-x64\jre\21.0.6-win32-x86_64\bin\net.dll
0x00007ffe414d0000 - 0x00007ffe415fc000 	C:\Windows\SYSTEM32\WINHTTP.dll
0x00007ffe45200000 - 0x00007ffe4526a000 	C:\Windows\system32\mswsock.dll
0x00007ffdf09e0000 - 0x00007ffdf09f6000 	C:\Users\abhig\.vscode\extensions\redhat.java-1.41.1-win32-x64\jre\21.0.6-win32-x86_64\bin\nio.dll
0x00007ffdf3330000 - 0x00007ffdf3340000 	c:\Users\abhig\.vscode\extensions\redhat.java-1.41.1-win32-x64\jre\21.0.6-win32-x86_64\bin\verify.dll
0x00007ffdc6990000 - 0x00007ffdc69d5000 	C:\Users\abhig\AppData\Roaming\Code\User\globalStorage\redhat.java\1.41.1\config_win\org.eclipse.equinox.launcher\org.eclipse.equinox.launcher.win32.win32.x86_64_1.2.1300.v20250331-1702\eclipse_11911.dll
0x00007ffe47360000 - 0x00007ffe47501000 	C:\Windows\System32\ole32.dll
0x00007ffe45420000 - 0x00007ffe4543b000 	C:\Windows\SYSTEM32\CRYPTSP.dll
0x00007ffe44ce0000 - 0x00007ffe44d17000 	C:\Windows\system32\rsaenh.dll
0x00007ffe452c0000 - 0x00007ffe452e8000 	C:\Windows\SYSTEM32\USERENV.dll
0x00007ffe45440000 - 0x00007ffe4544c000 	C:\Windows\SYSTEM32\CRYPTBASE.dll
0x00007ffe44770000 - 0x00007ffe4479d000 	C:\Windows\SYSTEM32\IPHLPAPI.DLL
0x00007ffe48200000 - 0x00007ffe48209000 	C:\Windows\System32\NSI.dll
0x00007ffdb6f60000 - 0x00007ffdb6fa9000 	C:\Users\abhig\AppData\Local\Temp\jna-92604357\jna12642891193072353174.dll
0x00007ffe47070000 - 0x00007ffe47078000 	C:\Windows\System32\PSAPI.DLL
0x00007ffe411e0000 - 0x00007ffe411f9000 	C:\Windows\SYSTEM32\dhcpcsvc6.DLL
0x00007ffe411c0000 - 0x00007ffe411df000 	C:\Windows\SYSTEM32\dhcpcsvc.DLL
0x00007ffe33f10000 - 0x00007ffe33f37000 	C:\Users\abhig\.gradle\native\c067742578af261105cb4f569cf0c3c89f3d7b1fecec35dd04571415982c5e48\windows-amd64\native-platform.dll

dbghelp: loaded successfully - version: 4.0.5 - missing functions: none
symbol engine: initialized successfully - sym options: 0x614 - pdb path: .;c:\Users\abhig\.vscode\extensions\redhat.java-1.41.1-win32-x64\jre\21.0.6-win32-x86_64\bin;C:\Windows\SYSTEM32;C:\Windows\WinSxS\amd64_microsoft.windows.common-controls_6595b64144ccf1df_6.0.22621.5124_none_270e8f4f7386d69d;c:\Users\abhig\.vscode\extensions\redhat.java-1.41.1-win32-x64\jre\21.0.6-win32-x86_64\bin\server;C:\Users\abhig\AppData\Roaming\Code\User\globalStorage\redhat.java\1.41.1\config_win\org.eclipse.equinox.launcher\org.eclipse.equinox.launcher.win32.win32.x86_64_1.2.1300.v20250331-1702;C:\Users\abhig\AppData\Local\Temp\jna-92604357;C:\Users\abhig\.gradle\native\c067742578af261105cb4f569cf0c3c89f3d7b1fecec35dd04571415982c5e48\windows-amd64

VM Arguments:
jvm_args: --add-modules=ALL-SYSTEM --add-opens=java.base/java.util=ALL-UNNAMED --add-opens=java.base/java.lang=ALL-UNNAMED --add-opens=java.base/sun.nio.fs=ALL-UNNAMED -Declipse.application=org.eclipse.jdt.ls.core.id1 -Dosgi.bundles.defaultStartLevel=4 -Declipse.product=org.eclipse.jdt.ls.core.product -Djava.import.generatesMetadataFilesAtProjectRoot=false -DDetectVMInstallationsJob.disabled=true -Dfile.encoding=utf8 -XX:+UseParallelGC -XX:GCTimeRatio=4 -XX:AdaptiveSizePolicyWeight=90 -Dsun.zip.disableMemoryMapping=true -Xmx1G -Xms100m -Xlog:disable -javaagent:c:\Users\abhig\.vscode\extensions\redhat.java-1.41.1-win32-x64\lombok\lombok-1.18.36.jar -XX:+HeapDumpOnOutOfMemoryError -XX:HeapDumpPath=c:\Users\abhig\AppData\Roaming\Code\User\workspaceStorage\e96188559eea7d0e28f2d562958d2b7b\redhat.java -Daether.dependencyCollector.impl=bf 
java_command: c:\Users\abhig\.vscode\extensions\redhat.java-1.41.1-win32-x64\server\plugins\org.eclipse.equinox.launcher_1.7.0.v20250331-1702.jar -configuration c:\Users\abhig\AppData\Roaming\Code\User\globalStorage\redhat.java\1.41.1\config_win -data c:\Users\abhig\AppData\Roaming\Code\User\workspaceStorage\e96188559eea7d0e28f2d562958d2b7b\redhat.java\jdt_ws --pipe=\\.\pipe\lsp-79ba316143f72fbb14f59306928585d6-sock
java_class_path (initial): c:\Users\abhig\.vscode\extensions\redhat.java-1.41.1-win32-x64\server\plugins\org.eclipse.equinox.launcher_1.7.0.v20250331-1702.jar
Launcher Type: SUN_STANDARD

[Global flags]
    uintx AdaptiveSizePolicyWeight                 = 90                                        {product} {command line}
     intx CICompilerCount                          = 4                                         {product} {ergonomic}
    uintx GCTimeRatio                              = 4                                         {product} {command line}
     bool HeapDumpOnOutOfMemoryError               = true                                   {manageable} {command line}
    ccstr HeapDumpPath                             = c:\Users\abhig\AppData\Roaming\Code\User\workspaceStorage\e96188559eea7d0e28f2d562958d2b7b\redhat.java         {manageable} {command line}
   size_t InitialHeapSize                          = 104857600                                 {product} {command line}
   size_t MaxHeapSize                              = 1073741824                                {product} {command line}
   size_t MaxNewSize                               = 357564416                                 {product} {ergonomic}
   size_t MinHeapDeltaBytes                        = 524288                                    {product} {ergonomic}
   size_t MinHeapSize                              = 104857600                                 {product} {command line}
   size_t NewSize                                  = 34603008                                  {product} {ergonomic}
    uintx NonNMethodCodeHeapSize                   = 5839372                                {pd product} {ergonomic}
    uintx NonProfiledCodeHeapSize                  = 122909434                              {pd product} {ergonomic}
   size_t OldSize                                  = 70254592                                  {product} {ergonomic}
    uintx ProfiledCodeHeapSize                     = 122909434                              {pd product} {ergonomic}
    uintx ReservedCodeCacheSize                    = 251658240                              {pd product} {ergonomic}
     bool SegmentedCodeCache                       = true                                      {product} {ergonomic}
   size_t SoftMaxHeapSize                          = 1073741824                             {manageable} {ergonomic}
     bool UseCompressedOops                        = true                           {product lp64_product} {ergonomic}
     bool UseLargePagesIndividualAllocation        = false                                  {pd product} {ergonomic}
     bool UseParallelGC                            = true                                      {product} {command line}

Logging:
Log output configuration:
 #0: stdout all=off uptime,level,tags foldmultilines=false
 #1: stderr all=off uptime,level,tags foldmultilines=false

Environment Variables:
JAVA_HOME=C:\Program Files\Java\jdk-23
PATH=C:\app\abhig\product\21c\dbhomeXE\bin;C:\Program Files\Common Files\Oracle\Java\javapath;C:\Windows\system32;C:\Windows;C:\Windows\System32\Wbem;C:\Windows\System32\WindowsPowerShell\v1.0\;C:\Windows\System32\OpenSSH\;C:\Program Files\dotnet\;C:\MinGW\bin;C:\Program Files\Git\cmd;C:\Program Files\Git\mingw64\bin;C:\Program Files\Git\usr\bin;C:\Program Files\Java\jdk-23\bin;C:\Program Files\Java\jdk-23\bin;;C:\Users\abhig\AppData\Local\Programs\Microsoft VS Code\bin
USERNAME=abhig
OS=Windows_NT
PROCESSOR_IDENTIFIER=AMD64 Family 25 Model 80 Stepping 0, AuthenticAMD
TMP=C:\Users\abhig\AppData\Local\Temp
TEMP=C:\Users\abhig\AppData\Local\Temp




Periodic native trim disabled

---------------  S Y S T E M  ---------------

OS:
 Windows 11 , 64 bit Build 22621 (10.0.22621.5124)
OS uptime: 0 days 0:33 hours
Hyper-V role detected

CPU: total 12 (initial active 12) (12 cores per cpu, 2 threads per core) family 25 model 80 stepping 0 microcode 0x0, cx8, cmov, fxsr, ht, mmx, 3dnowpref, sse, sse2, sse3, ssse3, sse4a, sse4.1, sse4.2, popcnt, lzcnt, tsc, tscinvbit, avx, avx2, aes, erms, clmul, bmi1, bmi2, adx, sha, fma, vzeroupper, clflush, clflushopt, hv, rdtscp, rdpid, fsrm, f16c, cet_ss
Processor Information for processor 0
  Max Mhz: 3301, Current Mhz: 1908, Mhz Limit: 3301
Processor Information for processor 1
  Max Mhz: 3301, Current Mhz: 1805, Mhz Limit: 3301
Processor Information for processor 2
  Max Mhz: 3301, Current Mhz: 1908, Mhz Limit: 3301
Processor Information for processor 3
  Max Mhz: 3301, Current Mhz: 1908, Mhz Limit: 3301
Processor Information for processor 4
  Max Mhz: 3301, Current Mhz: 1805, Mhz Limit: 3301
Processor Information for processor 5
  Max Mhz: 3301, Current Mhz: 1805, Mhz Limit: 3301
Processor Information for processor 6
  Max Mhz: 3301, Current Mhz: 1908, Mhz Limit: 3301
Processor Information for processor 7
  Max Mhz: 3301, Current Mhz: 1908, Mhz Limit: 3301
Processor Information for processor 8
  Max Mhz: 3301, Current Mhz: 1805, Mhz Limit: 3301
Processor Information for processor 9
  Max Mhz: 3301, Current Mhz: 1805, Mhz Limit: 3301
Processor Information for processor 10
  Max Mhz: 3301, Current Mhz: 1805, Mhz Limit: 3301
Processor Information for processor 11
  Max Mhz: 3301, Current Mhz: 1805, Mhz Limit: 3301

Memory: 4k page, system-wide physical 15773M (4050M free)
TotalPageFile size 15773M (AvailPageFile size 4M)
current process WorkingSet (physical memory assigned to process): 490M, peak: 490M
current process commit charge ("private bytes"): 468M, peak: 965M

vm_info: OpenJDK 64-Bit Server VM (21.0.6+7-LTS) for windows-amd64 JRE (21.0.6+7-LTS), built on 2025-01-21T00:00:00Z by "admin" with MS VC++ 17.7 (VS2022)

END.
